[2025-11-09 22:08:23Z INFO HostContext] No proxy settings were found based on environmental variables (http_proxy/https_proxy/HTTP_PROXY/HTTPS_PROXY)
[2025-11-09 22:08:23Z INFO HostContext] Well known directory 'Bin': 'C:\Users\egorv\Documents\devops\practice_3\actions-runner\bin'
[2025-11-09 22:08:23Z INFO HostContext] Well known directory 'Root': 'C:\Users\egorv\Documents\devops\practice_3\actions-runner'
[2025-11-09 22:08:23Z INFO HostContext] Well known config file 'Credentials': 'C:\Users\egorv\Documents\devops\practice_3\actions-runner\.credentials'
[2025-11-09 22:08:23Z INFO HostContext] Well known directory 'Bin': 'C:\Users\egorv\Documents\devops\practice_3\actions-runner\bin'
[2025-11-09 22:08:23Z INFO HostContext] Well known directory 'Root': 'C:\Users\egorv\Documents\devops\practice_3\actions-runner'
[2025-11-09 22:08:23Z INFO HostContext] Well known config file 'Runner': 'C:\Users\egorv\Documents\devops\practice_3\actions-runner\.runner'
[2025-11-09 22:08:23Z INFO Listener] Runner is built for Windows (X64) - win-x64.
[2025-11-09 22:08:23Z INFO Listener] RuntimeInformation: Microsoft Windows 10.0.19045.
[2025-11-09 22:08:23Z INFO Listener] Version: 2.329.0
[2025-11-09 22:08:23Z INFO Listener] Commit: c76c59996c8fa32e989164a5a695efb12608ae5a
[2025-11-09 22:08:23Z INFO Listener] Culture: ru-RU
[2025-11-09 22:08:23Z INFO Listener] UI Culture: ru-RU
[2025-11-09 22:08:23Z INFO HostContext] Well known directory 'Bin': 'C:\Users\egorv\Documents\devops\practice_3\actions-runner\bin'
[2025-11-09 22:08:23Z INFO HostContext] Well known directory 'Root': 'C:\Users\egorv\Documents\devops\practice_3\actions-runner'
[2025-11-09 22:08:23Z INFO Listener] Validating directory permissions for: 'C:\Users\egorv\Documents\devops\practice_3\actions-runner'
[2025-11-09 22:08:23Z INFO CommandLineParser] Parse
[2025-11-09 22:08:23Z INFO CommandLineParser] Parsing 1 args
[2025-11-09 22:08:23Z INFO CommandLineParser] parsing argument
[2025-11-09 22:08:23Z INFO CommandLineParser] HasArgs: False
[2025-11-09 22:08:23Z INFO CommandLineParser] Adding Command: run
[2025-11-09 22:08:23Z INFO Listener] Arguments parsed
[2025-11-09 22:08:23Z INFO Runner] ExecuteCommand
[2025-11-09 22:08:23Z INFO ConfigurationStore] currentAssemblyLocation: C:\Users\egorv\Documents\devops\practice_3\actions-runner\bin\Runner.Listener.dll
[2025-11-09 22:08:23Z INFO HostContext] Well known directory 'Bin': 'C:\Users\egorv\Documents\devops\practice_3\actions-runner\bin'
[2025-11-09 22:08:23Z INFO ConfigurationStore] binPath: C:\Users\egorv\Documents\devops\practice_3\actions-runner\bin
[2025-11-09 22:08:23Z INFO HostContext] Well known directory 'Bin': 'C:\Users\egorv\Documents\devops\practice_3\actions-runner\bin'
[2025-11-09 22:08:23Z INFO HostContext] Well known directory 'Root': 'C:\Users\egorv\Documents\devops\practice_3\actions-runner'
[2025-11-09 22:08:23Z INFO ConfigurationStore] RootFolder: C:\Users\egorv\Documents\devops\practice_3\actions-runner
[2025-11-09 22:08:23Z INFO HostContext] Well known directory 'Bin': 'C:\Users\egorv\Documents\devops\practice_3\actions-runner\bin'
[2025-11-09 22:08:23Z INFO HostContext] Well known directory 'Root': 'C:\Users\egorv\Documents\devops\practice_3\actions-runner'
[2025-11-09 22:08:23Z INFO HostContext] Well known config file 'Runner': 'C:\Users\egorv\Documents\devops\practice_3\actions-runner\.runner'
[2025-11-09 22:08:23Z INFO ConfigurationStore] ConfigFilePath: C:\Users\egorv\Documents\devops\practice_3\actions-runner\.runner
[2025-11-09 22:08:23Z INFO HostContext] Well known directory 'Bin': 'C:\Users\egorv\Documents\devops\practice_3\actions-runner\bin'
[2025-11-09 22:08:23Z INFO HostContext] Well known directory 'Root': 'C:\Users\egorv\Documents\devops\practice_3\actions-runner'
[2025-11-09 22:08:23Z INFO HostContext] Well known config file 'MigratedRunner': 'C:\Users\egorv\Documents\devops\practice_3\actions-runner\.runner_migrated'
[2025-11-09 22:08:23Z INFO ConfigurationStore] MigratedConfigFilePath: C:\Users\egorv\Documents\devops\practice_3\actions-runner\.runner_migrated
[2025-11-09 22:08:23Z INFO HostContext] Well known directory 'Bin': 'C:\Users\egorv\Documents\devops\practice_3\actions-runner\bin'
[2025-11-09 22:08:23Z INFO HostContext] Well known directory 'Root': 'C:\Users\egorv\Documents\devops\practice_3\actions-runner'
[2025-11-09 22:08:23Z INFO HostContext] Well known config file 'Credentials': 'C:\Users\egorv\Documents\devops\practice_3\actions-runner\.credentials'
[2025-11-09 22:08:23Z INFO ConfigurationStore] CredFilePath: C:\Users\egorv\Documents\devops\practice_3\actions-runner\.credentials
[2025-11-09 22:08:23Z INFO HostContext] Well known directory 'Bin': 'C:\Users\egorv\Documents\devops\practice_3\actions-runner\bin'
[2025-11-09 22:08:23Z INFO HostContext] Well known directory 'Root': 'C:\Users\egorv\Documents\devops\practice_3\actions-runner'
[2025-11-09 22:08:23Z INFO HostContext] Well known config file 'MigratedCredentials': 'C:\Users\egorv\Documents\devops\practice_3\actions-runner\.credentials_migrated'
[2025-11-09 22:08:23Z INFO ConfigurationStore] MigratedCredFilePath: C:\Users\egorv\Documents\devops\practice_3\actions-runner\.credentials_migrated
[2025-11-09 22:08:23Z INFO HostContext] Well known directory 'Bin': 'C:\Users\egorv\Documents\devops\practice_3\actions-runner\bin'
[2025-11-09 22:08:23Z INFO HostContext] Well known directory 'Root': 'C:\Users\egorv\Documents\devops\practice_3\actions-runner'
[2025-11-09 22:08:23Z INFO HostContext] Well known config file 'Service': 'C:\Users\egorv\Documents\devops\practice_3\actions-runner\.service'
[2025-11-09 22:08:23Z INFO ConfigurationStore] ServiceConfigFilePath: C:\Users\egorv\Documents\devops\practice_3\actions-runner\.service
[2025-11-09 22:08:23Z INFO CommandSettings] Flag 'help': 'False'
[2025-11-09 22:08:23Z INFO CommandSettings] Flag 'version': 'False'
[2025-11-09 22:08:23Z INFO CommandSettings] Flag 'commit': 'False'
[2025-11-09 22:08:23Z INFO CommandSettings] Flag 'check': 'False'
[2025-11-09 22:08:23Z INFO CommandSettings] Command 'configure': 'False'
[2025-11-09 22:08:23Z INFO CommandSettings] Command 'remove': 'False'
[2025-11-09 22:08:23Z INFO CommandSettings] Command 'warmup': 'False'
[2025-11-09 22:08:23Z INFO ConfigurationManager] LoadSettings
[2025-11-09 22:08:23Z INFO ConfigurationStore] IsConfigured()
[2025-11-09 22:08:23Z INFO ConfigurationStore] IsConfigured: True
[2025-11-09 22:08:23Z INFO ConfigurationManager] Is configured: True
[2025-11-09 22:08:23Z INFO ConfigurationStore] Read setting file: 400 chars
[2025-11-09 22:08:23Z INFO ConfigurationManager] Settings Loaded
[2025-11-09 22:08:23Z INFO ConfigurationStore] IsServiceConfigured()
[2025-11-09 22:08:23Z INFO ConfigurationStore] IsServiceConfigured: False
[2025-11-09 22:08:23Z INFO CommandSettings] Command 'run': 'True'
[2025-11-09 22:08:23Z INFO ConfigurationStore] IsConfigured()
[2025-11-09 22:08:23Z INFO ConfigurationStore] IsConfigured: True
[2025-11-09 22:08:23Z INFO ConfigurationManager] Is configured: True
[2025-11-09 22:08:23Z INFO Runner] Could not parse the argument value '' for StartupType. Defaulting to Manual
[2025-11-09 22:08:23Z INFO Runner] Set runner startup type - Manual
[2025-11-09 22:08:23Z INFO CommandSettings] Flag 'once': 'False'
[2025-11-09 22:08:23Z INFO CommandSettings] Flag 'once': 'False'
[2025-11-09 22:08:23Z INFO Runner] RunAsync
[2025-11-09 22:08:23Z INFO ConfigurationManager] LoadMigratedSettings
[2025-11-09 22:08:23Z INFO ConfigurationStore] IsMigratedConfigured()
[2025-11-09 22:08:23Z INFO ConfigurationStore] IsMigratedConfigured: False
[2025-11-09 22:08:23Z INFO Runner] Failed to load migrated settings: No migrated configuration found.
[2025-11-09 22:08:23Z INFO Runner] Falling back to original .runner settings
[2025-11-09 22:08:23Z INFO Runner] Using BrokerMessageListener
[2025-11-09 22:08:23Z INFO BrokerMessageListener] Using provided settings
[2025-11-09 22:08:23Z INFO BrokerMessageListener] {
  "AgentId": 2,
  "AgentName": "DESKTOP-UBG39OS",
  "PoolId": 1,
  "PoolName": "Default",
  "ServerUrl": "https://pipelinesghubeus3.actions.githubusercontent.com/ugog8tdjifN7hHmLQmgcSNYTEPxmxa1cn8DI5s1sSgmnKkBkcY/",
  "GitHubUrl": "https://github.com/Vatulin/github-actions",
  "WorkFolder": "_work",
  "UseV2Flow": true,
  "ServerUrlV2": "https://broker.actions.githubusercontent.com/"
}
[2025-11-09 22:08:23Z INFO BrokerMessageListener] Loading Credentials
[2025-11-09 22:08:23Z INFO ConfigurationStore] HasCredentials()
[2025-11-09 22:08:23Z INFO ConfigurationStore] stored True
[2025-11-09 22:08:23Z INFO CredentialManager] GetCredentialProvider
[2025-11-09 22:08:23Z INFO CredentialManager] Creating type OAuth
[2025-11-09 22:08:23Z INFO CredentialManager] Creating credential type: OAuth
[2025-11-09 22:08:23Z INFO HostContext] Well known directory 'Bin': 'C:\Users\egorv\Documents\devops\practice_3\actions-runner\bin'
[2025-11-09 22:08:23Z INFO HostContext] Well known directory 'Root': 'C:\Users\egorv\Documents\devops\practice_3\actions-runner'
[2025-11-09 22:08:23Z INFO HostContext] Well known config file 'RSACredentials': 'C:\Users\egorv\Documents\devops\practice_3\actions-runner\.credentials_rsaparams'
[2025-11-09 22:08:23Z INFO RSAEncryptedFileKeyManager] Loading RSA key parameters from file C:\Users\egorv\Documents\devops\practice_3\actions-runner\.credentials_rsaparams
[2025-11-09 22:08:23Z INFO BrokerMessageListener] Attempt to create session.
[2025-11-09 22:08:23Z INFO BrokerMessageListener] Connecting to the Broker Server...
[2025-11-09 22:08:23Z INFO ConfigurationStore] HasCredentials()
[2025-11-09 22:08:23Z INFO ConfigurationStore] stored True
[2025-11-09 22:08:23Z INFO CredentialManager] GetCredentialProvider
[2025-11-09 22:08:23Z INFO CredentialManager] Creating type OAuth
[2025-11-09 22:08:23Z INFO CredentialManager] Creating credential type: OAuth
[2025-11-09 22:08:23Z INFO RSAEncryptedFileKeyManager] Loading RSA key parameters from file C:\Users\egorv\Documents\devops\practice_3\actions-runner\.credentials_rsaparams
[2025-11-09 22:08:23Z INFO BrokerMessageListener] VssConnection created
[2025-11-09 22:08:23Z INFO BrokerMessageListener] Connecting to the Runner server...
[2025-11-09 22:08:23Z INFO RunnerServer] EstablishVssConnection
[2025-11-09 22:08:23Z INFO RunnerServer] Establish connection with 100 seconds timeout.
[2025-11-09 22:08:23Z INFO GitHubActionsService] Starting operation Location.GetConnectionData
[2025-11-09 22:08:23Z INFO RunnerServer] EstablishVssConnection
[2025-11-09 22:08:23Z INFO RunnerServer] Establish connection with 60 seconds timeout.
[2025-11-09 22:08:23Z INFO GitHubActionsService] Starting operation Location.GetConnectionData
[2025-11-09 22:08:23Z INFO RunnerServer] EstablishVssConnection
[2025-11-09 22:08:23Z INFO RunnerServer] Establish connection with 60 seconds timeout.
[2025-11-09 22:08:23Z INFO GitHubActionsService] Starting operation Location.GetConnectionData
[2025-11-09 22:08:24Z INFO GitHubActionsService] Finished operation Location.GetConnectionData
[2025-11-09 22:08:24Z INFO GitHubActionsService] Finished operation Location.GetConnectionData
[2025-11-09 22:08:24Z INFO GitHubActionsService] Finished operation Location.GetConnectionData
[2025-11-09 22:08:24Z INFO BrokerMessageListener] VssConnection created
[2025-11-09 22:08:24Z INFO Terminal] WRITE LINE: 
[2025-11-09 22:08:24Z INFO Terminal] WRITE LINE: 
[2025-11-09 22:08:24Z INFO RSAEncryptedFileKeyManager] Loading RSA key parameters from file C:\Users\egorv\Documents\devops\practice_3\actions-runner\.credentials_rsaparams
[2025-11-09 22:08:24Z INFO RSAEncryptedFileKeyManager] Loading RSA key parameters from file C:\Users\egorv\Documents\devops\practice_3\actions-runner\.credentials_rsaparams
[2025-11-09 22:08:25Z INFO GitHubActionsService] AAD Correlation ID for this token request: Unknown
[2025-11-09 22:08:26Z INFO BrokerMessageListener] Session created.
[2025-11-09 22:08:26Z INFO Terminal] WRITE LINE: Current runner version: '2.329.0'
[2025-11-09 22:08:26Z INFO Terminal] WRITE LINE: 2025-11-09 22:08:26Z: Listening for Jobs
[2025-11-09 22:08:26Z INFO JobDispatcher] Set runner/worker IPC timeout to 30 seconds.
[2025-11-09 22:09:00Z INFO BrokerMessageListener] Acknowledging runner request 'be20f1eb-113b-5447-b777-ff5b72034823'.
[2025-11-09 22:09:00Z INFO ConfigurationStore] HasCredentials()
[2025-11-09 22:09:00Z INFO ConfigurationStore] stored True
[2025-11-09 22:09:00Z INFO CredentialManager] GetCredentialProvider
[2025-11-09 22:09:00Z INFO CredentialManager] Creating type OAuth
[2025-11-09 22:09:00Z INFO CredentialManager] Creating credential type: OAuth
[2025-11-09 22:09:00Z INFO RSAEncryptedFileKeyManager] Loading RSA key parameters from file C:\Users\egorv\Documents\devops\practice_3\actions-runner\.credentials_rsaparams
[2025-11-09 22:09:00Z INFO RSAEncryptedFileKeyManager] Loading RSA key parameters from file C:\Users\egorv\Documents\devops\practice_3\actions-runner\.credentials_rsaparams
[2025-11-09 22:09:00Z INFO RSAEncryptedFileKeyManager] Loading RSA key parameters from file C:\Users\egorv\Documents\devops\practice_3\actions-runner\.credentials_rsaparams
[2025-11-09 22:09:01Z INFO GitHubActionsService] AAD Correlation ID for this token request: Unknown
[2025-11-09 22:09:02Z INFO JobDispatcher] Job request 0 for plan 32c9c073-82d4-419b-bf6b-2a215c96a429 job be20f1eb-113b-5447-b777-ff5b72034823 received.
[2025-11-09 22:09:02Z INFO JobDispatcher] Pull OrchestrationId 32c9c073-82d4-419b-bf6b-2a215c96a429.deploy-and-test.__default from JWT claims
[2025-11-09 22:09:02Z INFO BrokerMessageListener] Received job status event. JobState: Busy
[2025-11-09 22:09:02Z INFO BrokerMessageListener] _getMessagesTokenSource is already disposed.
[2025-11-09 22:09:02Z INFO Terminal] WRITE LINE: 2025-11-09 22:09:02Z: Running job: deploy-and-test
[2025-11-09 22:09:02Z INFO JobDispatcher] Start renew job request 0 for job be20f1eb-113b-5447-b777-ff5b72034823.
[2025-11-09 22:09:03Z INFO JobDispatcher] Successfully renew job be20f1eb-113b-5447-b777-ff5b72034823, job is valid till 09.11.2025 22:19:02
[2025-11-09 22:09:03Z INFO HostContext] Well known directory 'Bin': 'C:\Users\egorv\Documents\devops\practice_3\actions-runner\bin'
[2025-11-09 22:09:03Z INFO ProcessInvokerWrapper] Starting process:
[2025-11-09 22:09:03Z INFO ProcessInvokerWrapper]   File name: 'C:\Users\egorv\Documents\devops\practice_3\actions-runner\bin\Runner.Worker.exe'
[2025-11-09 22:09:03Z INFO ProcessInvokerWrapper]   Arguments: 'spawnclient 1596 596'
[2025-11-09 22:09:03Z INFO ProcessInvokerWrapper]   Working directory: 'C:\Users\egorv\Documents\devops\practice_3\actions-runner\bin'
[2025-11-09 22:09:03Z INFO ProcessInvokerWrapper]   Require exit code zero: 'False'
[2025-11-09 22:09:03Z INFO ProcessInvokerWrapper]   Encoding web name:  ; code page: ''
[2025-11-09 22:09:03Z INFO ProcessInvokerWrapper]   Force kill process on cancellation: 'True'
[2025-11-09 22:09:03Z INFO ProcessInvokerWrapper]   Redirected STDIN: 'False'
[2025-11-09 22:09:03Z INFO ProcessInvokerWrapper]   Persist current code page: 'False'
[2025-11-09 22:09:03Z INFO ProcessInvokerWrapper]   Keep redirected STDIN open: 'False'
[2025-11-09 22:09:03Z INFO ProcessInvokerWrapper]   High priority process: 'True'
[2025-11-09 22:09:03Z INFO ProcessInvokerWrapper] Process started with process id 16784, waiting for process exit.
[2025-11-09 22:09:03Z INFO JobDispatcher] Send job request message to worker for job be20f1eb-113b-5447-b777-ff5b72034823.
[2025-11-09 22:09:03Z INFO ProcessChannel] Sending message of length 20852, with hash '5f52e2bb5fa6f283fcc8089526737385e82ffb1eaca31c178a7a387a2445f6b9'
[2025-11-09 22:09:03Z INFO JobNotification] Entering JobStarted Notification
[2025-11-09 22:09:03Z INFO JobNotification] Entering StartMonitor
[2025-11-09 22:10:03Z INFO JobDispatcher] Successfully renew job be20f1eb-113b-5447-b777-ff5b72034823, job is valid till 09.11.2025 22:20:02
[2025-11-09 22:11:03Z INFO JobDispatcher] Successfully renew job be20f1eb-113b-5447-b777-ff5b72034823, job is valid till 09.11.2025 22:21:02
[2025-11-09 22:12:03Z INFO JobDispatcher] Successfully renew job be20f1eb-113b-5447-b777-ff5b72034823, job is valid till 09.11.2025 22:22:03
[2025-11-09 22:13:04Z INFO JobDispatcher] Successfully renew job be20f1eb-113b-5447-b777-ff5b72034823, job is valid till 09.11.2025 22:23:03
[2025-11-09 22:13:14Z INFO ProcessInvokerWrapper] STDOUT/STDERR stream read finished.
[2025-11-09 22:13:14Z INFO ProcessInvokerWrapper] STDOUT/STDERR stream read finished.
[2025-11-09 22:13:14Z INFO ProcessInvokerWrapper] Finished process 16784 with exit code 102, and elapsed time 00:04:11.0272080.
[2025-11-09 22:13:14Z INFO JobDispatcher] Worker finished for job be20f1eb-113b-5447-b777-ff5b72034823. Code: 102
[2025-11-09 22:13:14Z INFO JobDispatcher] finish job request for job be20f1eb-113b-5447-b777-ff5b72034823 with result: Failed
[2025-11-09 22:13:14Z INFO Terminal] WRITE LINE: 2025-11-09 22:13:14Z: Job deploy-and-test completed with result: Failed
[2025-11-09 22:13:14Z INFO JobDispatcher] Stop renew job request for job be20f1eb-113b-5447-b777-ff5b72034823.
[2025-11-09 22:13:14Z INFO JobDispatcher] job renew has been cancelled, stop renew job be20f1eb-113b-5447-b777-ff5b72034823.
[2025-11-09 22:13:14Z INFO JobNotification] Entering JobCompleted Notification
[2025-11-09 22:13:14Z INFO JobNotification] Entering EndMonitor
[2025-11-09 22:13:14Z INFO BrokerMessageListener] Received job status event. JobState: Online
[2025-11-09 22:13:14Z WARN GitHubActionsService] GET request to https://broker.actions.githubusercontent.com/message?sessionId=52292152-eed0-43f4-9702-3d0711a9de8d&status=Busy&runnerVersion=2.329.0&os=Windows&architecture=X64&disableUpdate=false has been cancelled.
[2025-11-09 22:13:14Z ERR  BrokerServer] Catch exception during request
[2025-11-09 22:13:14Z ERR  BrokerServer] System.Threading.Tasks.TaskCanceledException: The operation was canceled.
 ---> System.Threading.Tasks.TaskCanceledException: The operation was canceled.
 ---> System.IO.IOException: Unable to read data from the transport connection: Операция ввода/вывода была прервана из-за завершения потока команд или по запросу приложения..
 ---> System.Net.Sockets.SocketException (995): Операция ввода/вывода была прервана из-за завершения потока команд или по запросу приложения.
   --- End of inner exception stack trace ---
   at System.Net.Sockets.Socket.AwaitableSocketAsyncEventArgs.ThrowException(SocketError error, CancellationToken cancellationToken)
   at System.Net.Sockets.Socket.AwaitableSocketAsyncEventArgs.System.Threading.Tasks.Sources.IValueTaskSource<System.Int32>.GetResult(Int16 token)
   at System.Net.Security.SslStream.EnsureFullTlsFrameAsync[TIOAdapter](CancellationToken cancellationToken, Int32 estimatedSize)
   at System.Runtime.CompilerServices.PoolingAsyncValueTaskMethodBuilder`1.StateMachineBox`1.System.Threading.Tasks.Sources.IValueTaskSource<TResult>.GetResult(Int16 token)
   at System.Net.Security.SslStream.ReadAsyncInternal[TIOAdapter](Memory`1 buffer, CancellationToken cancellationToken)
   at System.Runtime.CompilerServices.PoolingAsyncValueTaskMethodBuilder`1.StateMachineBox`1.System.Threading.Tasks.Sources.IValueTaskSource<TResult>.GetResult(Int16 token)
   at System.Net.Http.HttpConnection.SendAsync(HttpRequestMessage request, Boolean async, CancellationToken cancellationToken)
   --- End of inner exception stack trace ---
   at System.Net.Http.HttpConnection.SendAsync(HttpRequestMessage request, Boolean async, CancellationToken cancellationToken)
   at System.Net.Http.AuthenticationHelper.SendWithNtAuthAsync(HttpRequestMessage request, Uri authUri, Boolean async, ICredentials credentials, Boolean isProxyAuth, HttpConnection connection, HttpConnectionPool connectionPool, CancellationToken cancellationToken)
   at System.Net.Http.HttpConnectionPool.SendWithVersionDetectionAndRetryAsync(HttpRequestMessage request, Boolean async, Boolean doRequestAuth, CancellationToken cancellationToken)
   at System.Net.Http.AuthenticationHelper.SendWithAuthAsync(HttpRequestMessage request, Uri authUri, Boolean async, ICredentials credentials, Boolean preAuthenticate, Boolean isProxyAuth, Boolean doRequestAuth, HttpConnectionPool pool, CancellationToken cancellationToken)
   at System.Net.Http.RedirectHandler.SendAsync(HttpRequestMessage request, Boolean async, CancellationToken cancellationToken)
   at GitHub.Services.Common.RawHttpMessageHandler.SendAsync(HttpRequestMessage request, CancellationToken cancellationToken)
   at GitHub.Services.Common.VssHttpRetryMessageHandler.SendAsync(HttpRequestMessage request, CancellationToken cancellationToken)
   at System.Net.Http.HttpClient.<SendAsync>g__Core|83_0(HttpRequestMessage request, HttpCompletionOption completionOption, CancellationTokenSource cts, Boolean disposeCts, CancellationTokenSource pendingRequestsCts, CancellationToken originalCancellationToken)
   --- End of inner exception stack trace ---
   at System.Net.Http.HttpClient.HandleFailure(Exception e, Boolean telemetryStarted, HttpResponseMessage response, CancellationTokenSource cts, CancellationToken cancellationToken, CancellationTokenSource pendingRequestsCts)
   at System.Net.Http.HttpClient.<SendAsync>g__Core|83_0(HttpRequestMessage request, HttpCompletionOption completionOption, CancellationTokenSource cts, Boolean disposeCts, CancellationTokenSource pendingRequestsCts, CancellationToken originalCancellationToken)
   at Sdk.WebApi.WebApi.RawHttpClientBase.SendAsync(HttpRequestMessage message, HttpCompletionOption completionOption, Object userState, CancellationToken cancellationToken)
   at Sdk.WebApi.WebApi.RawHttpClientBase.SendAsync[T](HttpRequestMessage message, Boolean readErrorBody, Object userState, CancellationToken cancellationToken)
   at Sdk.WebApi.WebApi.RawHttpClientBase.SendAsync[T](HttpMethod method, IEnumerable`1 additionalHeaders, Uri requestUri, HttpContent content, IEnumerable`1 queryParameters, Boolean readErrorBody, Object userState, CancellationToken cancellationToken)
   at GitHub.Actions.RunService.WebApi.BrokerHttpClient.GetRunnerMessageAsync(Nullable`1 sessionId, String runnerVersion, Nullable`1 status, String os, String architecture, Nullable`1 disableUpdate, CancellationToken cancellationToken)
   at GitHub.Runner.Common.BrokerServer.<>c__DisplayClass7_0.<<GetRunnerMessageAsync>b__0>d.MoveNext()
--- End of stack trace from previous location ---
   at GitHub.Runner.Common.RunnerService.RetryRequest[T](Func`1 func, CancellationToken cancellationToken, Int32 maxAttempts, Func`2 shouldRetry)
[2025-11-09 22:13:14Z ERR  BrokerServer] #####################################################
[2025-11-09 22:13:14Z ERR  BrokerServer] System.Threading.Tasks.TaskCanceledException: The operation was canceled.
 ---> System.IO.IOException: Unable to read data from the transport connection: Операция ввода/вывода была прервана из-за завершения потока команд или по запросу приложения..
 ---> System.Net.Sockets.SocketException (995): Операция ввода/вывода была прервана из-за завершения потока команд или по запросу приложения.
   --- End of inner exception stack trace ---
   at System.Net.Sockets.Socket.AwaitableSocketAsyncEventArgs.ThrowException(SocketError error, CancellationToken cancellationToken)
   at System.Net.Sockets.Socket.AwaitableSocketAsyncEventArgs.System.Threading.Tasks.Sources.IValueTaskSource<System.Int32>.GetResult(Int16 token)
   at System.Net.Security.SslStream.EnsureFullTlsFrameAsync[TIOAdapter](CancellationToken cancellationToken, Int32 estimatedSize)
   at System.Runtime.CompilerServices.PoolingAsyncValueTaskMethodBuilder`1.StateMachineBox`1.System.Threading.Tasks.Sources.IValueTaskSource<TResult>.GetResult(Int16 token)
   at System.Net.Security.SslStream.ReadAsyncInternal[TIOAdapter](Memory`1 buffer, CancellationToken cancellationToken)
   at System.Runtime.CompilerServices.PoolingAsyncValueTaskMethodBuilder`1.StateMachineBox`1.System.Threading.Tasks.Sources.IValueTaskSource<TResult>.GetResult(Int16 token)
   at System.Net.Http.HttpConnection.SendAsync(HttpRequestMessage request, Boolean async, CancellationToken cancellationToken)
   --- End of inner exception stack trace ---
   at System.Net.Http.HttpConnection.SendAsync(HttpRequestMessage request, Boolean async, CancellationToken cancellationToken)
   at System.Net.Http.AuthenticationHelper.SendWithNtAuthAsync(HttpRequestMessage request, Uri authUri, Boolean async, ICredentials credentials, Boolean isProxyAuth, HttpConnection connection, HttpConnectionPool connectionPool, CancellationToken cancellationToken)
   at System.Net.Http.HttpConnectionPool.SendWithVersionDetectionAndRetryAsync(HttpRequestMessage request, Boolean async, Boolean doRequestAuth, CancellationToken cancellationToken)
   at System.Net.Http.AuthenticationHelper.SendWithAuthAsync(HttpRequestMessage request, Uri authUri, Boolean async, ICredentials credentials, Boolean preAuthenticate, Boolean isProxyAuth, Boolean doRequestAuth, HttpConnectionPool pool, CancellationToken cancellationToken)
   at System.Net.Http.RedirectHandler.SendAsync(HttpRequestMessage request, Boolean async, CancellationToken cancellationToken)
   at GitHub.Services.Common.RawHttpMessageHandler.SendAsync(HttpRequestMessage request, CancellationToken cancellationToken)
   at GitHub.Services.Common.VssHttpRetryMessageHandler.SendAsync(HttpRequestMessage request, CancellationToken cancellationToken)
   at System.Net.Http.HttpClient.<SendAsync>g__Core|83_0(HttpRequestMessage request, HttpCompletionOption completionOption, CancellationTokenSource cts, Boolean disposeCts, CancellationTokenSource pendingRequestsCts, CancellationToken originalCancellationToken)
[2025-11-09 22:13:14Z ERR  BrokerServer] #####################################################
[2025-11-09 22:13:14Z ERR  BrokerServer] System.IO.IOException: Unable to read data from the transport connection: Операция ввода/вывода была прервана из-за завершения потока команд или по запросу приложения..
 ---> System.Net.Sockets.SocketException (995): Операция ввода/вывода была прервана из-за завершения потока команд или по запросу приложения.
   --- End of inner exception stack trace ---
   at System.Net.Sockets.Socket.AwaitableSocketAsyncEventArgs.ThrowException(SocketError error, CancellationToken cancellationToken)
   at System.Net.Sockets.Socket.AwaitableSocketAsyncEventArgs.System.Threading.Tasks.Sources.IValueTaskSource<System.Int32>.GetResult(Int16 token)
   at System.Net.Security.SslStream.EnsureFullTlsFrameAsync[TIOAdapter](CancellationToken cancellationToken, Int32 estimatedSize)
   at System.Runtime.CompilerServices.PoolingAsyncValueTaskMethodBuilder`1.StateMachineBox`1.System.Threading.Tasks.Sources.IValueTaskSource<TResult>.GetResult(Int16 token)
   at System.Net.Security.SslStream.ReadAsyncInternal[TIOAdapter](Memory`1 buffer, CancellationToken cancellationToken)
   at System.Runtime.CompilerServices.PoolingAsyncValueTaskMethodBuilder`1.StateMachineBox`1.System.Threading.Tasks.Sources.IValueTaskSource<TResult>.GetResult(Int16 token)
   at System.Net.Http.HttpConnection.SendAsync(HttpRequestMessage request, Boolean async, CancellationToken cancellationToken)
[2025-11-09 22:13:14Z ERR  BrokerServer] #####################################################
[2025-11-09 22:13:14Z ERR  BrokerServer] System.Net.Sockets.SocketException (995): Операция ввода/вывода была прервана из-за завершения потока команд или по запросу приложения.
[2025-11-09 22:13:14Z WARN BrokerServer] Back off 11,359 seconds before next retry. 4 attempt left.
[2025-11-09 22:13:14Z INFO BrokerMessageListener] Get messages has been cancelled using local token source. Continue to get messages with new status.
[2025-11-09 22:21:42Z INFO BrokerMessageListener] Acknowledging runner request '81b20a55-9964-52d1-a35b-951dfa06c33a'.
[2025-11-09 22:21:42Z INFO ConfigurationStore] HasCredentials()
[2025-11-09 22:21:42Z INFO ConfigurationStore] stored True
[2025-11-09 22:21:42Z INFO CredentialManager] GetCredentialProvider
[2025-11-09 22:21:42Z INFO CredentialManager] Creating type OAuth
[2025-11-09 22:21:42Z INFO CredentialManager] Creating credential type: OAuth
[2025-11-09 22:21:42Z INFO RSAEncryptedFileKeyManager] Loading RSA key parameters from file C:\Users\egorv\Documents\devops\practice_3\actions-runner\.credentials_rsaparams
[2025-11-09 22:21:42Z INFO RSAEncryptedFileKeyManager] Loading RSA key parameters from file C:\Users\egorv\Documents\devops\practice_3\actions-runner\.credentials_rsaparams
[2025-11-09 22:21:42Z INFO RSAEncryptedFileKeyManager] Loading RSA key parameters from file C:\Users\egorv\Documents\devops\practice_3\actions-runner\.credentials_rsaparams
[2025-11-09 22:21:43Z INFO GitHubActionsService] AAD Correlation ID for this token request: Unknown
[2025-11-09 22:21:44Z INFO JobDispatcher] Job request 0 for plan 06f95c0d-1f37-4588-bf27-42623bf304de job 81b20a55-9964-52d1-a35b-951dfa06c33a received.
[2025-11-09 22:21:44Z INFO JobDispatcher] Pull OrchestrationId 06f95c0d-1f37-4588-bf27-42623bf304de.deploy-and-test.__default from JWT claims
[2025-11-09 22:21:44Z INFO BrokerMessageListener] Received job status event. JobState: Busy
[2025-11-09 22:21:44Z INFO BrokerMessageListener] _getMessagesTokenSource is already disposed.
[2025-11-09 22:21:44Z INFO JobDispatcher] Job request be20f1eb-113b-5447-b777-ff5b72034823 processed succeed.
[2025-11-09 22:21:44Z INFO Terminal] WRITE LINE: 2025-11-09 22:21:44Z: Running job: deploy-and-test
[2025-11-09 22:21:44Z INFO JobDispatcher] Start renew job request 0 for job 81b20a55-9964-52d1-a35b-951dfa06c33a.
[2025-11-09 22:21:45Z INFO JobDispatcher] Successfully renew job 81b20a55-9964-52d1-a35b-951dfa06c33a, job is valid till 09.11.2025 22:31:44
[2025-11-09 22:21:45Z INFO HostContext] Well known directory 'Bin': 'C:\Users\egorv\Documents\devops\practice_3\actions-runner\bin'
[2025-11-09 22:21:45Z INFO ProcessInvokerWrapper] Starting process:
[2025-11-09 22:21:45Z INFO ProcessInvokerWrapper]   File name: 'C:\Users\egorv\Documents\devops\practice_3\actions-runner\bin\Runner.Worker.exe'
[2025-11-09 22:21:45Z INFO ProcessInvokerWrapper]   Arguments: 'spawnclient 2156 2016'
[2025-11-09 22:21:45Z INFO ProcessInvokerWrapper]   Working directory: 'C:\Users\egorv\Documents\devops\practice_3\actions-runner\bin'
[2025-11-09 22:21:45Z INFO ProcessInvokerWrapper]   Require exit code zero: 'False'
[2025-11-09 22:21:45Z INFO ProcessInvokerWrapper]   Encoding web name:  ; code page: ''
[2025-11-09 22:21:45Z INFO ProcessInvokerWrapper]   Force kill process on cancellation: 'True'
[2025-11-09 22:21:45Z INFO ProcessInvokerWrapper]   Redirected STDIN: 'False'
[2025-11-09 22:21:45Z INFO ProcessInvokerWrapper]   Persist current code page: 'False'
[2025-11-09 22:21:45Z INFO ProcessInvokerWrapper]   Keep redirected STDIN open: 'False'
[2025-11-09 22:21:45Z INFO ProcessInvokerWrapper]   High priority process: 'True'
[2025-11-09 22:21:45Z INFO ProcessInvokerWrapper] Process started with process id 12384, waiting for process exit.
[2025-11-09 22:21:45Z INFO JobDispatcher] Send job request message to worker for job 81b20a55-9964-52d1-a35b-951dfa06c33a.
[2025-11-09 22:21:45Z INFO ProcessChannel] Sending message of length 21014, with hash '00cfb84fd50ac4cc07e78ee09c14936084f746e0b9a6259e63eacf655523fa9c'
[2025-11-09 22:21:45Z INFO JobNotification] Entering JobStarted Notification
[2025-11-09 22:21:45Z INFO JobNotification] Entering StartMonitor
[2025-11-09 22:22:45Z INFO JobDispatcher] Successfully renew job 81b20a55-9964-52d1-a35b-951dfa06c33a, job is valid till 09.11.2025 22:32:44
[2025-11-09 22:23:45Z INFO JobDispatcher] Successfully renew job 81b20a55-9964-52d1-a35b-951dfa06c33a, job is valid till 09.11.2025 22:33:44
[2025-11-09 22:24:45Z INFO JobDispatcher] Successfully renew job 81b20a55-9964-52d1-a35b-951dfa06c33a, job is valid till 09.11.2025 22:34:45
[2025-11-09 22:25:46Z INFO JobDispatcher] Successfully renew job 81b20a55-9964-52d1-a35b-951dfa06c33a, job is valid till 09.11.2025 22:35:45
[2025-11-09 22:26:46Z INFO JobDispatcher] Successfully renew job 81b20a55-9964-52d1-a35b-951dfa06c33a, job is valid till 09.11.2025 22:36:45
[2025-11-09 22:27:14Z INFO ProcessInvokerWrapper] STDOUT/STDERR stream read finished.
[2025-11-09 22:27:14Z INFO ProcessInvokerWrapper] STDOUT/STDERR stream read finished.
[2025-11-09 22:27:14Z INFO ProcessInvokerWrapper] Finished process 12384 with exit code 102, and elapsed time 00:05:28.7033450.
[2025-11-09 22:27:14Z INFO JobDispatcher] Worker finished for job 81b20a55-9964-52d1-a35b-951dfa06c33a. Code: 102
[2025-11-09 22:27:14Z INFO JobDispatcher] finish job request for job 81b20a55-9964-52d1-a35b-951dfa06c33a with result: Failed
[2025-11-09 22:27:14Z INFO Terminal] WRITE LINE: 2025-11-09 22:27:14Z: Job deploy-and-test completed with result: Failed
[2025-11-09 22:27:14Z INFO JobDispatcher] Stop renew job request for job 81b20a55-9964-52d1-a35b-951dfa06c33a.
[2025-11-09 22:27:14Z INFO JobDispatcher] job renew has been cancelled, stop renew job 81b20a55-9964-52d1-a35b-951dfa06c33a.
[2025-11-09 22:27:14Z INFO JobNotification] Entering JobCompleted Notification
[2025-11-09 22:27:14Z INFO JobNotification] Entering EndMonitor
[2025-11-09 22:27:14Z INFO BrokerMessageListener] Received job status event. JobState: Online
[2025-11-09 22:27:14Z WARN GitHubActionsService] GET request to https://broker.actions.githubusercontent.com/message?sessionId=52292152-eed0-43f4-9702-3d0711a9de8d&status=Busy&runnerVersion=2.329.0&os=Windows&architecture=X64&disableUpdate=false has been cancelled.
[2025-11-09 22:27:14Z ERR  BrokerServer] Catch exception during request
[2025-11-09 22:27:14Z ERR  BrokerServer] System.Threading.Tasks.TaskCanceledException: The operation was canceled.
 ---> System.Threading.Tasks.TaskCanceledException: The operation was canceled.
 ---> System.IO.IOException: Unable to read data from the transport connection: Операция ввода/вывода была прервана из-за завершения потока команд или по запросу приложения..
 ---> System.Net.Sockets.SocketException (995): Операция ввода/вывода была прервана из-за завершения потока команд или по запросу приложения.
   --- End of inner exception stack trace ---
   at System.Net.Sockets.Socket.AwaitableSocketAsyncEventArgs.System.Threading.Tasks.Sources.IValueTaskSource<System.Int32>.GetResult(Int16 token)
   at System.Net.Security.SslStream.EnsureFullTlsFrameAsync[TIOAdapter](CancellationToken cancellationToken, Int32 estimatedSize)
   at System.Runtime.CompilerServices.PoolingAsyncValueTaskMethodBuilder`1.StateMachineBox`1.System.Threading.Tasks.Sources.IValueTaskSource<TResult>.GetResult(Int16 token)
   at System.Net.Security.SslStream.ReadAsyncInternal[TIOAdapter](Memory`1 buffer, CancellationToken cancellationToken)
   at System.Runtime.CompilerServices.PoolingAsyncValueTaskMethodBuilder`1.StateMachineBox`1.System.Threading.Tasks.Sources.IValueTaskSource<TResult>.GetResult(Int16 token)
   at System.Net.Http.HttpConnection.SendAsync(HttpRequestMessage request, Boolean async, CancellationToken cancellationToken)
   --- End of inner exception stack trace ---
   at System.Net.Http.HttpConnection.SendAsync(HttpRequestMessage request, Boolean async, CancellationToken cancellationToken)
   at System.Net.Http.AuthenticationHelper.SendWithNtAuthAsync(HttpRequestMessage request, Uri authUri, Boolean async, ICredentials credentials, Boolean isProxyAuth, HttpConnection connection, HttpConnectionPool connectionPool, CancellationToken cancellationToken)
   at System.Net.Http.HttpConnectionPool.SendWithVersionDetectionAndRetryAsync(HttpRequestMessage request, Boolean async, Boolean doRequestAuth, CancellationToken cancellationToken)
   at System.Net.Http.AuthenticationHelper.SendWithAuthAsync(HttpRequestMessage request, Uri authUri, Boolean async, ICredentials credentials, Boolean preAuthenticate, Boolean isProxyAuth, Boolean doRequestAuth, HttpConnectionPool pool, CancellationToken cancellationToken)
   at System.Net.Http.RedirectHandler.SendAsync(HttpRequestMessage request, Boolean async, CancellationToken cancellationToken)
   at GitHub.Services.Common.RawHttpMessageHandler.SendAsync(HttpRequestMessage request, CancellationToken cancellationToken)
   at GitHub.Services.Common.VssHttpRetryMessageHandler.SendAsync(HttpRequestMessage request, CancellationToken cancellationToken)
   at System.Net.Http.HttpClient.<SendAsync>g__Core|83_0(HttpRequestMessage request, HttpCompletionOption completionOption, CancellationTokenSource cts, Boolean disposeCts, CancellationTokenSource pendingRequestsCts, CancellationToken originalCancellationToken)
   --- End of inner exception stack trace ---
   at System.Net.Http.HttpClient.HandleFailure(Exception e, Boolean telemetryStarted, HttpResponseMessage response, CancellationTokenSource cts, CancellationToken cancellationToken, CancellationTokenSource pendingRequestsCts)
   at System.Net.Http.HttpClient.<SendAsync>g__Core|83_0(HttpRequestMessage request, HttpCompletionOption completionOption, CancellationTokenSource cts, Boolean disposeCts, CancellationTokenSource pendingRequestsCts, CancellationToken originalCancellationToken)
   at Sdk.WebApi.WebApi.RawHttpClientBase.SendAsync(HttpRequestMessage message, HttpCompletionOption completionOption, Object userState, CancellationToken cancellationToken)
   at Sdk.WebApi.WebApi.RawHttpClientBase.SendAsync[T](HttpRequestMessage message, Boolean readErrorBody, Object userState, CancellationToken cancellationToken)
   at Sdk.WebApi.WebApi.RawHttpClientBase.SendAsync[T](HttpMethod method, IEnumerable`1 additionalHeaders, Uri requestUri, HttpContent content, IEnumerable`1 queryParameters, Boolean readErrorBody, Object userState, CancellationToken cancellationToken)
   at GitHub.Actions.RunService.WebApi.BrokerHttpClient.GetRunnerMessageAsync(Nullable`1 sessionId, String runnerVersion, Nullable`1 status, String os, String architecture, Nullable`1 disableUpdate, CancellationToken cancellationToken)
   at GitHub.Runner.Common.BrokerServer.<>c__DisplayClass7_0.<<GetRunnerMessageAsync>b__0>d.MoveNext()
--- End of stack trace from previous location ---
   at GitHub.Runner.Common.RunnerService.RetryRequest[T](Func`1 func, CancellationToken cancellationToken, Int32 maxAttempts, Func`2 shouldRetry)
[2025-11-09 22:27:14Z ERR  BrokerServer] #####################################################
[2025-11-09 22:27:14Z ERR  BrokerServer] System.Threading.Tasks.TaskCanceledException: The operation was canceled.
 ---> System.IO.IOException: Unable to read data from the transport connection: Операция ввода/вывода была прервана из-за завершения потока команд или по запросу приложения..
 ---> System.Net.Sockets.SocketException (995): Операция ввода/вывода была прервана из-за завершения потока команд или по запросу приложения.
   --- End of inner exception stack trace ---
   at System.Net.Sockets.Socket.AwaitableSocketAsyncEventArgs.System.Threading.Tasks.Sources.IValueTaskSource<System.Int32>.GetResult(Int16 token)
   at System.Net.Security.SslStream.EnsureFullTlsFrameAsync[TIOAdapter](CancellationToken cancellationToken, Int32 estimatedSize)
   at System.Runtime.CompilerServices.PoolingAsyncValueTaskMethodBuilder`1.StateMachineBox`1.System.Threading.Tasks.Sources.IValueTaskSource<TResult>.GetResult(Int16 token)
   at System.Net.Security.SslStream.ReadAsyncInternal[TIOAdapter](Memory`1 buffer, CancellationToken cancellationToken)
   at System.Runtime.CompilerServices.PoolingAsyncValueTaskMethodBuilder`1.StateMachineBox`1.System.Threading.Tasks.Sources.IValueTaskSource<TResult>.GetResult(Int16 token)
   at System.Net.Http.HttpConnection.SendAsync(HttpRequestMessage request, Boolean async, CancellationToken cancellationToken)
   --- End of inner exception stack trace ---
   at System.Net.Http.HttpConnection.SendAsync(HttpRequestMessage request, Boolean async, CancellationToken cancellationToken)
   at System.Net.Http.AuthenticationHelper.SendWithNtAuthAsync(HttpRequestMessage request, Uri authUri, Boolean async, ICredentials credentials, Boolean isProxyAuth, HttpConnection connection, HttpConnectionPool connectionPool, CancellationToken cancellationToken)
   at System.Net.Http.HttpConnectionPool.SendWithVersionDetectionAndRetryAsync(HttpRequestMessage request, Boolean async, Boolean doRequestAuth, CancellationToken cancellationToken)
   at System.Net.Http.AuthenticationHelper.SendWithAuthAsync(HttpRequestMessage request, Uri authUri, Boolean async, ICredentials credentials, Boolean preAuthenticate, Boolean isProxyAuth, Boolean doRequestAuth, HttpConnectionPool pool, CancellationToken cancellationToken)
   at System.Net.Http.RedirectHandler.SendAsync(HttpRequestMessage request, Boolean async, CancellationToken cancellationToken)
   at GitHub.Services.Common.RawHttpMessageHandler.SendAsync(HttpRequestMessage request, CancellationToken cancellationToken)
   at GitHub.Services.Common.VssHttpRetryMessageHandler.SendAsync(HttpRequestMessage request, CancellationToken cancellationToken)
   at System.Net.Http.HttpClient.<SendAsync>g__Core|83_0(HttpRequestMessage request, HttpCompletionOption completionOption, CancellationTokenSource cts, Boolean disposeCts, CancellationTokenSource pendingRequestsCts, CancellationToken originalCancellationToken)
[2025-11-09 22:27:14Z ERR  BrokerServer] #####################################################
[2025-11-09 22:27:14Z ERR  BrokerServer] System.IO.IOException: Unable to read data from the transport connection: Операция ввода/вывода была прервана из-за завершения потока команд или по запросу приложения..
 ---> System.Net.Sockets.SocketException (995): Операция ввода/вывода была прервана из-за завершения потока команд или по запросу приложения.
   --- End of inner exception stack trace ---
   at System.Net.Sockets.Socket.AwaitableSocketAsyncEventArgs.System.Threading.Tasks.Sources.IValueTaskSource<System.Int32>.GetResult(Int16 token)
   at System.Net.Security.SslStream.EnsureFullTlsFrameAsync[TIOAdapter](CancellationToken cancellationToken, Int32 estimatedSize)
   at System.Runtime.CompilerServices.PoolingAsyncValueTaskMethodBuilder`1.StateMachineBox`1.System.Threading.Tasks.Sources.IValueTaskSource<TResult>.GetResult(Int16 token)
   at System.Net.Security.SslStream.ReadAsyncInternal[TIOAdapter](Memory`1 buffer, CancellationToken cancellationToken)
   at System.Runtime.CompilerServices.PoolingAsyncValueTaskMethodBuilder`1.StateMachineBox`1.System.Threading.Tasks.Sources.IValueTaskSource<TResult>.GetResult(Int16 token)
   at System.Net.Http.HttpConnection.SendAsync(HttpRequestMessage request, Boolean async, CancellationToken cancellationToken)
[2025-11-09 22:27:14Z ERR  BrokerServer] #####################################################
[2025-11-09 22:27:14Z ERR  BrokerServer] System.Net.Sockets.SocketException (995): Операция ввода/вывода была прервана из-за завершения потока команд или по запросу приложения.
[2025-11-09 22:27:14Z WARN BrokerServer] Back off 13,402 seconds before next retry. 4 attempt left.
[2025-11-09 22:27:14Z INFO BrokerMessageListener] Get messages has been cancelled using local token source. Continue to get messages with new status.
[2025-11-09 22:30:08Z INFO Terminal] WRITE LINE: Exiting...
[2025-11-09 22:30:08Z INFO ConfigurationStore] IsServiceConfigured()
[2025-11-09 22:30:08Z INFO ConfigurationStore] IsServiceConfigured: False
[2025-11-09 22:30:08Z INFO HostContext] Runner will be shutdown for UserCancelled
[2025-11-09 22:30:08Z WARN GitHubActionsService] GET request to https://broker.actions.githubusercontent.com/message?sessionId=52292152-eed0-43f4-9702-3d0711a9de8d&status=Online&runnerVersion=2.329.0&os=Windows&architecture=X64&disableUpdate=false has been cancelled.
[2025-11-09 22:30:08Z ERR  BrokerServer] Catch exception during request
[2025-11-09 22:30:08Z ERR  BrokerServer] System.Threading.Tasks.TaskCanceledException: The operation was canceled.
 ---> System.Threading.Tasks.TaskCanceledException: The operation was canceled.
 ---> System.IO.IOException: Unable to read data from the transport connection: Операция ввода/вывода была прервана из-за завершения потока команд или по запросу приложения..
 ---> System.Net.Sockets.SocketException (995): Операция ввода/вывода была прервана из-за завершения потока команд или по запросу приложения.
   --- End of inner exception stack trace ---
   at System.Net.Sockets.Socket.AwaitableSocketAsyncEventArgs.System.Threading.Tasks.Sources.IValueTaskSource<System.Int32>.GetResult(Int16 token)
   at System.Net.Security.SslStream.EnsureFullTlsFrameAsync[TIOAdapter](CancellationToken cancellationToken, Int32 estimatedSize)
   at System.Runtime.CompilerServices.PoolingAsyncValueTaskMethodBuilder`1.StateMachineBox`1.System.Threading.Tasks.Sources.IValueTaskSource<TResult>.GetResult(Int16 token)
   at System.Net.Security.SslStream.ReadAsyncInternal[TIOAdapter](Memory`1 buffer, CancellationToken cancellationToken)
   at System.Runtime.CompilerServices.PoolingAsyncValueTaskMethodBuilder`1.StateMachineBox`1.System.Threading.Tasks.Sources.IValueTaskSource<TResult>.GetResult(Int16 token)
   at System.Net.Http.HttpConnection.SendAsync(HttpRequestMessage request, Boolean async, CancellationToken cancellationToken)
   --- End of inner exception stack trace ---
   at System.Net.Http.HttpConnection.SendAsync(HttpRequestMessage request, Boolean async, CancellationToken cancellationToken)
   at System.Net.Http.AuthenticationHelper.SendWithNtAuthAsync(HttpRequestMessage request, Uri authUri, Boolean async, ICredentials credentials, Boolean isProxyAuth, HttpConnection connection, HttpConnectionPool connectionPool, CancellationToken cancellationToken)
   at System.Net.Http.HttpConnectionPool.SendWithVersionDetectionAndRetryAsync(HttpRequestMessage request, Boolean async, Boolean doRequestAuth, CancellationToken cancellationToken)
   at System.Net.Http.AuthenticationHelper.SendWithAuthAsync(HttpRequestMessage request, Uri authUri, Boolean async, ICredentials credentials, Boolean preAuthenticate, Boolean isProxyAuth, Boolean doRequestAuth, HttpConnectionPool pool, CancellationToken cancellationToken)
   at System.Net.Http.RedirectHandler.SendAsync(HttpRequestMessage request, Boolean async, CancellationToken cancellationToken)
   at GitHub.Services.Common.RawHttpMessageHandler.SendAsync(HttpRequestMessage request, CancellationToken cancellationToken)
   at GitHub.Services.Common.VssHttpRetryMessageHandler.SendAsync(HttpRequestMessage request, CancellationToken cancellationToken)
   at System.Net.Http.HttpClient.<SendAsync>g__Core|83_0(HttpRequestMessage request, HttpCompletionOption completionOption, CancellationTokenSource cts, Boolean disposeCts, CancellationTokenSource pendingRequestsCts, CancellationToken originalCancellationToken)
   --- End of inner exception stack trace ---
   at System.Net.Http.HttpClient.HandleFailure(Exception e, Boolean telemetryStarted, HttpResponseMessage response, CancellationTokenSource cts, CancellationToken cancellationToken, CancellationTokenSource pendingRequestsCts)
   at System.Net.Http.HttpClient.<SendAsync>g__Core|83_0(HttpRequestMessage request, HttpCompletionOption completionOption, CancellationTokenSource cts, Boolean disposeCts, CancellationTokenSource pendingRequestsCts, CancellationToken originalCancellationToken)
   at Sdk.WebApi.WebApi.RawHttpClientBase.SendAsync(HttpRequestMessage message, HttpCompletionOption completionOption, Object userState, CancellationToken cancellationToken)
   at Sdk.WebApi.WebApi.RawHttpClientBase.SendAsync[T](HttpRequestMessage message, Boolean readErrorBody, Object userState, CancellationToken cancellationToken)
   at Sdk.WebApi.WebApi.RawHttpClientBase.SendAsync[T](HttpMethod method, IEnumerable`1 additionalHeaders, Uri requestUri, HttpContent content, IEnumerable`1 queryParameters, Boolean readErrorBody, Object userState, CancellationToken cancellationToken)
   at GitHub.Actions.RunService.WebApi.BrokerHttpClient.GetRunnerMessageAsync(Nullable`1 sessionId, String runnerVersion, Nullable`1 status, String os, String architecture, Nullable`1 disableUpdate, CancellationToken cancellationToken)
   at GitHub.Runner.Common.BrokerServer.<>c__DisplayClass7_0.<<GetRunnerMessageAsync>b__0>d.MoveNext()
--- End of stack trace from previous location ---
   at GitHub.Runner.Common.RunnerService.RetryRequest[T](Func`1 func, CancellationToken cancellationToken, Int32 maxAttempts, Func`2 shouldRetry)
[2025-11-09 22:30:08Z ERR  BrokerServer] #####################################################
[2025-11-09 22:30:08Z ERR  BrokerServer] System.Threading.Tasks.TaskCanceledException: The operation was canceled.
 ---> System.IO.IOException: Unable to read data from the transport connection: Операция ввода/вывода была прервана из-за завершения потока команд или по запросу приложения..
 ---> System.Net.Sockets.SocketException (995): Операция ввода/вывода была прервана из-за завершения потока команд или по запросу приложения.
   --- End of inner exception stack trace ---
   at System.Net.Sockets.Socket.AwaitableSocketAsyncEventArgs.System.Threading.Tasks.Sources.IValueTaskSource<System.Int32>.GetResult(Int16 token)
   at System.Net.Security.SslStream.EnsureFullTlsFrameAsync[TIOAdapter](CancellationToken cancellationToken, Int32 estimatedSize)
   at System.Runtime.CompilerServices.PoolingAsyncValueTaskMethodBuilder`1.StateMachineBox`1.System.Threading.Tasks.Sources.IValueTaskSource<TResult>.GetResult(Int16 token)
   at System.Net.Security.SslStream.ReadAsyncInternal[TIOAdapter](Memory`1 buffer, CancellationToken cancellationToken)
   at System.Runtime.CompilerServices.PoolingAsyncValueTaskMethodBuilder`1.StateMachineBox`1.System.Threading.Tasks.Sources.IValueTaskSource<TResult>.GetResult(Int16 token)
   at System.Net.Http.HttpConnection.SendAsync(HttpRequestMessage request, Boolean async, CancellationToken cancellationToken)
   --- End of inner exception stack trace ---
   at System.Net.Http.HttpConnection.SendAsync(HttpRequestMessage request, Boolean async, CancellationToken cancellationToken)
   at System.Net.Http.AuthenticationHelper.SendWithNtAuthAsync(HttpRequestMessage request, Uri authUri, Boolean async, ICredentials credentials, Boolean isProxyAuth, HttpConnection connection, HttpConnectionPool connectionPool, CancellationToken cancellationToken)
   at System.Net.Http.HttpConnectionPool.SendWithVersionDetectionAndRetryAsync(HttpRequestMessage request, Boolean async, Boolean doRequestAuth, CancellationToken cancellationToken)
   at System.Net.Http.AuthenticationHelper.SendWithAuthAsync(HttpRequestMessage request, Uri authUri, Boolean async, ICredentials credentials, Boolean preAuthenticate, Boolean isProxyAuth, Boolean doRequestAuth, HttpConnectionPool pool, CancellationToken cancellationToken)
   at System.Net.Http.RedirectHandler.SendAsync(HttpRequestMessage request, Boolean async, CancellationToken cancellationToken)
   at GitHub.Services.Common.RawHttpMessageHandler.SendAsync(HttpRequestMessage request, CancellationToken cancellationToken)
   at GitHub.Services.Common.VssHttpRetryMessageHandler.SendAsync(HttpRequestMessage request, CancellationToken cancellationToken)
   at System.Net.Http.HttpClient.<SendAsync>g__Core|83_0(HttpRequestMessage request, HttpCompletionOption completionOption, CancellationTokenSource cts, Boolean disposeCts, CancellationTokenSource pendingRequestsCts, CancellationToken originalCancellationToken)
[2025-11-09 22:30:08Z ERR  BrokerServer] #####################################################
[2025-11-09 22:30:08Z ERR  BrokerServer] System.IO.IOException: Unable to read data from the transport connection: Операция ввода/вывода была прервана из-за завершения потока команд или по запросу приложения..
 ---> System.Net.Sockets.SocketException (995): Операция ввода/вывода была прервана из-за завершения потока команд или по запросу приложения.
   --- End of inner exception stack trace ---
   at System.Net.Sockets.Socket.AwaitableSocketAsyncEventArgs.System.Threading.Tasks.Sources.IValueTaskSource<System.Int32>.GetResult(Int16 token)
   at System.Net.Security.SslStream.EnsureFullTlsFrameAsync[TIOAdapter](CancellationToken cancellationToken, Int32 estimatedSize)
   at System.Runtime.CompilerServices.PoolingAsyncValueTaskMethodBuilder`1.StateMachineBox`1.System.Threading.Tasks.Sources.IValueTaskSource<TResult>.GetResult(Int16 token)
   at System.Net.Security.SslStream.ReadAsyncInternal[TIOAdapter](Memory`1 buffer, CancellationToken cancellationToken)
   at System.Runtime.CompilerServices.PoolingAsyncValueTaskMethodBuilder`1.StateMachineBox`1.System.Threading.Tasks.Sources.IValueTaskSource<TResult>.GetResult(Int16 token)
   at System.Net.Http.HttpConnection.SendAsync(HttpRequestMessage request, Boolean async, CancellationToken cancellationToken)
[2025-11-09 22:30:08Z ERR  BrokerServer] #####################################################
[2025-11-09 22:30:08Z ERR  BrokerServer] System.Net.Sockets.SocketException (995): Операция ввода/вывода была прервана из-за завершения потока команд или по запросу приложения.
[2025-11-09 22:30:08Z WARN BrokerServer] Back off 10,415 seconds before next retry. 4 attempt left.
[2025-11-09 22:30:08Z INFO BrokerMessageListener] Get next message has been cancelled.
[2025-11-09 22:30:08Z INFO JobDispatcher] Shutting down JobDispatcher. Make sure all WorkerDispatcher has finished.
[2025-11-09 22:30:08Z INFO JobDispatcher] Ensure WorkerDispatcher for job 81b20a55-9964-52d1-a35b-951dfa06c33a run to finish, cancel any running job.
[2025-11-09 22:30:08Z INFO JobDispatcher] Job request 81b20a55-9964-52d1-a35b-951dfa06c33a processed succeed.
[2025-11-09 22:30:08Z INFO Runner] Deleting Runner Session...
[2025-11-09 22:30:09Z INFO Listener] Runner execution been cancelled.
