[2025-11-10 15:45:03Z INFO HostContext] No proxy settings were found based on environmental variables (http_proxy/https_proxy/HTTP_PROXY/HTTPS_PROXY)
[2025-11-10 15:45:03Z INFO HostContext] Well known directory 'Bin': 'C:\Users\egorv\Documents\devops\practice_3\actions-runner\bin'
[2025-11-10 15:45:03Z INFO HostContext] Well known directory 'Root': 'C:\Users\egorv\Documents\devops\practice_3\actions-runner'
[2025-11-10 15:45:03Z INFO HostContext] Well known config file 'Credentials': 'C:\Users\egorv\Documents\devops\practice_3\actions-runner\.credentials'
[2025-11-10 15:45:03Z INFO HostContext] Well known directory 'Bin': 'C:\Users\egorv\Documents\devops\practice_3\actions-runner\bin'
[2025-11-10 15:45:03Z INFO HostContext] Well known directory 'Root': 'C:\Users\egorv\Documents\devops\practice_3\actions-runner'
[2025-11-10 15:45:03Z INFO HostContext] Well known config file 'Runner': 'C:\Users\egorv\Documents\devops\practice_3\actions-runner\.runner'
[2025-11-10 15:45:03Z INFO Listener] Runner is built for Windows (X64) - win-x64.
[2025-11-10 15:45:03Z INFO Listener] RuntimeInformation: Microsoft Windows 10.0.19045.
[2025-11-10 15:45:03Z INFO Listener] Version: 2.329.0
[2025-11-10 15:45:03Z INFO Listener] Commit: c76c59996c8fa32e989164a5a695efb12608ae5a
[2025-11-10 15:45:03Z INFO Listener] Culture: ru-RU
[2025-11-10 15:45:03Z INFO Listener] UI Culture: ru-RU
[2025-11-10 15:45:03Z INFO HostContext] Well known directory 'Bin': 'C:\Users\egorv\Documents\devops\practice_3\actions-runner\bin'
[2025-11-10 15:45:03Z INFO HostContext] Well known directory 'Root': 'C:\Users\egorv\Documents\devops\practice_3\actions-runner'
[2025-11-10 15:45:03Z INFO Listener] Validating directory permissions for: 'C:\Users\egorv\Documents\devops\practice_3\actions-runner'
[2025-11-10 15:45:03Z INFO CommandLineParser] Parse
[2025-11-10 15:45:03Z INFO CommandLineParser] Parsing 1 args
[2025-11-10 15:45:03Z INFO CommandLineParser] parsing argument
[2025-11-10 15:45:03Z INFO CommandLineParser] HasArgs: False
[2025-11-10 15:45:03Z INFO CommandLineParser] Adding Command: run
[2025-11-10 15:45:03Z INFO Listener] Arguments parsed
[2025-11-10 15:45:03Z INFO Runner] ExecuteCommand
[2025-11-10 15:45:03Z INFO ConfigurationStore] currentAssemblyLocation: C:\Users\egorv\Documents\devops\practice_3\actions-runner\bin\Runner.Listener.dll
[2025-11-10 15:45:03Z INFO HostContext] Well known directory 'Bin': 'C:\Users\egorv\Documents\devops\practice_3\actions-runner\bin'
[2025-11-10 15:45:03Z INFO ConfigurationStore] binPath: C:\Users\egorv\Documents\devops\practice_3\actions-runner\bin
[2025-11-10 15:45:03Z INFO HostContext] Well known directory 'Bin': 'C:\Users\egorv\Documents\devops\practice_3\actions-runner\bin'
[2025-11-10 15:45:03Z INFO HostContext] Well known directory 'Root': 'C:\Users\egorv\Documents\devops\practice_3\actions-runner'
[2025-11-10 15:45:03Z INFO ConfigurationStore] RootFolder: C:\Users\egorv\Documents\devops\practice_3\actions-runner
[2025-11-10 15:45:03Z INFO HostContext] Well known directory 'Bin': 'C:\Users\egorv\Documents\devops\practice_3\actions-runner\bin'
[2025-11-10 15:45:03Z INFO HostContext] Well known directory 'Root': 'C:\Users\egorv\Documents\devops\practice_3\actions-runner'
[2025-11-10 15:45:03Z INFO HostContext] Well known config file 'Runner': 'C:\Users\egorv\Documents\devops\practice_3\actions-runner\.runner'
[2025-11-10 15:45:03Z INFO ConfigurationStore] ConfigFilePath: C:\Users\egorv\Documents\devops\practice_3\actions-runner\.runner
[2025-11-10 15:45:03Z INFO HostContext] Well known directory 'Bin': 'C:\Users\egorv\Documents\devops\practice_3\actions-runner\bin'
[2025-11-10 15:45:03Z INFO HostContext] Well known directory 'Root': 'C:\Users\egorv\Documents\devops\practice_3\actions-runner'
[2025-11-10 15:45:03Z INFO HostContext] Well known config file 'MigratedRunner': 'C:\Users\egorv\Documents\devops\practice_3\actions-runner\.runner_migrated'
[2025-11-10 15:45:03Z INFO ConfigurationStore] MigratedConfigFilePath: C:\Users\egorv\Documents\devops\practice_3\actions-runner\.runner_migrated
[2025-11-10 15:45:03Z INFO HostContext] Well known directory 'Bin': 'C:\Users\egorv\Documents\devops\practice_3\actions-runner\bin'
[2025-11-10 15:45:03Z INFO HostContext] Well known directory 'Root': 'C:\Users\egorv\Documents\devops\practice_3\actions-runner'
[2025-11-10 15:45:03Z INFO HostContext] Well known config file 'Credentials': 'C:\Users\egorv\Documents\devops\practice_3\actions-runner\.credentials'
[2025-11-10 15:45:03Z INFO ConfigurationStore] CredFilePath: C:\Users\egorv\Documents\devops\practice_3\actions-runner\.credentials
[2025-11-10 15:45:03Z INFO HostContext] Well known directory 'Bin': 'C:\Users\egorv\Documents\devops\practice_3\actions-runner\bin'
[2025-11-10 15:45:03Z INFO HostContext] Well known directory 'Root': 'C:\Users\egorv\Documents\devops\practice_3\actions-runner'
[2025-11-10 15:45:03Z INFO HostContext] Well known config file 'MigratedCredentials': 'C:\Users\egorv\Documents\devops\practice_3\actions-runner\.credentials_migrated'
[2025-11-10 15:45:03Z INFO ConfigurationStore] MigratedCredFilePath: C:\Users\egorv\Documents\devops\practice_3\actions-runner\.credentials_migrated
[2025-11-10 15:45:03Z INFO HostContext] Well known directory 'Bin': 'C:\Users\egorv\Documents\devops\practice_3\actions-runner\bin'
[2025-11-10 15:45:03Z INFO HostContext] Well known directory 'Root': 'C:\Users\egorv\Documents\devops\practice_3\actions-runner'
[2025-11-10 15:45:03Z INFO HostContext] Well known config file 'Service': 'C:\Users\egorv\Documents\devops\practice_3\actions-runner\.service'
[2025-11-10 15:45:03Z INFO ConfigurationStore] ServiceConfigFilePath: C:\Users\egorv\Documents\devops\practice_3\actions-runner\.service
[2025-11-10 15:45:03Z INFO CommandSettings] Flag 'help': 'False'
[2025-11-10 15:45:03Z INFO CommandSettings] Flag 'version': 'False'
[2025-11-10 15:45:03Z INFO CommandSettings] Flag 'commit': 'False'
[2025-11-10 15:45:03Z INFO CommandSettings] Flag 'check': 'False'
[2025-11-10 15:45:03Z INFO CommandSettings] Command 'configure': 'False'
[2025-11-10 15:45:03Z INFO CommandSettings] Command 'remove': 'False'
[2025-11-10 15:45:03Z INFO CommandSettings] Command 'warmup': 'False'
[2025-11-10 15:45:03Z INFO ConfigurationManager] LoadSettings
[2025-11-10 15:45:03Z INFO ConfigurationStore] IsConfigured()
[2025-11-10 15:45:03Z INFO ConfigurationStore] IsConfigured: True
[2025-11-10 15:45:03Z INFO ConfigurationManager] Is configured: True
[2025-11-10 15:45:03Z INFO ConfigurationStore] Read setting file: 400 chars
[2025-11-10 15:45:03Z INFO ConfigurationManager] Settings Loaded
[2025-11-10 15:45:03Z INFO ConfigurationStore] IsServiceConfigured()
[2025-11-10 15:45:03Z INFO ConfigurationStore] IsServiceConfigured: False
[2025-11-10 15:45:03Z INFO CommandSettings] Command 'run': 'True'
[2025-11-10 15:45:03Z INFO ConfigurationStore] IsConfigured()
[2025-11-10 15:45:03Z INFO ConfigurationStore] IsConfigured: True
[2025-11-10 15:45:03Z INFO ConfigurationManager] Is configured: True
[2025-11-10 15:45:03Z INFO Runner] Could not parse the argument value '' for StartupType. Defaulting to Manual
[2025-11-10 15:45:03Z INFO Runner] Set runner startup type - Manual
[2025-11-10 15:45:03Z INFO CommandSettings] Flag 'once': 'False'
[2025-11-10 15:45:03Z INFO CommandSettings] Flag 'once': 'False'
[2025-11-10 15:45:03Z INFO Runner] RunAsync
[2025-11-10 15:45:03Z INFO ConfigurationManager] LoadMigratedSettings
[2025-11-10 15:45:03Z INFO ConfigurationStore] IsMigratedConfigured()
[2025-11-10 15:45:03Z INFO ConfigurationStore] IsMigratedConfigured: False
[2025-11-10 15:45:03Z INFO Runner] Failed to load migrated settings: No migrated configuration found.
[2025-11-10 15:45:03Z INFO Runner] Falling back to original .runner settings
[2025-11-10 15:45:03Z INFO Runner] Using BrokerMessageListener
[2025-11-10 15:45:03Z INFO BrokerMessageListener] Using provided settings
[2025-11-10 15:45:03Z INFO BrokerMessageListener] {
  "AgentId": 2,
  "AgentName": "DESKTOP-UBG39OS",
  "PoolId": 1,
  "PoolName": "Default",
  "ServerUrl": "https://pipelinesghubeus3.actions.githubusercontent.com/ugog8tdjifN7hHmLQmgcSNYTEPxmxa1cn8DI5s1sSgmnKkBkcY/",
  "GitHubUrl": "https://github.com/Vatulin/github-actions",
  "WorkFolder": "_work",
  "UseV2Flow": true,
  "ServerUrlV2": "https://broker.actions.githubusercontent.com/"
}
[2025-11-10 15:45:03Z INFO BrokerMessageListener] Loading Credentials
[2025-11-10 15:45:03Z INFO ConfigurationStore] HasCredentials()
[2025-11-10 15:45:03Z INFO ConfigurationStore] stored True
[2025-11-10 15:45:03Z INFO CredentialManager] GetCredentialProvider
[2025-11-10 15:45:03Z INFO CredentialManager] Creating type OAuth
[2025-11-10 15:45:03Z INFO CredentialManager] Creating credential type: OAuth
[2025-11-10 15:45:03Z INFO HostContext] Well known directory 'Bin': 'C:\Users\egorv\Documents\devops\practice_3\actions-runner\bin'
[2025-11-10 15:45:03Z INFO HostContext] Well known directory 'Root': 'C:\Users\egorv\Documents\devops\practice_3\actions-runner'
[2025-11-10 15:45:03Z INFO HostContext] Well known config file 'RSACredentials': 'C:\Users\egorv\Documents\devops\practice_3\actions-runner\.credentials_rsaparams'
[2025-11-10 15:45:03Z INFO RSAEncryptedFileKeyManager] Loading RSA key parameters from file C:\Users\egorv\Documents\devops\practice_3\actions-runner\.credentials_rsaparams
[2025-11-10 15:45:03Z INFO BrokerMessageListener] Attempt to create session.
[2025-11-10 15:45:03Z INFO BrokerMessageListener] Connecting to the Broker Server...
[2025-11-10 15:45:03Z INFO ConfigurationStore] HasCredentials()
[2025-11-10 15:45:03Z INFO ConfigurationStore] stored True
[2025-11-10 15:45:03Z INFO CredentialManager] GetCredentialProvider
[2025-11-10 15:45:03Z INFO CredentialManager] Creating type OAuth
[2025-11-10 15:45:03Z INFO CredentialManager] Creating credential type: OAuth
[2025-11-10 15:45:03Z INFO RSAEncryptedFileKeyManager] Loading RSA key parameters from file C:\Users\egorv\Documents\devops\practice_3\actions-runner\.credentials_rsaparams
[2025-11-10 15:45:03Z INFO BrokerMessageListener] VssConnection created
[2025-11-10 15:45:03Z INFO BrokerMessageListener] Connecting to the Runner server...
[2025-11-10 15:45:03Z INFO RunnerServer] EstablishVssConnection
[2025-11-10 15:45:03Z INFO RunnerServer] Establish connection with 100 seconds timeout.
[2025-11-10 15:45:03Z INFO GitHubActionsService] Starting operation Location.GetConnectionData
[2025-11-10 15:45:03Z INFO RunnerServer] EstablishVssConnection
[2025-11-10 15:45:03Z INFO RunnerServer] Establish connection with 60 seconds timeout.
[2025-11-10 15:45:03Z INFO GitHubActionsService] Starting operation Location.GetConnectionData
[2025-11-10 15:45:03Z INFO RunnerServer] EstablishVssConnection
[2025-11-10 15:45:03Z INFO RunnerServer] Establish connection with 60 seconds timeout.
[2025-11-10 15:45:03Z INFO GitHubActionsService] Starting operation Location.GetConnectionData
[2025-11-10 15:45:04Z INFO GitHubActionsService] Finished operation Location.GetConnectionData
[2025-11-10 15:45:04Z INFO GitHubActionsService] Finished operation Location.GetConnectionData
[2025-11-10 15:45:04Z INFO GitHubActionsService] Finished operation Location.GetConnectionData
[2025-11-10 15:45:04Z INFO BrokerMessageListener] VssConnection created
[2025-11-10 15:45:04Z INFO Terminal] WRITE LINE: 
[2025-11-10 15:45:04Z INFO Terminal] WRITE LINE: 
[2025-11-10 15:45:05Z INFO RSAEncryptedFileKeyManager] Loading RSA key parameters from file C:\Users\egorv\Documents\devops\practice_3\actions-runner\.credentials_rsaparams
[2025-11-10 15:45:05Z INFO RSAEncryptedFileKeyManager] Loading RSA key parameters from file C:\Users\egorv\Documents\devops\practice_3\actions-runner\.credentials_rsaparams
[2025-11-10 15:45:05Z INFO GitHubActionsService] AAD Correlation ID for this token request: Unknown
[2025-11-10 15:45:06Z INFO BrokerMessageListener] Session created.
[2025-11-10 15:45:06Z INFO Terminal] WRITE LINE: Current runner version: '2.329.0'
[2025-11-10 15:45:06Z INFO Terminal] WRITE LINE: 2025-11-10 15:45:06Z: Listening for Jobs
[2025-11-10 15:45:06Z INFO JobDispatcher] Set runner/worker IPC timeout to 30 seconds.
[2025-11-10 15:45:43Z INFO BrokerMessageListener] Acknowledging runner request '11fc2a35-bab5-5e80-ab7b-7ff2fd5b891e'.
[2025-11-10 15:45:43Z INFO ConfigurationStore] HasCredentials()
[2025-11-10 15:45:43Z INFO ConfigurationStore] stored True
[2025-11-10 15:45:43Z INFO CredentialManager] GetCredentialProvider
[2025-11-10 15:45:43Z INFO CredentialManager] Creating type OAuth
[2025-11-10 15:45:43Z INFO CredentialManager] Creating credential type: OAuth
[2025-11-10 15:45:43Z INFO RSAEncryptedFileKeyManager] Loading RSA key parameters from file C:\Users\egorv\Documents\devops\practice_3\actions-runner\.credentials_rsaparams
[2025-11-10 15:45:43Z INFO RSAEncryptedFileKeyManager] Loading RSA key parameters from file C:\Users\egorv\Documents\devops\practice_3\actions-runner\.credentials_rsaparams
[2025-11-10 15:45:43Z INFO RSAEncryptedFileKeyManager] Loading RSA key parameters from file C:\Users\egorv\Documents\devops\practice_3\actions-runner\.credentials_rsaparams
[2025-11-10 15:45:44Z INFO GitHubActionsService] AAD Correlation ID for this token request: Unknown
[2025-11-10 15:45:46Z INFO JobDispatcher] Job request 0 for plan ba35053e-f95a-452c-81b7-588e1a39d75b job 11fc2a35-bab5-5e80-ab7b-7ff2fd5b891e received.
[2025-11-10 15:45:46Z INFO JobDispatcher] Pull OrchestrationId ba35053e-f95a-452c-81b7-588e1a39d75b.deploy-and-test.__default from JWT claims
[2025-11-10 15:45:46Z INFO BrokerMessageListener] Received job status event. JobState: Busy
[2025-11-10 15:45:46Z INFO BrokerMessageListener] _getMessagesTokenSource is already disposed.
[2025-11-10 15:45:46Z INFO Terminal] WRITE LINE: 2025-11-10 15:45:46Z: Running job: deploy-and-test
[2025-11-10 15:45:46Z INFO JobDispatcher] Start renew job request 0 for job 11fc2a35-bab5-5e80-ab7b-7ff2fd5b891e.
[2025-11-10 15:45:46Z INFO JobDispatcher] Successfully renew job 11fc2a35-bab5-5e80-ab7b-7ff2fd5b891e, job is valid till 10.11.2025 15:55:45
[2025-11-10 15:45:46Z INFO HostContext] Well known directory 'Bin': 'C:\Users\egorv\Documents\devops\practice_3\actions-runner\bin'
[2025-11-10 15:45:46Z INFO ProcessInvokerWrapper] Starting process:
[2025-11-10 15:45:46Z INFO ProcessInvokerWrapper]   File name: 'C:\Users\egorv\Documents\devops\practice_3\actions-runner\bin\Runner.Worker.exe'
[2025-11-10 15:45:46Z INFO ProcessInvokerWrapper]   Arguments: 'spawnclient 2172 2184'
[2025-11-10 15:45:46Z INFO ProcessInvokerWrapper]   Working directory: 'C:\Users\egorv\Documents\devops\practice_3\actions-runner\bin'
[2025-11-10 15:45:46Z INFO ProcessInvokerWrapper]   Require exit code zero: 'False'
[2025-11-10 15:45:46Z INFO ProcessInvokerWrapper]   Encoding web name:  ; code page: ''
[2025-11-10 15:45:46Z INFO ProcessInvokerWrapper]   Force kill process on cancellation: 'True'
[2025-11-10 15:45:46Z INFO ProcessInvokerWrapper]   Redirected STDIN: 'False'
[2025-11-10 15:45:46Z INFO ProcessInvokerWrapper]   Persist current code page: 'False'
[2025-11-10 15:45:46Z INFO ProcessInvokerWrapper]   Keep redirected STDIN open: 'False'
[2025-11-10 15:45:46Z INFO ProcessInvokerWrapper]   High priority process: 'True'
[2025-11-10 15:45:46Z INFO ProcessInvokerWrapper] Process started with process id 6752, waiting for process exit.
[2025-11-10 15:45:46Z INFO JobDispatcher] Send job request message to worker for job 11fc2a35-bab5-5e80-ab7b-7ff2fd5b891e.
[2025-11-10 15:45:47Z INFO ProcessChannel] Sending message of length 22039, with hash '87d8bc770935c5f742d88fae9bb0afbe2e0f3cf35887cfc66382983b835974bd'
[2025-11-10 15:45:47Z INFO JobNotification] Entering JobStarted Notification
[2025-11-10 15:45:47Z INFO JobNotification] Entering StartMonitor
[2025-11-10 15:46:47Z INFO JobDispatcher] Successfully renew job 11fc2a35-bab5-5e80-ab7b-7ff2fd5b891e, job is valid till 10.11.2025 15:56:45
[2025-11-10 15:47:47Z INFO JobDispatcher] Successfully renew job 11fc2a35-bab5-5e80-ab7b-7ff2fd5b891e, job is valid till 10.11.2025 15:57:46
[2025-11-10 15:48:47Z INFO JobDispatcher] Successfully renew job 11fc2a35-bab5-5e80-ab7b-7ff2fd5b891e, job is valid till 10.11.2025 15:58:46
[2025-11-10 15:49:45Z INFO ProcessInvokerWrapper] STDOUT/STDERR stream read finished.
[2025-11-10 15:49:45Z INFO ProcessInvokerWrapper] STDOUT/STDERR stream read finished.
[2025-11-10 15:49:45Z INFO ProcessInvokerWrapper] Finished process 6752 with exit code 102, and elapsed time 00:03:58.7306429.
[2025-11-10 15:49:45Z INFO JobDispatcher] Worker finished for job 11fc2a35-bab5-5e80-ab7b-7ff2fd5b891e. Code: 102
[2025-11-10 15:49:45Z INFO JobDispatcher] finish job request for job 11fc2a35-bab5-5e80-ab7b-7ff2fd5b891e with result: Failed
[2025-11-10 15:49:45Z INFO Terminal] WRITE LINE: 2025-11-10 15:49:45Z: Job deploy-and-test completed with result: Failed
[2025-11-10 15:49:45Z INFO JobDispatcher] Stop renew job request for job 11fc2a35-bab5-5e80-ab7b-7ff2fd5b891e.
[2025-11-10 15:49:45Z INFO JobDispatcher] job renew has been cancelled, stop renew job 11fc2a35-bab5-5e80-ab7b-7ff2fd5b891e.
[2025-11-10 15:49:45Z INFO JobNotification] Entering JobCompleted Notification
[2025-11-10 15:49:45Z INFO JobNotification] Entering EndMonitor
[2025-11-10 15:49:45Z INFO BrokerMessageListener] Received job status event. JobState: Online
[2025-11-10 15:49:45Z WARN GitHubActionsService] GET request to https://broker.actions.githubusercontent.com/message?sessionId=29a015fc-9df8-4a25-b1d9-bea9cee7d584&status=Busy&runnerVersion=2.329.0&os=Windows&architecture=X64&disableUpdate=false has been cancelled.
[2025-11-10 15:49:45Z ERR  BrokerServer] Catch exception during request
[2025-11-10 15:49:45Z ERR  BrokerServer] System.Threading.Tasks.TaskCanceledException: The operation was canceled.
 ---> System.Threading.Tasks.TaskCanceledException: The operation was canceled.
 ---> System.IO.IOException: Unable to read data from the transport connection: Операция ввода/вывода была прервана из-за завершения потока команд или по запросу приложения..
 ---> System.Net.Sockets.SocketException (995): Операция ввода/вывода была прервана из-за завершения потока команд или по запросу приложения.
   --- End of inner exception stack trace ---
   at System.Net.Sockets.Socket.AwaitableSocketAsyncEventArgs.ThrowException(SocketError error, CancellationToken cancellationToken)
   at System.Net.Sockets.Socket.AwaitableSocketAsyncEventArgs.System.Threading.Tasks.Sources.IValueTaskSource<System.Int32>.GetResult(Int16 token)
   at System.Net.Security.SslStream.EnsureFullTlsFrameAsync[TIOAdapter](CancellationToken cancellationToken, Int32 estimatedSize)
   at System.Runtime.CompilerServices.PoolingAsyncValueTaskMethodBuilder`1.StateMachineBox`1.System.Threading.Tasks.Sources.IValueTaskSource<TResult>.GetResult(Int16 token)
   at System.Net.Security.SslStream.ReadAsyncInternal[TIOAdapter](Memory`1 buffer, CancellationToken cancellationToken)
   at System.Runtime.CompilerServices.PoolingAsyncValueTaskMethodBuilder`1.StateMachineBox`1.System.Threading.Tasks.Sources.IValueTaskSource<TResult>.GetResult(Int16 token)
   at System.Net.Http.HttpConnection.SendAsync(HttpRequestMessage request, Boolean async, CancellationToken cancellationToken)
   --- End of inner exception stack trace ---
   at System.Net.Http.HttpConnection.SendAsync(HttpRequestMessage request, Boolean async, CancellationToken cancellationToken)
   at System.Net.Http.AuthenticationHelper.SendWithNtAuthAsync(HttpRequestMessage request, Uri authUri, Boolean async, ICredentials credentials, Boolean isProxyAuth, HttpConnection connection, HttpConnectionPool connectionPool, CancellationToken cancellationToken)
   at System.Net.Http.HttpConnectionPool.SendWithVersionDetectionAndRetryAsync(HttpRequestMessage request, Boolean async, Boolean doRequestAuth, CancellationToken cancellationToken)
   at System.Net.Http.AuthenticationHelper.SendWithAuthAsync(HttpRequestMessage request, Uri authUri, Boolean async, ICredentials credentials, Boolean preAuthenticate, Boolean isProxyAuth, Boolean doRequestAuth, HttpConnectionPool pool, CancellationToken cancellationToken)
   at System.Net.Http.RedirectHandler.SendAsync(HttpRequestMessage request, Boolean async, CancellationToken cancellationToken)
   at GitHub.Services.Common.RawHttpMessageHandler.SendAsync(HttpRequestMessage request, CancellationToken cancellationToken)
   at GitHub.Services.Common.VssHttpRetryMessageHandler.SendAsync(HttpRequestMessage request, CancellationToken cancellationToken)
   at System.Net.Http.HttpClient.<SendAsync>g__Core|83_0(HttpRequestMessage request, HttpCompletionOption completionOption, CancellationTokenSource cts, Boolean disposeCts, CancellationTokenSource pendingRequestsCts, CancellationToken originalCancellationToken)
   --- End of inner exception stack trace ---
   at System.Net.Http.HttpClient.HandleFailure(Exception e, Boolean telemetryStarted, HttpResponseMessage response, CancellationTokenSource cts, CancellationToken cancellationToken, CancellationTokenSource pendingRequestsCts)
   at System.Net.Http.HttpClient.<SendAsync>g__Core|83_0(HttpRequestMessage request, HttpCompletionOption completionOption, CancellationTokenSource cts, Boolean disposeCts, CancellationTokenSource pendingRequestsCts, CancellationToken originalCancellationToken)
   at Sdk.WebApi.WebApi.RawHttpClientBase.SendAsync(HttpRequestMessage message, HttpCompletionOption completionOption, Object userState, CancellationToken cancellationToken)
   at Sdk.WebApi.WebApi.RawHttpClientBase.SendAsync[T](HttpRequestMessage message, Boolean readErrorBody, Object userState, CancellationToken cancellationToken)
   at Sdk.WebApi.WebApi.RawHttpClientBase.SendAsync[T](HttpMethod method, IEnumerable`1 additionalHeaders, Uri requestUri, HttpContent content, IEnumerable`1 queryParameters, Boolean readErrorBody, Object userState, CancellationToken cancellationToken)
   at GitHub.Actions.RunService.WebApi.BrokerHttpClient.GetRunnerMessageAsync(Nullable`1 sessionId, String runnerVersion, Nullable`1 status, String os, String architecture, Nullable`1 disableUpdate, CancellationToken cancellationToken)
   at GitHub.Runner.Common.BrokerServer.<>c__DisplayClass7_0.<<GetRunnerMessageAsync>b__0>d.MoveNext()
--- End of stack trace from previous location ---
   at GitHub.Runner.Common.RunnerService.RetryRequest[T](Func`1 func, CancellationToken cancellationToken, Int32 maxAttempts, Func`2 shouldRetry)
[2025-11-10 15:49:45Z ERR  BrokerServer] #####################################################
[2025-11-10 15:49:45Z ERR  BrokerServer] System.Threading.Tasks.TaskCanceledException: The operation was canceled.
 ---> System.IO.IOException: Unable to read data from the transport connection: Операция ввода/вывода была прервана из-за завершения потока команд или по запросу приложения..
 ---> System.Net.Sockets.SocketException (995): Операция ввода/вывода была прервана из-за завершения потока команд или по запросу приложения.
   --- End of inner exception stack trace ---
   at System.Net.Sockets.Socket.AwaitableSocketAsyncEventArgs.ThrowException(SocketError error, CancellationToken cancellationToken)
   at System.Net.Sockets.Socket.AwaitableSocketAsyncEventArgs.System.Threading.Tasks.Sources.IValueTaskSource<System.Int32>.GetResult(Int16 token)
   at System.Net.Security.SslStream.EnsureFullTlsFrameAsync[TIOAdapter](CancellationToken cancellationToken, Int32 estimatedSize)
   at System.Runtime.CompilerServices.PoolingAsyncValueTaskMethodBuilder`1.StateMachineBox`1.System.Threading.Tasks.Sources.IValueTaskSource<TResult>.GetResult(Int16 token)
   at System.Net.Security.SslStream.ReadAsyncInternal[TIOAdapter](Memory`1 buffer, CancellationToken cancellationToken)
   at System.Runtime.CompilerServices.PoolingAsyncValueTaskMethodBuilder`1.StateMachineBox`1.System.Threading.Tasks.Sources.IValueTaskSource<TResult>.GetResult(Int16 token)
   at System.Net.Http.HttpConnection.SendAsync(HttpRequestMessage request, Boolean async, CancellationToken cancellationToken)
   --- End of inner exception stack trace ---
   at System.Net.Http.HttpConnection.SendAsync(HttpRequestMessage request, Boolean async, CancellationToken cancellationToken)
   at System.Net.Http.AuthenticationHelper.SendWithNtAuthAsync(HttpRequestMessage request, Uri authUri, Boolean async, ICredentials credentials, Boolean isProxyAuth, HttpConnection connection, HttpConnectionPool connectionPool, CancellationToken cancellationToken)
   at System.Net.Http.HttpConnectionPool.SendWithVersionDetectionAndRetryAsync(HttpRequestMessage request, Boolean async, Boolean doRequestAuth, CancellationToken cancellationToken)
   at System.Net.Http.AuthenticationHelper.SendWithAuthAsync(HttpRequestMessage request, Uri authUri, Boolean async, ICredentials credentials, Boolean preAuthenticate, Boolean isProxyAuth, Boolean doRequestAuth, HttpConnectionPool pool, CancellationToken cancellationToken)
   at System.Net.Http.RedirectHandler.SendAsync(HttpRequestMessage request, Boolean async, CancellationToken cancellationToken)
   at GitHub.Services.Common.RawHttpMessageHandler.SendAsync(HttpRequestMessage request, CancellationToken cancellationToken)
   at GitHub.Services.Common.VssHttpRetryMessageHandler.SendAsync(HttpRequestMessage request, CancellationToken cancellationToken)
   at System.Net.Http.HttpClient.<SendAsync>g__Core|83_0(HttpRequestMessage request, HttpCompletionOption completionOption, CancellationTokenSource cts, Boolean disposeCts, CancellationTokenSource pendingRequestsCts, CancellationToken originalCancellationToken)
[2025-11-10 15:49:45Z ERR  BrokerServer] #####################################################
[2025-11-10 15:49:45Z ERR  BrokerServer] System.IO.IOException: Unable to read data from the transport connection: Операция ввода/вывода была прервана из-за завершения потока команд или по запросу приложения..
 ---> System.Net.Sockets.SocketException (995): Операция ввода/вывода была прервана из-за завершения потока команд или по запросу приложения.
   --- End of inner exception stack trace ---
   at System.Net.Sockets.Socket.AwaitableSocketAsyncEventArgs.ThrowException(SocketError error, CancellationToken cancellationToken)
   at System.Net.Sockets.Socket.AwaitableSocketAsyncEventArgs.System.Threading.Tasks.Sources.IValueTaskSource<System.Int32>.GetResult(Int16 token)
   at System.Net.Security.SslStream.EnsureFullTlsFrameAsync[TIOAdapter](CancellationToken cancellationToken, Int32 estimatedSize)
   at System.Runtime.CompilerServices.PoolingAsyncValueTaskMethodBuilder`1.StateMachineBox`1.System.Threading.Tasks.Sources.IValueTaskSource<TResult>.GetResult(Int16 token)
   at System.Net.Security.SslStream.ReadAsyncInternal[TIOAdapter](Memory`1 buffer, CancellationToken cancellationToken)
   at System.Runtime.CompilerServices.PoolingAsyncValueTaskMethodBuilder`1.StateMachineBox`1.System.Threading.Tasks.Sources.IValueTaskSource<TResult>.GetResult(Int16 token)
   at System.Net.Http.HttpConnection.SendAsync(HttpRequestMessage request, Boolean async, CancellationToken cancellationToken)
[2025-11-10 15:49:45Z ERR  BrokerServer] #####################################################
[2025-11-10 15:49:45Z ERR  BrokerServer] System.Net.Sockets.SocketException (995): Операция ввода/вывода была прервана из-за завершения потока команд или по запросу приложения.
[2025-11-10 15:49:45Z WARN BrokerServer] Back off 14,941 seconds before next retry. 4 attempt left.
[2025-11-10 15:49:45Z INFO BrokerMessageListener] Get messages has been cancelled using local token source. Continue to get messages with new status.
[2025-11-10 16:03:46Z INFO Terminal] WRITE LINE: Exiting...
[2025-11-10 16:03:46Z INFO ConfigurationStore] IsServiceConfigured()
[2025-11-10 16:03:46Z INFO ConfigurationStore] IsServiceConfigured: False
[2025-11-10 16:03:46Z INFO HostContext] Runner will be shutdown for UserCancelled
[2025-11-10 16:03:46Z WARN GitHubActionsService] GET request to https://broker.actions.githubusercontent.com/message?sessionId=29a015fc-9df8-4a25-b1d9-bea9cee7d584&status=Online&runnerVersion=2.329.0&os=Windows&architecture=X64&disableUpdate=false has been cancelled.
[2025-11-10 16:03:46Z ERR  BrokerServer] Catch exception during request
[2025-11-10 16:03:46Z ERR  BrokerServer] System.Threading.Tasks.TaskCanceledException: The operation was canceled.
 ---> System.Threading.Tasks.TaskCanceledException: The operation was canceled.
 ---> System.IO.IOException: Unable to read data from the transport connection: Операция ввода/вывода была прервана из-за завершения потока команд или по запросу приложения..
 ---> System.Net.Sockets.SocketException (995): Операция ввода/вывода была прервана из-за завершения потока команд или по запросу приложения.
   --- End of inner exception stack trace ---
   at System.Net.Sockets.Socket.AwaitableSocketAsyncEventArgs.ThrowException(SocketError error, CancellationToken cancellationToken)
   at System.Net.Sockets.Socket.AwaitableSocketAsyncEventArgs.System.Threading.Tasks.Sources.IValueTaskSource<System.Int32>.GetResult(Int16 token)
   at System.Net.Security.SslStream.EnsureFullTlsFrameAsync[TIOAdapter](CancellationToken cancellationToken, Int32 estimatedSize)
   at System.Runtime.CompilerServices.PoolingAsyncValueTaskMethodBuilder`1.StateMachineBox`1.System.Threading.Tasks.Sources.IValueTaskSource<TResult>.GetResult(Int16 token)
   at System.Net.Security.SslStream.ReadAsyncInternal[TIOAdapter](Memory`1 buffer, CancellationToken cancellationToken)
   at System.Runtime.CompilerServices.PoolingAsyncValueTaskMethodBuilder`1.StateMachineBox`1.System.Threading.Tasks.Sources.IValueTaskSource<TResult>.GetResult(Int16 token)
   at System.Net.Http.HttpConnection.SendAsync(HttpRequestMessage request, Boolean async, CancellationToken cancellationToken)
   --- End of inner exception stack trace ---
   at System.Net.Http.HttpConnection.SendAsync(HttpRequestMessage request, Boolean async, CancellationToken cancellationToken)
   at System.Net.Http.AuthenticationHelper.SendWithNtAuthAsync(HttpRequestMessage request, Uri authUri, Boolean async, ICredentials credentials, Boolean isProxyAuth, HttpConnection connection, HttpConnectionPool connectionPool, CancellationToken cancellationToken)
   at System.Net.Http.HttpConnectionPool.SendWithVersionDetectionAndRetryAsync(HttpRequestMessage request, Boolean async, Boolean doRequestAuth, CancellationToken cancellationToken)
   at System.Net.Http.AuthenticationHelper.SendWithAuthAsync(HttpRequestMessage request, Uri authUri, Boolean async, ICredentials credentials, Boolean preAuthenticate, Boolean isProxyAuth, Boolean doRequestAuth, HttpConnectionPool pool, CancellationToken cancellationToken)
   at System.Net.Http.RedirectHandler.SendAsync(HttpRequestMessage request, Boolean async, CancellationToken cancellationToken)
   at GitHub.Services.Common.RawHttpMessageHandler.SendAsync(HttpRequestMessage request, CancellationToken cancellationToken)
   at GitHub.Services.Common.VssHttpRetryMessageHandler.SendAsync(HttpRequestMessage request, CancellationToken cancellationToken)
   at System.Net.Http.HttpClient.<SendAsync>g__Core|83_0(HttpRequestMessage request, HttpCompletionOption completionOption, CancellationTokenSource cts, Boolean disposeCts, CancellationTokenSource pendingRequestsCts, CancellationToken originalCancellationToken)
   --- End of inner exception stack trace ---
   at System.Net.Http.HttpClient.HandleFailure(Exception e, Boolean telemetryStarted, HttpResponseMessage response, CancellationTokenSource cts, CancellationToken cancellationToken, CancellationTokenSource pendingRequestsCts)
   at System.Net.Http.HttpClient.<SendAsync>g__Core|83_0(HttpRequestMessage request, HttpCompletionOption completionOption, CancellationTokenSource cts, Boolean disposeCts, CancellationTokenSource pendingRequestsCts, CancellationToken originalCancellationToken)
   at Sdk.WebApi.WebApi.RawHttpClientBase.SendAsync(HttpRequestMessage message, HttpCompletionOption completionOption, Object userState, CancellationToken cancellationToken)
   at Sdk.WebApi.WebApi.RawHttpClientBase.SendAsync[T](HttpRequestMessage message, Boolean readErrorBody, Object userState, CancellationToken cancellationToken)
   at Sdk.WebApi.WebApi.RawHttpClientBase.SendAsync[T](HttpMethod method, IEnumerable`1 additionalHeaders, Uri requestUri, HttpContent content, IEnumerable`1 queryParameters, Boolean readErrorBody, Object userState, CancellationToken cancellationToken)
   at GitHub.Actions.RunService.WebApi.BrokerHttpClient.GetRunnerMessageAsync(Nullable`1 sessionId, String runnerVersion, Nullable`1 status, String os, String architecture, Nullable`1 disableUpdate, CancellationToken cancellationToken)
   at GitHub.Runner.Common.BrokerServer.<>c__DisplayClass7_0.<<GetRunnerMessageAsync>b__0>d.MoveNext()
--- End of stack trace from previous location ---
   at GitHub.Runner.Common.RunnerService.RetryRequest[T](Func`1 func, CancellationToken cancellationToken, Int32 maxAttempts, Func`2 shouldRetry)
[2025-11-10 16:03:46Z ERR  BrokerServer] #####################################################
[2025-11-10 16:03:46Z ERR  BrokerServer] System.Threading.Tasks.TaskCanceledException: The operation was canceled.
 ---> System.IO.IOException: Unable to read data from the transport connection: Операция ввода/вывода была прервана из-за завершения потока команд или по запросу приложения..
 ---> System.Net.Sockets.SocketException (995): Операция ввода/вывода была прервана из-за завершения потока команд или по запросу приложения.
   --- End of inner exception stack trace ---
   at System.Net.Sockets.Socket.AwaitableSocketAsyncEventArgs.ThrowException(SocketError error, CancellationToken cancellationToken)
   at System.Net.Sockets.Socket.AwaitableSocketAsyncEventArgs.System.Threading.Tasks.Sources.IValueTaskSource<System.Int32>.GetResult(Int16 token)
   at System.Net.Security.SslStream.EnsureFullTlsFrameAsync[TIOAdapter](CancellationToken cancellationToken, Int32 estimatedSize)
   at System.Runtime.CompilerServices.PoolingAsyncValueTaskMethodBuilder`1.StateMachineBox`1.System.Threading.Tasks.Sources.IValueTaskSource<TResult>.GetResult(Int16 token)
   at System.Net.Security.SslStream.ReadAsyncInternal[TIOAdapter](Memory`1 buffer, CancellationToken cancellationToken)
   at System.Runtime.CompilerServices.PoolingAsyncValueTaskMethodBuilder`1.StateMachineBox`1.System.Threading.Tasks.Sources.IValueTaskSource<TResult>.GetResult(Int16 token)
   at System.Net.Http.HttpConnection.SendAsync(HttpRequestMessage request, Boolean async, CancellationToken cancellationToken)
   --- End of inner exception stack trace ---
   at System.Net.Http.HttpConnection.SendAsync(HttpRequestMessage request, Boolean async, CancellationToken cancellationToken)
   at System.Net.Http.AuthenticationHelper.SendWithNtAuthAsync(HttpRequestMessage request, Uri authUri, Boolean async, ICredentials credentials, Boolean isProxyAuth, HttpConnection connection, HttpConnectionPool connectionPool, CancellationToken cancellationToken)
   at System.Net.Http.HttpConnectionPool.SendWithVersionDetectionAndRetryAsync(HttpRequestMessage request, Boolean async, Boolean doRequestAuth, CancellationToken cancellationToken)
   at System.Net.Http.AuthenticationHelper.SendWithAuthAsync(HttpRequestMessage request, Uri authUri, Boolean async, ICredentials credentials, Boolean preAuthenticate, Boolean isProxyAuth, Boolean doRequestAuth, HttpConnectionPool pool, CancellationToken cancellationToken)
   at System.Net.Http.RedirectHandler.SendAsync(HttpRequestMessage request, Boolean async, CancellationToken cancellationToken)
   at GitHub.Services.Common.RawHttpMessageHandler.SendAsync(HttpRequestMessage request, CancellationToken cancellationToken)
   at GitHub.Services.Common.VssHttpRetryMessageHandler.SendAsync(HttpRequestMessage request, CancellationToken cancellationToken)
   at System.Net.Http.HttpClient.<SendAsync>g__Core|83_0(HttpRequestMessage request, HttpCompletionOption completionOption, CancellationTokenSource cts, Boolean disposeCts, CancellationTokenSource pendingRequestsCts, CancellationToken originalCancellationToken)
[2025-11-10 16:03:46Z ERR  BrokerServer] #####################################################
[2025-11-10 16:03:46Z ERR  BrokerServer] System.IO.IOException: Unable to read data from the transport connection: Операция ввода/вывода была прервана из-за завершения потока команд или по запросу приложения..
 ---> System.Net.Sockets.SocketException (995): Операция ввода/вывода была прервана из-за завершения потока команд или по запросу приложения.
   --- End of inner exception stack trace ---
   at System.Net.Sockets.Socket.AwaitableSocketAsyncEventArgs.ThrowException(SocketError error, CancellationToken cancellationToken)
   at System.Net.Sockets.Socket.AwaitableSocketAsyncEventArgs.System.Threading.Tasks.Sources.IValueTaskSource<System.Int32>.GetResult(Int16 token)
   at System.Net.Security.SslStream.EnsureFullTlsFrameAsync[TIOAdapter](CancellationToken cancellationToken, Int32 estimatedSize)
   at System.Runtime.CompilerServices.PoolingAsyncValueTaskMethodBuilder`1.StateMachineBox`1.System.Threading.Tasks.Sources.IValueTaskSource<TResult>.GetResult(Int16 token)
   at System.Net.Security.SslStream.ReadAsyncInternal[TIOAdapter](Memory`1 buffer, CancellationToken cancellationToken)
   at System.Runtime.CompilerServices.PoolingAsyncValueTaskMethodBuilder`1.StateMachineBox`1.System.Threading.Tasks.Sources.IValueTaskSource<TResult>.GetResult(Int16 token)
   at System.Net.Http.HttpConnection.SendAsync(HttpRequestMessage request, Boolean async, CancellationToken cancellationToken)
[2025-11-10 16:03:46Z ERR  BrokerServer] #####################################################
[2025-11-10 16:03:46Z ERR  BrokerServer] System.Net.Sockets.SocketException (995): Операция ввода/вывода была прервана из-за завершения потока команд или по запросу приложения.
[2025-11-10 16:03:46Z WARN BrokerServer] Back off 5,68 seconds before next retry. 4 attempt left.
[2025-11-10 16:03:46Z INFO BrokerMessageListener] Get next message has been cancelled.
[2025-11-10 16:03:46Z INFO JobDispatcher] Shutting down JobDispatcher. Make sure all WorkerDispatcher has finished.
[2025-11-10 16:03:46Z INFO JobDispatcher] Ensure WorkerDispatcher for job 11fc2a35-bab5-5e80-ab7b-7ff2fd5b891e run to finish, cancel any running job.
[2025-11-10 16:03:46Z INFO JobDispatcher] Job request 11fc2a35-bab5-5e80-ab7b-7ff2fd5b891e processed succeed.
[2025-11-10 16:03:46Z INFO Runner] Deleting Runner Session...
[2025-11-10 16:03:47Z INFO Listener] Runner execution been cancelled.
