[2025-11-12 10:48:31Z INFO HostContext] No proxy settings were found based on environmental variables (http_proxy/https_proxy/HTTP_PROXY/HTTPS_PROXY)
[2025-11-12 10:48:31Z INFO HostContext] Well known directory 'Bin': 'C:\Users\egorv\Documents\devops\practice_3\actions-runner\bin'
[2025-11-12 10:48:31Z INFO HostContext] Well known directory 'Root': 'C:\Users\egorv\Documents\devops\practice_3\actions-runner'
[2025-11-12 10:48:31Z INFO HostContext] Well known config file 'Credentials': 'C:\Users\egorv\Documents\devops\practice_3\actions-runner\.credentials'
[2025-11-12 10:48:31Z INFO HostContext] Well known directory 'Bin': 'C:\Users\egorv\Documents\devops\practice_3\actions-runner\bin'
[2025-11-12 10:48:31Z INFO HostContext] Well known directory 'Root': 'C:\Users\egorv\Documents\devops\practice_3\actions-runner'
[2025-11-12 10:48:31Z INFO HostContext] Well known config file 'Runner': 'C:\Users\egorv\Documents\devops\practice_3\actions-runner\.runner'
[2025-11-12 10:48:31Z INFO Listener] Runner is built for Windows (X64) - win-x64.
[2025-11-12 10:48:31Z INFO Listener] RuntimeInformation: Microsoft Windows 10.0.19045.
[2025-11-12 10:48:31Z INFO Listener] Version: 2.329.0
[2025-11-12 10:48:31Z INFO Listener] Commit: c76c59996c8fa32e989164a5a695efb12608ae5a
[2025-11-12 10:48:31Z INFO Listener] Culture: ru-RU
[2025-11-12 10:48:31Z INFO Listener] UI Culture: ru-RU
[2025-11-12 10:48:31Z INFO HostContext] Well known directory 'Bin': 'C:\Users\egorv\Documents\devops\practice_3\actions-runner\bin'
[2025-11-12 10:48:31Z INFO HostContext] Well known directory 'Root': 'C:\Users\egorv\Documents\devops\practice_3\actions-runner'
[2025-11-12 10:48:31Z INFO Listener] Validating directory permissions for: 'C:\Users\egorv\Documents\devops\practice_3\actions-runner'
[2025-11-12 10:48:31Z INFO CommandLineParser] Parse
[2025-11-12 10:48:31Z INFO CommandLineParser] Parsing 1 args
[2025-11-12 10:48:31Z INFO CommandLineParser] parsing argument
[2025-11-12 10:48:31Z INFO CommandLineParser] HasArgs: False
[2025-11-12 10:48:31Z INFO CommandLineParser] Adding Command: run
[2025-11-12 10:48:31Z INFO Listener] Arguments parsed
[2025-11-12 10:48:31Z INFO Runner] ExecuteCommand
[2025-11-12 10:48:31Z INFO ConfigurationStore] currentAssemblyLocation: C:\Users\egorv\Documents\devops\practice_3\actions-runner\bin\Runner.Listener.dll
[2025-11-12 10:48:31Z INFO HostContext] Well known directory 'Bin': 'C:\Users\egorv\Documents\devops\practice_3\actions-runner\bin'
[2025-11-12 10:48:31Z INFO ConfigurationStore] binPath: C:\Users\egorv\Documents\devops\practice_3\actions-runner\bin
[2025-11-12 10:48:31Z INFO HostContext] Well known directory 'Bin': 'C:\Users\egorv\Documents\devops\practice_3\actions-runner\bin'
[2025-11-12 10:48:31Z INFO HostContext] Well known directory 'Root': 'C:\Users\egorv\Documents\devops\practice_3\actions-runner'
[2025-11-12 10:48:31Z INFO ConfigurationStore] RootFolder: C:\Users\egorv\Documents\devops\practice_3\actions-runner
[2025-11-12 10:48:31Z INFO HostContext] Well known directory 'Bin': 'C:\Users\egorv\Documents\devops\practice_3\actions-runner\bin'
[2025-11-12 10:48:31Z INFO HostContext] Well known directory 'Root': 'C:\Users\egorv\Documents\devops\practice_3\actions-runner'
[2025-11-12 10:48:31Z INFO HostContext] Well known config file 'Runner': 'C:\Users\egorv\Documents\devops\practice_3\actions-runner\.runner'
[2025-11-12 10:48:31Z INFO ConfigurationStore] ConfigFilePath: C:\Users\egorv\Documents\devops\practice_3\actions-runner\.runner
[2025-11-12 10:48:31Z INFO HostContext] Well known directory 'Bin': 'C:\Users\egorv\Documents\devops\practice_3\actions-runner\bin'
[2025-11-12 10:48:31Z INFO HostContext] Well known directory 'Root': 'C:\Users\egorv\Documents\devops\practice_3\actions-runner'
[2025-11-12 10:48:31Z INFO HostContext] Well known config file 'MigratedRunner': 'C:\Users\egorv\Documents\devops\practice_3\actions-runner\.runner_migrated'
[2025-11-12 10:48:31Z INFO ConfigurationStore] MigratedConfigFilePath: C:\Users\egorv\Documents\devops\practice_3\actions-runner\.runner_migrated
[2025-11-12 10:48:31Z INFO HostContext] Well known directory 'Bin': 'C:\Users\egorv\Documents\devops\practice_3\actions-runner\bin'
[2025-11-12 10:48:31Z INFO HostContext] Well known directory 'Root': 'C:\Users\egorv\Documents\devops\practice_3\actions-runner'
[2025-11-12 10:48:31Z INFO HostContext] Well known config file 'Credentials': 'C:\Users\egorv\Documents\devops\practice_3\actions-runner\.credentials'
[2025-11-12 10:48:31Z INFO ConfigurationStore] CredFilePath: C:\Users\egorv\Documents\devops\practice_3\actions-runner\.credentials
[2025-11-12 10:48:31Z INFO HostContext] Well known directory 'Bin': 'C:\Users\egorv\Documents\devops\practice_3\actions-runner\bin'
[2025-11-12 10:48:31Z INFO HostContext] Well known directory 'Root': 'C:\Users\egorv\Documents\devops\practice_3\actions-runner'
[2025-11-12 10:48:31Z INFO HostContext] Well known config file 'MigratedCredentials': 'C:\Users\egorv\Documents\devops\practice_3\actions-runner\.credentials_migrated'
[2025-11-12 10:48:31Z INFO ConfigurationStore] MigratedCredFilePath: C:\Users\egorv\Documents\devops\practice_3\actions-runner\.credentials_migrated
[2025-11-12 10:48:31Z INFO HostContext] Well known directory 'Bin': 'C:\Users\egorv\Documents\devops\practice_3\actions-runner\bin'
[2025-11-12 10:48:31Z INFO HostContext] Well known directory 'Root': 'C:\Users\egorv\Documents\devops\practice_3\actions-runner'
[2025-11-12 10:48:31Z INFO HostContext] Well known config file 'Service': 'C:\Users\egorv\Documents\devops\practice_3\actions-runner\.service'
[2025-11-12 10:48:31Z INFO ConfigurationStore] ServiceConfigFilePath: C:\Users\egorv\Documents\devops\practice_3\actions-runner\.service
[2025-11-12 10:48:31Z INFO CommandSettings] Flag 'help': 'False'
[2025-11-12 10:48:31Z INFO CommandSettings] Flag 'version': 'False'
[2025-11-12 10:48:31Z INFO CommandSettings] Flag 'commit': 'False'
[2025-11-12 10:48:31Z INFO CommandSettings] Flag 'check': 'False'
[2025-11-12 10:48:31Z INFO CommandSettings] Command 'configure': 'False'
[2025-11-12 10:48:31Z INFO CommandSettings] Command 'remove': 'False'
[2025-11-12 10:48:31Z INFO CommandSettings] Command 'warmup': 'False'
[2025-11-12 10:48:31Z INFO ConfigurationManager] LoadSettings
[2025-11-12 10:48:31Z INFO ConfigurationStore] IsConfigured()
[2025-11-12 10:48:31Z INFO ConfigurationStore] IsConfigured: True
[2025-11-12 10:48:31Z INFO ConfigurationManager] Is configured: True
[2025-11-12 10:48:31Z INFO ConfigurationStore] Read setting file: 400 chars
[2025-11-12 10:48:31Z INFO ConfigurationManager] Settings Loaded
[2025-11-12 10:48:31Z INFO ConfigurationStore] IsServiceConfigured()
[2025-11-12 10:48:31Z INFO ConfigurationStore] IsServiceConfigured: False
[2025-11-12 10:48:31Z INFO CommandSettings] Command 'run': 'True'
[2025-11-12 10:48:31Z INFO ConfigurationStore] IsConfigured()
[2025-11-12 10:48:31Z INFO ConfigurationStore] IsConfigured: True
[2025-11-12 10:48:31Z INFO ConfigurationManager] Is configured: True
[2025-11-12 10:48:31Z INFO Runner] Could not parse the argument value '' for StartupType. Defaulting to Manual
[2025-11-12 10:48:31Z INFO Runner] Set runner startup type - Manual
[2025-11-12 10:48:31Z INFO CommandSettings] Flag 'once': 'False'
[2025-11-12 10:48:31Z INFO CommandSettings] Flag 'once': 'False'
[2025-11-12 10:48:31Z INFO Runner] RunAsync
[2025-11-12 10:48:31Z INFO ConfigurationManager] LoadMigratedSettings
[2025-11-12 10:48:31Z INFO ConfigurationStore] IsMigratedConfigured()
[2025-11-12 10:48:31Z INFO ConfigurationStore] IsMigratedConfigured: False
[2025-11-12 10:48:31Z INFO Runner] Failed to load migrated settings: No migrated configuration found.
[2025-11-12 10:48:31Z INFO Runner] Falling back to original .runner settings
[2025-11-12 10:48:31Z INFO Runner] Using BrokerMessageListener
[2025-11-12 10:48:31Z INFO BrokerMessageListener] Using provided settings
[2025-11-12 10:48:31Z INFO BrokerMessageListener] {
  "AgentId": 2,
  "AgentName": "DESKTOP-UBG39OS",
  "PoolId": 1,
  "PoolName": "Default",
  "ServerUrl": "https://pipelinesghubeus3.actions.githubusercontent.com/ugog8tdjifN7hHmLQmgcSNYTEPxmxa1cn8DI5s1sSgmnKkBkcY/",
  "GitHubUrl": "https://github.com/Vatulin/github-actions",
  "WorkFolder": "_work",
  "UseV2Flow": true,
  "ServerUrlV2": "https://broker.actions.githubusercontent.com/"
}
[2025-11-12 10:48:31Z INFO BrokerMessageListener] Loading Credentials
[2025-11-12 10:48:31Z INFO ConfigurationStore] HasCredentials()
[2025-11-12 10:48:31Z INFO ConfigurationStore] stored True
[2025-11-12 10:48:31Z INFO CredentialManager] GetCredentialProvider
[2025-11-12 10:48:31Z INFO CredentialManager] Creating type OAuth
[2025-11-12 10:48:31Z INFO CredentialManager] Creating credential type: OAuth
[2025-11-12 10:48:31Z INFO HostContext] Well known directory 'Bin': 'C:\Users\egorv\Documents\devops\practice_3\actions-runner\bin'
[2025-11-12 10:48:31Z INFO HostContext] Well known directory 'Root': 'C:\Users\egorv\Documents\devops\practice_3\actions-runner'
[2025-11-12 10:48:31Z INFO HostContext] Well known config file 'RSACredentials': 'C:\Users\egorv\Documents\devops\practice_3\actions-runner\.credentials_rsaparams'
[2025-11-12 10:48:31Z INFO RSAEncryptedFileKeyManager] Loading RSA key parameters from file C:\Users\egorv\Documents\devops\practice_3\actions-runner\.credentials_rsaparams
[2025-11-12 10:48:31Z INFO BrokerMessageListener] Attempt to create session.
[2025-11-12 10:48:31Z INFO BrokerMessageListener] Connecting to the Broker Server...
[2025-11-12 10:48:31Z INFO ConfigurationStore] HasCredentials()
[2025-11-12 10:48:31Z INFO ConfigurationStore] stored True
[2025-11-12 10:48:31Z INFO CredentialManager] GetCredentialProvider
[2025-11-12 10:48:31Z INFO CredentialManager] Creating type OAuth
[2025-11-12 10:48:31Z INFO CredentialManager] Creating credential type: OAuth
[2025-11-12 10:48:31Z INFO RSAEncryptedFileKeyManager] Loading RSA key parameters from file C:\Users\egorv\Documents\devops\practice_3\actions-runner\.credentials_rsaparams
[2025-11-12 10:48:31Z INFO BrokerMessageListener] VssConnection created
[2025-11-12 10:48:31Z INFO BrokerMessageListener] Connecting to the Runner server...
[2025-11-12 10:48:31Z INFO RunnerServer] EstablishVssConnection
[2025-11-12 10:48:31Z INFO RunnerServer] Establish connection with 100 seconds timeout.
[2025-11-12 10:48:31Z INFO GitHubActionsService] Starting operation Location.GetConnectionData
[2025-11-12 10:48:31Z INFO RunnerServer] EstablishVssConnection
[2025-11-12 10:48:31Z INFO RunnerServer] Establish connection with 60 seconds timeout.
[2025-11-12 10:48:31Z INFO GitHubActionsService] Starting operation Location.GetConnectionData
[2025-11-12 10:48:31Z INFO RunnerServer] EstablishVssConnection
[2025-11-12 10:48:31Z INFO RunnerServer] Establish connection with 60 seconds timeout.
[2025-11-12 10:48:31Z INFO GitHubActionsService] Starting operation Location.GetConnectionData
[2025-11-12 10:48:33Z INFO GitHubActionsService] Finished operation Location.GetConnectionData
[2025-11-12 10:48:33Z INFO GitHubActionsService] Finished operation Location.GetConnectionData
[2025-11-12 10:48:33Z INFO GitHubActionsService] Finished operation Location.GetConnectionData
[2025-11-12 10:48:33Z INFO BrokerMessageListener] VssConnection created
[2025-11-12 10:48:33Z INFO Terminal] WRITE LINE: 
[2025-11-12 10:48:33Z INFO Terminal] WRITE LINE: 
[2025-11-12 10:48:33Z INFO RSAEncryptedFileKeyManager] Loading RSA key parameters from file C:\Users\egorv\Documents\devops\practice_3\actions-runner\.credentials_rsaparams
[2025-11-12 10:48:33Z INFO RSAEncryptedFileKeyManager] Loading RSA key parameters from file C:\Users\egorv\Documents\devops\practice_3\actions-runner\.credentials_rsaparams
[2025-11-12 10:48:34Z INFO GitHubActionsService] AAD Correlation ID for this token request: Unknown
[2025-11-12 10:48:35Z INFO BrokerMessageListener] Session created.
[2025-11-12 10:48:35Z INFO Terminal] WRITE LINE: Current runner version: '2.329.0'
[2025-11-12 10:48:35Z INFO Terminal] WRITE LINE: 2025-11-12 10:48:35Z: Listening for Jobs
[2025-11-12 10:48:35Z INFO JobDispatcher] Set runner/worker IPC timeout to 30 seconds.
[2025-11-12 10:48:37Z INFO BrokerMessageListener] Acknowledging runner request 'd576c08a-b7e5-5b49-a112-f3a9d9d57c5a'.
[2025-11-12 10:48:37Z INFO ConfigurationStore] HasCredentials()
[2025-11-12 10:48:37Z INFO ConfigurationStore] stored True
[2025-11-12 10:48:37Z INFO CredentialManager] GetCredentialProvider
[2025-11-12 10:48:37Z INFO CredentialManager] Creating type OAuth
[2025-11-12 10:48:37Z INFO CredentialManager] Creating credential type: OAuth
[2025-11-12 10:48:37Z INFO RSAEncryptedFileKeyManager] Loading RSA key parameters from file C:\Users\egorv\Documents\devops\practice_3\actions-runner\.credentials_rsaparams
[2025-11-12 10:48:37Z INFO RSAEncryptedFileKeyManager] Loading RSA key parameters from file C:\Users\egorv\Documents\devops\practice_3\actions-runner\.credentials_rsaparams
[2025-11-12 10:48:37Z INFO RSAEncryptedFileKeyManager] Loading RSA key parameters from file C:\Users\egorv\Documents\devops\practice_3\actions-runner\.credentials_rsaparams
[2025-11-12 10:48:38Z INFO GitHubActionsService] AAD Correlation ID for this token request: Unknown
[2025-11-12 10:48:40Z INFO JobDispatcher] Job request 0 for plan 498635a1-d3b8-48c8-9091-ceac5d322ad7 job d576c08a-b7e5-5b49-a112-f3a9d9d57c5a received.
[2025-11-12 10:48:40Z INFO JobDispatcher] Pull OrchestrationId 498635a1-d3b8-48c8-9091-ceac5d322ad7.deploy-and-test.__default from JWT claims
[2025-11-12 10:48:40Z INFO BrokerMessageListener] Received job status event. JobState: Busy
[2025-11-12 10:48:40Z INFO BrokerMessageListener] _getMessagesTokenSource is already disposed.
[2025-11-12 10:48:40Z INFO Terminal] WRITE LINE: 2025-11-12 10:48:40Z: Running job: deploy-and-test
[2025-11-12 10:48:40Z INFO JobDispatcher] Start renew job request 0 for job d576c08a-b7e5-5b49-a112-f3a9d9d57c5a.
[2025-11-12 10:48:41Z INFO JobDispatcher] Successfully renew job d576c08a-b7e5-5b49-a112-f3a9d9d57c5a, job is valid till 12.11.2025 10:58:40
[2025-11-12 10:48:41Z INFO HostContext] Well known directory 'Bin': 'C:\Users\egorv\Documents\devops\practice_3\actions-runner\bin'
[2025-11-12 10:48:41Z INFO ProcessInvokerWrapper] Starting process:
[2025-11-12 10:48:41Z INFO ProcessInvokerWrapper]   File name: 'C:\Users\egorv\Documents\devops\practice_3\actions-runner\bin\Runner.Worker.exe'
[2025-11-12 10:48:41Z INFO ProcessInvokerWrapper]   Arguments: 'spawnclient 2168 2180'
[2025-11-12 10:48:41Z INFO ProcessInvokerWrapper]   Working directory: 'C:\Users\egorv\Documents\devops\practice_3\actions-runner\bin'
[2025-11-12 10:48:41Z INFO ProcessInvokerWrapper]   Require exit code zero: 'False'
[2025-11-12 10:48:41Z INFO ProcessInvokerWrapper]   Encoding web name:  ; code page: ''
[2025-11-12 10:48:41Z INFO ProcessInvokerWrapper]   Force kill process on cancellation: 'True'
[2025-11-12 10:48:41Z INFO ProcessInvokerWrapper]   Redirected STDIN: 'False'
[2025-11-12 10:48:41Z INFO ProcessInvokerWrapper]   Persist current code page: 'False'
[2025-11-12 10:48:41Z INFO ProcessInvokerWrapper]   Keep redirected STDIN open: 'False'
[2025-11-12 10:48:41Z INFO ProcessInvokerWrapper]   High priority process: 'True'
[2025-11-12 10:48:41Z INFO ProcessInvokerWrapper] Process started with process id 12460, waiting for process exit.
[2025-11-12 10:48:41Z INFO JobDispatcher] Send job request message to worker for job d576c08a-b7e5-5b49-a112-f3a9d9d57c5a.
[2025-11-12 10:48:41Z INFO ProcessChannel] Sending message of length 22269, with hash '6a32a61f8855dc9469c62ca7274fc6d1ca974724e7f9607ef728e4080ffc1234'
[2025-11-12 10:48:42Z INFO JobNotification] Entering JobStarted Notification
[2025-11-12 10:48:42Z INFO JobNotification] Entering StartMonitor
[2025-11-12 10:49:42Z INFO JobDispatcher] Successfully renew job d576c08a-b7e5-5b49-a112-f3a9d9d57c5a, job is valid till 12.11.2025 10:59:40
[2025-11-12 10:50:42Z INFO JobDispatcher] Successfully renew job d576c08a-b7e5-5b49-a112-f3a9d9d57c5a, job is valid till 12.11.2025 11:00:40
[2025-11-12 10:51:36Z INFO JobDispatcher] Job cancellation request d576c08a-b7e5-5b49-a112-f3a9d9d57c5a received, cancellation timeout 5 minutes.
[2025-11-12 10:51:36Z INFO JobDispatcher] Send job cancellation message to worker for job d576c08a-b7e5-5b49-a112-f3a9d9d57c5a.
[2025-11-12 10:51:36Z INFO ProcessChannel] Sending message of length 0, with hash 'e3b0c44298fc1c149afbf4c8996fb92427ae41e4649b934ca495991b7852b855'
[2025-11-12 10:51:37Z INFO JobDispatcher] Job cancellation request d576c08a-b7e5-5b49-a112-f3a9d9d57c5a received, cancellation timeout 5 minutes.
[2025-11-12 10:51:37Z INFO JobDispatcher] Job cancellation request d576c08a-b7e5-5b49-a112-f3a9d9d57c5a received, cancellation timeout 5 minutes.
[2025-11-12 10:51:38Z INFO JobDispatcher] Job cancellation request d576c08a-b7e5-5b49-a112-f3a9d9d57c5a received, cancellation timeout 5 minutes.
[2025-11-12 10:51:38Z INFO JobDispatcher] Job cancellation request d576c08a-b7e5-5b49-a112-f3a9d9d57c5a received, cancellation timeout 5 minutes.
[2025-11-12 10:51:39Z INFO JobDispatcher] Job cancellation request d576c08a-b7e5-5b49-a112-f3a9d9d57c5a received, cancellation timeout 5 minutes.
[2025-11-12 10:51:39Z INFO JobDispatcher] Job cancellation request d576c08a-b7e5-5b49-a112-f3a9d9d57c5a received, cancellation timeout 5 minutes.
[2025-11-12 10:51:39Z INFO JobDispatcher] Job cancellation request d576c08a-b7e5-5b49-a112-f3a9d9d57c5a received, cancellation timeout 5 minutes.
[2025-11-12 10:51:40Z INFO JobDispatcher] Job cancellation request d576c08a-b7e5-5b49-a112-f3a9d9d57c5a received, cancellation timeout 5 minutes.
[2025-11-12 10:51:40Z INFO JobDispatcher] Job cancellation request d576c08a-b7e5-5b49-a112-f3a9d9d57c5a received, cancellation timeout 5 minutes.
[2025-11-12 10:51:41Z INFO JobDispatcher] Job cancellation request d576c08a-b7e5-5b49-a112-f3a9d9d57c5a received, cancellation timeout 5 minutes.
[2025-11-12 10:51:41Z INFO JobDispatcher] Job cancellation request d576c08a-b7e5-5b49-a112-f3a9d9d57c5a received, cancellation timeout 5 minutes.
[2025-11-12 10:51:42Z INFO JobDispatcher] Job cancellation request d576c08a-b7e5-5b49-a112-f3a9d9d57c5a received, cancellation timeout 5 minutes.
[2025-11-12 10:51:42Z INFO JobDispatcher] Successfully renew job d576c08a-b7e5-5b49-a112-f3a9d9d57c5a, job is valid till 12.11.2025 11:01:41
[2025-11-12 10:51:42Z INFO JobDispatcher] Job cancellation request d576c08a-b7e5-5b49-a112-f3a9d9d57c5a received, cancellation timeout 5 minutes.
[2025-11-12 10:51:43Z INFO JobDispatcher] Job cancellation request d576c08a-b7e5-5b49-a112-f3a9d9d57c5a received, cancellation timeout 5 minutes.
[2025-11-12 10:51:43Z INFO JobDispatcher] Job cancellation request d576c08a-b7e5-5b49-a112-f3a9d9d57c5a received, cancellation timeout 5 minutes.
[2025-11-12 10:51:44Z INFO JobDispatcher] Job cancellation request d576c08a-b7e5-5b49-a112-f3a9d9d57c5a received, cancellation timeout 5 minutes.
[2025-11-12 10:51:44Z INFO ProcessInvokerWrapper] STDOUT/STDERR stream read finished.
[2025-11-12 10:51:44Z INFO ProcessInvokerWrapper] STDOUT/STDERR stream read finished.
[2025-11-12 10:51:44Z INFO ProcessInvokerWrapper] Finished process 12460 with exit code 103, and elapsed time 00:03:02.8281053.
[2025-11-12 10:51:44Z INFO JobDispatcher] finish job request for job d576c08a-b7e5-5b49-a112-f3a9d9d57c5a with result: Canceled
[2025-11-12 10:51:44Z INFO Terminal] WRITE LINE: 2025-11-12 10:51:44Z: Job deploy-and-test completed with result: Canceled
[2025-11-12 10:51:44Z INFO JobDispatcher] Stop renew job request for job d576c08a-b7e5-5b49-a112-f3a9d9d57c5a.
[2025-11-12 10:51:44Z INFO JobDispatcher] job renew has been cancelled, stop renew job d576c08a-b7e5-5b49-a112-f3a9d9d57c5a.
[2025-11-12 10:51:44Z INFO JobNotification] Entering JobCompleted Notification
[2025-11-12 10:51:44Z INFO JobNotification] Entering EndMonitor
[2025-11-12 10:51:44Z INFO BrokerMessageListener] Received job status event. JobState: Online
[2025-11-12 10:51:44Z WARN GitHubActionsService] GET request to https://broker.actions.githubusercontent.com/message?sessionId=3abf6630-2df9-4b64-a3f8-5d7388bcc593&status=Busy&runnerVersion=2.329.0&os=Windows&architecture=X64&disableUpdate=false has been cancelled.
[2025-11-12 10:51:44Z ERR  BrokerServer] Catch exception during request
[2025-11-12 10:51:44Z ERR  BrokerServer] System.Threading.Tasks.TaskCanceledException: The operation was canceled.
 ---> System.Threading.Tasks.TaskCanceledException: The operation was canceled.
 ---> System.IO.IOException: Unable to read data from the transport connection: Операция ввода/вывода была прервана из-за завершения потока команд или по запросу приложения..
 ---> System.Net.Sockets.SocketException (995): Операция ввода/вывода была прервана из-за завершения потока команд или по запросу приложения.
   --- End of inner exception stack trace ---
   at System.Net.Sockets.Socket.AwaitableSocketAsyncEventArgs.ThrowException(SocketError error, CancellationToken cancellationToken)
   at System.Net.Sockets.Socket.AwaitableSocketAsyncEventArgs.System.Threading.Tasks.Sources.IValueTaskSource<System.Int32>.GetResult(Int16 token)
   at System.Net.Security.SslStream.EnsureFullTlsFrameAsync[TIOAdapter](CancellationToken cancellationToken, Int32 estimatedSize)
   at System.Runtime.CompilerServices.PoolingAsyncValueTaskMethodBuilder`1.StateMachineBox`1.System.Threading.Tasks.Sources.IValueTaskSource<TResult>.GetResult(Int16 token)
   at System.Net.Security.SslStream.ReadAsyncInternal[TIOAdapter](Memory`1 buffer, CancellationToken cancellationToken)
   at System.Runtime.CompilerServices.PoolingAsyncValueTaskMethodBuilder`1.StateMachineBox`1.System.Threading.Tasks.Sources.IValueTaskSource<TResult>.GetResult(Int16 token)
   at System.Net.Http.HttpConnection.SendAsync(HttpRequestMessage request, Boolean async, CancellationToken cancellationToken)
   --- End of inner exception stack trace ---
   at System.Net.Http.HttpConnection.SendAsync(HttpRequestMessage request, Boolean async, CancellationToken cancellationToken)
   at System.Net.Http.AuthenticationHelper.SendWithNtAuthAsync(HttpRequestMessage request, Uri authUri, Boolean async, ICredentials credentials, Boolean isProxyAuth, HttpConnection connection, HttpConnectionPool connectionPool, CancellationToken cancellationToken)
   at System.Net.Http.HttpConnectionPool.SendWithVersionDetectionAndRetryAsync(HttpRequestMessage request, Boolean async, Boolean doRequestAuth, CancellationToken cancellationToken)
   at System.Net.Http.AuthenticationHelper.SendWithAuthAsync(HttpRequestMessage request, Uri authUri, Boolean async, ICredentials credentials, Boolean preAuthenticate, Boolean isProxyAuth, Boolean doRequestAuth, HttpConnectionPool pool, CancellationToken cancellationToken)
   at System.Net.Http.RedirectHandler.SendAsync(HttpRequestMessage request, Boolean async, CancellationToken cancellationToken)
   at GitHub.Services.Common.RawHttpMessageHandler.SendAsync(HttpRequestMessage request, CancellationToken cancellationToken)
   at GitHub.Services.Common.VssHttpRetryMessageHandler.SendAsync(HttpRequestMessage request, CancellationToken cancellationToken)
   at System.Net.Http.HttpClient.<SendAsync>g__Core|83_0(HttpRequestMessage request, HttpCompletionOption completionOption, CancellationTokenSource cts, Boolean disposeCts, CancellationTokenSource pendingRequestsCts, CancellationToken originalCancellationToken)
   --- End of inner exception stack trace ---
   at System.Net.Http.HttpClient.HandleFailure(Exception e, Boolean telemetryStarted, HttpResponseMessage response, CancellationTokenSource cts, CancellationToken cancellationToken, CancellationTokenSource pendingRequestsCts)
   at System.Net.Http.HttpClient.<SendAsync>g__Core|83_0(HttpRequestMessage request, HttpCompletionOption completionOption, CancellationTokenSource cts, Boolean disposeCts, CancellationTokenSource pendingRequestsCts, CancellationToken originalCancellationToken)
   at Sdk.WebApi.WebApi.RawHttpClientBase.SendAsync(HttpRequestMessage message, HttpCompletionOption completionOption, Object userState, CancellationToken cancellationToken)
   at Sdk.WebApi.WebApi.RawHttpClientBase.SendAsync[T](HttpRequestMessage message, Boolean readErrorBody, Object userState, CancellationToken cancellationToken)
   at Sdk.WebApi.WebApi.RawHttpClientBase.SendAsync[T](HttpMethod method, IEnumerable`1 additionalHeaders, Uri requestUri, HttpContent content, IEnumerable`1 queryParameters, Boolean readErrorBody, Object userState, CancellationToken cancellationToken)
   at GitHub.Actions.RunService.WebApi.BrokerHttpClient.GetRunnerMessageAsync(Nullable`1 sessionId, String runnerVersion, Nullable`1 status, String os, String architecture, Nullable`1 disableUpdate, CancellationToken cancellationToken)
   at GitHub.Runner.Common.BrokerServer.<>c__DisplayClass7_0.<<GetRunnerMessageAsync>b__0>d.MoveNext()
--- End of stack trace from previous location ---
   at GitHub.Runner.Common.RunnerService.RetryRequest[T](Func`1 func, CancellationToken cancellationToken, Int32 maxAttempts, Func`2 shouldRetry)
[2025-11-12 10:51:44Z ERR  BrokerServer] #####################################################
[2025-11-12 10:51:44Z ERR  BrokerServer] System.Threading.Tasks.TaskCanceledException: The operation was canceled.
 ---> System.IO.IOException: Unable to read data from the transport connection: Операция ввода/вывода была прервана из-за завершения потока команд или по запросу приложения..
 ---> System.Net.Sockets.SocketException (995): Операция ввода/вывода была прервана из-за завершения потока команд или по запросу приложения.
   --- End of inner exception stack trace ---
   at System.Net.Sockets.Socket.AwaitableSocketAsyncEventArgs.ThrowException(SocketError error, CancellationToken cancellationToken)
   at System.Net.Sockets.Socket.AwaitableSocketAsyncEventArgs.System.Threading.Tasks.Sources.IValueTaskSource<System.Int32>.GetResult(Int16 token)
   at System.Net.Security.SslStream.EnsureFullTlsFrameAsync[TIOAdapter](CancellationToken cancellationToken, Int32 estimatedSize)
   at System.Runtime.CompilerServices.PoolingAsyncValueTaskMethodBuilder`1.StateMachineBox`1.System.Threading.Tasks.Sources.IValueTaskSource<TResult>.GetResult(Int16 token)
   at System.Net.Security.SslStream.ReadAsyncInternal[TIOAdapter](Memory`1 buffer, CancellationToken cancellationToken)
   at System.Runtime.CompilerServices.PoolingAsyncValueTaskMethodBuilder`1.StateMachineBox`1.System.Threading.Tasks.Sources.IValueTaskSource<TResult>.GetResult(Int16 token)
   at System.Net.Http.HttpConnection.SendAsync(HttpRequestMessage request, Boolean async, CancellationToken cancellationToken)
   --- End of inner exception stack trace ---
   at System.Net.Http.HttpConnection.SendAsync(HttpRequestMessage request, Boolean async, CancellationToken cancellationToken)
   at System.Net.Http.AuthenticationHelper.SendWithNtAuthAsync(HttpRequestMessage request, Uri authUri, Boolean async, ICredentials credentials, Boolean isProxyAuth, HttpConnection connection, HttpConnectionPool connectionPool, CancellationToken cancellationToken)
   at System.Net.Http.HttpConnectionPool.SendWithVersionDetectionAndRetryAsync(HttpRequestMessage request, Boolean async, Boolean doRequestAuth, CancellationToken cancellationToken)
   at System.Net.Http.AuthenticationHelper.SendWithAuthAsync(HttpRequestMessage request, Uri authUri, Boolean async, ICredentials credentials, Boolean preAuthenticate, Boolean isProxyAuth, Boolean doRequestAuth, HttpConnectionPool pool, CancellationToken cancellationToken)
   at System.Net.Http.RedirectHandler.SendAsync(HttpRequestMessage request, Boolean async, CancellationToken cancellationToken)
   at GitHub.Services.Common.RawHttpMessageHandler.SendAsync(HttpRequestMessage request, CancellationToken cancellationToken)
   at GitHub.Services.Common.VssHttpRetryMessageHandler.SendAsync(HttpRequestMessage request, CancellationToken cancellationToken)
   at System.Net.Http.HttpClient.<SendAsync>g__Core|83_0(HttpRequestMessage request, HttpCompletionOption completionOption, CancellationTokenSource cts, Boolean disposeCts, CancellationTokenSource pendingRequestsCts, CancellationToken originalCancellationToken)
[2025-11-12 10:51:44Z ERR  BrokerServer] #####################################################
[2025-11-12 10:51:44Z ERR  BrokerServer] System.IO.IOException: Unable to read data from the transport connection: Операция ввода/вывода была прервана из-за завершения потока команд или по запросу приложения..
 ---> System.Net.Sockets.SocketException (995): Операция ввода/вывода была прервана из-за завершения потока команд или по запросу приложения.
   --- End of inner exception stack trace ---
   at System.Net.Sockets.Socket.AwaitableSocketAsyncEventArgs.ThrowException(SocketError error, CancellationToken cancellationToken)
   at System.Net.Sockets.Socket.AwaitableSocketAsyncEventArgs.System.Threading.Tasks.Sources.IValueTaskSource<System.Int32>.GetResult(Int16 token)
   at System.Net.Security.SslStream.EnsureFullTlsFrameAsync[TIOAdapter](CancellationToken cancellationToken, Int32 estimatedSize)
   at System.Runtime.CompilerServices.PoolingAsyncValueTaskMethodBuilder`1.StateMachineBox`1.System.Threading.Tasks.Sources.IValueTaskSource<TResult>.GetResult(Int16 token)
   at System.Net.Security.SslStream.ReadAsyncInternal[TIOAdapter](Memory`1 buffer, CancellationToken cancellationToken)
   at System.Runtime.CompilerServices.PoolingAsyncValueTaskMethodBuilder`1.StateMachineBox`1.System.Threading.Tasks.Sources.IValueTaskSource<TResult>.GetResult(Int16 token)
   at System.Net.Http.HttpConnection.SendAsync(HttpRequestMessage request, Boolean async, CancellationToken cancellationToken)
[2025-11-12 10:51:44Z ERR  BrokerServer] #####################################################
[2025-11-12 10:51:44Z ERR  BrokerServer] System.Net.Sockets.SocketException (995): Операция ввода/вывода была прервана из-за завершения потока команд или по запросу приложения.
[2025-11-12 10:51:44Z WARN BrokerServer] Back off 9,339 seconds before next retry. 4 attempt left.
[2025-11-12 10:51:44Z INFO BrokerMessageListener] Get messages has been cancelled using local token source. Continue to get messages with new status.
[2025-11-12 10:51:45Z INFO BrokerMessageListener] Acknowledging runner request 'e4dea37a-3797-5af0-b591-f0dda14637ff'.
[2025-11-12 10:51:45Z INFO ConfigurationStore] HasCredentials()
[2025-11-12 10:51:45Z INFO ConfigurationStore] stored True
[2025-11-12 10:51:45Z INFO CredentialManager] GetCredentialProvider
[2025-11-12 10:51:45Z INFO CredentialManager] Creating type OAuth
[2025-11-12 10:51:45Z INFO CredentialManager] Creating credential type: OAuth
[2025-11-12 10:51:45Z INFO RSAEncryptedFileKeyManager] Loading RSA key parameters from file C:\Users\egorv\Documents\devops\practice_3\actions-runner\.credentials_rsaparams
[2025-11-12 10:51:45Z INFO RSAEncryptedFileKeyManager] Loading RSA key parameters from file C:\Users\egorv\Documents\devops\practice_3\actions-runner\.credentials_rsaparams
[2025-11-12 10:51:45Z INFO RSAEncryptedFileKeyManager] Loading RSA key parameters from file C:\Users\egorv\Documents\devops\practice_3\actions-runner\.credentials_rsaparams
[2025-11-12 10:51:48Z INFO GitHubActionsService] AAD Correlation ID for this token request: Unknown
[2025-11-12 10:51:48Z WARN GitHubActionsService] Retrieving an AAD auth token took a long time (2,3234409 seconds)
[2025-11-12 10:51:50Z INFO JobDispatcher] Job request 0 for plan 121a4e7b-b238-49e3-9873-820d4eaf548b job e4dea37a-3797-5af0-b591-f0dda14637ff received.
[2025-11-12 10:51:50Z INFO JobDispatcher] Pull OrchestrationId 121a4e7b-b238-49e3-9873-820d4eaf548b.deploy-and-test.__default from JWT claims
[2025-11-12 10:51:50Z INFO BrokerMessageListener] Received job status event. JobState: Busy
[2025-11-12 10:51:50Z INFO BrokerMessageListener] _getMessagesTokenSource is already disposed.
[2025-11-12 10:51:50Z INFO JobDispatcher] Job request d576c08a-b7e5-5b49-a112-f3a9d9d57c5a processed succeed.
[2025-11-12 10:51:50Z INFO Terminal] WRITE LINE: 2025-11-12 10:51:50Z: Running job: deploy-and-test
[2025-11-12 10:51:50Z INFO JobDispatcher] Start renew job request 0 for job e4dea37a-3797-5af0-b591-f0dda14637ff.
[2025-11-12 10:51:51Z INFO JobDispatcher] Successfully renew job e4dea37a-3797-5af0-b591-f0dda14637ff, job is valid till 12.11.2025 11:01:49
[2025-11-12 10:51:51Z INFO HostContext] Well known directory 'Bin': 'C:\Users\egorv\Documents\devops\practice_3\actions-runner\bin'
[2025-11-12 10:51:51Z INFO ProcessInvokerWrapper] Starting process:
[2025-11-12 10:51:51Z INFO ProcessInvokerWrapper]   File name: 'C:\Users\egorv\Documents\devops\practice_3\actions-runner\bin\Runner.Worker.exe'
[2025-11-12 10:51:51Z INFO ProcessInvokerWrapper]   Arguments: 'spawnclient 1376 1360'
[2025-11-12 10:51:51Z INFO ProcessInvokerWrapper]   Working directory: 'C:\Users\egorv\Documents\devops\practice_3\actions-runner\bin'
[2025-11-12 10:51:51Z INFO ProcessInvokerWrapper]   Require exit code zero: 'False'
[2025-11-12 10:51:51Z INFO ProcessInvokerWrapper]   Encoding web name:  ; code page: ''
[2025-11-12 10:51:51Z INFO ProcessInvokerWrapper]   Force kill process on cancellation: 'True'
[2025-11-12 10:51:51Z INFO ProcessInvokerWrapper]   Redirected STDIN: 'False'
[2025-11-12 10:51:51Z INFO ProcessInvokerWrapper]   Persist current code page: 'False'
[2025-11-12 10:51:51Z INFO ProcessInvokerWrapper]   Keep redirected STDIN open: 'False'
[2025-11-12 10:51:51Z INFO ProcessInvokerWrapper]   High priority process: 'True'
[2025-11-12 10:51:51Z INFO ProcessInvokerWrapper] Process started with process id 2340, waiting for process exit.
[2025-11-12 10:51:51Z INFO JobDispatcher] Send job request message to worker for job e4dea37a-3797-5af0-b591-f0dda14637ff.
[2025-11-12 10:51:51Z INFO ProcessChannel] Sending message of length 22264, with hash '540e58b800235e84d162d392b7e3d98bb840346be70acef812c444918536ea35'
[2025-11-12 10:51:51Z INFO JobNotification] Entering JobStarted Notification
[2025-11-12 10:51:51Z INFO JobNotification] Entering StartMonitor
[2025-11-12 10:52:43Z INFO ProcessInvokerWrapper] STDOUT/STDERR stream read finished.
[2025-11-12 10:52:43Z INFO ProcessInvokerWrapper] STDOUT/STDERR stream read finished.
[2025-11-12 10:52:43Z INFO ProcessInvokerWrapper] Finished process 2340 with exit code 102, and elapsed time 00:00:52.0573688.
[2025-11-12 10:52:43Z INFO JobDispatcher] Worker finished for job e4dea37a-3797-5af0-b591-f0dda14637ff. Code: 102
[2025-11-12 10:52:43Z INFO JobDispatcher] finish job request for job e4dea37a-3797-5af0-b591-f0dda14637ff with result: Failed
[2025-11-12 10:52:43Z INFO Terminal] WRITE LINE: 2025-11-12 10:52:43Z: Job deploy-and-test completed with result: Failed
[2025-11-12 10:52:43Z INFO JobDispatcher] Stop renew job request for job e4dea37a-3797-5af0-b591-f0dda14637ff.
[2025-11-12 10:52:43Z INFO JobDispatcher] job renew has been cancelled, stop renew job e4dea37a-3797-5af0-b591-f0dda14637ff.
[2025-11-12 10:52:43Z INFO JobNotification] Entering JobCompleted Notification
[2025-11-12 10:52:43Z INFO JobNotification] Entering EndMonitor
[2025-11-12 10:52:43Z INFO BrokerMessageListener] Received job status event. JobState: Online
[2025-11-12 10:52:43Z WARN GitHubActionsService] GET request to https://broker.actions.githubusercontent.com/message?sessionId=3abf6630-2df9-4b64-a3f8-5d7388bcc593&status=Busy&runnerVersion=2.329.0&os=Windows&architecture=X64&disableUpdate=false has been cancelled.
[2025-11-12 10:52:43Z ERR  BrokerServer] Catch exception during request
[2025-11-12 10:52:43Z ERR  BrokerServer] System.Threading.Tasks.TaskCanceledException: The operation was canceled.
 ---> System.Threading.Tasks.TaskCanceledException: The operation was canceled.
 ---> System.IO.IOException: Unable to read data from the transport connection: Операция ввода/вывода была прервана из-за завершения потока команд или по запросу приложения..
 ---> System.Net.Sockets.SocketException (995): Операция ввода/вывода была прервана из-за завершения потока команд или по запросу приложения.
   --- End of inner exception stack trace ---
   at System.Net.Sockets.Socket.AwaitableSocketAsyncEventArgs.System.Threading.Tasks.Sources.IValueTaskSource<System.Int32>.GetResult(Int16 token)
   at System.Net.Security.SslStream.EnsureFullTlsFrameAsync[TIOAdapter](CancellationToken cancellationToken, Int32 estimatedSize)
   at System.Runtime.CompilerServices.PoolingAsyncValueTaskMethodBuilder`1.StateMachineBox`1.System.Threading.Tasks.Sources.IValueTaskSource<TResult>.GetResult(Int16 token)
   at System.Net.Security.SslStream.ReadAsyncInternal[TIOAdapter](Memory`1 buffer, CancellationToken cancellationToken)
   at System.Runtime.CompilerServices.PoolingAsyncValueTaskMethodBuilder`1.StateMachineBox`1.System.Threading.Tasks.Sources.IValueTaskSource<TResult>.GetResult(Int16 token)
   at System.Net.Http.HttpConnection.SendAsync(HttpRequestMessage request, Boolean async, CancellationToken cancellationToken)
   --- End of inner exception stack trace ---
   at System.Net.Http.HttpConnection.SendAsync(HttpRequestMessage request, Boolean async, CancellationToken cancellationToken)
   at System.Net.Http.AuthenticationHelper.SendWithNtAuthAsync(HttpRequestMessage request, Uri authUri, Boolean async, ICredentials credentials, Boolean isProxyAuth, HttpConnection connection, HttpConnectionPool connectionPool, CancellationToken cancellationToken)
   at System.Net.Http.HttpConnectionPool.SendWithVersionDetectionAndRetryAsync(HttpRequestMessage request, Boolean async, Boolean doRequestAuth, CancellationToken cancellationToken)
   at System.Net.Http.AuthenticationHelper.SendWithAuthAsync(HttpRequestMessage request, Uri authUri, Boolean async, ICredentials credentials, Boolean preAuthenticate, Boolean isProxyAuth, Boolean doRequestAuth, HttpConnectionPool pool, CancellationToken cancellationToken)
   at System.Net.Http.RedirectHandler.SendAsync(HttpRequestMessage request, Boolean async, CancellationToken cancellationToken)
   at GitHub.Services.Common.RawHttpMessageHandler.SendAsync(HttpRequestMessage request, CancellationToken cancellationToken)
   at GitHub.Services.Common.VssHttpRetryMessageHandler.SendAsync(HttpRequestMessage request, CancellationToken cancellationToken)
   at System.Net.Http.HttpClient.<SendAsync>g__Core|83_0(HttpRequestMessage request, HttpCompletionOption completionOption, CancellationTokenSource cts, Boolean disposeCts, CancellationTokenSource pendingRequestsCts, CancellationToken originalCancellationToken)
   --- End of inner exception stack trace ---
   at System.Net.Http.HttpClient.HandleFailure(Exception e, Boolean telemetryStarted, HttpResponseMessage response, CancellationTokenSource cts, CancellationToken cancellationToken, CancellationTokenSource pendingRequestsCts)
   at System.Net.Http.HttpClient.<SendAsync>g__Core|83_0(HttpRequestMessage request, HttpCompletionOption completionOption, CancellationTokenSource cts, Boolean disposeCts, CancellationTokenSource pendingRequestsCts, CancellationToken originalCancellationToken)
   at Sdk.WebApi.WebApi.RawHttpClientBase.SendAsync(HttpRequestMessage message, HttpCompletionOption completionOption, Object userState, CancellationToken cancellationToken)
   at Sdk.WebApi.WebApi.RawHttpClientBase.SendAsync[T](HttpRequestMessage message, Boolean readErrorBody, Object userState, CancellationToken cancellationToken)
   at Sdk.WebApi.WebApi.RawHttpClientBase.SendAsync[T](HttpMethod method, IEnumerable`1 additionalHeaders, Uri requestUri, HttpContent content, IEnumerable`1 queryParameters, Boolean readErrorBody, Object userState, CancellationToken cancellationToken)
   at GitHub.Actions.RunService.WebApi.BrokerHttpClient.GetRunnerMessageAsync(Nullable`1 sessionId, String runnerVersion, Nullable`1 status, String os, String architecture, Nullable`1 disableUpdate, CancellationToken cancellationToken)
   at GitHub.Runner.Common.BrokerServer.<>c__DisplayClass7_0.<<GetRunnerMessageAsync>b__0>d.MoveNext()
--- End of stack trace from previous location ---
   at GitHub.Runner.Common.RunnerService.RetryRequest[T](Func`1 func, CancellationToken cancellationToken, Int32 maxAttempts, Func`2 shouldRetry)
[2025-11-12 10:52:43Z ERR  BrokerServer] #####################################################
[2025-11-12 10:52:43Z ERR  BrokerServer] System.Threading.Tasks.TaskCanceledException: The operation was canceled.
 ---> System.IO.IOException: Unable to read data from the transport connection: Операция ввода/вывода была прервана из-за завершения потока команд или по запросу приложения..
 ---> System.Net.Sockets.SocketException (995): Операция ввода/вывода была прервана из-за завершения потока команд или по запросу приложения.
   --- End of inner exception stack trace ---
   at System.Net.Sockets.Socket.AwaitableSocketAsyncEventArgs.System.Threading.Tasks.Sources.IValueTaskSource<System.Int32>.GetResult(Int16 token)
   at System.Net.Security.SslStream.EnsureFullTlsFrameAsync[TIOAdapter](CancellationToken cancellationToken, Int32 estimatedSize)
   at System.Runtime.CompilerServices.PoolingAsyncValueTaskMethodBuilder`1.StateMachineBox`1.System.Threading.Tasks.Sources.IValueTaskSource<TResult>.GetResult(Int16 token)
   at System.Net.Security.SslStream.ReadAsyncInternal[TIOAdapter](Memory`1 buffer, CancellationToken cancellationToken)
   at System.Runtime.CompilerServices.PoolingAsyncValueTaskMethodBuilder`1.StateMachineBox`1.System.Threading.Tasks.Sources.IValueTaskSource<TResult>.GetResult(Int16 token)
   at System.Net.Http.HttpConnection.SendAsync(HttpRequestMessage request, Boolean async, CancellationToken cancellationToken)
   --- End of inner exception stack trace ---
   at System.Net.Http.HttpConnection.SendAsync(HttpRequestMessage request, Boolean async, CancellationToken cancellationToken)
   at System.Net.Http.AuthenticationHelper.SendWithNtAuthAsync(HttpRequestMessage request, Uri authUri, Boolean async, ICredentials credentials, Boolean isProxyAuth, HttpConnection connection, HttpConnectionPool connectionPool, CancellationToken cancellationToken)
   at System.Net.Http.HttpConnectionPool.SendWithVersionDetectionAndRetryAsync(HttpRequestMessage request, Boolean async, Boolean doRequestAuth, CancellationToken cancellationToken)
   at System.Net.Http.AuthenticationHelper.SendWithAuthAsync(HttpRequestMessage request, Uri authUri, Boolean async, ICredentials credentials, Boolean preAuthenticate, Boolean isProxyAuth, Boolean doRequestAuth, HttpConnectionPool pool, CancellationToken cancellationToken)
   at System.Net.Http.RedirectHandler.SendAsync(HttpRequestMessage request, Boolean async, CancellationToken cancellationToken)
   at GitHub.Services.Common.RawHttpMessageHandler.SendAsync(HttpRequestMessage request, CancellationToken cancellationToken)
   at GitHub.Services.Common.VssHttpRetryMessageHandler.SendAsync(HttpRequestMessage request, CancellationToken cancellationToken)
   at System.Net.Http.HttpClient.<SendAsync>g__Core|83_0(HttpRequestMessage request, HttpCompletionOption completionOption, CancellationTokenSource cts, Boolean disposeCts, CancellationTokenSource pendingRequestsCts, CancellationToken originalCancellationToken)
[2025-11-12 10:52:43Z ERR  BrokerServer] #####################################################
[2025-11-12 10:52:43Z ERR  BrokerServer] System.IO.IOException: Unable to read data from the transport connection: Операция ввода/вывода была прервана из-за завершения потока команд или по запросу приложения..
 ---> System.Net.Sockets.SocketException (995): Операция ввода/вывода была прервана из-за завершения потока команд или по запросу приложения.
   --- End of inner exception stack trace ---
   at System.Net.Sockets.Socket.AwaitableSocketAsyncEventArgs.System.Threading.Tasks.Sources.IValueTaskSource<System.Int32>.GetResult(Int16 token)
   at System.Net.Security.SslStream.EnsureFullTlsFrameAsync[TIOAdapter](CancellationToken cancellationToken, Int32 estimatedSize)
   at System.Runtime.CompilerServices.PoolingAsyncValueTaskMethodBuilder`1.StateMachineBox`1.System.Threading.Tasks.Sources.IValueTaskSource<TResult>.GetResult(Int16 token)
   at System.Net.Security.SslStream.ReadAsyncInternal[TIOAdapter](Memory`1 buffer, CancellationToken cancellationToken)
   at System.Runtime.CompilerServices.PoolingAsyncValueTaskMethodBuilder`1.StateMachineBox`1.System.Threading.Tasks.Sources.IValueTaskSource<TResult>.GetResult(Int16 token)
   at System.Net.Http.HttpConnection.SendAsync(HttpRequestMessage request, Boolean async, CancellationToken cancellationToken)
[2025-11-12 10:52:43Z ERR  BrokerServer] #####################################################
[2025-11-12 10:52:43Z ERR  BrokerServer] System.Net.Sockets.SocketException (995): Операция ввода/вывода была прервана из-за завершения потока команд или по запросу приложения.
[2025-11-12 10:52:43Z WARN BrokerServer] Back off 13,886 seconds before next retry. 4 attempt left.
[2025-11-12 10:52:43Z INFO BrokerMessageListener] Get messages has been cancelled using local token source. Continue to get messages with new status.
[2025-11-12 10:56:36Z INFO Terminal] WRITE LINE: Exiting...
[2025-11-12 10:56:36Z INFO ConfigurationStore] IsServiceConfigured()
[2025-11-12 10:56:36Z INFO ConfigurationStore] IsServiceConfigured: False
[2025-11-12 10:56:36Z INFO HostContext] Runner will be shutdown for UserCancelled
[2025-11-12 10:56:36Z WARN GitHubActionsService] GET request to https://broker.actions.githubusercontent.com/message?sessionId=3abf6630-2df9-4b64-a3f8-5d7388bcc593&status=Online&runnerVersion=2.329.0&os=Windows&architecture=X64&disableUpdate=false has been cancelled.
[2025-11-12 10:56:36Z ERR  BrokerServer] Catch exception during request
[2025-11-12 10:56:36Z ERR  BrokerServer] System.Threading.Tasks.TaskCanceledException: The operation was canceled.
 ---> System.Threading.Tasks.TaskCanceledException: The operation was canceled.
 ---> System.IO.IOException: Unable to read data from the transport connection: Операция ввода/вывода была прервана из-за завершения потока команд или по запросу приложения..
 ---> System.Net.Sockets.SocketException (995): Операция ввода/вывода была прервана из-за завершения потока команд или по запросу приложения.
   --- End of inner exception stack trace ---
   at System.Net.Sockets.Socket.AwaitableSocketAsyncEventArgs.System.Threading.Tasks.Sources.IValueTaskSource<System.Int32>.GetResult(Int16 token)
   at System.Net.Security.SslStream.EnsureFullTlsFrameAsync[TIOAdapter](CancellationToken cancellationToken, Int32 estimatedSize)
   at System.Runtime.CompilerServices.PoolingAsyncValueTaskMethodBuilder`1.StateMachineBox`1.System.Threading.Tasks.Sources.IValueTaskSource<TResult>.GetResult(Int16 token)
   at System.Net.Security.SslStream.ReadAsyncInternal[TIOAdapter](Memory`1 buffer, CancellationToken cancellationToken)
   at System.Runtime.CompilerServices.PoolingAsyncValueTaskMethodBuilder`1.StateMachineBox`1.System.Threading.Tasks.Sources.IValueTaskSource<TResult>.GetResult(Int16 token)
   at System.Net.Http.HttpConnection.SendAsync(HttpRequestMessage request, Boolean async, CancellationToken cancellationToken)
   --- End of inner exception stack trace ---
   at System.Net.Http.HttpConnection.SendAsync(HttpRequestMessage request, Boolean async, CancellationToken cancellationToken)
   at System.Net.Http.AuthenticationHelper.SendWithNtAuthAsync(HttpRequestMessage request, Uri authUri, Boolean async, ICredentials credentials, Boolean isProxyAuth, HttpConnection connection, HttpConnectionPool connectionPool, CancellationToken cancellationToken)
   at System.Net.Http.HttpConnectionPool.SendWithVersionDetectionAndRetryAsync(HttpRequestMessage request, Boolean async, Boolean doRequestAuth, CancellationToken cancellationToken)
   at System.Net.Http.AuthenticationHelper.SendWithAuthAsync(HttpRequestMessage request, Uri authUri, Boolean async, ICredentials credentials, Boolean preAuthenticate, Boolean isProxyAuth, Boolean doRequestAuth, HttpConnectionPool pool, CancellationToken cancellationToken)
   at System.Net.Http.RedirectHandler.SendAsync(HttpRequestMessage request, Boolean async, CancellationToken cancellationToken)
   at GitHub.Services.Common.RawHttpMessageHandler.SendAsync(HttpRequestMessage request, CancellationToken cancellationToken)
   at GitHub.Services.Common.VssHttpRetryMessageHandler.SendAsync(HttpRequestMessage request, CancellationToken cancellationToken)
   at System.Net.Http.HttpClient.<SendAsync>g__Core|83_0(HttpRequestMessage request, HttpCompletionOption completionOption, CancellationTokenSource cts, Boolean disposeCts, CancellationTokenSource pendingRequestsCts, CancellationToken originalCancellationToken)
   --- End of inner exception stack trace ---
   at System.Net.Http.HttpClient.HandleFailure(Exception e, Boolean telemetryStarted, HttpResponseMessage response, CancellationTokenSource cts, CancellationToken cancellationToken, CancellationTokenSource pendingRequestsCts)
   at System.Net.Http.HttpClient.<SendAsync>g__Core|83_0(HttpRequestMessage request, HttpCompletionOption completionOption, CancellationTokenSource cts, Boolean disposeCts, CancellationTokenSource pendingRequestsCts, CancellationToken originalCancellationToken)
   at Sdk.WebApi.WebApi.RawHttpClientBase.SendAsync(HttpRequestMessage message, HttpCompletionOption completionOption, Object userState, CancellationToken cancellationToken)
   at Sdk.WebApi.WebApi.RawHttpClientBase.SendAsync[T](HttpRequestMessage message, Boolean readErrorBody, Object userState, CancellationToken cancellationToken)
   at Sdk.WebApi.WebApi.RawHttpClientBase.SendAsync[T](HttpMethod method, IEnumerable`1 additionalHeaders, Uri requestUri, HttpContent content, IEnumerable`1 queryParameters, Boolean readErrorBody, Object userState, CancellationToken cancellationToken)
   at GitHub.Actions.RunService.WebApi.BrokerHttpClient.GetRunnerMessageAsync(Nullable`1 sessionId, String runnerVersion, Nullable`1 status, String os, String architecture, Nullable`1 disableUpdate, CancellationToken cancellationToken)
   at GitHub.Runner.Common.BrokerServer.<>c__DisplayClass7_0.<<GetRunnerMessageAsync>b__0>d.MoveNext()
--- End of stack trace from previous location ---
   at GitHub.Runner.Common.RunnerService.RetryRequest[T](Func`1 func, CancellationToken cancellationToken, Int32 maxAttempts, Func`2 shouldRetry)
[2025-11-12 10:56:36Z ERR  BrokerServer] #####################################################
[2025-11-12 10:56:36Z ERR  BrokerServer] System.Threading.Tasks.TaskCanceledException: The operation was canceled.
 ---> System.IO.IOException: Unable to read data from the transport connection: Операция ввода/вывода была прервана из-за завершения потока команд или по запросу приложения..
 ---> System.Net.Sockets.SocketException (995): Операция ввода/вывода была прервана из-за завершения потока команд или по запросу приложения.
   --- End of inner exception stack trace ---
   at System.Net.Sockets.Socket.AwaitableSocketAsyncEventArgs.System.Threading.Tasks.Sources.IValueTaskSource<System.Int32>.GetResult(Int16 token)
   at System.Net.Security.SslStream.EnsureFullTlsFrameAsync[TIOAdapter](CancellationToken cancellationToken, Int32 estimatedSize)
   at System.Runtime.CompilerServices.PoolingAsyncValueTaskMethodBuilder`1.StateMachineBox`1.System.Threading.Tasks.Sources.IValueTaskSource<TResult>.GetResult(Int16 token)
   at System.Net.Security.SslStream.ReadAsyncInternal[TIOAdapter](Memory`1 buffer, CancellationToken cancellationToken)
   at System.Runtime.CompilerServices.PoolingAsyncValueTaskMethodBuilder`1.StateMachineBox`1.System.Threading.Tasks.Sources.IValueTaskSource<TResult>.GetResult(Int16 token)
   at System.Net.Http.HttpConnection.SendAsync(HttpRequestMessage request, Boolean async, CancellationToken cancellationToken)
   --- End of inner exception stack trace ---
   at System.Net.Http.HttpConnection.SendAsync(HttpRequestMessage request, Boolean async, CancellationToken cancellationToken)
   at System.Net.Http.AuthenticationHelper.SendWithNtAuthAsync(HttpRequestMessage request, Uri authUri, Boolean async, ICredentials credentials, Boolean isProxyAuth, HttpConnection connection, HttpConnectionPool connectionPool, CancellationToken cancellationToken)
   at System.Net.Http.HttpConnectionPool.SendWithVersionDetectionAndRetryAsync(HttpRequestMessage request, Boolean async, Boolean doRequestAuth, CancellationToken cancellationToken)
   at System.Net.Http.AuthenticationHelper.SendWithAuthAsync(HttpRequestMessage request, Uri authUri, Boolean async, ICredentials credentials, Boolean preAuthenticate, Boolean isProxyAuth, Boolean doRequestAuth, HttpConnectionPool pool, CancellationToken cancellationToken)
   at System.Net.Http.RedirectHandler.SendAsync(HttpRequestMessage request, Boolean async, CancellationToken cancellationToken)
   at GitHub.Services.Common.RawHttpMessageHandler.SendAsync(HttpRequestMessage request, CancellationToken cancellationToken)
   at GitHub.Services.Common.VssHttpRetryMessageHandler.SendAsync(HttpRequestMessage request, CancellationToken cancellationToken)
   at System.Net.Http.HttpClient.<SendAsync>g__Core|83_0(HttpRequestMessage request, HttpCompletionOption completionOption, CancellationTokenSource cts, Boolean disposeCts, CancellationTokenSource pendingRequestsCts, CancellationToken originalCancellationToken)
[2025-11-12 10:56:36Z ERR  BrokerServer] #####################################################
[2025-11-12 10:56:36Z ERR  BrokerServer] System.IO.IOException: Unable to read data from the transport connection: Операция ввода/вывода была прервана из-за завершения потока команд или по запросу приложения..
 ---> System.Net.Sockets.SocketException (995): Операция ввода/вывода была прервана из-за завершения потока команд или по запросу приложения.
   --- End of inner exception stack trace ---
   at System.Net.Sockets.Socket.AwaitableSocketAsyncEventArgs.System.Threading.Tasks.Sources.IValueTaskSource<System.Int32>.GetResult(Int16 token)
   at System.Net.Security.SslStream.EnsureFullTlsFrameAsync[TIOAdapter](CancellationToken cancellationToken, Int32 estimatedSize)
   at System.Runtime.CompilerServices.PoolingAsyncValueTaskMethodBuilder`1.StateMachineBox`1.System.Threading.Tasks.Sources.IValueTaskSource<TResult>.GetResult(Int16 token)
   at System.Net.Security.SslStream.ReadAsyncInternal[TIOAdapter](Memory`1 buffer, CancellationToken cancellationToken)
   at System.Runtime.CompilerServices.PoolingAsyncValueTaskMethodBuilder`1.StateMachineBox`1.System.Threading.Tasks.Sources.IValueTaskSource<TResult>.GetResult(Int16 token)
   at System.Net.Http.HttpConnection.SendAsync(HttpRequestMessage request, Boolean async, CancellationToken cancellationToken)
[2025-11-12 10:56:36Z ERR  BrokerServer] #####################################################
[2025-11-12 10:56:36Z ERR  BrokerServer] System.Net.Sockets.SocketException (995): Операция ввода/вывода была прервана из-за завершения потока команд или по запросу приложения.
[2025-11-12 10:56:36Z WARN BrokerServer] Back off 14,936 seconds before next retry. 4 attempt left.
[2025-11-12 10:56:36Z INFO BrokerMessageListener] Get next message has been cancelled.
[2025-11-12 10:56:36Z INFO JobDispatcher] Shutting down JobDispatcher. Make sure all WorkerDispatcher has finished.
[2025-11-12 10:56:36Z INFO JobDispatcher] Ensure WorkerDispatcher for job e4dea37a-3797-5af0-b591-f0dda14637ff run to finish, cancel any running job.
[2025-11-12 10:56:36Z INFO JobDispatcher] Job request e4dea37a-3797-5af0-b591-f0dda14637ff processed succeed.
[2025-11-12 10:56:36Z INFO Runner] Deleting Runner Session...
[2025-11-12 10:56:38Z INFO Listener] Runner execution been cancelled.
