[2025-11-11 21:46:21Z INFO HostContext] No proxy settings were found based on environmental variables (http_proxy/https_proxy/HTTP_PROXY/HTTPS_PROXY)
[2025-11-11 21:46:21Z INFO HostContext] Well known directory 'Bin': 'C:\Users\egorv\Documents\devops\practice_3\actions-runner\bin'
[2025-11-11 21:46:21Z INFO HostContext] Well known directory 'Root': 'C:\Users\egorv\Documents\devops\practice_3\actions-runner'
[2025-11-11 21:46:21Z INFO HostContext] Well known config file 'Credentials': 'C:\Users\egorv\Documents\devops\practice_3\actions-runner\.credentials'
[2025-11-11 21:46:21Z INFO HostContext] Well known directory 'Bin': 'C:\Users\egorv\Documents\devops\practice_3\actions-runner\bin'
[2025-11-11 21:46:21Z INFO HostContext] Well known directory 'Root': 'C:\Users\egorv\Documents\devops\practice_3\actions-runner'
[2025-11-11 21:46:21Z INFO HostContext] Well known config file 'Runner': 'C:\Users\egorv\Documents\devops\practice_3\actions-runner\.runner'
[2025-11-11 21:46:21Z INFO Listener] Runner is built for Windows (X64) - win-x64.
[2025-11-11 21:46:21Z INFO Listener] RuntimeInformation: Microsoft Windows 10.0.19045.
[2025-11-11 21:46:21Z INFO Listener] Version: 2.329.0
[2025-11-11 21:46:21Z INFO Listener] Commit: c76c59996c8fa32e989164a5a695efb12608ae5a
[2025-11-11 21:46:21Z INFO Listener] Culture: ru-RU
[2025-11-11 21:46:21Z INFO Listener] UI Culture: ru-RU
[2025-11-11 21:46:21Z INFO HostContext] Well known directory 'Bin': 'C:\Users\egorv\Documents\devops\practice_3\actions-runner\bin'
[2025-11-11 21:46:21Z INFO HostContext] Well known directory 'Root': 'C:\Users\egorv\Documents\devops\practice_3\actions-runner'
[2025-11-11 21:46:21Z INFO Listener] Validating directory permissions for: 'C:\Users\egorv\Documents\devops\practice_3\actions-runner'
[2025-11-11 21:46:21Z INFO CommandLineParser] Parse
[2025-11-11 21:46:21Z INFO CommandLineParser] Parsing 1 args
[2025-11-11 21:46:21Z INFO CommandLineParser] parsing argument
[2025-11-11 21:46:21Z INFO CommandLineParser] HasArgs: False
[2025-11-11 21:46:21Z INFO CommandLineParser] Adding Command: run
[2025-11-11 21:46:21Z INFO Listener] Arguments parsed
[2025-11-11 21:46:21Z INFO Runner] ExecuteCommand
[2025-11-11 21:46:21Z INFO ConfigurationStore] currentAssemblyLocation: C:\Users\egorv\Documents\devops\practice_3\actions-runner\bin\Runner.Listener.dll
[2025-11-11 21:46:21Z INFO HostContext] Well known directory 'Bin': 'C:\Users\egorv\Documents\devops\practice_3\actions-runner\bin'
[2025-11-11 21:46:21Z INFO ConfigurationStore] binPath: C:\Users\egorv\Documents\devops\practice_3\actions-runner\bin
[2025-11-11 21:46:21Z INFO HostContext] Well known directory 'Bin': 'C:\Users\egorv\Documents\devops\practice_3\actions-runner\bin'
[2025-11-11 21:46:21Z INFO HostContext] Well known directory 'Root': 'C:\Users\egorv\Documents\devops\practice_3\actions-runner'
[2025-11-11 21:46:21Z INFO ConfigurationStore] RootFolder: C:\Users\egorv\Documents\devops\practice_3\actions-runner
[2025-11-11 21:46:21Z INFO HostContext] Well known directory 'Bin': 'C:\Users\egorv\Documents\devops\practice_3\actions-runner\bin'
[2025-11-11 21:46:21Z INFO HostContext] Well known directory 'Root': 'C:\Users\egorv\Documents\devops\practice_3\actions-runner'
[2025-11-11 21:46:21Z INFO HostContext] Well known config file 'Runner': 'C:\Users\egorv\Documents\devops\practice_3\actions-runner\.runner'
[2025-11-11 21:46:21Z INFO ConfigurationStore] ConfigFilePath: C:\Users\egorv\Documents\devops\practice_3\actions-runner\.runner
[2025-11-11 21:46:21Z INFO HostContext] Well known directory 'Bin': 'C:\Users\egorv\Documents\devops\practice_3\actions-runner\bin'
[2025-11-11 21:46:21Z INFO HostContext] Well known directory 'Root': 'C:\Users\egorv\Documents\devops\practice_3\actions-runner'
[2025-11-11 21:46:21Z INFO HostContext] Well known config file 'MigratedRunner': 'C:\Users\egorv\Documents\devops\practice_3\actions-runner\.runner_migrated'
[2025-11-11 21:46:21Z INFO ConfigurationStore] MigratedConfigFilePath: C:\Users\egorv\Documents\devops\practice_3\actions-runner\.runner_migrated
[2025-11-11 21:46:21Z INFO HostContext] Well known directory 'Bin': 'C:\Users\egorv\Documents\devops\practice_3\actions-runner\bin'
[2025-11-11 21:46:21Z INFO HostContext] Well known directory 'Root': 'C:\Users\egorv\Documents\devops\practice_3\actions-runner'
[2025-11-11 21:46:21Z INFO HostContext] Well known config file 'Credentials': 'C:\Users\egorv\Documents\devops\practice_3\actions-runner\.credentials'
[2025-11-11 21:46:21Z INFO ConfigurationStore] CredFilePath: C:\Users\egorv\Documents\devops\practice_3\actions-runner\.credentials
[2025-11-11 21:46:21Z INFO HostContext] Well known directory 'Bin': 'C:\Users\egorv\Documents\devops\practice_3\actions-runner\bin'
[2025-11-11 21:46:21Z INFO HostContext] Well known directory 'Root': 'C:\Users\egorv\Documents\devops\practice_3\actions-runner'
[2025-11-11 21:46:21Z INFO HostContext] Well known config file 'MigratedCredentials': 'C:\Users\egorv\Documents\devops\practice_3\actions-runner\.credentials_migrated'
[2025-11-11 21:46:21Z INFO ConfigurationStore] MigratedCredFilePath: C:\Users\egorv\Documents\devops\practice_3\actions-runner\.credentials_migrated
[2025-11-11 21:46:21Z INFO HostContext] Well known directory 'Bin': 'C:\Users\egorv\Documents\devops\practice_3\actions-runner\bin'
[2025-11-11 21:46:21Z INFO HostContext] Well known directory 'Root': 'C:\Users\egorv\Documents\devops\practice_3\actions-runner'
[2025-11-11 21:46:21Z INFO HostContext] Well known config file 'Service': 'C:\Users\egorv\Documents\devops\practice_3\actions-runner\.service'
[2025-11-11 21:46:21Z INFO ConfigurationStore] ServiceConfigFilePath: C:\Users\egorv\Documents\devops\practice_3\actions-runner\.service
[2025-11-11 21:46:21Z INFO CommandSettings] Flag 'help': 'False'
[2025-11-11 21:46:21Z INFO CommandSettings] Flag 'version': 'False'
[2025-11-11 21:46:21Z INFO CommandSettings] Flag 'commit': 'False'
[2025-11-11 21:46:21Z INFO CommandSettings] Flag 'check': 'False'
[2025-11-11 21:46:21Z INFO CommandSettings] Command 'configure': 'False'
[2025-11-11 21:46:21Z INFO CommandSettings] Command 'remove': 'False'
[2025-11-11 21:46:21Z INFO CommandSettings] Command 'warmup': 'False'
[2025-11-11 21:46:21Z INFO ConfigurationManager] LoadSettings
[2025-11-11 21:46:21Z INFO ConfigurationStore] IsConfigured()
[2025-11-11 21:46:21Z INFO ConfigurationStore] IsConfigured: True
[2025-11-11 21:46:21Z INFO ConfigurationManager] Is configured: True
[2025-11-11 21:46:21Z INFO ConfigurationStore] Read setting file: 400 chars
[2025-11-11 21:46:21Z INFO ConfigurationManager] Settings Loaded
[2025-11-11 21:46:21Z INFO ConfigurationStore] IsServiceConfigured()
[2025-11-11 21:46:21Z INFO ConfigurationStore] IsServiceConfigured: False
[2025-11-11 21:46:21Z INFO CommandSettings] Command 'run': 'True'
[2025-11-11 21:46:21Z INFO ConfigurationStore] IsConfigured()
[2025-11-11 21:46:21Z INFO ConfigurationStore] IsConfigured: True
[2025-11-11 21:46:21Z INFO ConfigurationManager] Is configured: True
[2025-11-11 21:46:21Z INFO Runner] Could not parse the argument value '' for StartupType. Defaulting to Manual
[2025-11-11 21:46:21Z INFO Runner] Set runner startup type - Manual
[2025-11-11 21:46:21Z INFO CommandSettings] Flag 'once': 'False'
[2025-11-11 21:46:21Z INFO CommandSettings] Flag 'once': 'False'
[2025-11-11 21:46:21Z INFO Runner] RunAsync
[2025-11-11 21:46:21Z INFO ConfigurationManager] LoadMigratedSettings
[2025-11-11 21:46:21Z INFO ConfigurationStore] IsMigratedConfigured()
[2025-11-11 21:46:21Z INFO ConfigurationStore] IsMigratedConfigured: False
[2025-11-11 21:46:21Z INFO Runner] Failed to load migrated settings: No migrated configuration found.
[2025-11-11 21:46:21Z INFO Runner] Falling back to original .runner settings
[2025-11-11 21:46:21Z INFO Runner] Using BrokerMessageListener
[2025-11-11 21:46:21Z INFO BrokerMessageListener] Using provided settings
[2025-11-11 21:46:21Z INFO BrokerMessageListener] {
  "AgentId": 2,
  "AgentName": "DESKTOP-UBG39OS",
  "PoolId": 1,
  "PoolName": "Default",
  "ServerUrl": "https://pipelinesghubeus3.actions.githubusercontent.com/ugog8tdjifN7hHmLQmgcSNYTEPxmxa1cn8DI5s1sSgmnKkBkcY/",
  "GitHubUrl": "https://github.com/Vatulin/github-actions",
  "WorkFolder": "_work",
  "UseV2Flow": true,
  "ServerUrlV2": "https://broker.actions.githubusercontent.com/"
}
[2025-11-11 21:46:21Z INFO BrokerMessageListener] Loading Credentials
[2025-11-11 21:46:21Z INFO ConfigurationStore] HasCredentials()
[2025-11-11 21:46:21Z INFO ConfigurationStore] stored True
[2025-11-11 21:46:21Z INFO CredentialManager] GetCredentialProvider
[2025-11-11 21:46:21Z INFO CredentialManager] Creating type OAuth
[2025-11-11 21:46:21Z INFO CredentialManager] Creating credential type: OAuth
[2025-11-11 21:46:21Z INFO HostContext] Well known directory 'Bin': 'C:\Users\egorv\Documents\devops\practice_3\actions-runner\bin'
[2025-11-11 21:46:21Z INFO HostContext] Well known directory 'Root': 'C:\Users\egorv\Documents\devops\practice_3\actions-runner'
[2025-11-11 21:46:21Z INFO HostContext] Well known config file 'RSACredentials': 'C:\Users\egorv\Documents\devops\practice_3\actions-runner\.credentials_rsaparams'
[2025-11-11 21:46:21Z INFO RSAEncryptedFileKeyManager] Loading RSA key parameters from file C:\Users\egorv\Documents\devops\practice_3\actions-runner\.credentials_rsaparams
[2025-11-11 21:46:21Z INFO BrokerMessageListener] Attempt to create session.
[2025-11-11 21:46:21Z INFO BrokerMessageListener] Connecting to the Broker Server...
[2025-11-11 21:46:21Z INFO ConfigurationStore] HasCredentials()
[2025-11-11 21:46:21Z INFO ConfigurationStore] stored True
[2025-11-11 21:46:21Z INFO CredentialManager] GetCredentialProvider
[2025-11-11 21:46:21Z INFO CredentialManager] Creating type OAuth
[2025-11-11 21:46:21Z INFO CredentialManager] Creating credential type: OAuth
[2025-11-11 21:46:21Z INFO RSAEncryptedFileKeyManager] Loading RSA key parameters from file C:\Users\egorv\Documents\devops\practice_3\actions-runner\.credentials_rsaparams
[2025-11-11 21:46:21Z INFO BrokerMessageListener] VssConnection created
[2025-11-11 21:46:21Z INFO BrokerMessageListener] Connecting to the Runner server...
[2025-11-11 21:46:21Z INFO RunnerServer] EstablishVssConnection
[2025-11-11 21:46:21Z INFO RunnerServer] Establish connection with 100 seconds timeout.
[2025-11-11 21:46:21Z INFO GitHubActionsService] Starting operation Location.GetConnectionData
[2025-11-11 21:46:21Z INFO RunnerServer] EstablishVssConnection
[2025-11-11 21:46:21Z INFO RunnerServer] Establish connection with 60 seconds timeout.
[2025-11-11 21:46:22Z INFO GitHubActionsService] Starting operation Location.GetConnectionData
[2025-11-11 21:46:22Z INFO RunnerServer] EstablishVssConnection
[2025-11-11 21:46:22Z INFO RunnerServer] Establish connection with 60 seconds timeout.
[2025-11-11 21:46:22Z INFO GitHubActionsService] Starting operation Location.GetConnectionData
[2025-11-11 21:46:22Z INFO GitHubActionsService] Finished operation Location.GetConnectionData
[2025-11-11 21:46:22Z INFO GitHubActionsService] Finished operation Location.GetConnectionData
[2025-11-11 21:46:22Z INFO GitHubActionsService] Finished operation Location.GetConnectionData
[2025-11-11 21:46:22Z INFO BrokerMessageListener] VssConnection created
[2025-11-11 21:46:22Z INFO Terminal] WRITE LINE: 
[2025-11-11 21:46:22Z INFO Terminal] WRITE LINE: 
[2025-11-11 21:46:23Z INFO RSAEncryptedFileKeyManager] Loading RSA key parameters from file C:\Users\egorv\Documents\devops\practice_3\actions-runner\.credentials_rsaparams
[2025-11-11 21:46:23Z INFO RSAEncryptedFileKeyManager] Loading RSA key parameters from file C:\Users\egorv\Documents\devops\practice_3\actions-runner\.credentials_rsaparams
[2025-11-11 21:46:23Z INFO GitHubActionsService] AAD Correlation ID for this token request: Unknown
[2025-11-11 21:46:24Z INFO BrokerMessageListener] Session created.
[2025-11-11 21:46:24Z INFO Terminal] WRITE LINE: Current runner version: '2.329.0'
[2025-11-11 21:46:24Z INFO Terminal] WRITE LINE: 2025-11-11 21:46:24Z: Listening for Jobs
[2025-11-11 21:46:24Z INFO JobDispatcher] Set runner/worker IPC timeout to 30 seconds.
[2025-11-11 21:46:26Z INFO BrokerMessageListener] Acknowledging runner request '5cd68c05-86c9-5dfb-ba17-80a8f425aaa4'.
[2025-11-11 21:46:26Z INFO ConfigurationStore] HasCredentials()
[2025-11-11 21:46:26Z INFO ConfigurationStore] stored True
[2025-11-11 21:46:26Z INFO CredentialManager] GetCredentialProvider
[2025-11-11 21:46:26Z INFO CredentialManager] Creating type OAuth
[2025-11-11 21:46:26Z INFO CredentialManager] Creating credential type: OAuth
[2025-11-11 21:46:26Z INFO RSAEncryptedFileKeyManager] Loading RSA key parameters from file C:\Users\egorv\Documents\devops\practice_3\actions-runner\.credentials_rsaparams
[2025-11-11 21:46:26Z INFO RSAEncryptedFileKeyManager] Loading RSA key parameters from file C:\Users\egorv\Documents\devops\practice_3\actions-runner\.credentials_rsaparams
[2025-11-11 21:46:26Z INFO RSAEncryptedFileKeyManager] Loading RSA key parameters from file C:\Users\egorv\Documents\devops\practice_3\actions-runner\.credentials_rsaparams
[2025-11-11 21:46:26Z INFO GitHubActionsService] AAD Correlation ID for this token request: Unknown
[2025-11-11 21:46:28Z INFO JobDispatcher] Job request 0 for plan 1004d3c7-b36d-40a4-bdcb-d260915eb886 job 5cd68c05-86c9-5dfb-ba17-80a8f425aaa4 received.
[2025-11-11 21:46:28Z INFO JobDispatcher] Pull OrchestrationId 1004d3c7-b36d-40a4-bdcb-d260915eb886.deploy-and-test.__default from JWT claims
[2025-11-11 21:46:28Z INFO BrokerMessageListener] Received job status event. JobState: Busy
[2025-11-11 21:46:28Z INFO BrokerMessageListener] _getMessagesTokenSource is already disposed.
[2025-11-11 21:46:28Z INFO Terminal] WRITE LINE: 2025-11-11 21:46:28Z: Running job: deploy-and-test
[2025-11-11 21:46:28Z INFO JobDispatcher] Start renew job request 0 for job 5cd68c05-86c9-5dfb-ba17-80a8f425aaa4.
[2025-11-11 21:46:29Z INFO JobDispatcher] Successfully renew job 5cd68c05-86c9-5dfb-ba17-80a8f425aaa4, job is valid till 11.11.2025 21:56:27
[2025-11-11 21:46:29Z INFO HostContext] Well known directory 'Bin': 'C:\Users\egorv\Documents\devops\practice_3\actions-runner\bin'
[2025-11-11 21:46:29Z INFO ProcessInvokerWrapper] Starting process:
[2025-11-11 21:46:29Z INFO ProcessInvokerWrapper]   File name: 'C:\Users\egorv\Documents\devops\practice_3\actions-runner\bin\Runner.Worker.exe'
[2025-11-11 21:46:29Z INFO ProcessInvokerWrapper]   Arguments: 'spawnclient 2104 2136'
[2025-11-11 21:46:29Z INFO ProcessInvokerWrapper]   Working directory: 'C:\Users\egorv\Documents\devops\practice_3\actions-runner\bin'
[2025-11-11 21:46:29Z INFO ProcessInvokerWrapper]   Require exit code zero: 'False'
[2025-11-11 21:46:29Z INFO ProcessInvokerWrapper]   Encoding web name:  ; code page: ''
[2025-11-11 21:46:29Z INFO ProcessInvokerWrapper]   Force kill process on cancellation: 'True'
[2025-11-11 21:46:29Z INFO ProcessInvokerWrapper]   Redirected STDIN: 'False'
[2025-11-11 21:46:29Z INFO ProcessInvokerWrapper]   Persist current code page: 'False'
[2025-11-11 21:46:29Z INFO ProcessInvokerWrapper]   Keep redirected STDIN open: 'False'
[2025-11-11 21:46:29Z INFO ProcessInvokerWrapper]   High priority process: 'True'
[2025-11-11 21:46:29Z INFO ProcessInvokerWrapper] Process started with process id 8220, waiting for process exit.
[2025-11-11 21:46:29Z INFO JobDispatcher] Send job request message to worker for job 5cd68c05-86c9-5dfb-ba17-80a8f425aaa4.
[2025-11-11 21:46:29Z INFO ProcessChannel] Sending message of length 22252, with hash '2b4c2d07516ddb5879b4821f8d514fac6a87526d36950aaec596ebba8e9a8d12'
[2025-11-11 21:46:29Z INFO JobNotification] Entering JobStarted Notification
[2025-11-11 21:46:29Z INFO JobNotification] Entering StartMonitor
[2025-11-11 21:47:29Z INFO JobDispatcher] Successfully renew job 5cd68c05-86c9-5dfb-ba17-80a8f425aaa4, job is valid till 11.11.2025 21:57:28
[2025-11-11 21:48:29Z INFO JobDispatcher] Successfully renew job 5cd68c05-86c9-5dfb-ba17-80a8f425aaa4, job is valid till 11.11.2025 21:58:28
[2025-11-11 21:49:29Z INFO JobDispatcher] Successfully renew job 5cd68c05-86c9-5dfb-ba17-80a8f425aaa4, job is valid till 11.11.2025 21:59:28
[2025-11-11 21:50:29Z INFO JobDispatcher] Successfully renew job 5cd68c05-86c9-5dfb-ba17-80a8f425aaa4, job is valid till 11.11.2025 22:00:28
[2025-11-11 21:51:30Z INFO JobDispatcher] Successfully renew job 5cd68c05-86c9-5dfb-ba17-80a8f425aaa4, job is valid till 11.11.2025 22:01:28
[2025-11-11 21:52:30Z INFO JobDispatcher] Successfully renew job 5cd68c05-86c9-5dfb-ba17-80a8f425aaa4, job is valid till 11.11.2025 22:02:29
[2025-11-11 21:52:42Z INFO ProcessInvokerWrapper] STDOUT/STDERR stream read finished.
[2025-11-11 21:52:42Z INFO ProcessInvokerWrapper] STDOUT/STDERR stream read finished.
[2025-11-11 21:52:42Z INFO ProcessInvokerWrapper] Finished process 8220 with exit code 102, and elapsed time 00:06:13.6413628.
[2025-11-11 21:52:42Z INFO JobDispatcher] Worker finished for job 5cd68c05-86c9-5dfb-ba17-80a8f425aaa4. Code: 102
[2025-11-11 21:52:42Z INFO JobDispatcher] finish job request for job 5cd68c05-86c9-5dfb-ba17-80a8f425aaa4 with result: Failed
[2025-11-11 21:52:42Z INFO Terminal] WRITE LINE: 2025-11-11 21:52:42Z: Job deploy-and-test completed with result: Failed
[2025-11-11 21:52:42Z INFO JobDispatcher] Stop renew job request for job 5cd68c05-86c9-5dfb-ba17-80a8f425aaa4.
[2025-11-11 21:52:42Z INFO JobDispatcher] job renew has been cancelled, stop renew job 5cd68c05-86c9-5dfb-ba17-80a8f425aaa4.
[2025-11-11 21:52:42Z INFO JobNotification] Entering JobCompleted Notification
[2025-11-11 21:52:42Z INFO JobNotification] Entering EndMonitor
[2025-11-11 21:52:42Z INFO BrokerMessageListener] Received job status event. JobState: Online
[2025-11-11 21:52:42Z WARN GitHubActionsService] GET request to https://broker.actions.githubusercontent.com/message?sessionId=35b9932d-8ea8-46f9-aa7c-63fc3bebecfd&status=Busy&runnerVersion=2.329.0&os=Windows&architecture=X64&disableUpdate=false has been cancelled.
[2025-11-11 21:52:42Z ERR  BrokerServer] Catch exception during request
[2025-11-11 21:52:42Z ERR  BrokerServer] System.Threading.Tasks.TaskCanceledException: The operation was canceled.
 ---> System.Threading.Tasks.TaskCanceledException: The operation was canceled.
 ---> System.IO.IOException: Unable to read data from the transport connection: Операция ввода/вывода была прервана из-за завершения потока команд или по запросу приложения..
 ---> System.Net.Sockets.SocketException (995): Операция ввода/вывода была прервана из-за завершения потока команд или по запросу приложения.
   --- End of inner exception stack trace ---
   at System.Net.Sockets.Socket.AwaitableSocketAsyncEventArgs.ThrowException(SocketError error, CancellationToken cancellationToken)
   at System.Net.Sockets.Socket.AwaitableSocketAsyncEventArgs.System.Threading.Tasks.Sources.IValueTaskSource<System.Int32>.GetResult(Int16 token)
   at System.Net.Security.SslStream.EnsureFullTlsFrameAsync[TIOAdapter](CancellationToken cancellationToken, Int32 estimatedSize)
   at System.Runtime.CompilerServices.PoolingAsyncValueTaskMethodBuilder`1.StateMachineBox`1.System.Threading.Tasks.Sources.IValueTaskSource<TResult>.GetResult(Int16 token)
   at System.Net.Security.SslStream.ReadAsyncInternal[TIOAdapter](Memory`1 buffer, CancellationToken cancellationToken)
   at System.Runtime.CompilerServices.PoolingAsyncValueTaskMethodBuilder`1.StateMachineBox`1.System.Threading.Tasks.Sources.IValueTaskSource<TResult>.GetResult(Int16 token)
   at System.Net.Http.HttpConnection.SendAsync(HttpRequestMessage request, Boolean async, CancellationToken cancellationToken)
   --- End of inner exception stack trace ---
   at System.Net.Http.HttpConnection.SendAsync(HttpRequestMessage request, Boolean async, CancellationToken cancellationToken)
   at System.Net.Http.AuthenticationHelper.SendWithNtAuthAsync(HttpRequestMessage request, Uri authUri, Boolean async, ICredentials credentials, Boolean isProxyAuth, HttpConnection connection, HttpConnectionPool connectionPool, CancellationToken cancellationToken)
   at System.Net.Http.HttpConnectionPool.SendWithVersionDetectionAndRetryAsync(HttpRequestMessage request, Boolean async, Boolean doRequestAuth, CancellationToken cancellationToken)
   at System.Net.Http.AuthenticationHelper.SendWithAuthAsync(HttpRequestMessage request, Uri authUri, Boolean async, ICredentials credentials, Boolean preAuthenticate, Boolean isProxyAuth, Boolean doRequestAuth, HttpConnectionPool pool, CancellationToken cancellationToken)
   at System.Net.Http.RedirectHandler.SendAsync(HttpRequestMessage request, Boolean async, CancellationToken cancellationToken)
   at GitHub.Services.Common.RawHttpMessageHandler.SendAsync(HttpRequestMessage request, CancellationToken cancellationToken)
   at GitHub.Services.Common.VssHttpRetryMessageHandler.SendAsync(HttpRequestMessage request, CancellationToken cancellationToken)
   at System.Net.Http.HttpClient.<SendAsync>g__Core|83_0(HttpRequestMessage request, HttpCompletionOption completionOption, CancellationTokenSource cts, Boolean disposeCts, CancellationTokenSource pendingRequestsCts, CancellationToken originalCancellationToken)
   --- End of inner exception stack trace ---
   at System.Net.Http.HttpClient.HandleFailure(Exception e, Boolean telemetryStarted, HttpResponseMessage response, CancellationTokenSource cts, CancellationToken cancellationToken, CancellationTokenSource pendingRequestsCts)
   at System.Net.Http.HttpClient.<SendAsync>g__Core|83_0(HttpRequestMessage request, HttpCompletionOption completionOption, CancellationTokenSource cts, Boolean disposeCts, CancellationTokenSource pendingRequestsCts, CancellationToken originalCancellationToken)
   at Sdk.WebApi.WebApi.RawHttpClientBase.SendAsync(HttpRequestMessage message, HttpCompletionOption completionOption, Object userState, CancellationToken cancellationToken)
   at Sdk.WebApi.WebApi.RawHttpClientBase.SendAsync[T](HttpRequestMessage message, Boolean readErrorBody, Object userState, CancellationToken cancellationToken)
   at Sdk.WebApi.WebApi.RawHttpClientBase.SendAsync[T](HttpMethod method, IEnumerable`1 additionalHeaders, Uri requestUri, HttpContent content, IEnumerable`1 queryParameters, Boolean readErrorBody, Object userState, CancellationToken cancellationToken)
   at GitHub.Actions.RunService.WebApi.BrokerHttpClient.GetRunnerMessageAsync(Nullable`1 sessionId, String runnerVersion, Nullable`1 status, String os, String architecture, Nullable`1 disableUpdate, CancellationToken cancellationToken)
   at GitHub.Runner.Common.BrokerServer.<>c__DisplayClass7_0.<<GetRunnerMessageAsync>b__0>d.MoveNext()
--- End of stack trace from previous location ---
   at GitHub.Runner.Common.RunnerService.RetryRequest[T](Func`1 func, CancellationToken cancellationToken, Int32 maxAttempts, Func`2 shouldRetry)
[2025-11-11 21:52:42Z ERR  BrokerServer] #####################################################
[2025-11-11 21:52:42Z ERR  BrokerServer] System.Threading.Tasks.TaskCanceledException: The operation was canceled.
 ---> System.IO.IOException: Unable to read data from the transport connection: Операция ввода/вывода была прервана из-за завершения потока команд или по запросу приложения..
 ---> System.Net.Sockets.SocketException (995): Операция ввода/вывода была прервана из-за завершения потока команд или по запросу приложения.
   --- End of inner exception stack trace ---
   at System.Net.Sockets.Socket.AwaitableSocketAsyncEventArgs.ThrowException(SocketError error, CancellationToken cancellationToken)
   at System.Net.Sockets.Socket.AwaitableSocketAsyncEventArgs.System.Threading.Tasks.Sources.IValueTaskSource<System.Int32>.GetResult(Int16 token)
   at System.Net.Security.SslStream.EnsureFullTlsFrameAsync[TIOAdapter](CancellationToken cancellationToken, Int32 estimatedSize)
   at System.Runtime.CompilerServices.PoolingAsyncValueTaskMethodBuilder`1.StateMachineBox`1.System.Threading.Tasks.Sources.IValueTaskSource<TResult>.GetResult(Int16 token)
   at System.Net.Security.SslStream.ReadAsyncInternal[TIOAdapter](Memory`1 buffer, CancellationToken cancellationToken)
   at System.Runtime.CompilerServices.PoolingAsyncValueTaskMethodBuilder`1.StateMachineBox`1.System.Threading.Tasks.Sources.IValueTaskSource<TResult>.GetResult(Int16 token)
   at System.Net.Http.HttpConnection.SendAsync(HttpRequestMessage request, Boolean async, CancellationToken cancellationToken)
   --- End of inner exception stack trace ---
   at System.Net.Http.HttpConnection.SendAsync(HttpRequestMessage request, Boolean async, CancellationToken cancellationToken)
   at System.Net.Http.AuthenticationHelper.SendWithNtAuthAsync(HttpRequestMessage request, Uri authUri, Boolean async, ICredentials credentials, Boolean isProxyAuth, HttpConnection connection, HttpConnectionPool connectionPool, CancellationToken cancellationToken)
   at System.Net.Http.HttpConnectionPool.SendWithVersionDetectionAndRetryAsync(HttpRequestMessage request, Boolean async, Boolean doRequestAuth, CancellationToken cancellationToken)
   at System.Net.Http.AuthenticationHelper.SendWithAuthAsync(HttpRequestMessage request, Uri authUri, Boolean async, ICredentials credentials, Boolean preAuthenticate, Boolean isProxyAuth, Boolean doRequestAuth, HttpConnectionPool pool, CancellationToken cancellationToken)
   at System.Net.Http.RedirectHandler.SendAsync(HttpRequestMessage request, Boolean async, CancellationToken cancellationToken)
   at GitHub.Services.Common.RawHttpMessageHandler.SendAsync(HttpRequestMessage request, CancellationToken cancellationToken)
   at GitHub.Services.Common.VssHttpRetryMessageHandler.SendAsync(HttpRequestMessage request, CancellationToken cancellationToken)
   at System.Net.Http.HttpClient.<SendAsync>g__Core|83_0(HttpRequestMessage request, HttpCompletionOption completionOption, CancellationTokenSource cts, Boolean disposeCts, CancellationTokenSource pendingRequestsCts, CancellationToken originalCancellationToken)
[2025-11-11 21:52:42Z ERR  BrokerServer] #####################################################
[2025-11-11 21:52:42Z ERR  BrokerServer] System.IO.IOException: Unable to read data from the transport connection: Операция ввода/вывода была прервана из-за завершения потока команд или по запросу приложения..
 ---> System.Net.Sockets.SocketException (995): Операция ввода/вывода была прервана из-за завершения потока команд или по запросу приложения.
   --- End of inner exception stack trace ---
   at System.Net.Sockets.Socket.AwaitableSocketAsyncEventArgs.ThrowException(SocketError error, CancellationToken cancellationToken)
   at System.Net.Sockets.Socket.AwaitableSocketAsyncEventArgs.System.Threading.Tasks.Sources.IValueTaskSource<System.Int32>.GetResult(Int16 token)
   at System.Net.Security.SslStream.EnsureFullTlsFrameAsync[TIOAdapter](CancellationToken cancellationToken, Int32 estimatedSize)
   at System.Runtime.CompilerServices.PoolingAsyncValueTaskMethodBuilder`1.StateMachineBox`1.System.Threading.Tasks.Sources.IValueTaskSource<TResult>.GetResult(Int16 token)
   at System.Net.Security.SslStream.ReadAsyncInternal[TIOAdapter](Memory`1 buffer, CancellationToken cancellationToken)
   at System.Runtime.CompilerServices.PoolingAsyncValueTaskMethodBuilder`1.StateMachineBox`1.System.Threading.Tasks.Sources.IValueTaskSource<TResult>.GetResult(Int16 token)
   at System.Net.Http.HttpConnection.SendAsync(HttpRequestMessage request, Boolean async, CancellationToken cancellationToken)
[2025-11-11 21:52:42Z ERR  BrokerServer] #####################################################
[2025-11-11 21:52:42Z ERR  BrokerServer] System.Net.Sockets.SocketException (995): Операция ввода/вывода была прервана из-за завершения потока команд или по запросу приложения.
[2025-11-11 21:52:42Z WARN BrokerServer] Back off 7,091 seconds before next retry. 4 attempt left.
[2025-11-11 21:52:42Z INFO BrokerMessageListener] Get messages has been cancelled using local token source. Continue to get messages with new status.
[2025-11-11 21:53:42Z INFO HostContext] Runner will be shutdown for UserCancelled
[2025-11-11 21:53:42Z WARN GitHubActionsService] GET request to https://broker.actions.githubusercontent.com/message?sessionId=35b9932d-8ea8-46f9-aa7c-63fc3bebecfd&status=Online&runnerVersion=2.329.0&os=Windows&architecture=X64&disableUpdate=false has been cancelled.
[2025-11-11 21:53:42Z ERR  BrokerServer] Catch exception during request
[2025-11-11 21:53:42Z ERR  BrokerServer] System.Threading.Tasks.TaskCanceledException: The operation was canceled.
 ---> System.Threading.Tasks.TaskCanceledException: The operation was canceled.
 ---> System.IO.IOException: Unable to read data from the transport connection: Операция ввода/вывода была прервана из-за завершения потока команд или по запросу приложения..
 ---> System.Net.Sockets.SocketException (995): Операция ввода/вывода была прервана из-за завершения потока команд или по запросу приложения.
   --- End of inner exception stack trace ---
   at System.Net.Sockets.Socket.AwaitableSocketAsyncEventArgs.ThrowException(SocketError error, CancellationToken cancellationToken)
   at System.Net.Sockets.Socket.AwaitableSocketAsyncEventArgs.System.Threading.Tasks.Sources.IValueTaskSource<System.Int32>.GetResult(Int16 token)
   at System.Net.Security.SslStream.EnsureFullTlsFrameAsync[TIOAdapter](CancellationToken cancellationToken, Int32 estimatedSize)
   at System.Runtime.CompilerServices.PoolingAsyncValueTaskMethodBuilder`1.StateMachineBox`1.System.Threading.Tasks.Sources.IValueTaskSource<TResult>.GetResult(Int16 token)
   at System.Net.Security.SslStream.ReadAsyncInternal[TIOAdapter](Memory`1 buffer, CancellationToken cancellationToken)
   at System.Runtime.CompilerServices.PoolingAsyncValueTaskMethodBuilder`1.StateMachineBox`1.System.Threading.Tasks.Sources.IValueTaskSource<TResult>.GetResult(Int16 token)
   at System.Net.Http.HttpConnection.SendAsync(HttpRequestMessage request, Boolean async, CancellationToken cancellationToken)
   --- End of inner exception stack trace ---
   at System.Net.Http.HttpConnection.SendAsync(HttpRequestMessage request, Boolean async, CancellationToken cancellationToken)
   at System.Net.Http.AuthenticationHelper.SendWithNtAuthAsync(HttpRequestMessage request, Uri authUri, Boolean async, ICredentials credentials, Boolean isProxyAuth, HttpConnection connection, HttpConnectionPool connectionPool, CancellationToken cancellationToken)
   at System.Net.Http.HttpConnectionPool.SendWithVersionDetectionAndRetryAsync(HttpRequestMessage request, Boolean async, Boolean doRequestAuth, CancellationToken cancellationToken)
   at System.Net.Http.AuthenticationHelper.SendWithAuthAsync(HttpRequestMessage request, Uri authUri, Boolean async, ICredentials credentials, Boolean preAuthenticate, Boolean isProxyAuth, Boolean doRequestAuth, HttpConnectionPool pool, CancellationToken cancellationToken)
   at System.Net.Http.RedirectHandler.SendAsync(HttpRequestMessage request, Boolean async, CancellationToken cancellationToken)
   at GitHub.Services.Common.RawHttpMessageHandler.SendAsync(HttpRequestMessage request, CancellationToken cancellationToken)
   at GitHub.Services.Common.VssHttpRetryMessageHandler.SendAsync(HttpRequestMessage request, CancellationToken cancellationToken)
   at System.Net.Http.HttpClient.<SendAsync>g__Core|83_0(HttpRequestMessage request, HttpCompletionOption completionOption, CancellationTokenSource cts, Boolean disposeCts, CancellationTokenSource pendingRequestsCts, CancellationToken originalCancellationToken)
   --- End of inner exception stack trace ---
   at System.Net.Http.HttpClient.HandleFailure(Exception e, Boolean telemetryStarted, HttpResponseMessage response, CancellationTokenSource cts, CancellationToken cancellationToken, CancellationTokenSource pendingRequestsCts)
   at System.Net.Http.HttpClient.<SendAsync>g__Core|83_0(HttpRequestMessage request, HttpCompletionOption completionOption, CancellationTokenSource cts, Boolean disposeCts, CancellationTokenSource pendingRequestsCts, CancellationToken originalCancellationToken)
   at Sdk.WebApi.WebApi.RawHttpClientBase.SendAsync(HttpRequestMessage message, HttpCompletionOption completionOption, Object userState, CancellationToken cancellationToken)
   at Sdk.WebApi.WebApi.RawHttpClientBase.SendAsync[T](HttpRequestMessage message, Boolean readErrorBody, Object userState, CancellationToken cancellationToken)
   at Sdk.WebApi.WebApi.RawHttpClientBase.SendAsync[T](HttpMethod method, IEnumerable`1 additionalHeaders, Uri requestUri, HttpContent content, IEnumerable`1 queryParameters, Boolean readErrorBody, Object userState, CancellationToken cancellationToken)
   at GitHub.Actions.RunService.WebApi.BrokerHttpClient.GetRunnerMessageAsync(Nullable`1 sessionId, String runnerVersion, Nullable`1 status, String os, String architecture, Nullable`1 disableUpdate, CancellationToken cancellationToken)
   at GitHub.Runner.Common.BrokerServer.<>c__DisplayClass7_0.<<GetRunnerMessageAsync>b__0>d.MoveNext()
--- End of stack trace from previous location ---
   at GitHub.Runner.Common.RunnerService.RetryRequest[T](Func`1 func, CancellationToken cancellationToken, Int32 maxAttempts, Func`2 shouldRetry)
[2025-11-11 21:53:42Z ERR  BrokerServer] #####################################################
[2025-11-11 21:53:42Z ERR  BrokerServer] System.Threading.Tasks.TaskCanceledException: The operation was canceled.
 ---> System.IO.IOException: Unable to read data from the transport connection: Операция ввода/вывода была прервана из-за завершения потока команд или по запросу приложения..
 ---> System.Net.Sockets.SocketException (995): Операция ввода/вывода была прервана из-за завершения потока команд или по запросу приложения.
   --- End of inner exception stack trace ---
   at System.Net.Sockets.Socket.AwaitableSocketAsyncEventArgs.ThrowException(SocketError error, CancellationToken cancellationToken)
   at System.Net.Sockets.Socket.AwaitableSocketAsyncEventArgs.System.Threading.Tasks.Sources.IValueTaskSource<System.Int32>.GetResult(Int16 token)
   at System.Net.Security.SslStream.EnsureFullTlsFrameAsync[TIOAdapter](CancellationToken cancellationToken, Int32 estimatedSize)
   at System.Runtime.CompilerServices.PoolingAsyncValueTaskMethodBuilder`1.StateMachineBox`1.System.Threading.Tasks.Sources.IValueTaskSource<TResult>.GetResult(Int16 token)
   at System.Net.Security.SslStream.ReadAsyncInternal[TIOAdapter](Memory`1 buffer, CancellationToken cancellationToken)
   at System.Runtime.CompilerServices.PoolingAsyncValueTaskMethodBuilder`1.StateMachineBox`1.System.Threading.Tasks.Sources.IValueTaskSource<TResult>.GetResult(Int16 token)
   at System.Net.Http.HttpConnection.SendAsync(HttpRequestMessage request, Boolean async, CancellationToken cancellationToken)
   --- End of inner exception stack trace ---
   at System.Net.Http.HttpConnection.SendAsync(HttpRequestMessage request, Boolean async, CancellationToken cancellationToken)
   at System.Net.Http.AuthenticationHelper.SendWithNtAuthAsync(HttpRequestMessage request, Uri authUri, Boolean async, ICredentials credentials, Boolean isProxyAuth, HttpConnection connection, HttpConnectionPool connectionPool, CancellationToken cancellationToken)
   at System.Net.Http.HttpConnectionPool.SendWithVersionDetectionAndRetryAsync(HttpRequestMessage request, Boolean async, Boolean doRequestAuth, CancellationToken cancellationToken)
   at System.Net.Http.AuthenticationHelper.SendWithAuthAsync(HttpRequestMessage request, Uri authUri, Boolean async, ICredentials credentials, Boolean preAuthenticate, Boolean isProxyAuth, Boolean doRequestAuth, HttpConnectionPool pool, CancellationToken cancellationToken)
   at System.Net.Http.RedirectHandler.SendAsync(HttpRequestMessage request, Boolean async, CancellationToken cancellationToken)
   at GitHub.Services.Common.RawHttpMessageHandler.SendAsync(HttpRequestMessage request, CancellationToken cancellationToken)
   at GitHub.Services.Common.VssHttpRetryMessageHandler.SendAsync(HttpRequestMessage request, CancellationToken cancellationToken)
   at System.Net.Http.HttpClient.<SendAsync>g__Core|83_0(HttpRequestMessage request, HttpCompletionOption completionOption, CancellationTokenSource cts, Boolean disposeCts, CancellationTokenSource pendingRequestsCts, CancellationToken originalCancellationToken)
[2025-11-11 21:53:42Z ERR  BrokerServer] #####################################################
[2025-11-11 21:53:42Z ERR  BrokerServer] System.IO.IOException: Unable to read data from the transport connection: Операция ввода/вывода была прервана из-за завершения потока команд или по запросу приложения..
 ---> System.Net.Sockets.SocketException (995): Операция ввода/вывода была прервана из-за завершения потока команд или по запросу приложения.
   --- End of inner exception stack trace ---
   at System.Net.Sockets.Socket.AwaitableSocketAsyncEventArgs.ThrowException(SocketError error, CancellationToken cancellationToken)
   at System.Net.Sockets.Socket.AwaitableSocketAsyncEventArgs.System.Threading.Tasks.Sources.IValueTaskSource<System.Int32>.GetResult(Int16 token)
   at System.Net.Security.SslStream.EnsureFullTlsFrameAsync[TIOAdapter](CancellationToken cancellationToken, Int32 estimatedSize)
   at System.Runtime.CompilerServices.PoolingAsyncValueTaskMethodBuilder`1.StateMachineBox`1.System.Threading.Tasks.Sources.IValueTaskSource<TResult>.GetResult(Int16 token)
   at System.Net.Security.SslStream.ReadAsyncInternal[TIOAdapter](Memory`1 buffer, CancellationToken cancellationToken)
   at System.Runtime.CompilerServices.PoolingAsyncValueTaskMethodBuilder`1.StateMachineBox`1.System.Threading.Tasks.Sources.IValueTaskSource<TResult>.GetResult(Int16 token)
   at System.Net.Http.HttpConnection.SendAsync(HttpRequestMessage request, Boolean async, CancellationToken cancellationToken)
[2025-11-11 21:53:42Z ERR  BrokerServer] #####################################################
[2025-11-11 21:53:42Z ERR  BrokerServer] System.Net.Sockets.SocketException (995): Операция ввода/вывода была прервана из-за завершения потока команд или по запросу приложения.
[2025-11-11 21:53:42Z WARN BrokerServer] Back off 11,272 seconds before next retry. 4 attempt left.
[2025-11-11 21:53:42Z INFO BrokerMessageListener] Get next message has been cancelled.
[2025-11-11 21:53:42Z INFO JobDispatcher] Shutting down JobDispatcher. Make sure all WorkerDispatcher has finished.
[2025-11-11 21:53:42Z INFO JobDispatcher] Ensure WorkerDispatcher for job 5cd68c05-86c9-5dfb-ba17-80a8f425aaa4 run to finish, cancel any running job.
[2025-11-11 21:53:42Z INFO JobDispatcher] Job request 5cd68c05-86c9-5dfb-ba17-80a8f425aaa4 processed succeed.
[2025-11-11 21:53:42Z INFO Runner] Deleting Runner Session...
[2025-11-11 21:53:42Z INFO Listener] Runner execution been cancelled.
