[2025-11-09 21:26:06Z INFO HostContext] No proxy settings were found based on environmental variables (http_proxy/https_proxy/HTTP_PROXY/HTTPS_PROXY)
[2025-11-09 21:26:06Z INFO HostContext] Well known directory 'Bin': 'C:\Users\egorv\Documents\devops\practice_3\actions-runner\bin'
[2025-11-09 21:26:06Z INFO HostContext] Well known directory 'Root': 'C:\Users\egorv\Documents\devops\practice_3\actions-runner'
[2025-11-09 21:26:06Z INFO HostContext] Well known config file 'Credentials': 'C:\Users\egorv\Documents\devops\practice_3\actions-runner\.credentials'
[2025-11-09 21:26:06Z INFO HostContext] Well known directory 'Bin': 'C:\Users\egorv\Documents\devops\practice_3\actions-runner\bin'
[2025-11-09 21:26:06Z INFO HostContext] Well known directory 'Root': 'C:\Users\egorv\Documents\devops\practice_3\actions-runner'
[2025-11-09 21:26:06Z INFO HostContext] Well known config file 'Runner': 'C:\Users\egorv\Documents\devops\practice_3\actions-runner\.runner'
[2025-11-09 21:26:06Z INFO Listener] Runner is built for Windows (X64) - win-x64.
[2025-11-09 21:26:06Z INFO Listener] RuntimeInformation: Microsoft Windows 10.0.19045.
[2025-11-09 21:26:06Z INFO Listener] Version: 2.329.0
[2025-11-09 21:26:06Z INFO Listener] Commit: c76c59996c8fa32e989164a5a695efb12608ae5a
[2025-11-09 21:26:06Z INFO Listener] Culture: ru-RU
[2025-11-09 21:26:06Z INFO Listener] UI Culture: ru-RU
[2025-11-09 21:26:06Z INFO HostContext] Well known directory 'Bin': 'C:\Users\egorv\Documents\devops\practice_3\actions-runner\bin'
[2025-11-09 21:26:06Z INFO HostContext] Well known directory 'Root': 'C:\Users\egorv\Documents\devops\practice_3\actions-runner'
[2025-11-09 21:26:06Z INFO Listener] Validating directory permissions for: 'C:\Users\egorv\Documents\devops\practice_3\actions-runner'
[2025-11-09 21:26:06Z INFO CommandLineParser] Parse
[2025-11-09 21:26:06Z INFO CommandLineParser] Parsing 1 args
[2025-11-09 21:26:06Z INFO CommandLineParser] parsing argument
[2025-11-09 21:26:06Z INFO CommandLineParser] HasArgs: False
[2025-11-09 21:26:06Z INFO CommandLineParser] Adding Command: run
[2025-11-09 21:26:06Z INFO Listener] Arguments parsed
[2025-11-09 21:26:06Z INFO Runner] ExecuteCommand
[2025-11-09 21:26:06Z INFO ConfigurationStore] currentAssemblyLocation: C:\Users\egorv\Documents\devops\practice_3\actions-runner\bin\Runner.Listener.dll
[2025-11-09 21:26:06Z INFO HostContext] Well known directory 'Bin': 'C:\Users\egorv\Documents\devops\practice_3\actions-runner\bin'
[2025-11-09 21:26:06Z INFO ConfigurationStore] binPath: C:\Users\egorv\Documents\devops\practice_3\actions-runner\bin
[2025-11-09 21:26:06Z INFO HostContext] Well known directory 'Bin': 'C:\Users\egorv\Documents\devops\practice_3\actions-runner\bin'
[2025-11-09 21:26:06Z INFO HostContext] Well known directory 'Root': 'C:\Users\egorv\Documents\devops\practice_3\actions-runner'
[2025-11-09 21:26:06Z INFO ConfigurationStore] RootFolder: C:\Users\egorv\Documents\devops\practice_3\actions-runner
[2025-11-09 21:26:06Z INFO HostContext] Well known directory 'Bin': 'C:\Users\egorv\Documents\devops\practice_3\actions-runner\bin'
[2025-11-09 21:26:06Z INFO HostContext] Well known directory 'Root': 'C:\Users\egorv\Documents\devops\practice_3\actions-runner'
[2025-11-09 21:26:06Z INFO HostContext] Well known config file 'Runner': 'C:\Users\egorv\Documents\devops\practice_3\actions-runner\.runner'
[2025-11-09 21:26:06Z INFO ConfigurationStore] ConfigFilePath: C:\Users\egorv\Documents\devops\practice_3\actions-runner\.runner
[2025-11-09 21:26:06Z INFO HostContext] Well known directory 'Bin': 'C:\Users\egorv\Documents\devops\practice_3\actions-runner\bin'
[2025-11-09 21:26:06Z INFO HostContext] Well known directory 'Root': 'C:\Users\egorv\Documents\devops\practice_3\actions-runner'
[2025-11-09 21:26:06Z INFO HostContext] Well known config file 'MigratedRunner': 'C:\Users\egorv\Documents\devops\practice_3\actions-runner\.runner_migrated'
[2025-11-09 21:26:06Z INFO ConfigurationStore] MigratedConfigFilePath: C:\Users\egorv\Documents\devops\practice_3\actions-runner\.runner_migrated
[2025-11-09 21:26:06Z INFO HostContext] Well known directory 'Bin': 'C:\Users\egorv\Documents\devops\practice_3\actions-runner\bin'
[2025-11-09 21:26:06Z INFO HostContext] Well known directory 'Root': 'C:\Users\egorv\Documents\devops\practice_3\actions-runner'
[2025-11-09 21:26:06Z INFO HostContext] Well known config file 'Credentials': 'C:\Users\egorv\Documents\devops\practice_3\actions-runner\.credentials'
[2025-11-09 21:26:06Z INFO ConfigurationStore] CredFilePath: C:\Users\egorv\Documents\devops\practice_3\actions-runner\.credentials
[2025-11-09 21:26:06Z INFO HostContext] Well known directory 'Bin': 'C:\Users\egorv\Documents\devops\practice_3\actions-runner\bin'
[2025-11-09 21:26:06Z INFO HostContext] Well known directory 'Root': 'C:\Users\egorv\Documents\devops\practice_3\actions-runner'
[2025-11-09 21:26:06Z INFO HostContext] Well known config file 'MigratedCredentials': 'C:\Users\egorv\Documents\devops\practice_3\actions-runner\.credentials_migrated'
[2025-11-09 21:26:06Z INFO ConfigurationStore] MigratedCredFilePath: C:\Users\egorv\Documents\devops\practice_3\actions-runner\.credentials_migrated
[2025-11-09 21:26:06Z INFO HostContext] Well known directory 'Bin': 'C:\Users\egorv\Documents\devops\practice_3\actions-runner\bin'
[2025-11-09 21:26:06Z INFO HostContext] Well known directory 'Root': 'C:\Users\egorv\Documents\devops\practice_3\actions-runner'
[2025-11-09 21:26:06Z INFO HostContext] Well known config file 'Service': 'C:\Users\egorv\Documents\devops\practice_3\actions-runner\.service'
[2025-11-09 21:26:06Z INFO ConfigurationStore] ServiceConfigFilePath: C:\Users\egorv\Documents\devops\practice_3\actions-runner\.service
[2025-11-09 21:26:06Z INFO CommandSettings] Flag 'help': 'False'
[2025-11-09 21:26:06Z INFO CommandSettings] Flag 'version': 'False'
[2025-11-09 21:26:06Z INFO CommandSettings] Flag 'commit': 'False'
[2025-11-09 21:26:06Z INFO CommandSettings] Flag 'check': 'False'
[2025-11-09 21:26:06Z INFO CommandSettings] Command 'configure': 'False'
[2025-11-09 21:26:06Z INFO CommandSettings] Command 'remove': 'False'
[2025-11-09 21:26:06Z INFO CommandSettings] Command 'warmup': 'False'
[2025-11-09 21:26:06Z INFO ConfigurationManager] LoadSettings
[2025-11-09 21:26:06Z INFO ConfigurationStore] IsConfigured()
[2025-11-09 21:26:06Z INFO ConfigurationStore] IsConfigured: True
[2025-11-09 21:26:06Z INFO ConfigurationManager] Is configured: True
[2025-11-09 21:26:06Z INFO ConfigurationStore] Read setting file: 400 chars
[2025-11-09 21:26:06Z INFO ConfigurationManager] Settings Loaded
[2025-11-09 21:26:06Z INFO ConfigurationStore] IsServiceConfigured()
[2025-11-09 21:26:06Z INFO ConfigurationStore] IsServiceConfigured: False
[2025-11-09 21:26:06Z INFO CommandSettings] Command 'run': 'True'
[2025-11-09 21:26:06Z INFO ConfigurationStore] IsConfigured()
[2025-11-09 21:26:06Z INFO ConfigurationStore] IsConfigured: True
[2025-11-09 21:26:06Z INFO ConfigurationManager] Is configured: True
[2025-11-09 21:26:06Z INFO Runner] Could not parse the argument value '' for StartupType. Defaulting to Manual
[2025-11-09 21:26:06Z INFO Runner] Set runner startup type - Manual
[2025-11-09 21:26:06Z INFO CommandSettings] Flag 'once': 'False'
[2025-11-09 21:26:06Z INFO CommandSettings] Flag 'once': 'False'
[2025-11-09 21:26:06Z INFO Runner] RunAsync
[2025-11-09 21:26:06Z INFO ConfigurationManager] LoadMigratedSettings
[2025-11-09 21:26:06Z INFO ConfigurationStore] IsMigratedConfigured()
[2025-11-09 21:26:06Z INFO ConfigurationStore] IsMigratedConfigured: False
[2025-11-09 21:26:06Z INFO Runner] Failed to load migrated settings: No migrated configuration found.
[2025-11-09 21:26:06Z INFO Runner] Falling back to original .runner settings
[2025-11-09 21:26:06Z INFO Runner] Using BrokerMessageListener
[2025-11-09 21:26:06Z INFO BrokerMessageListener] Using provided settings
[2025-11-09 21:26:06Z INFO BrokerMessageListener] {
  "AgentId": 2,
  "AgentName": "DESKTOP-UBG39OS",
  "PoolId": 1,
  "PoolName": "Default",
  "ServerUrl": "https://pipelinesghubeus3.actions.githubusercontent.com/ugog8tdjifN7hHmLQmgcSNYTEPxmxa1cn8DI5s1sSgmnKkBkcY/",
  "GitHubUrl": "https://github.com/Vatulin/github-actions",
  "WorkFolder": "_work",
  "UseV2Flow": true,
  "ServerUrlV2": "https://broker.actions.githubusercontent.com/"
}
[2025-11-09 21:26:06Z INFO BrokerMessageListener] Loading Credentials
[2025-11-09 21:26:06Z INFO ConfigurationStore] HasCredentials()
[2025-11-09 21:26:06Z INFO ConfigurationStore] stored True
[2025-11-09 21:26:06Z INFO CredentialManager] GetCredentialProvider
[2025-11-09 21:26:06Z INFO CredentialManager] Creating type OAuth
[2025-11-09 21:26:06Z INFO CredentialManager] Creating credential type: OAuth
[2025-11-09 21:26:06Z INFO HostContext] Well known directory 'Bin': 'C:\Users\egorv\Documents\devops\practice_3\actions-runner\bin'
[2025-11-09 21:26:06Z INFO HostContext] Well known directory 'Root': 'C:\Users\egorv\Documents\devops\practice_3\actions-runner'
[2025-11-09 21:26:06Z INFO HostContext] Well known config file 'RSACredentials': 'C:\Users\egorv\Documents\devops\practice_3\actions-runner\.credentials_rsaparams'
[2025-11-09 21:26:06Z INFO RSAEncryptedFileKeyManager] Loading RSA key parameters from file C:\Users\egorv\Documents\devops\practice_3\actions-runner\.credentials_rsaparams
[2025-11-09 21:26:06Z INFO BrokerMessageListener] Attempt to create session.
[2025-11-09 21:26:06Z INFO BrokerMessageListener] Connecting to the Broker Server...
[2025-11-09 21:26:06Z INFO ConfigurationStore] HasCredentials()
[2025-11-09 21:26:06Z INFO ConfigurationStore] stored True
[2025-11-09 21:26:06Z INFO CredentialManager] GetCredentialProvider
[2025-11-09 21:26:06Z INFO CredentialManager] Creating type OAuth
[2025-11-09 21:26:06Z INFO CredentialManager] Creating credential type: OAuth
[2025-11-09 21:26:06Z INFO RSAEncryptedFileKeyManager] Loading RSA key parameters from file C:\Users\egorv\Documents\devops\practice_3\actions-runner\.credentials_rsaparams
[2025-11-09 21:26:06Z INFO BrokerMessageListener] VssConnection created
[2025-11-09 21:26:06Z INFO BrokerMessageListener] Connecting to the Runner server...
[2025-11-09 21:26:06Z INFO RunnerServer] EstablishVssConnection
[2025-11-09 21:26:06Z INFO RunnerServer] Establish connection with 100 seconds timeout.
[2025-11-09 21:26:06Z INFO GitHubActionsService] Starting operation Location.GetConnectionData
[2025-11-09 21:26:06Z INFO RunnerServer] EstablishVssConnection
[2025-11-09 21:26:06Z INFO RunnerServer] Establish connection with 60 seconds timeout.
[2025-11-09 21:26:06Z INFO GitHubActionsService] Starting operation Location.GetConnectionData
[2025-11-09 21:26:06Z INFO RunnerServer] EstablishVssConnection
[2025-11-09 21:26:06Z INFO RunnerServer] Establish connection with 60 seconds timeout.
[2025-11-09 21:26:06Z INFO GitHubActionsService] Starting operation Location.GetConnectionData
[2025-11-09 21:26:06Z INFO GitHubActionsService] Finished operation Location.GetConnectionData
[2025-11-09 21:26:06Z INFO GitHubActionsService] Finished operation Location.GetConnectionData
[2025-11-09 21:26:06Z INFO GitHubActionsService] Finished operation Location.GetConnectionData
[2025-11-09 21:26:07Z INFO BrokerMessageListener] VssConnection created
[2025-11-09 21:26:07Z INFO Terminal] WRITE LINE: 
[2025-11-09 21:26:07Z INFO Terminal] WRITE LINE: 
[2025-11-09 21:26:07Z INFO RSAEncryptedFileKeyManager] Loading RSA key parameters from file C:\Users\egorv\Documents\devops\practice_3\actions-runner\.credentials_rsaparams
[2025-11-09 21:26:07Z INFO RSAEncryptedFileKeyManager] Loading RSA key parameters from file C:\Users\egorv\Documents\devops\practice_3\actions-runner\.credentials_rsaparams
[2025-11-09 21:26:07Z INFO GitHubActionsService] AAD Correlation ID for this token request: Unknown
[2025-11-09 21:26:08Z INFO BrokerMessageListener] Session created.
[2025-11-09 21:26:08Z INFO Terminal] WRITE LINE: Current runner version: '2.329.0'
[2025-11-09 21:26:08Z INFO Terminal] WRITE LINE: 2025-11-09 21:26:08Z: Listening for Jobs
[2025-11-09 21:26:08Z INFO JobDispatcher] Set runner/worker IPC timeout to 30 seconds.
[2025-11-09 21:26:09Z INFO BrokerMessageListener] Acknowledging runner request '8c46a50e-c50f-5957-99ee-5846903b7d54'.
[2025-11-09 21:26:09Z INFO ConfigurationStore] HasCredentials()
[2025-11-09 21:26:09Z INFO ConfigurationStore] stored True
[2025-11-09 21:26:09Z INFO CredentialManager] GetCredentialProvider
[2025-11-09 21:26:09Z INFO CredentialManager] Creating type OAuth
[2025-11-09 21:26:09Z INFO CredentialManager] Creating credential type: OAuth
[2025-11-09 21:26:09Z INFO RSAEncryptedFileKeyManager] Loading RSA key parameters from file C:\Users\egorv\Documents\devops\practice_3\actions-runner\.credentials_rsaparams
[2025-11-09 21:26:09Z INFO RSAEncryptedFileKeyManager] Loading RSA key parameters from file C:\Users\egorv\Documents\devops\practice_3\actions-runner\.credentials_rsaparams
[2025-11-09 21:26:09Z INFO RSAEncryptedFileKeyManager] Loading RSA key parameters from file C:\Users\egorv\Documents\devops\practice_3\actions-runner\.credentials_rsaparams
[2025-11-09 21:26:10Z INFO GitHubActionsService] AAD Correlation ID for this token request: Unknown
[2025-11-09 21:26:11Z INFO JobDispatcher] Job request 0 for plan 845b8f3f-35dd-4c85-9c1a-06a53b160c29 job 8c46a50e-c50f-5957-99ee-5846903b7d54 received.
[2025-11-09 21:26:11Z INFO JobDispatcher] Pull OrchestrationId 845b8f3f-35dd-4c85-9c1a-06a53b160c29.deploy-and-test.__default from JWT claims
[2025-11-09 21:26:11Z INFO BrokerMessageListener] Received job status event. JobState: Busy
[2025-11-09 21:26:11Z INFO BrokerMessageListener] _getMessagesTokenSource is already disposed.
[2025-11-09 21:26:11Z INFO Terminal] WRITE LINE: 2025-11-09 21:26:11Z: Running job: deploy-and-test
[2025-11-09 21:26:11Z INFO JobDispatcher] Start renew job request 0 for job 8c46a50e-c50f-5957-99ee-5846903b7d54.
[2025-11-09 21:26:12Z INFO JobDispatcher] Successfully renew job 8c46a50e-c50f-5957-99ee-5846903b7d54, job is valid till 09.11.2025 21:36:11
[2025-11-09 21:26:12Z INFO HostContext] Well known directory 'Bin': 'C:\Users\egorv\Documents\devops\practice_3\actions-runner\bin'
[2025-11-09 21:26:12Z INFO ProcessInvokerWrapper] Starting process:
[2025-11-09 21:26:12Z INFO ProcessInvokerWrapper]   File name: 'C:\Users\egorv\Documents\devops\practice_3\actions-runner\bin\Runner.Worker.exe'
[2025-11-09 21:26:12Z INFO ProcessInvokerWrapper]   Arguments: 'spawnclient 2160 2172'
[2025-11-09 21:26:12Z INFO ProcessInvokerWrapper]   Working directory: 'C:\Users\egorv\Documents\devops\practice_3\actions-runner\bin'
[2025-11-09 21:26:12Z INFO ProcessInvokerWrapper]   Require exit code zero: 'False'
[2025-11-09 21:26:12Z INFO ProcessInvokerWrapper]   Encoding web name:  ; code page: ''
[2025-11-09 21:26:12Z INFO ProcessInvokerWrapper]   Force kill process on cancellation: 'True'
[2025-11-09 21:26:12Z INFO ProcessInvokerWrapper]   Redirected STDIN: 'False'
[2025-11-09 21:26:12Z INFO ProcessInvokerWrapper]   Persist current code page: 'False'
[2025-11-09 21:26:12Z INFO ProcessInvokerWrapper]   Keep redirected STDIN open: 'False'
[2025-11-09 21:26:12Z INFO ProcessInvokerWrapper]   High priority process: 'True'
[2025-11-09 21:26:12Z INFO ProcessInvokerWrapper] Process started with process id 2488, waiting for process exit.
[2025-11-09 21:26:12Z INFO JobDispatcher] Send job request message to worker for job 8c46a50e-c50f-5957-99ee-5846903b7d54.
[2025-11-09 21:26:12Z INFO ProcessChannel] Sending message of length 20770, with hash 'b972de116786fffd297565c59477e15e2160ff9ddd531bceb9a6e842539a4c89'
[2025-11-09 21:26:12Z INFO JobNotification] Entering JobStarted Notification
[2025-11-09 21:26:12Z INFO JobNotification] Entering StartMonitor
[2025-11-09 21:27:12Z INFO JobDispatcher] Successfully renew job 8c46a50e-c50f-5957-99ee-5846903b7d54, job is valid till 09.11.2025 21:37:11
[2025-11-09 21:27:14Z INFO ProcessInvokerWrapper] STDOUT/STDERR stream read finished.
[2025-11-09 21:27:14Z INFO ProcessInvokerWrapper] STDOUT/STDERR stream read finished.
[2025-11-09 21:27:14Z INFO ProcessInvokerWrapper] Finished process 2488 with exit code 102, and elapsed time 00:01:01.5622142.
[2025-11-09 21:27:14Z INFO JobDispatcher] Worker finished for job 8c46a50e-c50f-5957-99ee-5846903b7d54. Code: 102
[2025-11-09 21:27:14Z INFO JobDispatcher] finish job request for job 8c46a50e-c50f-5957-99ee-5846903b7d54 with result: Failed
[2025-11-09 21:27:14Z INFO Terminal] WRITE LINE: 2025-11-09 21:27:14Z: Job deploy-and-test completed with result: Failed
[2025-11-09 21:27:14Z INFO JobDispatcher] Stop renew job request for job 8c46a50e-c50f-5957-99ee-5846903b7d54.
[2025-11-09 21:27:14Z INFO JobDispatcher] job renew has been cancelled, stop renew job 8c46a50e-c50f-5957-99ee-5846903b7d54.
[2025-11-09 21:27:14Z INFO JobNotification] Entering JobCompleted Notification
[2025-11-09 21:27:14Z INFO JobNotification] Entering EndMonitor
[2025-11-09 21:27:14Z INFO BrokerMessageListener] Received job status event. JobState: Online
[2025-11-09 21:27:14Z WARN GitHubActionsService] GET request to https://broker.actions.githubusercontent.com/message?sessionId=df865b89-178d-4a86-9c5a-3c33a49f03cb&status=Busy&runnerVersion=2.329.0&os=Windows&architecture=X64&disableUpdate=false has been cancelled.
[2025-11-09 21:27:14Z ERR  BrokerServer] Catch exception during request
[2025-11-09 21:27:14Z ERR  BrokerServer] System.Threading.Tasks.TaskCanceledException: The operation was canceled.
 ---> System.Threading.Tasks.TaskCanceledException: The operation was canceled.
 ---> System.IO.IOException: Unable to read data from the transport connection: Операция ввода/вывода была прервана из-за завершения потока команд или по запросу приложения..
 ---> System.Net.Sockets.SocketException (995): Операция ввода/вывода была прервана из-за завершения потока команд или по запросу приложения.
   --- End of inner exception stack trace ---
   at System.Net.Sockets.Socket.AwaitableSocketAsyncEventArgs.ThrowException(SocketError error, CancellationToken cancellationToken)
   at System.Net.Sockets.Socket.AwaitableSocketAsyncEventArgs.System.Threading.Tasks.Sources.IValueTaskSource<System.Int32>.GetResult(Int16 token)
   at System.Net.Security.SslStream.EnsureFullTlsFrameAsync[TIOAdapter](CancellationToken cancellationToken, Int32 estimatedSize)
   at System.Runtime.CompilerServices.PoolingAsyncValueTaskMethodBuilder`1.StateMachineBox`1.System.Threading.Tasks.Sources.IValueTaskSource<TResult>.GetResult(Int16 token)
   at System.Net.Security.SslStream.ReadAsyncInternal[TIOAdapter](Memory`1 buffer, CancellationToken cancellationToken)
   at System.Runtime.CompilerServices.PoolingAsyncValueTaskMethodBuilder`1.StateMachineBox`1.System.Threading.Tasks.Sources.IValueTaskSource<TResult>.GetResult(Int16 token)
   at System.Net.Http.HttpConnection.SendAsync(HttpRequestMessage request, Boolean async, CancellationToken cancellationToken)
   --- End of inner exception stack trace ---
   at System.Net.Http.HttpConnection.SendAsync(HttpRequestMessage request, Boolean async, CancellationToken cancellationToken)
   at System.Net.Http.AuthenticationHelper.SendWithNtAuthAsync(HttpRequestMessage request, Uri authUri, Boolean async, ICredentials credentials, Boolean isProxyAuth, HttpConnection connection, HttpConnectionPool connectionPool, CancellationToken cancellationToken)
   at System.Net.Http.HttpConnectionPool.SendWithVersionDetectionAndRetryAsync(HttpRequestMessage request, Boolean async, Boolean doRequestAuth, CancellationToken cancellationToken)
   at System.Net.Http.AuthenticationHelper.SendWithAuthAsync(HttpRequestMessage request, Uri authUri, Boolean async, ICredentials credentials, Boolean preAuthenticate, Boolean isProxyAuth, Boolean doRequestAuth, HttpConnectionPool pool, CancellationToken cancellationToken)
   at System.Net.Http.RedirectHandler.SendAsync(HttpRequestMessage request, Boolean async, CancellationToken cancellationToken)
   at GitHub.Services.Common.RawHttpMessageHandler.SendAsync(HttpRequestMessage request, CancellationToken cancellationToken)
   at GitHub.Services.Common.VssHttpRetryMessageHandler.SendAsync(HttpRequestMessage request, CancellationToken cancellationToken)
   at System.Net.Http.HttpClient.<SendAsync>g__Core|83_0(HttpRequestMessage request, HttpCompletionOption completionOption, CancellationTokenSource cts, Boolean disposeCts, CancellationTokenSource pendingRequestsCts, CancellationToken originalCancellationToken)
   --- End of inner exception stack trace ---
   at System.Net.Http.HttpClient.HandleFailure(Exception e, Boolean telemetryStarted, HttpResponseMessage response, CancellationTokenSource cts, CancellationToken cancellationToken, CancellationTokenSource pendingRequestsCts)
   at System.Net.Http.HttpClient.<SendAsync>g__Core|83_0(HttpRequestMessage request, HttpCompletionOption completionOption, CancellationTokenSource cts, Boolean disposeCts, CancellationTokenSource pendingRequestsCts, CancellationToken originalCancellationToken)
   at Sdk.WebApi.WebApi.RawHttpClientBase.SendAsync(HttpRequestMessage message, HttpCompletionOption completionOption, Object userState, CancellationToken cancellationToken)
   at Sdk.WebApi.WebApi.RawHttpClientBase.SendAsync[T](HttpRequestMessage message, Boolean readErrorBody, Object userState, CancellationToken cancellationToken)
   at Sdk.WebApi.WebApi.RawHttpClientBase.SendAsync[T](HttpMethod method, IEnumerable`1 additionalHeaders, Uri requestUri, HttpContent content, IEnumerable`1 queryParameters, Boolean readErrorBody, Object userState, CancellationToken cancellationToken)
   at GitHub.Actions.RunService.WebApi.BrokerHttpClient.GetRunnerMessageAsync(Nullable`1 sessionId, String runnerVersion, Nullable`1 status, String os, String architecture, Nullable`1 disableUpdate, CancellationToken cancellationToken)
   at GitHub.Runner.Common.BrokerServer.<>c__DisplayClass7_0.<<GetRunnerMessageAsync>b__0>d.MoveNext()
--- End of stack trace from previous location ---
   at GitHub.Runner.Common.RunnerService.RetryRequest[T](Func`1 func, CancellationToken cancellationToken, Int32 maxAttempts, Func`2 shouldRetry)
[2025-11-09 21:27:14Z ERR  BrokerServer] #####################################################
[2025-11-09 21:27:14Z ERR  BrokerServer] System.Threading.Tasks.TaskCanceledException: The operation was canceled.
 ---> System.IO.IOException: Unable to read data from the transport connection: Операция ввода/вывода была прервана из-за завершения потока команд или по запросу приложения..
 ---> System.Net.Sockets.SocketException (995): Операция ввода/вывода была прервана из-за завершения потока команд или по запросу приложения.
   --- End of inner exception stack trace ---
   at System.Net.Sockets.Socket.AwaitableSocketAsyncEventArgs.ThrowException(SocketError error, CancellationToken cancellationToken)
   at System.Net.Sockets.Socket.AwaitableSocketAsyncEventArgs.System.Threading.Tasks.Sources.IValueTaskSource<System.Int32>.GetResult(Int16 token)
   at System.Net.Security.SslStream.EnsureFullTlsFrameAsync[TIOAdapter](CancellationToken cancellationToken, Int32 estimatedSize)
   at System.Runtime.CompilerServices.PoolingAsyncValueTaskMethodBuilder`1.StateMachineBox`1.System.Threading.Tasks.Sources.IValueTaskSource<TResult>.GetResult(Int16 token)
   at System.Net.Security.SslStream.ReadAsyncInternal[TIOAdapter](Memory`1 buffer, CancellationToken cancellationToken)
   at System.Runtime.CompilerServices.PoolingAsyncValueTaskMethodBuilder`1.StateMachineBox`1.System.Threading.Tasks.Sources.IValueTaskSource<TResult>.GetResult(Int16 token)
   at System.Net.Http.HttpConnection.SendAsync(HttpRequestMessage request, Boolean async, CancellationToken cancellationToken)
   --- End of inner exception stack trace ---
   at System.Net.Http.HttpConnection.SendAsync(HttpRequestMessage request, Boolean async, CancellationToken cancellationToken)
   at System.Net.Http.AuthenticationHelper.SendWithNtAuthAsync(HttpRequestMessage request, Uri authUri, Boolean async, ICredentials credentials, Boolean isProxyAuth, HttpConnection connection, HttpConnectionPool connectionPool, CancellationToken cancellationToken)
   at System.Net.Http.HttpConnectionPool.SendWithVersionDetectionAndRetryAsync(HttpRequestMessage request, Boolean async, Boolean doRequestAuth, CancellationToken cancellationToken)
   at System.Net.Http.AuthenticationHelper.SendWithAuthAsync(HttpRequestMessage request, Uri authUri, Boolean async, ICredentials credentials, Boolean preAuthenticate, Boolean isProxyAuth, Boolean doRequestAuth, HttpConnectionPool pool, CancellationToken cancellationToken)
   at System.Net.Http.RedirectHandler.SendAsync(HttpRequestMessage request, Boolean async, CancellationToken cancellationToken)
   at GitHub.Services.Common.RawHttpMessageHandler.SendAsync(HttpRequestMessage request, CancellationToken cancellationToken)
   at GitHub.Services.Common.VssHttpRetryMessageHandler.SendAsync(HttpRequestMessage request, CancellationToken cancellationToken)
   at System.Net.Http.HttpClient.<SendAsync>g__Core|83_0(HttpRequestMessage request, HttpCompletionOption completionOption, CancellationTokenSource cts, Boolean disposeCts, CancellationTokenSource pendingRequestsCts, CancellationToken originalCancellationToken)
[2025-11-09 21:27:14Z ERR  BrokerServer] #####################################################
[2025-11-09 21:27:14Z ERR  BrokerServer] System.IO.IOException: Unable to read data from the transport connection: Операция ввода/вывода была прервана из-за завершения потока команд или по запросу приложения..
 ---> System.Net.Sockets.SocketException (995): Операция ввода/вывода была прервана из-за завершения потока команд или по запросу приложения.
   --- End of inner exception stack trace ---
   at System.Net.Sockets.Socket.AwaitableSocketAsyncEventArgs.ThrowException(SocketError error, CancellationToken cancellationToken)
   at System.Net.Sockets.Socket.AwaitableSocketAsyncEventArgs.System.Threading.Tasks.Sources.IValueTaskSource<System.Int32>.GetResult(Int16 token)
   at System.Net.Security.SslStream.EnsureFullTlsFrameAsync[TIOAdapter](CancellationToken cancellationToken, Int32 estimatedSize)
   at System.Runtime.CompilerServices.PoolingAsyncValueTaskMethodBuilder`1.StateMachineBox`1.System.Threading.Tasks.Sources.IValueTaskSource<TResult>.GetResult(Int16 token)
   at System.Net.Security.SslStream.ReadAsyncInternal[TIOAdapter](Memory`1 buffer, CancellationToken cancellationToken)
   at System.Runtime.CompilerServices.PoolingAsyncValueTaskMethodBuilder`1.StateMachineBox`1.System.Threading.Tasks.Sources.IValueTaskSource<TResult>.GetResult(Int16 token)
   at System.Net.Http.HttpConnection.SendAsync(HttpRequestMessage request, Boolean async, CancellationToken cancellationToken)
[2025-11-09 21:27:14Z ERR  BrokerServer] #####################################################
[2025-11-09 21:27:14Z ERR  BrokerServer] System.Net.Sockets.SocketException (995): Операция ввода/вывода была прервана из-за завершения потока команд или по запросу приложения.
[2025-11-09 21:27:14Z WARN BrokerServer] Back off 14,045 seconds before next retry. 4 attempt left.
[2025-11-09 21:27:14Z INFO BrokerMessageListener] Get messages has been cancelled using local token source. Continue to get messages with new status.
[2025-11-09 21:30:39Z INFO BrokerMessageListener] Acknowledging runner request 'cdf44ca1-69ad-5976-acc5-5650d317b78c'.
[2025-11-09 21:30:39Z INFO ConfigurationStore] HasCredentials()
[2025-11-09 21:30:39Z INFO ConfigurationStore] stored True
[2025-11-09 21:30:39Z INFO CredentialManager] GetCredentialProvider
[2025-11-09 21:30:39Z INFO CredentialManager] Creating type OAuth
[2025-11-09 21:30:39Z INFO CredentialManager] Creating credential type: OAuth
[2025-11-09 21:30:39Z INFO RSAEncryptedFileKeyManager] Loading RSA key parameters from file C:\Users\egorv\Documents\devops\practice_3\actions-runner\.credentials_rsaparams
[2025-11-09 21:30:39Z INFO RSAEncryptedFileKeyManager] Loading RSA key parameters from file C:\Users\egorv\Documents\devops\practice_3\actions-runner\.credentials_rsaparams
[2025-11-09 21:30:39Z INFO RSAEncryptedFileKeyManager] Loading RSA key parameters from file C:\Users\egorv\Documents\devops\practice_3\actions-runner\.credentials_rsaparams
[2025-11-09 21:30:39Z INFO GitHubActionsService] AAD Correlation ID for this token request: Unknown
[2025-11-09 21:30:41Z INFO JobDispatcher] Job request 0 for plan d254d304-acb6-4987-b2e6-19335b977c60 job cdf44ca1-69ad-5976-acc5-5650d317b78c received.
[2025-11-09 21:30:41Z INFO JobDispatcher] Pull OrchestrationId d254d304-acb6-4987-b2e6-19335b977c60.deploy-and-test.__default from JWT claims
[2025-11-09 21:30:41Z INFO BrokerMessageListener] Received job status event. JobState: Busy
[2025-11-09 21:30:41Z INFO BrokerMessageListener] _getMessagesTokenSource is already disposed.
[2025-11-09 21:30:41Z INFO JobDispatcher] Job request 8c46a50e-c50f-5957-99ee-5846903b7d54 processed succeed.
[2025-11-09 21:30:41Z INFO Terminal] WRITE LINE: 2025-11-09 21:30:41Z: Running job: deploy-and-test
[2025-11-09 21:30:41Z INFO JobDispatcher] Start renew job request 0 for job cdf44ca1-69ad-5976-acc5-5650d317b78c.
[2025-11-09 21:30:41Z INFO JobDispatcher] Successfully renew job cdf44ca1-69ad-5976-acc5-5650d317b78c, job is valid till 09.11.2025 21:40:41
[2025-11-09 21:30:41Z INFO HostContext] Well known directory 'Bin': 'C:\Users\egorv\Documents\devops\practice_3\actions-runner\bin'
[2025-11-09 21:30:41Z INFO ProcessInvokerWrapper] Starting process:
[2025-11-09 21:30:41Z INFO ProcessInvokerWrapper]   File name: 'C:\Users\egorv\Documents\devops\practice_3\actions-runner\bin\Runner.Worker.exe'
[2025-11-09 21:30:41Z INFO ProcessInvokerWrapper]   Arguments: 'spawnclient 2256 2260'
[2025-11-09 21:30:41Z INFO ProcessInvokerWrapper]   Working directory: 'C:\Users\egorv\Documents\devops\practice_3\actions-runner\bin'
[2025-11-09 21:30:41Z INFO ProcessInvokerWrapper]   Require exit code zero: 'False'
[2025-11-09 21:30:41Z INFO ProcessInvokerWrapper]   Encoding web name:  ; code page: ''
[2025-11-09 21:30:41Z INFO ProcessInvokerWrapper]   Force kill process on cancellation: 'True'
[2025-11-09 21:30:41Z INFO ProcessInvokerWrapper]   Redirected STDIN: 'False'
[2025-11-09 21:30:41Z INFO ProcessInvokerWrapper]   Persist current code page: 'False'
[2025-11-09 21:30:41Z INFO ProcessInvokerWrapper]   Keep redirected STDIN open: 'False'
[2025-11-09 21:30:41Z INFO ProcessInvokerWrapper]   High priority process: 'True'
[2025-11-09 21:30:41Z INFO ProcessInvokerWrapper] Process started with process id 16128, waiting for process exit.
[2025-11-09 21:30:41Z INFO JobDispatcher] Send job request message to worker for job cdf44ca1-69ad-5976-acc5-5650d317b78c.
[2025-11-09 21:30:41Z INFO ProcessChannel] Sending message of length 20792, with hash '480629b708342cba0ffaaad33437b8aca4473774495b137c5fb6fa6c535dce92'
[2025-11-09 21:30:42Z INFO JobNotification] Entering JobStarted Notification
[2025-11-09 21:30:42Z INFO JobNotification] Entering StartMonitor
[2025-11-09 21:31:42Z INFO JobDispatcher] Successfully renew job cdf44ca1-69ad-5976-acc5-5650d317b78c, job is valid till 09.11.2025 21:41:41
[2025-11-09 21:32:42Z INFO JobDispatcher] Successfully renew job cdf44ca1-69ad-5976-acc5-5650d317b78c, job is valid till 09.11.2025 21:42:41
[2025-11-09 21:33:42Z INFO JobDispatcher] Successfully renew job cdf44ca1-69ad-5976-acc5-5650d317b78c, job is valid till 09.11.2025 21:43:41
[2025-11-09 21:34:42Z INFO JobDispatcher] Successfully renew job cdf44ca1-69ad-5976-acc5-5650d317b78c, job is valid till 09.11.2025 21:44:41
[2025-11-09 21:34:47Z INFO ProcessInvokerWrapper] STDOUT/STDERR stream read finished.
[2025-11-09 21:34:47Z INFO ProcessInvokerWrapper] STDOUT/STDERR stream read finished.
[2025-11-09 21:34:47Z INFO ProcessInvokerWrapper] Finished process 16128 with exit code 102, and elapsed time 00:04:05.5176792.
[2025-11-09 21:34:47Z INFO JobDispatcher] Worker finished for job cdf44ca1-69ad-5976-acc5-5650d317b78c. Code: 102
[2025-11-09 21:34:47Z INFO JobDispatcher] finish job request for job cdf44ca1-69ad-5976-acc5-5650d317b78c with result: Failed
[2025-11-09 21:34:47Z INFO Terminal] WRITE LINE: 2025-11-09 21:34:47Z: Job deploy-and-test completed with result: Failed
[2025-11-09 21:34:47Z INFO JobDispatcher] Stop renew job request for job cdf44ca1-69ad-5976-acc5-5650d317b78c.
[2025-11-09 21:34:47Z INFO JobDispatcher] job renew has been cancelled, stop renew job cdf44ca1-69ad-5976-acc5-5650d317b78c.
[2025-11-09 21:34:47Z INFO JobNotification] Entering JobCompleted Notification
[2025-11-09 21:34:47Z INFO JobNotification] Entering EndMonitor
[2025-11-09 21:34:47Z INFO BrokerMessageListener] Received job status event. JobState: Online
[2025-11-09 21:34:47Z WARN GitHubActionsService] GET request to https://broker.actions.githubusercontent.com/message?sessionId=df865b89-178d-4a86-9c5a-3c33a49f03cb&status=Busy&runnerVersion=2.329.0&os=Windows&architecture=X64&disableUpdate=false has been cancelled.
[2025-11-09 21:34:47Z ERR  BrokerServer] Catch exception during request
[2025-11-09 21:34:47Z ERR  BrokerServer] System.Threading.Tasks.TaskCanceledException: The operation was canceled.
 ---> System.Threading.Tasks.TaskCanceledException: The operation was canceled.
 ---> System.IO.IOException: Unable to read data from the transport connection: Операция ввода/вывода была прервана из-за завершения потока команд или по запросу приложения..
 ---> System.Net.Sockets.SocketException (995): Операция ввода/вывода была прервана из-за завершения потока команд или по запросу приложения.
   --- End of inner exception stack trace ---
   at System.Net.Sockets.Socket.AwaitableSocketAsyncEventArgs.System.Threading.Tasks.Sources.IValueTaskSource<System.Int32>.GetResult(Int16 token)
   at System.Net.Security.SslStream.EnsureFullTlsFrameAsync[TIOAdapter](CancellationToken cancellationToken, Int32 estimatedSize)
   at System.Runtime.CompilerServices.PoolingAsyncValueTaskMethodBuilder`1.StateMachineBox`1.System.Threading.Tasks.Sources.IValueTaskSource<TResult>.GetResult(Int16 token)
   at System.Net.Security.SslStream.ReadAsyncInternal[TIOAdapter](Memory`1 buffer, CancellationToken cancellationToken)
   at System.Runtime.CompilerServices.PoolingAsyncValueTaskMethodBuilder`1.StateMachineBox`1.System.Threading.Tasks.Sources.IValueTaskSource<TResult>.GetResult(Int16 token)
   at System.Net.Http.HttpConnection.SendAsync(HttpRequestMessage request, Boolean async, CancellationToken cancellationToken)
   --- End of inner exception stack trace ---
   at System.Net.Http.HttpConnection.SendAsync(HttpRequestMessage request, Boolean async, CancellationToken cancellationToken)
   at System.Net.Http.AuthenticationHelper.SendWithNtAuthAsync(HttpRequestMessage request, Uri authUri, Boolean async, ICredentials credentials, Boolean isProxyAuth, HttpConnection connection, HttpConnectionPool connectionPool, CancellationToken cancellationToken)
   at System.Net.Http.HttpConnectionPool.SendWithVersionDetectionAndRetryAsync(HttpRequestMessage request, Boolean async, Boolean doRequestAuth, CancellationToken cancellationToken)
   at System.Net.Http.AuthenticationHelper.SendWithAuthAsync(HttpRequestMessage request, Uri authUri, Boolean async, ICredentials credentials, Boolean preAuthenticate, Boolean isProxyAuth, Boolean doRequestAuth, HttpConnectionPool pool, CancellationToken cancellationToken)
   at System.Net.Http.RedirectHandler.SendAsync(HttpRequestMessage request, Boolean async, CancellationToken cancellationToken)
   at GitHub.Services.Common.RawHttpMessageHandler.SendAsync(HttpRequestMessage request, CancellationToken cancellationToken)
   at GitHub.Services.Common.VssHttpRetryMessageHandler.SendAsync(HttpRequestMessage request, CancellationToken cancellationToken)
   at System.Net.Http.HttpClient.<SendAsync>g__Core|83_0(HttpRequestMessage request, HttpCompletionOption completionOption, CancellationTokenSource cts, Boolean disposeCts, CancellationTokenSource pendingRequestsCts, CancellationToken originalCancellationToken)
   --- End of inner exception stack trace ---
   at System.Net.Http.HttpClient.HandleFailure(Exception e, Boolean telemetryStarted, HttpResponseMessage response, CancellationTokenSource cts, CancellationToken cancellationToken, CancellationTokenSource pendingRequestsCts)
   at System.Net.Http.HttpClient.<SendAsync>g__Core|83_0(HttpRequestMessage request, HttpCompletionOption completionOption, CancellationTokenSource cts, Boolean disposeCts, CancellationTokenSource pendingRequestsCts, CancellationToken originalCancellationToken)
   at Sdk.WebApi.WebApi.RawHttpClientBase.SendAsync(HttpRequestMessage message, HttpCompletionOption completionOption, Object userState, CancellationToken cancellationToken)
   at Sdk.WebApi.WebApi.RawHttpClientBase.SendAsync[T](HttpRequestMessage message, Boolean readErrorBody, Object userState, CancellationToken cancellationToken)
   at Sdk.WebApi.WebApi.RawHttpClientBase.SendAsync[T](HttpMethod method, IEnumerable`1 additionalHeaders, Uri requestUri, HttpContent content, IEnumerable`1 queryParameters, Boolean readErrorBody, Object userState, CancellationToken cancellationToken)
   at GitHub.Actions.RunService.WebApi.BrokerHttpClient.GetRunnerMessageAsync(Nullable`1 sessionId, String runnerVersion, Nullable`1 status, String os, String architecture, Nullable`1 disableUpdate, CancellationToken cancellationToken)
   at GitHub.Runner.Common.BrokerServer.<>c__DisplayClass7_0.<<GetRunnerMessageAsync>b__0>d.MoveNext()
--- End of stack trace from previous location ---
   at GitHub.Runner.Common.RunnerService.RetryRequest[T](Func`1 func, CancellationToken cancellationToken, Int32 maxAttempts, Func`2 shouldRetry)
[2025-11-09 21:34:47Z ERR  BrokerServer] #####################################################
[2025-11-09 21:34:47Z ERR  BrokerServer] System.Threading.Tasks.TaskCanceledException: The operation was canceled.
 ---> System.IO.IOException: Unable to read data from the transport connection: Операция ввода/вывода была прервана из-за завершения потока команд или по запросу приложения..
 ---> System.Net.Sockets.SocketException (995): Операция ввода/вывода была прервана из-за завершения потока команд или по запросу приложения.
   --- End of inner exception stack trace ---
   at System.Net.Sockets.Socket.AwaitableSocketAsyncEventArgs.System.Threading.Tasks.Sources.IValueTaskSource<System.Int32>.GetResult(Int16 token)
   at System.Net.Security.SslStream.EnsureFullTlsFrameAsync[TIOAdapter](CancellationToken cancellationToken, Int32 estimatedSize)
   at System.Runtime.CompilerServices.PoolingAsyncValueTaskMethodBuilder`1.StateMachineBox`1.System.Threading.Tasks.Sources.IValueTaskSource<TResult>.GetResult(Int16 token)
   at System.Net.Security.SslStream.ReadAsyncInternal[TIOAdapter](Memory`1 buffer, CancellationToken cancellationToken)
   at System.Runtime.CompilerServices.PoolingAsyncValueTaskMethodBuilder`1.StateMachineBox`1.System.Threading.Tasks.Sources.IValueTaskSource<TResult>.GetResult(Int16 token)
   at System.Net.Http.HttpConnection.SendAsync(HttpRequestMessage request, Boolean async, CancellationToken cancellationToken)
   --- End of inner exception stack trace ---
   at System.Net.Http.HttpConnection.SendAsync(HttpRequestMessage request, Boolean async, CancellationToken cancellationToken)
   at System.Net.Http.AuthenticationHelper.SendWithNtAuthAsync(HttpRequestMessage request, Uri authUri, Boolean async, ICredentials credentials, Boolean isProxyAuth, HttpConnection connection, HttpConnectionPool connectionPool, CancellationToken cancellationToken)
   at System.Net.Http.HttpConnectionPool.SendWithVersionDetectionAndRetryAsync(HttpRequestMessage request, Boolean async, Boolean doRequestAuth, CancellationToken cancellationToken)
   at System.Net.Http.AuthenticationHelper.SendWithAuthAsync(HttpRequestMessage request, Uri authUri, Boolean async, ICredentials credentials, Boolean preAuthenticate, Boolean isProxyAuth, Boolean doRequestAuth, HttpConnectionPool pool, CancellationToken cancellationToken)
   at System.Net.Http.RedirectHandler.SendAsync(HttpRequestMessage request, Boolean async, CancellationToken cancellationToken)
   at GitHub.Services.Common.RawHttpMessageHandler.SendAsync(HttpRequestMessage request, CancellationToken cancellationToken)
   at GitHub.Services.Common.VssHttpRetryMessageHandler.SendAsync(HttpRequestMessage request, CancellationToken cancellationToken)
   at System.Net.Http.HttpClient.<SendAsync>g__Core|83_0(HttpRequestMessage request, HttpCompletionOption completionOption, CancellationTokenSource cts, Boolean disposeCts, CancellationTokenSource pendingRequestsCts, CancellationToken originalCancellationToken)
[2025-11-09 21:34:47Z ERR  BrokerServer] #####################################################
[2025-11-09 21:34:47Z ERR  BrokerServer] System.IO.IOException: Unable to read data from the transport connection: Операция ввода/вывода была прервана из-за завершения потока команд или по запросу приложения..
 ---> System.Net.Sockets.SocketException (995): Операция ввода/вывода была прервана из-за завершения потока команд или по запросу приложения.
   --- End of inner exception stack trace ---
   at System.Net.Sockets.Socket.AwaitableSocketAsyncEventArgs.System.Threading.Tasks.Sources.IValueTaskSource<System.Int32>.GetResult(Int16 token)
   at System.Net.Security.SslStream.EnsureFullTlsFrameAsync[TIOAdapter](CancellationToken cancellationToken, Int32 estimatedSize)
   at System.Runtime.CompilerServices.PoolingAsyncValueTaskMethodBuilder`1.StateMachineBox`1.System.Threading.Tasks.Sources.IValueTaskSource<TResult>.GetResult(Int16 token)
   at System.Net.Security.SslStream.ReadAsyncInternal[TIOAdapter](Memory`1 buffer, CancellationToken cancellationToken)
   at System.Runtime.CompilerServices.PoolingAsyncValueTaskMethodBuilder`1.StateMachineBox`1.System.Threading.Tasks.Sources.IValueTaskSource<TResult>.GetResult(Int16 token)
   at System.Net.Http.HttpConnection.SendAsync(HttpRequestMessage request, Boolean async, CancellationToken cancellationToken)
[2025-11-09 21:34:47Z ERR  BrokerServer] #####################################################
[2025-11-09 21:34:47Z ERR  BrokerServer] System.Net.Sockets.SocketException (995): Операция ввода/вывода была прервана из-за завершения потока команд или по запросу приложения.
[2025-11-09 21:34:47Z WARN BrokerServer] Back off 13,256 seconds before next retry. 4 attempt left.
[2025-11-09 21:34:47Z INFO BrokerMessageListener] Get messages has been cancelled using local token source. Continue to get messages with new status.
[2025-11-09 21:35:31Z INFO BrokerMessageListener] Acknowledging runner request '7c94d4d5-2825-5712-9715-33fd08c5b7d2'.
[2025-11-09 21:35:31Z INFO ConfigurationStore] HasCredentials()
[2025-11-09 21:35:31Z INFO ConfigurationStore] stored True
[2025-11-09 21:35:31Z INFO CredentialManager] GetCredentialProvider
[2025-11-09 21:35:31Z INFO CredentialManager] Creating type OAuth
[2025-11-09 21:35:31Z INFO CredentialManager] Creating credential type: OAuth
[2025-11-09 21:35:31Z INFO RSAEncryptedFileKeyManager] Loading RSA key parameters from file C:\Users\egorv\Documents\devops\practice_3\actions-runner\.credentials_rsaparams
[2025-11-09 21:35:31Z INFO RSAEncryptedFileKeyManager] Loading RSA key parameters from file C:\Users\egorv\Documents\devops\practice_3\actions-runner\.credentials_rsaparams
[2025-11-09 21:35:31Z INFO RSAEncryptedFileKeyManager] Loading RSA key parameters from file C:\Users\egorv\Documents\devops\practice_3\actions-runner\.credentials_rsaparams
[2025-11-09 21:35:32Z INFO GitHubActionsService] AAD Correlation ID for this token request: Unknown
[2025-11-09 21:35:33Z INFO JobDispatcher] Job request 0 for plan b5ce03e1-d6b6-42c1-af55-285d1d1725e1 job 7c94d4d5-2825-5712-9715-33fd08c5b7d2 received.
[2025-11-09 21:35:33Z INFO JobDispatcher] Pull OrchestrationId b5ce03e1-d6b6-42c1-af55-285d1d1725e1.deploy-and-test.__default from JWT claims
[2025-11-09 21:35:33Z INFO BrokerMessageListener] Received job status event. JobState: Busy
[2025-11-09 21:35:33Z INFO BrokerMessageListener] _getMessagesTokenSource is already disposed.
[2025-11-09 21:35:33Z INFO JobDispatcher] Job request cdf44ca1-69ad-5976-acc5-5650d317b78c processed succeed.
[2025-11-09 21:35:33Z INFO Terminal] WRITE LINE: 2025-11-09 21:35:33Z: Running job: deploy-and-test
[2025-11-09 21:35:33Z INFO JobDispatcher] Start renew job request 0 for job 7c94d4d5-2825-5712-9715-33fd08c5b7d2.
[2025-11-09 21:35:34Z INFO JobDispatcher] Successfully renew job 7c94d4d5-2825-5712-9715-33fd08c5b7d2, job is valid till 09.11.2025 21:45:33
[2025-11-09 21:35:34Z INFO HostContext] Well known directory 'Bin': 'C:\Users\egorv\Documents\devops\practice_3\actions-runner\bin'
[2025-11-09 21:35:34Z INFO ProcessInvokerWrapper] Starting process:
[2025-11-09 21:35:34Z INFO ProcessInvokerWrapper]   File name: 'C:\Users\egorv\Documents\devops\practice_3\actions-runner\bin\Runner.Worker.exe'
[2025-11-09 21:35:34Z INFO ProcessInvokerWrapper]   Arguments: 'spawnclient 2268 2272'
[2025-11-09 21:35:34Z INFO ProcessInvokerWrapper]   Working directory: 'C:\Users\egorv\Documents\devops\practice_3\actions-runner\bin'
[2025-11-09 21:35:34Z INFO ProcessInvokerWrapper]   Require exit code zero: 'False'
[2025-11-09 21:35:34Z INFO ProcessInvokerWrapper]   Encoding web name:  ; code page: ''
[2025-11-09 21:35:34Z INFO ProcessInvokerWrapper]   Force kill process on cancellation: 'True'
[2025-11-09 21:35:34Z INFO ProcessInvokerWrapper]   Redirected STDIN: 'False'
[2025-11-09 21:35:34Z INFO ProcessInvokerWrapper]   Persist current code page: 'False'
[2025-11-09 21:35:34Z INFO ProcessInvokerWrapper]   Keep redirected STDIN open: 'False'
[2025-11-09 21:35:34Z INFO ProcessInvokerWrapper]   High priority process: 'True'
[2025-11-09 21:35:34Z INFO ProcessInvokerWrapper] Process started with process id 1184, waiting for process exit.
[2025-11-09 21:35:34Z INFO JobDispatcher] Send job request message to worker for job 7c94d4d5-2825-5712-9715-33fd08c5b7d2.
[2025-11-09 21:35:34Z INFO ProcessChannel] Sending message of length 20857, with hash '08dd0d7541383ba8b4278ea2bd869fc667057eb41f59c161472f6df1ce8047d3'
[2025-11-09 21:35:34Z INFO JobNotification] Entering JobStarted Notification
[2025-11-09 21:35:34Z INFO JobNotification] Entering StartMonitor
[2025-11-09 21:36:34Z INFO JobDispatcher] Successfully renew job 7c94d4d5-2825-5712-9715-33fd08c5b7d2, job is valid till 09.11.2025 21:46:33
[2025-11-09 21:37:34Z INFO JobDispatcher] Successfully renew job 7c94d4d5-2825-5712-9715-33fd08c5b7d2, job is valid till 09.11.2025 21:47:33
[2025-11-09 21:38:34Z INFO JobDispatcher] Successfully renew job 7c94d4d5-2825-5712-9715-33fd08c5b7d2, job is valid till 09.11.2025 21:48:34
[2025-11-09 21:39:35Z INFO JobDispatcher] Successfully renew job 7c94d4d5-2825-5712-9715-33fd08c5b7d2, job is valid till 09.11.2025 21:49:34
[2025-11-09 21:40:35Z INFO JobDispatcher] Successfully renew job 7c94d4d5-2825-5712-9715-33fd08c5b7d2, job is valid till 09.11.2025 21:50:34
[2025-11-09 21:41:16Z INFO ProcessInvokerWrapper] STDOUT/STDERR stream read finished.
[2025-11-09 21:41:16Z INFO ProcessInvokerWrapper] STDOUT/STDERR stream read finished.
[2025-11-09 21:41:17Z INFO ProcessInvokerWrapper] Finished process 1184 with exit code 102, and elapsed time 00:05:42.5249863.
[2025-11-09 21:41:17Z INFO JobDispatcher] Worker finished for job 7c94d4d5-2825-5712-9715-33fd08c5b7d2. Code: 102
[2025-11-09 21:41:17Z INFO JobDispatcher] finish job request for job 7c94d4d5-2825-5712-9715-33fd08c5b7d2 with result: Failed
[2025-11-09 21:41:17Z INFO Terminal] WRITE LINE: 2025-11-09 21:41:17Z: Job deploy-and-test completed with result: Failed
[2025-11-09 21:41:17Z INFO JobDispatcher] Stop renew job request for job 7c94d4d5-2825-5712-9715-33fd08c5b7d2.
[2025-11-09 21:41:17Z INFO JobDispatcher] job renew has been cancelled, stop renew job 7c94d4d5-2825-5712-9715-33fd08c5b7d2.
[2025-11-09 21:41:17Z INFO JobNotification] Entering JobCompleted Notification
[2025-11-09 21:41:17Z INFO JobNotification] Entering EndMonitor
[2025-11-09 21:41:17Z INFO BrokerMessageListener] Received job status event. JobState: Online
[2025-11-09 21:41:17Z WARN GitHubActionsService] GET request to https://broker.actions.githubusercontent.com/message?sessionId=df865b89-178d-4a86-9c5a-3c33a49f03cb&status=Busy&runnerVersion=2.329.0&os=Windows&architecture=X64&disableUpdate=false has been cancelled.
[2025-11-09 21:41:17Z ERR  BrokerServer] Catch exception during request
[2025-11-09 21:41:17Z ERR  BrokerServer] System.Threading.Tasks.TaskCanceledException: The operation was canceled.
 ---> System.Threading.Tasks.TaskCanceledException: The operation was canceled.
 ---> System.IO.IOException: Unable to read data from the transport connection: Операция ввода/вывода была прервана из-за завершения потока команд или по запросу приложения..
 ---> System.Net.Sockets.SocketException (995): Операция ввода/вывода была прервана из-за завершения потока команд или по запросу приложения.
   --- End of inner exception stack trace ---
   at System.Net.Sockets.Socket.AwaitableSocketAsyncEventArgs.System.Threading.Tasks.Sources.IValueTaskSource<System.Int32>.GetResult(Int16 token)
   at System.Net.Security.SslStream.EnsureFullTlsFrameAsync[TIOAdapter](CancellationToken cancellationToken, Int32 estimatedSize)
   at System.Runtime.CompilerServices.PoolingAsyncValueTaskMethodBuilder`1.StateMachineBox`1.System.Threading.Tasks.Sources.IValueTaskSource<TResult>.GetResult(Int16 token)
   at System.Net.Security.SslStream.ReadAsyncInternal[TIOAdapter](Memory`1 buffer, CancellationToken cancellationToken)
   at System.Runtime.CompilerServices.PoolingAsyncValueTaskMethodBuilder`1.StateMachineBox`1.System.Threading.Tasks.Sources.IValueTaskSource<TResult>.GetResult(Int16 token)
   at System.Net.Http.HttpConnection.SendAsync(HttpRequestMessage request, Boolean async, CancellationToken cancellationToken)
   --- End of inner exception stack trace ---
   at System.Net.Http.HttpConnection.SendAsync(HttpRequestMessage request, Boolean async, CancellationToken cancellationToken)
   at System.Net.Http.AuthenticationHelper.SendWithNtAuthAsync(HttpRequestMessage request, Uri authUri, Boolean async, ICredentials credentials, Boolean isProxyAuth, HttpConnection connection, HttpConnectionPool connectionPool, CancellationToken cancellationToken)
   at System.Net.Http.HttpConnectionPool.SendWithVersionDetectionAndRetryAsync(HttpRequestMessage request, Boolean async, Boolean doRequestAuth, CancellationToken cancellationToken)
   at System.Net.Http.AuthenticationHelper.SendWithAuthAsync(HttpRequestMessage request, Uri authUri, Boolean async, ICredentials credentials, Boolean preAuthenticate, Boolean isProxyAuth, Boolean doRequestAuth, HttpConnectionPool pool, CancellationToken cancellationToken)
   at System.Net.Http.RedirectHandler.SendAsync(HttpRequestMessage request, Boolean async, CancellationToken cancellationToken)
   at GitHub.Services.Common.RawHttpMessageHandler.SendAsync(HttpRequestMessage request, CancellationToken cancellationToken)
   at GitHub.Services.Common.VssHttpRetryMessageHandler.SendAsync(HttpRequestMessage request, CancellationToken cancellationToken)
   at System.Net.Http.HttpClient.<SendAsync>g__Core|83_0(HttpRequestMessage request, HttpCompletionOption completionOption, CancellationTokenSource cts, Boolean disposeCts, CancellationTokenSource pendingRequestsCts, CancellationToken originalCancellationToken)
   --- End of inner exception stack trace ---
   at System.Net.Http.HttpClient.HandleFailure(Exception e, Boolean telemetryStarted, HttpResponseMessage response, CancellationTokenSource cts, CancellationToken cancellationToken, CancellationTokenSource pendingRequestsCts)
   at System.Net.Http.HttpClient.<SendAsync>g__Core|83_0(HttpRequestMessage request, HttpCompletionOption completionOption, CancellationTokenSource cts, Boolean disposeCts, CancellationTokenSource pendingRequestsCts, CancellationToken originalCancellationToken)
   at Sdk.WebApi.WebApi.RawHttpClientBase.SendAsync(HttpRequestMessage message, HttpCompletionOption completionOption, Object userState, CancellationToken cancellationToken)
   at Sdk.WebApi.WebApi.RawHttpClientBase.SendAsync[T](HttpRequestMessage message, Boolean readErrorBody, Object userState, CancellationToken cancellationToken)
   at Sdk.WebApi.WebApi.RawHttpClientBase.SendAsync[T](HttpMethod method, IEnumerable`1 additionalHeaders, Uri requestUri, HttpContent content, IEnumerable`1 queryParameters, Boolean readErrorBody, Object userState, CancellationToken cancellationToken)
   at GitHub.Actions.RunService.WebApi.BrokerHttpClient.GetRunnerMessageAsync(Nullable`1 sessionId, String runnerVersion, Nullable`1 status, String os, String architecture, Nullable`1 disableUpdate, CancellationToken cancellationToken)
   at GitHub.Runner.Common.BrokerServer.<>c__DisplayClass7_0.<<GetRunnerMessageAsync>b__0>d.MoveNext()
--- End of stack trace from previous location ---
   at GitHub.Runner.Common.RunnerService.RetryRequest[T](Func`1 func, CancellationToken cancellationToken, Int32 maxAttempts, Func`2 shouldRetry)
[2025-11-09 21:41:17Z ERR  BrokerServer] #####################################################
[2025-11-09 21:41:17Z ERR  BrokerServer] System.Threading.Tasks.TaskCanceledException: The operation was canceled.
 ---> System.IO.IOException: Unable to read data from the transport connection: Операция ввода/вывода была прервана из-за завершения потока команд или по запросу приложения..
 ---> System.Net.Sockets.SocketException (995): Операция ввода/вывода была прервана из-за завершения потока команд или по запросу приложения.
   --- End of inner exception stack trace ---
   at System.Net.Sockets.Socket.AwaitableSocketAsyncEventArgs.System.Threading.Tasks.Sources.IValueTaskSource<System.Int32>.GetResult(Int16 token)
   at System.Net.Security.SslStream.EnsureFullTlsFrameAsync[TIOAdapter](CancellationToken cancellationToken, Int32 estimatedSize)
   at System.Runtime.CompilerServices.PoolingAsyncValueTaskMethodBuilder`1.StateMachineBox`1.System.Threading.Tasks.Sources.IValueTaskSource<TResult>.GetResult(Int16 token)
   at System.Net.Security.SslStream.ReadAsyncInternal[TIOAdapter](Memory`1 buffer, CancellationToken cancellationToken)
   at System.Runtime.CompilerServices.PoolingAsyncValueTaskMethodBuilder`1.StateMachineBox`1.System.Threading.Tasks.Sources.IValueTaskSource<TResult>.GetResult(Int16 token)
   at System.Net.Http.HttpConnection.SendAsync(HttpRequestMessage request, Boolean async, CancellationToken cancellationToken)
   --- End of inner exception stack trace ---
   at System.Net.Http.HttpConnection.SendAsync(HttpRequestMessage request, Boolean async, CancellationToken cancellationToken)
   at System.Net.Http.AuthenticationHelper.SendWithNtAuthAsync(HttpRequestMessage request, Uri authUri, Boolean async, ICredentials credentials, Boolean isProxyAuth, HttpConnection connection, HttpConnectionPool connectionPool, CancellationToken cancellationToken)
   at System.Net.Http.HttpConnectionPool.SendWithVersionDetectionAndRetryAsync(HttpRequestMessage request, Boolean async, Boolean doRequestAuth, CancellationToken cancellationToken)
   at System.Net.Http.AuthenticationHelper.SendWithAuthAsync(HttpRequestMessage request, Uri authUri, Boolean async, ICredentials credentials, Boolean preAuthenticate, Boolean isProxyAuth, Boolean doRequestAuth, HttpConnectionPool pool, CancellationToken cancellationToken)
   at System.Net.Http.RedirectHandler.SendAsync(HttpRequestMessage request, Boolean async, CancellationToken cancellationToken)
   at GitHub.Services.Common.RawHttpMessageHandler.SendAsync(HttpRequestMessage request, CancellationToken cancellationToken)
   at GitHub.Services.Common.VssHttpRetryMessageHandler.SendAsync(HttpRequestMessage request, CancellationToken cancellationToken)
   at System.Net.Http.HttpClient.<SendAsync>g__Core|83_0(HttpRequestMessage request, HttpCompletionOption completionOption, CancellationTokenSource cts, Boolean disposeCts, CancellationTokenSource pendingRequestsCts, CancellationToken originalCancellationToken)
[2025-11-09 21:41:17Z ERR  BrokerServer] #####################################################
[2025-11-09 21:41:17Z ERR  BrokerServer] System.IO.IOException: Unable to read data from the transport connection: Операция ввода/вывода была прервана из-за завершения потока команд или по запросу приложения..
 ---> System.Net.Sockets.SocketException (995): Операция ввода/вывода была прервана из-за завершения потока команд или по запросу приложения.
   --- End of inner exception stack trace ---
   at System.Net.Sockets.Socket.AwaitableSocketAsyncEventArgs.System.Threading.Tasks.Sources.IValueTaskSource<System.Int32>.GetResult(Int16 token)
   at System.Net.Security.SslStream.EnsureFullTlsFrameAsync[TIOAdapter](CancellationToken cancellationToken, Int32 estimatedSize)
   at System.Runtime.CompilerServices.PoolingAsyncValueTaskMethodBuilder`1.StateMachineBox`1.System.Threading.Tasks.Sources.IValueTaskSource<TResult>.GetResult(Int16 token)
   at System.Net.Security.SslStream.ReadAsyncInternal[TIOAdapter](Memory`1 buffer, CancellationToken cancellationToken)
   at System.Runtime.CompilerServices.PoolingAsyncValueTaskMethodBuilder`1.StateMachineBox`1.System.Threading.Tasks.Sources.IValueTaskSource<TResult>.GetResult(Int16 token)
   at System.Net.Http.HttpConnection.SendAsync(HttpRequestMessage request, Boolean async, CancellationToken cancellationToken)
[2025-11-09 21:41:17Z ERR  BrokerServer] #####################################################
[2025-11-09 21:41:17Z ERR  BrokerServer] System.Net.Sockets.SocketException (995): Операция ввода/вывода была прервана из-за завершения потока команд или по запросу приложения.
[2025-11-09 21:41:17Z WARN BrokerServer] Back off 10,028 seconds before next retry. 4 attempt left.
[2025-11-09 21:41:17Z INFO BrokerMessageListener] Get messages has been cancelled using local token source. Continue to get messages with new status.
[2025-11-09 22:08:18Z INFO Terminal] WRITE LINE: Exiting...
[2025-11-09 22:08:18Z INFO ConfigurationStore] IsServiceConfigured()
[2025-11-09 22:08:18Z INFO ConfigurationStore] IsServiceConfigured: False
[2025-11-09 22:08:18Z INFO HostContext] Runner will be shutdown for UserCancelled
[2025-11-09 22:08:18Z WARN GitHubActionsService] GET request to https://broker.actions.githubusercontent.com/message?sessionId=df865b89-178d-4a86-9c5a-3c33a49f03cb&status=Online&runnerVersion=2.329.0&os=Windows&architecture=X64&disableUpdate=false has been cancelled.
[2025-11-09 22:08:18Z ERR  BrokerServer] Catch exception during request
[2025-11-09 22:08:18Z ERR  BrokerServer] System.Threading.Tasks.TaskCanceledException: The operation was canceled.
 ---> System.Threading.Tasks.TaskCanceledException: The operation was canceled.
 ---> System.IO.IOException: Unable to read data from the transport connection: Операция ввода/вывода была прервана из-за завершения потока команд или по запросу приложения..
 ---> System.Net.Sockets.SocketException (995): Операция ввода/вывода была прервана из-за завершения потока команд или по запросу приложения.
   --- End of inner exception stack trace ---
   at System.Net.Sockets.Socket.AwaitableSocketAsyncEventArgs.System.Threading.Tasks.Sources.IValueTaskSource<System.Int32>.GetResult(Int16 token)
   at System.Net.Security.SslStream.EnsureFullTlsFrameAsync[TIOAdapter](CancellationToken cancellationToken, Int32 estimatedSize)
   at System.Runtime.CompilerServices.PoolingAsyncValueTaskMethodBuilder`1.StateMachineBox`1.System.Threading.Tasks.Sources.IValueTaskSource<TResult>.GetResult(Int16 token)
   at System.Net.Security.SslStream.ReadAsyncInternal[TIOAdapter](Memory`1 buffer, CancellationToken cancellationToken)
   at System.Runtime.CompilerServices.PoolingAsyncValueTaskMethodBuilder`1.StateMachineBox`1.System.Threading.Tasks.Sources.IValueTaskSource<TResult>.GetResult(Int16 token)
   at System.Net.Http.HttpConnection.SendAsync(HttpRequestMessage request, Boolean async, CancellationToken cancellationToken)
   --- End of inner exception stack trace ---
   at System.Net.Http.HttpConnection.SendAsync(HttpRequestMessage request, Boolean async, CancellationToken cancellationToken)
   at System.Net.Http.AuthenticationHelper.SendWithNtAuthAsync(HttpRequestMessage request, Uri authUri, Boolean async, ICredentials credentials, Boolean isProxyAuth, HttpConnection connection, HttpConnectionPool connectionPool, CancellationToken cancellationToken)
   at System.Net.Http.HttpConnectionPool.SendWithVersionDetectionAndRetryAsync(HttpRequestMessage request, Boolean async, Boolean doRequestAuth, CancellationToken cancellationToken)
   at System.Net.Http.AuthenticationHelper.SendWithAuthAsync(HttpRequestMessage request, Uri authUri, Boolean async, ICredentials credentials, Boolean preAuthenticate, Boolean isProxyAuth, Boolean doRequestAuth, HttpConnectionPool pool, CancellationToken cancellationToken)
   at System.Net.Http.RedirectHandler.SendAsync(HttpRequestMessage request, Boolean async, CancellationToken cancellationToken)
   at GitHub.Services.Common.RawHttpMessageHandler.SendAsync(HttpRequestMessage request, CancellationToken cancellationToken)
   at GitHub.Services.Common.VssHttpRetryMessageHandler.SendAsync(HttpRequestMessage request, CancellationToken cancellationToken)
   at System.Net.Http.HttpClient.<SendAsync>g__Core|83_0(HttpRequestMessage request, HttpCompletionOption completionOption, CancellationTokenSource cts, Boolean disposeCts, CancellationTokenSource pendingRequestsCts, CancellationToken originalCancellationToken)
   --- End of inner exception stack trace ---
   at System.Net.Http.HttpClient.HandleFailure(Exception e, Boolean telemetryStarted, HttpResponseMessage response, CancellationTokenSource cts, CancellationToken cancellationToken, CancellationTokenSource pendingRequestsCts)
   at System.Net.Http.HttpClient.<SendAsync>g__Core|83_0(HttpRequestMessage request, HttpCompletionOption completionOption, CancellationTokenSource cts, Boolean disposeCts, CancellationTokenSource pendingRequestsCts, CancellationToken originalCancellationToken)
   at Sdk.WebApi.WebApi.RawHttpClientBase.SendAsync(HttpRequestMessage message, HttpCompletionOption completionOption, Object userState, CancellationToken cancellationToken)
   at Sdk.WebApi.WebApi.RawHttpClientBase.SendAsync[T](HttpRequestMessage message, Boolean readErrorBody, Object userState, CancellationToken cancellationToken)
   at Sdk.WebApi.WebApi.RawHttpClientBase.SendAsync[T](HttpMethod method, IEnumerable`1 additionalHeaders, Uri requestUri, HttpContent content, IEnumerable`1 queryParameters, Boolean readErrorBody, Object userState, CancellationToken cancellationToken)
   at GitHub.Actions.RunService.WebApi.BrokerHttpClient.GetRunnerMessageAsync(Nullable`1 sessionId, String runnerVersion, Nullable`1 status, String os, String architecture, Nullable`1 disableUpdate, CancellationToken cancellationToken)
   at GitHub.Runner.Common.BrokerServer.<>c__DisplayClass7_0.<<GetRunnerMessageAsync>b__0>d.MoveNext()
--- End of stack trace from previous location ---
   at GitHub.Runner.Common.RunnerService.RetryRequest[T](Func`1 func, CancellationToken cancellationToken, Int32 maxAttempts, Func`2 shouldRetry)
[2025-11-09 22:08:18Z ERR  BrokerServer] #####################################################
[2025-11-09 22:08:18Z ERR  BrokerServer] System.Threading.Tasks.TaskCanceledException: The operation was canceled.
 ---> System.IO.IOException: Unable to read data from the transport connection: Операция ввода/вывода была прервана из-за завершения потока команд или по запросу приложения..
 ---> System.Net.Sockets.SocketException (995): Операция ввода/вывода была прервана из-за завершения потока команд или по запросу приложения.
   --- End of inner exception stack trace ---
   at System.Net.Sockets.Socket.AwaitableSocketAsyncEventArgs.System.Threading.Tasks.Sources.IValueTaskSource<System.Int32>.GetResult(Int16 token)
   at System.Net.Security.SslStream.EnsureFullTlsFrameAsync[TIOAdapter](CancellationToken cancellationToken, Int32 estimatedSize)
   at System.Runtime.CompilerServices.PoolingAsyncValueTaskMethodBuilder`1.StateMachineBox`1.System.Threading.Tasks.Sources.IValueTaskSource<TResult>.GetResult(Int16 token)
   at System.Net.Security.SslStream.ReadAsyncInternal[TIOAdapter](Memory`1 buffer, CancellationToken cancellationToken)
   at System.Runtime.CompilerServices.PoolingAsyncValueTaskMethodBuilder`1.StateMachineBox`1.System.Threading.Tasks.Sources.IValueTaskSource<TResult>.GetResult(Int16 token)
   at System.Net.Http.HttpConnection.SendAsync(HttpRequestMessage request, Boolean async, CancellationToken cancellationToken)
   --- End of inner exception stack trace ---
   at System.Net.Http.HttpConnection.SendAsync(HttpRequestMessage request, Boolean async, CancellationToken cancellationToken)
   at System.Net.Http.AuthenticationHelper.SendWithNtAuthAsync(HttpRequestMessage request, Uri authUri, Boolean async, ICredentials credentials, Boolean isProxyAuth, HttpConnection connection, HttpConnectionPool connectionPool, CancellationToken cancellationToken)
   at System.Net.Http.HttpConnectionPool.SendWithVersionDetectionAndRetryAsync(HttpRequestMessage request, Boolean async, Boolean doRequestAuth, CancellationToken cancellationToken)
   at System.Net.Http.AuthenticationHelper.SendWithAuthAsync(HttpRequestMessage request, Uri authUri, Boolean async, ICredentials credentials, Boolean preAuthenticate, Boolean isProxyAuth, Boolean doRequestAuth, HttpConnectionPool pool, CancellationToken cancellationToken)
   at System.Net.Http.RedirectHandler.SendAsync(HttpRequestMessage request, Boolean async, CancellationToken cancellationToken)
   at GitHub.Services.Common.RawHttpMessageHandler.SendAsync(HttpRequestMessage request, CancellationToken cancellationToken)
   at GitHub.Services.Common.VssHttpRetryMessageHandler.SendAsync(HttpRequestMessage request, CancellationToken cancellationToken)
   at System.Net.Http.HttpClient.<SendAsync>g__Core|83_0(HttpRequestMessage request, HttpCompletionOption completionOption, CancellationTokenSource cts, Boolean disposeCts, CancellationTokenSource pendingRequestsCts, CancellationToken originalCancellationToken)
[2025-11-09 22:08:18Z ERR  BrokerServer] #####################################################
[2025-11-09 22:08:18Z ERR  BrokerServer] System.IO.IOException: Unable to read data from the transport connection: Операция ввода/вывода была прервана из-за завершения потока команд или по запросу приложения..
 ---> System.Net.Sockets.SocketException (995): Операция ввода/вывода была прервана из-за завершения потока команд или по запросу приложения.
   --- End of inner exception stack trace ---
   at System.Net.Sockets.Socket.AwaitableSocketAsyncEventArgs.System.Threading.Tasks.Sources.IValueTaskSource<System.Int32>.GetResult(Int16 token)
   at System.Net.Security.SslStream.EnsureFullTlsFrameAsync[TIOAdapter](CancellationToken cancellationToken, Int32 estimatedSize)
   at System.Runtime.CompilerServices.PoolingAsyncValueTaskMethodBuilder`1.StateMachineBox`1.System.Threading.Tasks.Sources.IValueTaskSource<TResult>.GetResult(Int16 token)
   at System.Net.Security.SslStream.ReadAsyncInternal[TIOAdapter](Memory`1 buffer, CancellationToken cancellationToken)
   at System.Runtime.CompilerServices.PoolingAsyncValueTaskMethodBuilder`1.StateMachineBox`1.System.Threading.Tasks.Sources.IValueTaskSource<TResult>.GetResult(Int16 token)
   at System.Net.Http.HttpConnection.SendAsync(HttpRequestMessage request, Boolean async, CancellationToken cancellationToken)
[2025-11-09 22:08:18Z ERR  BrokerServer] #####################################################
[2025-11-09 22:08:18Z ERR  BrokerServer] System.Net.Sockets.SocketException (995): Операция ввода/вывода была прервана из-за завершения потока команд или по запросу приложения.
[2025-11-09 22:08:18Z WARN BrokerServer] Back off 9,051 seconds before next retry. 4 attempt left.
[2025-11-09 22:08:18Z INFO BrokerMessageListener] Get next message has been cancelled.
[2025-11-09 22:08:18Z INFO JobDispatcher] Shutting down JobDispatcher. Make sure all WorkerDispatcher has finished.
[2025-11-09 22:08:18Z INFO JobDispatcher] Ensure WorkerDispatcher for job 7c94d4d5-2825-5712-9715-33fd08c5b7d2 run to finish, cancel any running job.
[2025-11-09 22:08:18Z INFO JobDispatcher] Job request 7c94d4d5-2825-5712-9715-33fd08c5b7d2 processed succeed.
[2025-11-09 22:08:18Z INFO Runner] Deleting Runner Session...
[2025-11-09 22:08:19Z INFO Listener] Runner execution been cancelled.
