[2025-11-10 17:29:25Z INFO HostContext] No proxy settings were found based on environmental variables (http_proxy/https_proxy/HTTP_PROXY/HTTPS_PROXY)
[2025-11-10 17:29:25Z INFO HostContext] Well known directory 'Bin': 'C:\Users\egorv\Documents\devops\practice_3\actions-runner\bin'
[2025-11-10 17:29:25Z INFO HostContext] Well known directory 'Root': 'C:\Users\egorv\Documents\devops\practice_3\actions-runner'
[2025-11-10 17:29:25Z INFO HostContext] Well known config file 'Credentials': 'C:\Users\egorv\Documents\devops\practice_3\actions-runner\.credentials'
[2025-11-10 17:29:26Z INFO HostContext] Well known directory 'Bin': 'C:\Users\egorv\Documents\devops\practice_3\actions-runner\bin'
[2025-11-10 17:29:26Z INFO HostContext] Well known directory 'Root': 'C:\Users\egorv\Documents\devops\practice_3\actions-runner'
[2025-11-10 17:29:26Z INFO HostContext] Well known config file 'Runner': 'C:\Users\egorv\Documents\devops\practice_3\actions-runner\.runner'
[2025-11-10 17:29:26Z INFO Listener] Runner is built for Windows (X64) - win-x64.
[2025-11-10 17:29:26Z INFO Listener] RuntimeInformation: Microsoft Windows 10.0.19045.
[2025-11-10 17:29:26Z INFO Listener] Version: 2.329.0
[2025-11-10 17:29:26Z INFO Listener] Commit: c76c59996c8fa32e989164a5a695efb12608ae5a
[2025-11-10 17:29:26Z INFO Listener] Culture: ru-RU
[2025-11-10 17:29:26Z INFO Listener] UI Culture: ru-RU
[2025-11-10 17:29:26Z INFO HostContext] Well known directory 'Bin': 'C:\Users\egorv\Documents\devops\practice_3\actions-runner\bin'
[2025-11-10 17:29:26Z INFO HostContext] Well known directory 'Root': 'C:\Users\egorv\Documents\devops\practice_3\actions-runner'
[2025-11-10 17:29:26Z INFO Listener] Validating directory permissions for: 'C:\Users\egorv\Documents\devops\practice_3\actions-runner'
[2025-11-10 17:29:26Z INFO CommandLineParser] Parse
[2025-11-10 17:29:26Z INFO CommandLineParser] Parsing 1 args
[2025-11-10 17:29:26Z INFO CommandLineParser] parsing argument
[2025-11-10 17:29:26Z INFO CommandLineParser] HasArgs: False
[2025-11-10 17:29:26Z INFO CommandLineParser] Adding Command: run
[2025-11-10 17:29:26Z INFO Listener] Arguments parsed
[2025-11-10 17:29:26Z INFO Runner] ExecuteCommand
[2025-11-10 17:29:26Z INFO ConfigurationStore] currentAssemblyLocation: C:\Users\egorv\Documents\devops\practice_3\actions-runner\bin\Runner.Listener.dll
[2025-11-10 17:29:26Z INFO HostContext] Well known directory 'Bin': 'C:\Users\egorv\Documents\devops\practice_3\actions-runner\bin'
[2025-11-10 17:29:26Z INFO ConfigurationStore] binPath: C:\Users\egorv\Documents\devops\practice_3\actions-runner\bin
[2025-11-10 17:29:26Z INFO HostContext] Well known directory 'Bin': 'C:\Users\egorv\Documents\devops\practice_3\actions-runner\bin'
[2025-11-10 17:29:26Z INFO HostContext] Well known directory 'Root': 'C:\Users\egorv\Documents\devops\practice_3\actions-runner'
[2025-11-10 17:29:26Z INFO ConfigurationStore] RootFolder: C:\Users\egorv\Documents\devops\practice_3\actions-runner
[2025-11-10 17:29:26Z INFO HostContext] Well known directory 'Bin': 'C:\Users\egorv\Documents\devops\practice_3\actions-runner\bin'
[2025-11-10 17:29:26Z INFO HostContext] Well known directory 'Root': 'C:\Users\egorv\Documents\devops\practice_3\actions-runner'
[2025-11-10 17:29:26Z INFO HostContext] Well known config file 'Runner': 'C:\Users\egorv\Documents\devops\practice_3\actions-runner\.runner'
[2025-11-10 17:29:26Z INFO ConfigurationStore] ConfigFilePath: C:\Users\egorv\Documents\devops\practice_3\actions-runner\.runner
[2025-11-10 17:29:26Z INFO HostContext] Well known directory 'Bin': 'C:\Users\egorv\Documents\devops\practice_3\actions-runner\bin'
[2025-11-10 17:29:26Z INFO HostContext] Well known directory 'Root': 'C:\Users\egorv\Documents\devops\practice_3\actions-runner'
[2025-11-10 17:29:26Z INFO HostContext] Well known config file 'MigratedRunner': 'C:\Users\egorv\Documents\devops\practice_3\actions-runner\.runner_migrated'
[2025-11-10 17:29:26Z INFO ConfigurationStore] MigratedConfigFilePath: C:\Users\egorv\Documents\devops\practice_3\actions-runner\.runner_migrated
[2025-11-10 17:29:26Z INFO HostContext] Well known directory 'Bin': 'C:\Users\egorv\Documents\devops\practice_3\actions-runner\bin'
[2025-11-10 17:29:26Z INFO HostContext] Well known directory 'Root': 'C:\Users\egorv\Documents\devops\practice_3\actions-runner'
[2025-11-10 17:29:26Z INFO HostContext] Well known config file 'Credentials': 'C:\Users\egorv\Documents\devops\practice_3\actions-runner\.credentials'
[2025-11-10 17:29:26Z INFO ConfigurationStore] CredFilePath: C:\Users\egorv\Documents\devops\practice_3\actions-runner\.credentials
[2025-11-10 17:29:26Z INFO HostContext] Well known directory 'Bin': 'C:\Users\egorv\Documents\devops\practice_3\actions-runner\bin'
[2025-11-10 17:29:26Z INFO HostContext] Well known directory 'Root': 'C:\Users\egorv\Documents\devops\practice_3\actions-runner'
[2025-11-10 17:29:26Z INFO HostContext] Well known config file 'MigratedCredentials': 'C:\Users\egorv\Documents\devops\practice_3\actions-runner\.credentials_migrated'
[2025-11-10 17:29:26Z INFO ConfigurationStore] MigratedCredFilePath: C:\Users\egorv\Documents\devops\practice_3\actions-runner\.credentials_migrated
[2025-11-10 17:29:26Z INFO HostContext] Well known directory 'Bin': 'C:\Users\egorv\Documents\devops\practice_3\actions-runner\bin'
[2025-11-10 17:29:26Z INFO HostContext] Well known directory 'Root': 'C:\Users\egorv\Documents\devops\practice_3\actions-runner'
[2025-11-10 17:29:26Z INFO HostContext] Well known config file 'Service': 'C:\Users\egorv\Documents\devops\practice_3\actions-runner\.service'
[2025-11-10 17:29:26Z INFO ConfigurationStore] ServiceConfigFilePath: C:\Users\egorv\Documents\devops\practice_3\actions-runner\.service
[2025-11-10 17:29:26Z INFO CommandSettings] Flag 'help': 'False'
[2025-11-10 17:29:26Z INFO CommandSettings] Flag 'version': 'False'
[2025-11-10 17:29:26Z INFO CommandSettings] Flag 'commit': 'False'
[2025-11-10 17:29:26Z INFO CommandSettings] Flag 'check': 'False'
[2025-11-10 17:29:26Z INFO CommandSettings] Command 'configure': 'False'
[2025-11-10 17:29:26Z INFO CommandSettings] Command 'remove': 'False'
[2025-11-10 17:29:26Z INFO CommandSettings] Command 'warmup': 'False'
[2025-11-10 17:29:26Z INFO ConfigurationManager] LoadSettings
[2025-11-10 17:29:26Z INFO ConfigurationStore] IsConfigured()
[2025-11-10 17:29:26Z INFO ConfigurationStore] IsConfigured: True
[2025-11-10 17:29:26Z INFO ConfigurationManager] Is configured: True
[2025-11-10 17:29:26Z INFO ConfigurationStore] Read setting file: 400 chars
[2025-11-10 17:29:26Z INFO ConfigurationManager] Settings Loaded
[2025-11-10 17:29:26Z INFO ConfigurationStore] IsServiceConfigured()
[2025-11-10 17:29:26Z INFO ConfigurationStore] IsServiceConfigured: False
[2025-11-10 17:29:26Z INFO CommandSettings] Command 'run': 'True'
[2025-11-10 17:29:26Z INFO ConfigurationStore] IsConfigured()
[2025-11-10 17:29:26Z INFO ConfigurationStore] IsConfigured: True
[2025-11-10 17:29:26Z INFO ConfigurationManager] Is configured: True
[2025-11-10 17:29:26Z INFO Runner] Could not parse the argument value '' for StartupType. Defaulting to Manual
[2025-11-10 17:29:26Z INFO Runner] Set runner startup type - Manual
[2025-11-10 17:29:26Z INFO CommandSettings] Flag 'once': 'False'
[2025-11-10 17:29:26Z INFO CommandSettings] Flag 'once': 'False'
[2025-11-10 17:29:26Z INFO Runner] RunAsync
[2025-11-10 17:29:26Z INFO ConfigurationManager] LoadMigratedSettings
[2025-11-10 17:29:26Z INFO ConfigurationStore] IsMigratedConfigured()
[2025-11-10 17:29:26Z INFO ConfigurationStore] IsMigratedConfigured: False
[2025-11-10 17:29:26Z INFO Runner] Failed to load migrated settings: No migrated configuration found.
[2025-11-10 17:29:26Z INFO Runner] Falling back to original .runner settings
[2025-11-10 17:29:26Z INFO Runner] Using BrokerMessageListener
[2025-11-10 17:29:26Z INFO BrokerMessageListener] Using provided settings
[2025-11-10 17:29:26Z INFO BrokerMessageListener] {
  "AgentId": 2,
  "AgentName": "DESKTOP-UBG39OS",
  "PoolId": 1,
  "PoolName": "Default",
  "ServerUrl": "https://pipelinesghubeus3.actions.githubusercontent.com/ugog8tdjifN7hHmLQmgcSNYTEPxmxa1cn8DI5s1sSgmnKkBkcY/",
  "GitHubUrl": "https://github.com/Vatulin/github-actions",
  "WorkFolder": "_work",
  "UseV2Flow": true,
  "ServerUrlV2": "https://broker.actions.githubusercontent.com/"
}
[2025-11-10 17:29:26Z INFO BrokerMessageListener] Loading Credentials
[2025-11-10 17:29:26Z INFO ConfigurationStore] HasCredentials()
[2025-11-10 17:29:26Z INFO ConfigurationStore] stored True
[2025-11-10 17:29:26Z INFO CredentialManager] GetCredentialProvider
[2025-11-10 17:29:26Z INFO CredentialManager] Creating type OAuth
[2025-11-10 17:29:26Z INFO CredentialManager] Creating credential type: OAuth
[2025-11-10 17:29:26Z INFO HostContext] Well known directory 'Bin': 'C:\Users\egorv\Documents\devops\practice_3\actions-runner\bin'
[2025-11-10 17:29:26Z INFO HostContext] Well known directory 'Root': 'C:\Users\egorv\Documents\devops\practice_3\actions-runner'
[2025-11-10 17:29:26Z INFO HostContext] Well known config file 'RSACredentials': 'C:\Users\egorv\Documents\devops\practice_3\actions-runner\.credentials_rsaparams'
[2025-11-10 17:29:26Z INFO RSAEncryptedFileKeyManager] Loading RSA key parameters from file C:\Users\egorv\Documents\devops\practice_3\actions-runner\.credentials_rsaparams
[2025-11-10 17:29:26Z INFO BrokerMessageListener] Attempt to create session.
[2025-11-10 17:29:26Z INFO BrokerMessageListener] Connecting to the Broker Server...
[2025-11-10 17:29:26Z INFO ConfigurationStore] HasCredentials()
[2025-11-10 17:29:26Z INFO ConfigurationStore] stored True
[2025-11-10 17:29:26Z INFO CredentialManager] GetCredentialProvider
[2025-11-10 17:29:26Z INFO CredentialManager] Creating type OAuth
[2025-11-10 17:29:26Z INFO CredentialManager] Creating credential type: OAuth
[2025-11-10 17:29:26Z INFO RSAEncryptedFileKeyManager] Loading RSA key parameters from file C:\Users\egorv\Documents\devops\practice_3\actions-runner\.credentials_rsaparams
[2025-11-10 17:29:26Z INFO BrokerMessageListener] VssConnection created
[2025-11-10 17:29:26Z INFO BrokerMessageListener] Connecting to the Runner server...
[2025-11-10 17:29:26Z INFO RunnerServer] EstablishVssConnection
[2025-11-10 17:29:26Z INFO RunnerServer] Establish connection with 100 seconds timeout.
[2025-11-10 17:29:26Z INFO GitHubActionsService] Starting operation Location.GetConnectionData
[2025-11-10 17:29:26Z INFO RunnerServer] EstablishVssConnection
[2025-11-10 17:29:26Z INFO RunnerServer] Establish connection with 60 seconds timeout.
[2025-11-10 17:29:26Z INFO GitHubActionsService] Starting operation Location.GetConnectionData
[2025-11-10 17:29:26Z INFO RunnerServer] EstablishVssConnection
[2025-11-10 17:29:26Z INFO RunnerServer] Establish connection with 60 seconds timeout.
[2025-11-10 17:29:26Z INFO GitHubActionsService] Starting operation Location.GetConnectionData
[2025-11-10 17:29:27Z INFO GitHubActionsService] Finished operation Location.GetConnectionData
[2025-11-10 17:29:27Z INFO GitHubActionsService] Finished operation Location.GetConnectionData
[2025-11-10 17:29:27Z INFO GitHubActionsService] Finished operation Location.GetConnectionData
[2025-11-10 17:29:27Z INFO BrokerMessageListener] VssConnection created
[2025-11-10 17:29:27Z INFO Terminal] WRITE LINE: 
[2025-11-10 17:29:27Z INFO Terminal] WRITE LINE: 
[2025-11-10 17:29:27Z INFO RSAEncryptedFileKeyManager] Loading RSA key parameters from file C:\Users\egorv\Documents\devops\practice_3\actions-runner\.credentials_rsaparams
[2025-11-10 17:29:27Z INFO RSAEncryptedFileKeyManager] Loading RSA key parameters from file C:\Users\egorv\Documents\devops\practice_3\actions-runner\.credentials_rsaparams
[2025-11-10 17:29:28Z INFO GitHubActionsService] AAD Correlation ID for this token request: Unknown
[2025-11-10 17:29:29Z INFO BrokerMessageListener] Session created.
[2025-11-10 17:29:29Z INFO Terminal] WRITE LINE: Current runner version: '2.329.0'
[2025-11-10 17:29:29Z INFO Terminal] WRITE LINE: 2025-11-10 17:29:29Z: Listening for Jobs
[2025-11-10 17:29:29Z INFO JobDispatcher] Set runner/worker IPC timeout to 30 seconds.
[2025-11-10 17:29:30Z INFO BrokerMessageListener] Acknowledging runner request '835bc911-5df7-547e-9e68-79e48cd9908c'.
[2025-11-10 17:29:30Z INFO ConfigurationStore] HasCredentials()
[2025-11-10 17:29:30Z INFO ConfigurationStore] stored True
[2025-11-10 17:29:30Z INFO CredentialManager] GetCredentialProvider
[2025-11-10 17:29:30Z INFO CredentialManager] Creating type OAuth
[2025-11-10 17:29:30Z INFO CredentialManager] Creating credential type: OAuth
[2025-11-10 17:29:30Z INFO RSAEncryptedFileKeyManager] Loading RSA key parameters from file C:\Users\egorv\Documents\devops\practice_3\actions-runner\.credentials_rsaparams
[2025-11-10 17:29:30Z INFO RSAEncryptedFileKeyManager] Loading RSA key parameters from file C:\Users\egorv\Documents\devops\practice_3\actions-runner\.credentials_rsaparams
[2025-11-10 17:29:30Z INFO RSAEncryptedFileKeyManager] Loading RSA key parameters from file C:\Users\egorv\Documents\devops\practice_3\actions-runner\.credentials_rsaparams
[2025-11-10 17:29:31Z INFO GitHubActionsService] AAD Correlation ID for this token request: Unknown
[2025-11-10 17:29:33Z INFO JobDispatcher] Job request 0 for plan 217be476-0d76-42e2-8b66-a15cceaf62c8 job 835bc911-5df7-547e-9e68-79e48cd9908c received.
[2025-11-10 17:29:33Z INFO JobDispatcher] Pull OrchestrationId 217be476-0d76-42e2-8b66-a15cceaf62c8.deploy-and-test.__default from JWT claims
[2025-11-10 17:29:33Z INFO BrokerMessageListener] Received job status event. JobState: Busy
[2025-11-10 17:29:33Z INFO BrokerMessageListener] _getMessagesTokenSource is already disposed.
[2025-11-10 17:29:33Z INFO Terminal] WRITE LINE: 2025-11-10 17:29:33Z: Running job: deploy-and-test
[2025-11-10 17:29:33Z INFO JobDispatcher] Start renew job request 0 for job 835bc911-5df7-547e-9e68-79e48cd9908c.
[2025-11-10 17:29:33Z INFO JobDispatcher] Successfully renew job 835bc911-5df7-547e-9e68-79e48cd9908c, job is valid till 10.11.2025 17:39:32
[2025-11-10 17:29:33Z INFO HostContext] Well known directory 'Bin': 'C:\Users\egorv\Documents\devops\practice_3\actions-runner\bin'
[2025-11-10 17:29:33Z INFO ProcessInvokerWrapper] Starting process:
[2025-11-10 17:29:33Z INFO ProcessInvokerWrapper]   File name: 'C:\Users\egorv\Documents\devops\practice_3\actions-runner\bin\Runner.Worker.exe'
[2025-11-10 17:29:33Z INFO ProcessInvokerWrapper]   Arguments: 'spawnclient 2180 2192'
[2025-11-10 17:29:33Z INFO ProcessInvokerWrapper]   Working directory: 'C:\Users\egorv\Documents\devops\practice_3\actions-runner\bin'
[2025-11-10 17:29:33Z INFO ProcessInvokerWrapper]   Require exit code zero: 'False'
[2025-11-10 17:29:33Z INFO ProcessInvokerWrapper]   Encoding web name:  ; code page: ''
[2025-11-10 17:29:33Z INFO ProcessInvokerWrapper]   Force kill process on cancellation: 'True'
[2025-11-10 17:29:33Z INFO ProcessInvokerWrapper]   Redirected STDIN: 'False'
[2025-11-10 17:29:33Z INFO ProcessInvokerWrapper]   Persist current code page: 'False'
[2025-11-10 17:29:33Z INFO ProcessInvokerWrapper]   Keep redirected STDIN open: 'False'
[2025-11-10 17:29:33Z INFO ProcessInvokerWrapper]   High priority process: 'True'
[2025-11-10 17:29:33Z INFO ProcessInvokerWrapper] Process started with process id 4588, waiting for process exit.
[2025-11-10 17:29:33Z INFO JobDispatcher] Send job request message to worker for job 835bc911-5df7-547e-9e68-79e48cd9908c.
[2025-11-10 17:29:34Z INFO ProcessChannel] Sending message of length 22219, with hash '34f47dd75175a4f78da0ea22392a212ad24f12420510b6bda30b5e21d6515cf0'
[2025-11-10 17:29:34Z INFO JobNotification] Entering JobStarted Notification
[2025-11-10 17:29:34Z INFO JobNotification] Entering StartMonitor
[2025-11-10 17:30:34Z INFO JobDispatcher] Successfully renew job 835bc911-5df7-547e-9e68-79e48cd9908c, job is valid till 10.11.2025 17:40:33
[2025-11-10 17:31:34Z INFO JobDispatcher] Successfully renew job 835bc911-5df7-547e-9e68-79e48cd9908c, job is valid till 10.11.2025 17:41:33
[2025-11-10 17:32:34Z INFO JobDispatcher] Successfully renew job 835bc911-5df7-547e-9e68-79e48cd9908c, job is valid till 10.11.2025 17:42:33
[2025-11-10 17:33:34Z INFO JobDispatcher] Successfully renew job 835bc911-5df7-547e-9e68-79e48cd9908c, job is valid till 10.11.2025 17:43:33
[2025-11-10 17:33:40Z INFO ProcessInvokerWrapper] STDOUT/STDERR stream read finished.
[2025-11-10 17:33:40Z INFO ProcessInvokerWrapper] STDOUT/STDERR stream read finished.
[2025-11-10 17:33:40Z INFO ProcessInvokerWrapper] Finished process 4588 with exit code 102, and elapsed time 00:04:06.2754495.
[2025-11-10 17:33:40Z INFO JobDispatcher] Worker finished for job 835bc911-5df7-547e-9e68-79e48cd9908c. Code: 102
[2025-11-10 17:33:40Z INFO JobDispatcher] finish job request for job 835bc911-5df7-547e-9e68-79e48cd9908c with result: Failed
[2025-11-10 17:33:40Z INFO Terminal] WRITE LINE: 2025-11-10 17:33:40Z: Job deploy-and-test completed with result: Failed
[2025-11-10 17:33:40Z INFO JobDispatcher] Stop renew job request for job 835bc911-5df7-547e-9e68-79e48cd9908c.
[2025-11-10 17:33:40Z INFO JobDispatcher] job renew has been cancelled, stop renew job 835bc911-5df7-547e-9e68-79e48cd9908c.
[2025-11-10 17:33:40Z INFO JobNotification] Entering JobCompleted Notification
[2025-11-10 17:33:40Z INFO JobNotification] Entering EndMonitor
[2025-11-10 17:33:40Z INFO BrokerMessageListener] Received job status event. JobState: Online
[2025-11-10 17:33:40Z WARN GitHubActionsService] GET request to https://broker.actions.githubusercontent.com/message?sessionId=d2f81b3a-30e9-4d21-91d5-64b712ca2301&status=Busy&runnerVersion=2.329.0&os=Windows&architecture=X64&disableUpdate=false has been cancelled.
[2025-11-10 17:33:40Z ERR  BrokerServer] Catch exception during request
[2025-11-10 17:33:40Z ERR  BrokerServer] System.Threading.Tasks.TaskCanceledException: The operation was canceled.
 ---> System.Threading.Tasks.TaskCanceledException: The operation was canceled.
 ---> System.IO.IOException: Unable to read data from the transport connection: Операция ввода/вывода была прервана из-за завершения потока команд или по запросу приложения..
 ---> System.Net.Sockets.SocketException (995): Операция ввода/вывода была прервана из-за завершения потока команд или по запросу приложения.
   --- End of inner exception stack trace ---
   at System.Net.Sockets.Socket.AwaitableSocketAsyncEventArgs.ThrowException(SocketError error, CancellationToken cancellationToken)
   at System.Net.Sockets.Socket.AwaitableSocketAsyncEventArgs.System.Threading.Tasks.Sources.IValueTaskSource<System.Int32>.GetResult(Int16 token)
   at System.Net.Security.SslStream.EnsureFullTlsFrameAsync[TIOAdapter](CancellationToken cancellationToken, Int32 estimatedSize)
   at System.Runtime.CompilerServices.PoolingAsyncValueTaskMethodBuilder`1.StateMachineBox`1.System.Threading.Tasks.Sources.IValueTaskSource<TResult>.GetResult(Int16 token)
   at System.Net.Security.SslStream.ReadAsyncInternal[TIOAdapter](Memory`1 buffer, CancellationToken cancellationToken)
   at System.Runtime.CompilerServices.PoolingAsyncValueTaskMethodBuilder`1.StateMachineBox`1.System.Threading.Tasks.Sources.IValueTaskSource<TResult>.GetResult(Int16 token)
   at System.Net.Http.HttpConnection.SendAsync(HttpRequestMessage request, Boolean async, CancellationToken cancellationToken)
   --- End of inner exception stack trace ---
   at System.Net.Http.HttpConnection.SendAsync(HttpRequestMessage request, Boolean async, CancellationToken cancellationToken)
   at System.Net.Http.AuthenticationHelper.SendWithNtAuthAsync(HttpRequestMessage request, Uri authUri, Boolean async, ICredentials credentials, Boolean isProxyAuth, HttpConnection connection, HttpConnectionPool connectionPool, CancellationToken cancellationToken)
   at System.Net.Http.HttpConnectionPool.SendWithVersionDetectionAndRetryAsync(HttpRequestMessage request, Boolean async, Boolean doRequestAuth, CancellationToken cancellationToken)
   at System.Net.Http.AuthenticationHelper.SendWithAuthAsync(HttpRequestMessage request, Uri authUri, Boolean async, ICredentials credentials, Boolean preAuthenticate, Boolean isProxyAuth, Boolean doRequestAuth, HttpConnectionPool pool, CancellationToken cancellationToken)
   at System.Net.Http.RedirectHandler.SendAsync(HttpRequestMessage request, Boolean async, CancellationToken cancellationToken)
   at GitHub.Services.Common.RawHttpMessageHandler.SendAsync(HttpRequestMessage request, CancellationToken cancellationToken)
   at GitHub.Services.Common.VssHttpRetryMessageHandler.SendAsync(HttpRequestMessage request, CancellationToken cancellationToken)
   at System.Net.Http.HttpClient.<SendAsync>g__Core|83_0(HttpRequestMessage request, HttpCompletionOption completionOption, CancellationTokenSource cts, Boolean disposeCts, CancellationTokenSource pendingRequestsCts, CancellationToken originalCancellationToken)
   --- End of inner exception stack trace ---
   at System.Net.Http.HttpClient.HandleFailure(Exception e, Boolean telemetryStarted, HttpResponseMessage response, CancellationTokenSource cts, CancellationToken cancellationToken, CancellationTokenSource pendingRequestsCts)
   at System.Net.Http.HttpClient.<SendAsync>g__Core|83_0(HttpRequestMessage request, HttpCompletionOption completionOption, CancellationTokenSource cts, Boolean disposeCts, CancellationTokenSource pendingRequestsCts, CancellationToken originalCancellationToken)
   at Sdk.WebApi.WebApi.RawHttpClientBase.SendAsync(HttpRequestMessage message, HttpCompletionOption completionOption, Object userState, CancellationToken cancellationToken)
   at Sdk.WebApi.WebApi.RawHttpClientBase.SendAsync[T](HttpRequestMessage message, Boolean readErrorBody, Object userState, CancellationToken cancellationToken)
   at Sdk.WebApi.WebApi.RawHttpClientBase.SendAsync[T](HttpMethod method, IEnumerable`1 additionalHeaders, Uri requestUri, HttpContent content, IEnumerable`1 queryParameters, Boolean readErrorBody, Object userState, CancellationToken cancellationToken)
   at GitHub.Actions.RunService.WebApi.BrokerHttpClient.GetRunnerMessageAsync(Nullable`1 sessionId, String runnerVersion, Nullable`1 status, String os, String architecture, Nullable`1 disableUpdate, CancellationToken cancellationToken)
   at GitHub.Runner.Common.BrokerServer.<>c__DisplayClass7_0.<<GetRunnerMessageAsync>b__0>d.MoveNext()
--- End of stack trace from previous location ---
   at GitHub.Runner.Common.RunnerService.RetryRequest[T](Func`1 func, CancellationToken cancellationToken, Int32 maxAttempts, Func`2 shouldRetry)
[2025-11-10 17:33:40Z ERR  BrokerServer] #####################################################
[2025-11-10 17:33:40Z ERR  BrokerServer] System.Threading.Tasks.TaskCanceledException: The operation was canceled.
 ---> System.IO.IOException: Unable to read data from the transport connection: Операция ввода/вывода была прервана из-за завершения потока команд или по запросу приложения..
 ---> System.Net.Sockets.SocketException (995): Операция ввода/вывода была прервана из-за завершения потока команд или по запросу приложения.
   --- End of inner exception stack trace ---
   at System.Net.Sockets.Socket.AwaitableSocketAsyncEventArgs.ThrowException(SocketError error, CancellationToken cancellationToken)
   at System.Net.Sockets.Socket.AwaitableSocketAsyncEventArgs.System.Threading.Tasks.Sources.IValueTaskSource<System.Int32>.GetResult(Int16 token)
   at System.Net.Security.SslStream.EnsureFullTlsFrameAsync[TIOAdapter](CancellationToken cancellationToken, Int32 estimatedSize)
   at System.Runtime.CompilerServices.PoolingAsyncValueTaskMethodBuilder`1.StateMachineBox`1.System.Threading.Tasks.Sources.IValueTaskSource<TResult>.GetResult(Int16 token)
   at System.Net.Security.SslStream.ReadAsyncInternal[TIOAdapter](Memory`1 buffer, CancellationToken cancellationToken)
   at System.Runtime.CompilerServices.PoolingAsyncValueTaskMethodBuilder`1.StateMachineBox`1.System.Threading.Tasks.Sources.IValueTaskSource<TResult>.GetResult(Int16 token)
   at System.Net.Http.HttpConnection.SendAsync(HttpRequestMessage request, Boolean async, CancellationToken cancellationToken)
   --- End of inner exception stack trace ---
   at System.Net.Http.HttpConnection.SendAsync(HttpRequestMessage request, Boolean async, CancellationToken cancellationToken)
   at System.Net.Http.AuthenticationHelper.SendWithNtAuthAsync(HttpRequestMessage request, Uri authUri, Boolean async, ICredentials credentials, Boolean isProxyAuth, HttpConnection connection, HttpConnectionPool connectionPool, CancellationToken cancellationToken)
   at System.Net.Http.HttpConnectionPool.SendWithVersionDetectionAndRetryAsync(HttpRequestMessage request, Boolean async, Boolean doRequestAuth, CancellationToken cancellationToken)
   at System.Net.Http.AuthenticationHelper.SendWithAuthAsync(HttpRequestMessage request, Uri authUri, Boolean async, ICredentials credentials, Boolean preAuthenticate, Boolean isProxyAuth, Boolean doRequestAuth, HttpConnectionPool pool, CancellationToken cancellationToken)
   at System.Net.Http.RedirectHandler.SendAsync(HttpRequestMessage request, Boolean async, CancellationToken cancellationToken)
   at GitHub.Services.Common.RawHttpMessageHandler.SendAsync(HttpRequestMessage request, CancellationToken cancellationToken)
   at GitHub.Services.Common.VssHttpRetryMessageHandler.SendAsync(HttpRequestMessage request, CancellationToken cancellationToken)
   at System.Net.Http.HttpClient.<SendAsync>g__Core|83_0(HttpRequestMessage request, HttpCompletionOption completionOption, CancellationTokenSource cts, Boolean disposeCts, CancellationTokenSource pendingRequestsCts, CancellationToken originalCancellationToken)
[2025-11-10 17:33:40Z ERR  BrokerServer] #####################################################
[2025-11-10 17:33:40Z ERR  BrokerServer] System.IO.IOException: Unable to read data from the transport connection: Операция ввода/вывода была прервана из-за завершения потока команд или по запросу приложения..
 ---> System.Net.Sockets.SocketException (995): Операция ввода/вывода была прервана из-за завершения потока команд или по запросу приложения.
   --- End of inner exception stack trace ---
   at System.Net.Sockets.Socket.AwaitableSocketAsyncEventArgs.ThrowException(SocketError error, CancellationToken cancellationToken)
   at System.Net.Sockets.Socket.AwaitableSocketAsyncEventArgs.System.Threading.Tasks.Sources.IValueTaskSource<System.Int32>.GetResult(Int16 token)
   at System.Net.Security.SslStream.EnsureFullTlsFrameAsync[TIOAdapter](CancellationToken cancellationToken, Int32 estimatedSize)
   at System.Runtime.CompilerServices.PoolingAsyncValueTaskMethodBuilder`1.StateMachineBox`1.System.Threading.Tasks.Sources.IValueTaskSource<TResult>.GetResult(Int16 token)
   at System.Net.Security.SslStream.ReadAsyncInternal[TIOAdapter](Memory`1 buffer, CancellationToken cancellationToken)
   at System.Runtime.CompilerServices.PoolingAsyncValueTaskMethodBuilder`1.StateMachineBox`1.System.Threading.Tasks.Sources.IValueTaskSource<TResult>.GetResult(Int16 token)
   at System.Net.Http.HttpConnection.SendAsync(HttpRequestMessage request, Boolean async, CancellationToken cancellationToken)
[2025-11-10 17:33:40Z ERR  BrokerServer] #####################################################
[2025-11-10 17:33:40Z ERR  BrokerServer] System.Net.Sockets.SocketException (995): Операция ввода/вывода была прервана из-за завершения потока команд или по запросу приложения.
[2025-11-10 17:33:40Z WARN BrokerServer] Back off 11,163 seconds before next retry. 4 attempt left.
[2025-11-10 17:33:40Z INFO BrokerMessageListener] Get messages has been cancelled using local token source. Continue to get messages with new status.
[2025-11-10 17:35:33Z INFO BrokerMessageListener] Acknowledging runner request '69360b2e-ff01-5ef0-98bf-201d3a70a14b'.
[2025-11-10 17:35:34Z INFO ConfigurationStore] HasCredentials()
[2025-11-10 17:35:34Z INFO ConfigurationStore] stored True
[2025-11-10 17:35:34Z INFO CredentialManager] GetCredentialProvider
[2025-11-10 17:35:34Z INFO CredentialManager] Creating type OAuth
[2025-11-10 17:35:34Z INFO CredentialManager] Creating credential type: OAuth
[2025-11-10 17:35:34Z INFO RSAEncryptedFileKeyManager] Loading RSA key parameters from file C:\Users\egorv\Documents\devops\practice_3\actions-runner\.credentials_rsaparams
[2025-11-10 17:35:34Z INFO RSAEncryptedFileKeyManager] Loading RSA key parameters from file C:\Users\egorv\Documents\devops\practice_3\actions-runner\.credentials_rsaparams
[2025-11-10 17:35:34Z INFO RSAEncryptedFileKeyManager] Loading RSA key parameters from file C:\Users\egorv\Documents\devops\practice_3\actions-runner\.credentials_rsaparams
[2025-11-10 17:35:34Z INFO GitHubActionsService] AAD Correlation ID for this token request: Unknown
[2025-11-10 17:35:36Z INFO JobDispatcher] Job request 0 for plan ed4f7c4e-5c4c-4c4e-af53-874296f222a9 job 69360b2e-ff01-5ef0-98bf-201d3a70a14b received.
[2025-11-10 17:35:36Z INFO JobDispatcher] Pull OrchestrationId ed4f7c4e-5c4c-4c4e-af53-874296f222a9.deploy-and-test.__default from JWT claims
[2025-11-10 17:35:36Z INFO BrokerMessageListener] Received job status event. JobState: Busy
[2025-11-10 17:35:36Z INFO BrokerMessageListener] _getMessagesTokenSource is already disposed.
[2025-11-10 17:35:36Z INFO JobDispatcher] Job request 835bc911-5df7-547e-9e68-79e48cd9908c processed succeed.
[2025-11-10 17:35:36Z INFO Terminal] WRITE LINE: 2025-11-10 17:35:36Z: Running job: deploy-and-test
[2025-11-10 17:35:36Z INFO JobDispatcher] Start renew job request 0 for job 69360b2e-ff01-5ef0-98bf-201d3a70a14b.
[2025-11-10 17:35:36Z INFO JobDispatcher] Successfully renew job 69360b2e-ff01-5ef0-98bf-201d3a70a14b, job is valid till 10.11.2025 17:45:35
[2025-11-10 17:35:36Z INFO HostContext] Well known directory 'Bin': 'C:\Users\egorv\Documents\devops\practice_3\actions-runner\bin'
[2025-11-10 17:35:36Z INFO ProcessInvokerWrapper] Starting process:
[2025-11-10 17:35:36Z INFO ProcessInvokerWrapper]   File name: 'C:\Users\egorv\Documents\devops\practice_3\actions-runner\bin\Runner.Worker.exe'
[2025-11-10 17:35:36Z INFO ProcessInvokerWrapper]   Arguments: 'spawnclient 1452 1568'
[2025-11-10 17:35:36Z INFO ProcessInvokerWrapper]   Working directory: 'C:\Users\egorv\Documents\devops\practice_3\actions-runner\bin'
[2025-11-10 17:35:36Z INFO ProcessInvokerWrapper]   Require exit code zero: 'False'
[2025-11-10 17:35:36Z INFO ProcessInvokerWrapper]   Encoding web name:  ; code page: ''
[2025-11-10 17:35:36Z INFO ProcessInvokerWrapper]   Force kill process on cancellation: 'True'
[2025-11-10 17:35:36Z INFO ProcessInvokerWrapper]   Redirected STDIN: 'False'
[2025-11-10 17:35:36Z INFO ProcessInvokerWrapper]   Persist current code page: 'False'
[2025-11-10 17:35:36Z INFO ProcessInvokerWrapper]   Keep redirected STDIN open: 'False'
[2025-11-10 17:35:36Z INFO ProcessInvokerWrapper]   High priority process: 'True'
[2025-11-10 17:35:36Z INFO ProcessInvokerWrapper] Process started with process id 3904, waiting for process exit.
[2025-11-10 17:35:36Z INFO JobDispatcher] Send job request message to worker for job 69360b2e-ff01-5ef0-98bf-201d3a70a14b.
[2025-11-10 17:35:36Z INFO ProcessChannel] Sending message of length 22217, with hash '88c8af940a4a0b8b8c7783f61d02e6425b328b6cc170d7423f573e8d01620a03'
[2025-11-10 17:35:37Z INFO JobNotification] Entering JobStarted Notification
[2025-11-10 17:35:37Z INFO JobNotification] Entering StartMonitor
[2025-11-10 17:36:36Z INFO JobDispatcher] Successfully renew job 69360b2e-ff01-5ef0-98bf-201d3a70a14b, job is valid till 10.11.2025 17:46:35
[2025-11-10 17:37:36Z INFO JobDispatcher] Successfully renew job 69360b2e-ff01-5ef0-98bf-201d3a70a14b, job is valid till 10.11.2025 17:47:35
[2025-11-10 17:38:37Z INFO JobDispatcher] Successfully renew job 69360b2e-ff01-5ef0-98bf-201d3a70a14b, job is valid till 10.11.2025 17:48:35
[2025-11-10 17:39:37Z INFO JobDispatcher] Successfully renew job 69360b2e-ff01-5ef0-98bf-201d3a70a14b, job is valid till 10.11.2025 17:49:36
[2025-11-10 17:40:23Z INFO ProcessInvokerWrapper] STDOUT/STDERR stream read finished.
[2025-11-10 17:40:23Z INFO ProcessInvokerWrapper] STDOUT/STDERR stream read finished.
[2025-11-10 17:40:23Z INFO ProcessInvokerWrapper] Finished process 3904 with exit code 102, and elapsed time 00:04:47.2565556.
[2025-11-10 17:40:23Z INFO JobDispatcher] Worker finished for job 69360b2e-ff01-5ef0-98bf-201d3a70a14b. Code: 102
[2025-11-10 17:40:23Z INFO JobDispatcher] finish job request for job 69360b2e-ff01-5ef0-98bf-201d3a70a14b with result: Failed
[2025-11-10 17:40:23Z INFO Terminal] WRITE LINE: 2025-11-10 17:40:23Z: Job deploy-and-test completed with result: Failed
[2025-11-10 17:40:23Z INFO JobDispatcher] Stop renew job request for job 69360b2e-ff01-5ef0-98bf-201d3a70a14b.
[2025-11-10 17:40:23Z INFO JobDispatcher] job renew has been cancelled, stop renew job 69360b2e-ff01-5ef0-98bf-201d3a70a14b.
[2025-11-10 17:40:23Z INFO JobNotification] Entering JobCompleted Notification
[2025-11-10 17:40:23Z INFO JobNotification] Entering EndMonitor
[2025-11-10 17:40:23Z INFO BrokerMessageListener] Received job status event. JobState: Online
[2025-11-10 17:40:23Z WARN GitHubActionsService] GET request to https://broker.actions.githubusercontent.com/message?sessionId=d2f81b3a-30e9-4d21-91d5-64b712ca2301&status=Busy&runnerVersion=2.329.0&os=Windows&architecture=X64&disableUpdate=false has been cancelled.
[2025-11-10 17:40:23Z ERR  BrokerServer] Catch exception during request
[2025-11-10 17:40:23Z ERR  BrokerServer] System.Threading.Tasks.TaskCanceledException: The operation was canceled.
 ---> System.Threading.Tasks.TaskCanceledException: The operation was canceled.
 ---> System.IO.IOException: Unable to read data from the transport connection: Операция ввода/вывода была прервана из-за завершения потока команд или по запросу приложения..
 ---> System.Net.Sockets.SocketException (995): Операция ввода/вывода была прервана из-за завершения потока команд или по запросу приложения.
   --- End of inner exception stack trace ---
   at System.Net.Sockets.Socket.AwaitableSocketAsyncEventArgs.System.Threading.Tasks.Sources.IValueTaskSource<System.Int32>.GetResult(Int16 token)
   at System.Net.Security.SslStream.EnsureFullTlsFrameAsync[TIOAdapter](CancellationToken cancellationToken, Int32 estimatedSize)
   at System.Runtime.CompilerServices.PoolingAsyncValueTaskMethodBuilder`1.StateMachineBox`1.System.Threading.Tasks.Sources.IValueTaskSource<TResult>.GetResult(Int16 token)
   at System.Net.Security.SslStream.ReadAsyncInternal[TIOAdapter](Memory`1 buffer, CancellationToken cancellationToken)
   at System.Runtime.CompilerServices.PoolingAsyncValueTaskMethodBuilder`1.StateMachineBox`1.System.Threading.Tasks.Sources.IValueTaskSource<TResult>.GetResult(Int16 token)
   at System.Net.Http.HttpConnection.SendAsync(HttpRequestMessage request, Boolean async, CancellationToken cancellationToken)
   --- End of inner exception stack trace ---
   at System.Net.Http.HttpConnection.SendAsync(HttpRequestMessage request, Boolean async, CancellationToken cancellationToken)
   at System.Net.Http.AuthenticationHelper.SendWithNtAuthAsync(HttpRequestMessage request, Uri authUri, Boolean async, ICredentials credentials, Boolean isProxyAuth, HttpConnection connection, HttpConnectionPool connectionPool, CancellationToken cancellationToken)
   at System.Net.Http.HttpConnectionPool.SendWithVersionDetectionAndRetryAsync(HttpRequestMessage request, Boolean async, Boolean doRequestAuth, CancellationToken cancellationToken)
   at System.Net.Http.AuthenticationHelper.SendWithAuthAsync(HttpRequestMessage request, Uri authUri, Boolean async, ICredentials credentials, Boolean preAuthenticate, Boolean isProxyAuth, Boolean doRequestAuth, HttpConnectionPool pool, CancellationToken cancellationToken)
   at System.Net.Http.RedirectHandler.SendAsync(HttpRequestMessage request, Boolean async, CancellationToken cancellationToken)
   at GitHub.Services.Common.RawHttpMessageHandler.SendAsync(HttpRequestMessage request, CancellationToken cancellationToken)
   at GitHub.Services.Common.VssHttpRetryMessageHandler.SendAsync(HttpRequestMessage request, CancellationToken cancellationToken)
   at System.Net.Http.HttpClient.<SendAsync>g__Core|83_0(HttpRequestMessage request, HttpCompletionOption completionOption, CancellationTokenSource cts, Boolean disposeCts, CancellationTokenSource pendingRequestsCts, CancellationToken originalCancellationToken)
   --- End of inner exception stack trace ---
   at System.Net.Http.HttpClient.HandleFailure(Exception e, Boolean telemetryStarted, HttpResponseMessage response, CancellationTokenSource cts, CancellationToken cancellationToken, CancellationTokenSource pendingRequestsCts)
   at System.Net.Http.HttpClient.<SendAsync>g__Core|83_0(HttpRequestMessage request, HttpCompletionOption completionOption, CancellationTokenSource cts, Boolean disposeCts, CancellationTokenSource pendingRequestsCts, CancellationToken originalCancellationToken)
   at Sdk.WebApi.WebApi.RawHttpClientBase.SendAsync(HttpRequestMessage message, HttpCompletionOption completionOption, Object userState, CancellationToken cancellationToken)
   at Sdk.WebApi.WebApi.RawHttpClientBase.SendAsync[T](HttpRequestMessage message, Boolean readErrorBody, Object userState, CancellationToken cancellationToken)
   at Sdk.WebApi.WebApi.RawHttpClientBase.SendAsync[T](HttpMethod method, IEnumerable`1 additionalHeaders, Uri requestUri, HttpContent content, IEnumerable`1 queryParameters, Boolean readErrorBody, Object userState, CancellationToken cancellationToken)
   at GitHub.Actions.RunService.WebApi.BrokerHttpClient.GetRunnerMessageAsync(Nullable`1 sessionId, String runnerVersion, Nullable`1 status, String os, String architecture, Nullable`1 disableUpdate, CancellationToken cancellationToken)
   at GitHub.Runner.Common.BrokerServer.<>c__DisplayClass7_0.<<GetRunnerMessageAsync>b__0>d.MoveNext()
--- End of stack trace from previous location ---
   at GitHub.Runner.Common.RunnerService.RetryRequest[T](Func`1 func, CancellationToken cancellationToken, Int32 maxAttempts, Func`2 shouldRetry)
[2025-11-10 17:40:23Z ERR  BrokerServer] #####################################################
[2025-11-10 17:40:23Z ERR  BrokerServer] System.Threading.Tasks.TaskCanceledException: The operation was canceled.
 ---> System.IO.IOException: Unable to read data from the transport connection: Операция ввода/вывода была прервана из-за завершения потока команд или по запросу приложения..
 ---> System.Net.Sockets.SocketException (995): Операция ввода/вывода была прервана из-за завершения потока команд или по запросу приложения.
   --- End of inner exception stack trace ---
   at System.Net.Sockets.Socket.AwaitableSocketAsyncEventArgs.System.Threading.Tasks.Sources.IValueTaskSource<System.Int32>.GetResult(Int16 token)
   at System.Net.Security.SslStream.EnsureFullTlsFrameAsync[TIOAdapter](CancellationToken cancellationToken, Int32 estimatedSize)
   at System.Runtime.CompilerServices.PoolingAsyncValueTaskMethodBuilder`1.StateMachineBox`1.System.Threading.Tasks.Sources.IValueTaskSource<TResult>.GetResult(Int16 token)
   at System.Net.Security.SslStream.ReadAsyncInternal[TIOAdapter](Memory`1 buffer, CancellationToken cancellationToken)
   at System.Runtime.CompilerServices.PoolingAsyncValueTaskMethodBuilder`1.StateMachineBox`1.System.Threading.Tasks.Sources.IValueTaskSource<TResult>.GetResult(Int16 token)
   at System.Net.Http.HttpConnection.SendAsync(HttpRequestMessage request, Boolean async, CancellationToken cancellationToken)
   --- End of inner exception stack trace ---
   at System.Net.Http.HttpConnection.SendAsync(HttpRequestMessage request, Boolean async, CancellationToken cancellationToken)
   at System.Net.Http.AuthenticationHelper.SendWithNtAuthAsync(HttpRequestMessage request, Uri authUri, Boolean async, ICredentials credentials, Boolean isProxyAuth, HttpConnection connection, HttpConnectionPool connectionPool, CancellationToken cancellationToken)
   at System.Net.Http.HttpConnectionPool.SendWithVersionDetectionAndRetryAsync(HttpRequestMessage request, Boolean async, Boolean doRequestAuth, CancellationToken cancellationToken)
   at System.Net.Http.AuthenticationHelper.SendWithAuthAsync(HttpRequestMessage request, Uri authUri, Boolean async, ICredentials credentials, Boolean preAuthenticate, Boolean isProxyAuth, Boolean doRequestAuth, HttpConnectionPool pool, CancellationToken cancellationToken)
   at System.Net.Http.RedirectHandler.SendAsync(HttpRequestMessage request, Boolean async, CancellationToken cancellationToken)
   at GitHub.Services.Common.RawHttpMessageHandler.SendAsync(HttpRequestMessage request, CancellationToken cancellationToken)
   at GitHub.Services.Common.VssHttpRetryMessageHandler.SendAsync(HttpRequestMessage request, CancellationToken cancellationToken)
   at System.Net.Http.HttpClient.<SendAsync>g__Core|83_0(HttpRequestMessage request, HttpCompletionOption completionOption, CancellationTokenSource cts, Boolean disposeCts, CancellationTokenSource pendingRequestsCts, CancellationToken originalCancellationToken)
[2025-11-10 17:40:23Z ERR  BrokerServer] #####################################################
[2025-11-10 17:40:23Z ERR  BrokerServer] System.IO.IOException: Unable to read data from the transport connection: Операция ввода/вывода была прервана из-за завершения потока команд или по запросу приложения..
 ---> System.Net.Sockets.SocketException (995): Операция ввода/вывода была прервана из-за завершения потока команд или по запросу приложения.
   --- End of inner exception stack trace ---
   at System.Net.Sockets.Socket.AwaitableSocketAsyncEventArgs.System.Threading.Tasks.Sources.IValueTaskSource<System.Int32>.GetResult(Int16 token)
   at System.Net.Security.SslStream.EnsureFullTlsFrameAsync[TIOAdapter](CancellationToken cancellationToken, Int32 estimatedSize)
   at System.Runtime.CompilerServices.PoolingAsyncValueTaskMethodBuilder`1.StateMachineBox`1.System.Threading.Tasks.Sources.IValueTaskSource<TResult>.GetResult(Int16 token)
   at System.Net.Security.SslStream.ReadAsyncInternal[TIOAdapter](Memory`1 buffer, CancellationToken cancellationToken)
   at System.Runtime.CompilerServices.PoolingAsyncValueTaskMethodBuilder`1.StateMachineBox`1.System.Threading.Tasks.Sources.IValueTaskSource<TResult>.GetResult(Int16 token)
   at System.Net.Http.HttpConnection.SendAsync(HttpRequestMessage request, Boolean async, CancellationToken cancellationToken)
[2025-11-10 17:40:23Z ERR  BrokerServer] #####################################################
[2025-11-10 17:40:23Z ERR  BrokerServer] System.Net.Sockets.SocketException (995): Операция ввода/вывода была прервана из-за завершения потока команд или по запросу приложения.
[2025-11-10 17:40:23Z WARN BrokerServer] Back off 14,157 seconds before next retry. 4 attempt left.
[2025-11-10 17:40:23Z INFO BrokerMessageListener] Get messages has been cancelled using local token source. Continue to get messages with new status.
[2025-11-10 17:44:02Z INFO BrokerMessageListener] Acknowledging runner request '9076eb9d-0cdb-5dac-825b-2dcb6252112a'.
[2025-11-10 17:44:02Z INFO ConfigurationStore] HasCredentials()
[2025-11-10 17:44:02Z INFO ConfigurationStore] stored True
[2025-11-10 17:44:02Z INFO CredentialManager] GetCredentialProvider
[2025-11-10 17:44:02Z INFO CredentialManager] Creating type OAuth
[2025-11-10 17:44:02Z INFO CredentialManager] Creating credential type: OAuth
[2025-11-10 17:44:02Z INFO RSAEncryptedFileKeyManager] Loading RSA key parameters from file C:\Users\egorv\Documents\devops\practice_3\actions-runner\.credentials_rsaparams
[2025-11-10 17:44:02Z INFO RSAEncryptedFileKeyManager] Loading RSA key parameters from file C:\Users\egorv\Documents\devops\practice_3\actions-runner\.credentials_rsaparams
[2025-11-10 17:44:02Z INFO RSAEncryptedFileKeyManager] Loading RSA key parameters from file C:\Users\egorv\Documents\devops\practice_3\actions-runner\.credentials_rsaparams
[2025-11-10 17:44:03Z INFO GitHubActionsService] AAD Correlation ID for this token request: Unknown
[2025-11-10 17:44:04Z INFO JobDispatcher] Job request 0 for plan 6b14b0ee-bde8-4445-b1de-9b1ded6da154 job 9076eb9d-0cdb-5dac-825b-2dcb6252112a received.
[2025-11-10 17:44:04Z INFO JobDispatcher] Pull OrchestrationId 6b14b0ee-bde8-4445-b1de-9b1ded6da154.deploy-and-test.__default from JWT claims
[2025-11-10 17:44:04Z INFO BrokerMessageListener] Received job status event. JobState: Busy
[2025-11-10 17:44:04Z INFO BrokerMessageListener] _getMessagesTokenSource is already disposed.
[2025-11-10 17:44:04Z INFO JobDispatcher] Job request 69360b2e-ff01-5ef0-98bf-201d3a70a14b processed succeed.
[2025-11-10 17:44:04Z INFO Terminal] WRITE LINE: 2025-11-10 17:44:04Z: Running job: deploy-and-test
[2025-11-10 17:44:04Z INFO JobDispatcher] Start renew job request 0 for job 9076eb9d-0cdb-5dac-825b-2dcb6252112a.
[2025-11-10 17:44:05Z INFO JobDispatcher] Successfully renew job 9076eb9d-0cdb-5dac-825b-2dcb6252112a, job is valid till 10.11.2025 17:54:04
[2025-11-10 17:44:05Z INFO HostContext] Well known directory 'Bin': 'C:\Users\egorv\Documents\devops\practice_3\actions-runner\bin'
[2025-11-10 17:44:05Z INFO ProcessInvokerWrapper] Starting process:
[2025-11-10 17:44:05Z INFO ProcessInvokerWrapper]   File name: 'C:\Users\egorv\Documents\devops\practice_3\actions-runner\bin\Runner.Worker.exe'
[2025-11-10 17:44:05Z INFO ProcessInvokerWrapper]   Arguments: 'spawnclient 2340 2328'
[2025-11-10 17:44:05Z INFO ProcessInvokerWrapper]   Working directory: 'C:\Users\egorv\Documents\devops\practice_3\actions-runner\bin'
[2025-11-10 17:44:05Z INFO ProcessInvokerWrapper]   Require exit code zero: 'False'
[2025-11-10 17:44:05Z INFO ProcessInvokerWrapper]   Encoding web name:  ; code page: ''
[2025-11-10 17:44:05Z INFO ProcessInvokerWrapper]   Force kill process on cancellation: 'True'
[2025-11-10 17:44:05Z INFO ProcessInvokerWrapper]   Redirected STDIN: 'False'
[2025-11-10 17:44:05Z INFO ProcessInvokerWrapper]   Persist current code page: 'False'
[2025-11-10 17:44:05Z INFO ProcessInvokerWrapper]   Keep redirected STDIN open: 'False'
[2025-11-10 17:44:05Z INFO ProcessInvokerWrapper]   High priority process: 'True'
[2025-11-10 17:44:05Z INFO ProcessInvokerWrapper] Process started with process id 3244, waiting for process exit.
[2025-11-10 17:44:05Z INFO JobDispatcher] Send job request message to worker for job 9076eb9d-0cdb-5dac-825b-2dcb6252112a.
[2025-11-10 17:44:05Z INFO ProcessChannel] Sending message of length 22200, with hash '2468459ffd74ed2137a976c70fd009dbebd579b5ecb8525ff28c571e2eebd0d4'
[2025-11-10 17:44:06Z INFO JobNotification] Entering JobStarted Notification
[2025-11-10 17:44:06Z INFO JobNotification] Entering StartMonitor
[2025-11-10 17:45:05Z INFO JobDispatcher] Successfully renew job 9076eb9d-0cdb-5dac-825b-2dcb6252112a, job is valid till 10.11.2025 17:55:04
[2025-11-10 17:46:05Z INFO JobDispatcher] Successfully renew job 9076eb9d-0cdb-5dac-825b-2dcb6252112a, job is valid till 10.11.2025 17:56:04
[2025-11-10 17:47:06Z INFO JobDispatcher] Successfully renew job 9076eb9d-0cdb-5dac-825b-2dcb6252112a, job is valid till 10.11.2025 17:57:04
[2025-11-10 17:48:06Z INFO JobDispatcher] Successfully renew job 9076eb9d-0cdb-5dac-825b-2dcb6252112a, job is valid till 10.11.2025 17:58:05
[2025-11-10 17:49:06Z INFO JobDispatcher] Successfully renew job 9076eb9d-0cdb-5dac-825b-2dcb6252112a, job is valid till 10.11.2025 17:59:05
[2025-11-10 17:49:58Z INFO ProcessInvokerWrapper] STDOUT/STDERR stream read finished.
[2025-11-10 17:49:58Z INFO ProcessInvokerWrapper] STDOUT/STDERR stream read finished.
[2025-11-10 17:49:58Z INFO ProcessInvokerWrapper] Finished process 3244 with exit code 100, and elapsed time 00:05:52.8659473.
[2025-11-10 17:49:58Z INFO JobDispatcher] Worker finished for job 9076eb9d-0cdb-5dac-825b-2dcb6252112a. Code: 100
[2025-11-10 17:49:58Z INFO JobDispatcher] finish job request for job 9076eb9d-0cdb-5dac-825b-2dcb6252112a with result: Succeeded
[2025-11-10 17:49:58Z INFO Terminal] WRITE LINE: 2025-11-10 17:49:58Z: Job deploy-and-test completed with result: Succeeded
[2025-11-10 17:49:58Z INFO JobDispatcher] Stop renew job request for job 9076eb9d-0cdb-5dac-825b-2dcb6252112a.
[2025-11-10 17:49:58Z INFO JobDispatcher] job renew has been cancelled, stop renew job 9076eb9d-0cdb-5dac-825b-2dcb6252112a.
[2025-11-10 17:49:58Z INFO JobNotification] Entering JobCompleted Notification
[2025-11-10 17:49:58Z INFO JobNotification] Entering EndMonitor
[2025-11-10 17:49:58Z INFO BrokerMessageListener] Received job status event. JobState: Online
[2025-11-10 17:49:58Z WARN GitHubActionsService] GET request to https://broker.actions.githubusercontent.com/message?sessionId=d2f81b3a-30e9-4d21-91d5-64b712ca2301&status=Busy&runnerVersion=2.329.0&os=Windows&architecture=X64&disableUpdate=false has been cancelled.
[2025-11-10 17:49:58Z ERR  BrokerServer] Catch exception during request
[2025-11-10 17:49:58Z ERR  BrokerServer] System.Threading.Tasks.TaskCanceledException: The operation was canceled.
 ---> System.Threading.Tasks.TaskCanceledException: The operation was canceled.
 ---> System.IO.IOException: Unable to read data from the transport connection: Операция ввода/вывода была прервана из-за завершения потока команд или по запросу приложения..
 ---> System.Net.Sockets.SocketException (995): Операция ввода/вывода была прервана из-за завершения потока команд или по запросу приложения.
   --- End of inner exception stack trace ---
   at System.Net.Sockets.Socket.AwaitableSocketAsyncEventArgs.System.Threading.Tasks.Sources.IValueTaskSource<System.Int32>.GetResult(Int16 token)
   at System.Net.Security.SslStream.EnsureFullTlsFrameAsync[TIOAdapter](CancellationToken cancellationToken, Int32 estimatedSize)
   at System.Runtime.CompilerServices.PoolingAsyncValueTaskMethodBuilder`1.StateMachineBox`1.System.Threading.Tasks.Sources.IValueTaskSource<TResult>.GetResult(Int16 token)
   at System.Net.Security.SslStream.ReadAsyncInternal[TIOAdapter](Memory`1 buffer, CancellationToken cancellationToken)
   at System.Runtime.CompilerServices.PoolingAsyncValueTaskMethodBuilder`1.StateMachineBox`1.System.Threading.Tasks.Sources.IValueTaskSource<TResult>.GetResult(Int16 token)
   at System.Net.Http.HttpConnection.SendAsync(HttpRequestMessage request, Boolean async, CancellationToken cancellationToken)
   --- End of inner exception stack trace ---
   at System.Net.Http.HttpConnection.SendAsync(HttpRequestMessage request, Boolean async, CancellationToken cancellationToken)
   at System.Net.Http.AuthenticationHelper.SendWithNtAuthAsync(HttpRequestMessage request, Uri authUri, Boolean async, ICredentials credentials, Boolean isProxyAuth, HttpConnection connection, HttpConnectionPool connectionPool, CancellationToken cancellationToken)
   at System.Net.Http.HttpConnectionPool.SendWithVersionDetectionAndRetryAsync(HttpRequestMessage request, Boolean async, Boolean doRequestAuth, CancellationToken cancellationToken)
   at System.Net.Http.AuthenticationHelper.SendWithAuthAsync(HttpRequestMessage request, Uri authUri, Boolean async, ICredentials credentials, Boolean preAuthenticate, Boolean isProxyAuth, Boolean doRequestAuth, HttpConnectionPool pool, CancellationToken cancellationToken)
   at System.Net.Http.RedirectHandler.SendAsync(HttpRequestMessage request, Boolean async, CancellationToken cancellationToken)
   at GitHub.Services.Common.RawHttpMessageHandler.SendAsync(HttpRequestMessage request, CancellationToken cancellationToken)
   at GitHub.Services.Common.VssHttpRetryMessageHandler.SendAsync(HttpRequestMessage request, CancellationToken cancellationToken)
   at System.Net.Http.HttpClient.<SendAsync>g__Core|83_0(HttpRequestMessage request, HttpCompletionOption completionOption, CancellationTokenSource cts, Boolean disposeCts, CancellationTokenSource pendingRequestsCts, CancellationToken originalCancellationToken)
   --- End of inner exception stack trace ---
   at System.Net.Http.HttpClient.HandleFailure(Exception e, Boolean telemetryStarted, HttpResponseMessage response, CancellationTokenSource cts, CancellationToken cancellationToken, CancellationTokenSource pendingRequestsCts)
   at System.Net.Http.HttpClient.<SendAsync>g__Core|83_0(HttpRequestMessage request, HttpCompletionOption completionOption, CancellationTokenSource cts, Boolean disposeCts, CancellationTokenSource pendingRequestsCts, CancellationToken originalCancellationToken)
   at Sdk.WebApi.WebApi.RawHttpClientBase.SendAsync(HttpRequestMessage message, HttpCompletionOption completionOption, Object userState, CancellationToken cancellationToken)
   at Sdk.WebApi.WebApi.RawHttpClientBase.SendAsync[T](HttpRequestMessage message, Boolean readErrorBody, Object userState, CancellationToken cancellationToken)
   at Sdk.WebApi.WebApi.RawHttpClientBase.SendAsync[T](HttpMethod method, IEnumerable`1 additionalHeaders, Uri requestUri, HttpContent content, IEnumerable`1 queryParameters, Boolean readErrorBody, Object userState, CancellationToken cancellationToken)
   at GitHub.Actions.RunService.WebApi.BrokerHttpClient.GetRunnerMessageAsync(Nullable`1 sessionId, String runnerVersion, Nullable`1 status, String os, String architecture, Nullable`1 disableUpdate, CancellationToken cancellationToken)
   at GitHub.Runner.Common.BrokerServer.<>c__DisplayClass7_0.<<GetRunnerMessageAsync>b__0>d.MoveNext()
--- End of stack trace from previous location ---
   at GitHub.Runner.Common.RunnerService.RetryRequest[T](Func`1 func, CancellationToken cancellationToken, Int32 maxAttempts, Func`2 shouldRetry)
[2025-11-10 17:49:58Z ERR  BrokerServer] #####################################################
[2025-11-10 17:49:58Z ERR  BrokerServer] System.Threading.Tasks.TaskCanceledException: The operation was canceled.
 ---> System.IO.IOException: Unable to read data from the transport connection: Операция ввода/вывода была прервана из-за завершения потока команд или по запросу приложения..
 ---> System.Net.Sockets.SocketException (995): Операция ввода/вывода была прервана из-за завершения потока команд или по запросу приложения.
   --- End of inner exception stack trace ---
   at System.Net.Sockets.Socket.AwaitableSocketAsyncEventArgs.System.Threading.Tasks.Sources.IValueTaskSource<System.Int32>.GetResult(Int16 token)
   at System.Net.Security.SslStream.EnsureFullTlsFrameAsync[TIOAdapter](CancellationToken cancellationToken, Int32 estimatedSize)
   at System.Runtime.CompilerServices.PoolingAsyncValueTaskMethodBuilder`1.StateMachineBox`1.System.Threading.Tasks.Sources.IValueTaskSource<TResult>.GetResult(Int16 token)
   at System.Net.Security.SslStream.ReadAsyncInternal[TIOAdapter](Memory`1 buffer, CancellationToken cancellationToken)
   at System.Runtime.CompilerServices.PoolingAsyncValueTaskMethodBuilder`1.StateMachineBox`1.System.Threading.Tasks.Sources.IValueTaskSource<TResult>.GetResult(Int16 token)
   at System.Net.Http.HttpConnection.SendAsync(HttpRequestMessage request, Boolean async, CancellationToken cancellationToken)
   --- End of inner exception stack trace ---
   at System.Net.Http.HttpConnection.SendAsync(HttpRequestMessage request, Boolean async, CancellationToken cancellationToken)
   at System.Net.Http.AuthenticationHelper.SendWithNtAuthAsync(HttpRequestMessage request, Uri authUri, Boolean async, ICredentials credentials, Boolean isProxyAuth, HttpConnection connection, HttpConnectionPool connectionPool, CancellationToken cancellationToken)
   at System.Net.Http.HttpConnectionPool.SendWithVersionDetectionAndRetryAsync(HttpRequestMessage request, Boolean async, Boolean doRequestAuth, CancellationToken cancellationToken)
   at System.Net.Http.AuthenticationHelper.SendWithAuthAsync(HttpRequestMessage request, Uri authUri, Boolean async, ICredentials credentials, Boolean preAuthenticate, Boolean isProxyAuth, Boolean doRequestAuth, HttpConnectionPool pool, CancellationToken cancellationToken)
   at System.Net.Http.RedirectHandler.SendAsync(HttpRequestMessage request, Boolean async, CancellationToken cancellationToken)
   at GitHub.Services.Common.RawHttpMessageHandler.SendAsync(HttpRequestMessage request, CancellationToken cancellationToken)
   at GitHub.Services.Common.VssHttpRetryMessageHandler.SendAsync(HttpRequestMessage request, CancellationToken cancellationToken)
   at System.Net.Http.HttpClient.<SendAsync>g__Core|83_0(HttpRequestMessage request, HttpCompletionOption completionOption, CancellationTokenSource cts, Boolean disposeCts, CancellationTokenSource pendingRequestsCts, CancellationToken originalCancellationToken)
[2025-11-10 17:49:58Z ERR  BrokerServer] #####################################################
[2025-11-10 17:49:58Z ERR  BrokerServer] System.IO.IOException: Unable to read data from the transport connection: Операция ввода/вывода была прервана из-за завершения потока команд или по запросу приложения..
 ---> System.Net.Sockets.SocketException (995): Операция ввода/вывода была прервана из-за завершения потока команд или по запросу приложения.
   --- End of inner exception stack trace ---
   at System.Net.Sockets.Socket.AwaitableSocketAsyncEventArgs.System.Threading.Tasks.Sources.IValueTaskSource<System.Int32>.GetResult(Int16 token)
   at System.Net.Security.SslStream.EnsureFullTlsFrameAsync[TIOAdapter](CancellationToken cancellationToken, Int32 estimatedSize)
   at System.Runtime.CompilerServices.PoolingAsyncValueTaskMethodBuilder`1.StateMachineBox`1.System.Threading.Tasks.Sources.IValueTaskSource<TResult>.GetResult(Int16 token)
   at System.Net.Security.SslStream.ReadAsyncInternal[TIOAdapter](Memory`1 buffer, CancellationToken cancellationToken)
   at System.Runtime.CompilerServices.PoolingAsyncValueTaskMethodBuilder`1.StateMachineBox`1.System.Threading.Tasks.Sources.IValueTaskSource<TResult>.GetResult(Int16 token)
   at System.Net.Http.HttpConnection.SendAsync(HttpRequestMessage request, Boolean async, CancellationToken cancellationToken)
[2025-11-10 17:49:58Z ERR  BrokerServer] #####################################################
[2025-11-10 17:49:58Z ERR  BrokerServer] System.Net.Sockets.SocketException (995): Операция ввода/вывода была прервана из-за завершения потока команд или по запросу приложения.
[2025-11-10 17:49:58Z WARN BrokerServer] Back off 14,631 seconds before next retry. 4 attempt left.
[2025-11-10 17:49:58Z INFO BrokerMessageListener] Get messages has been cancelled using local token source. Continue to get messages with new status.
[2025-11-10 18:20:07Z INFO RSAEncryptedFileKeyManager] Loading RSA key parameters from file C:\Users\egorv\Documents\devops\practice_3\actions-runner\.credentials_rsaparams
[2025-11-10 18:20:07Z INFO GitHubActionsService] AAD Correlation ID for this token request: Unknown
[2025-11-10 18:27:15Z INFO HostContext] Runner will be shutdown for UserCancelled
[2025-11-10 18:27:15Z WARN GitHubActionsService] GET request to https://broker.actions.githubusercontent.com/message?sessionId=d2f81b3a-30e9-4d21-91d5-64b712ca2301&status=Online&runnerVersion=2.329.0&os=Windows&architecture=X64&disableUpdate=false has been cancelled.
[2025-11-10 18:27:15Z ERR  BrokerServer] Catch exception during request
[2025-11-10 18:27:15Z ERR  BrokerServer] System.Threading.Tasks.TaskCanceledException: The operation was canceled.
 ---> System.Threading.Tasks.TaskCanceledException: The operation was canceled.
 ---> System.IO.IOException: Unable to read data from the transport connection: Операция ввода/вывода была прервана из-за завершения потока команд или по запросу приложения..
 ---> System.Net.Sockets.SocketException (995): Операция ввода/вывода была прервана из-за завершения потока команд или по запросу приложения.
   --- End of inner exception stack trace ---
   at System.Net.Sockets.Socket.AwaitableSocketAsyncEventArgs.System.Threading.Tasks.Sources.IValueTaskSource<System.Int32>.GetResult(Int16 token)
   at System.Net.Security.SslStream.EnsureFullTlsFrameAsync[TIOAdapter](CancellationToken cancellationToken, Int32 estimatedSize)
   at System.Runtime.CompilerServices.PoolingAsyncValueTaskMethodBuilder`1.StateMachineBox`1.System.Threading.Tasks.Sources.IValueTaskSource<TResult>.GetResult(Int16 token)
   at System.Net.Security.SslStream.ReadAsyncInternal[TIOAdapter](Memory`1 buffer, CancellationToken cancellationToken)
   at System.Runtime.CompilerServices.PoolingAsyncValueTaskMethodBuilder`1.StateMachineBox`1.System.Threading.Tasks.Sources.IValueTaskSource<TResult>.GetResult(Int16 token)
   at System.Net.Http.HttpConnection.SendAsync(HttpRequestMessage request, Boolean async, CancellationToken cancellationToken)
   --- End of inner exception stack trace ---
   at System.Net.Http.HttpConnection.SendAsync(HttpRequestMessage request, Boolean async, CancellationToken cancellationToken)
   at System.Net.Http.AuthenticationHelper.SendWithNtAuthAsync(HttpRequestMessage request, Uri authUri, Boolean async, ICredentials credentials, Boolean isProxyAuth, HttpConnection connection, HttpConnectionPool connectionPool, CancellationToken cancellationToken)
   at System.Net.Http.HttpConnectionPool.SendWithVersionDetectionAndRetryAsync(HttpRequestMessage request, Boolean async, Boolean doRequestAuth, CancellationToken cancellationToken)
   at System.Net.Http.AuthenticationHelper.SendWithAuthAsync(HttpRequestMessage request, Uri authUri, Boolean async, ICredentials credentials, Boolean preAuthenticate, Boolean isProxyAuth, Boolean doRequestAuth, HttpConnectionPool pool, CancellationToken cancellationToken)
   at System.Net.Http.RedirectHandler.SendAsync(HttpRequestMessage request, Boolean async, CancellationToken cancellationToken)
   at GitHub.Services.Common.RawHttpMessageHandler.SendAsync(HttpRequestMessage request, CancellationToken cancellationToken)
   at GitHub.Services.Common.VssHttpRetryMessageHandler.SendAsync(HttpRequestMessage request, CancellationToken cancellationToken)
   at System.Net.Http.HttpClient.<SendAsync>g__Core|83_0(HttpRequestMessage request, HttpCompletionOption completionOption, CancellationTokenSource cts, Boolean disposeCts, CancellationTokenSource pendingRequestsCts, CancellationToken originalCancellationToken)
   --- End of inner exception stack trace ---
   at System.Net.Http.HttpClient.HandleFailure(Exception e, Boolean telemetryStarted, HttpResponseMessage response, CancellationTokenSource cts, CancellationToken cancellationToken, CancellationTokenSource pendingRequestsCts)
   at System.Net.Http.HttpClient.<SendAsync>g__Core|83_0(HttpRequestMessage request, HttpCompletionOption completionOption, CancellationTokenSource cts, Boolean disposeCts, CancellationTokenSource pendingRequestsCts, CancellationToken originalCancellationToken)
   at Sdk.WebApi.WebApi.RawHttpClientBase.SendAsync(HttpRequestMessage message, HttpCompletionOption completionOption, Object userState, CancellationToken cancellationToken)
   at Sdk.WebApi.WebApi.RawHttpClientBase.SendAsync[T](HttpRequestMessage message, Boolean readErrorBody, Object userState, CancellationToken cancellationToken)
   at Sdk.WebApi.WebApi.RawHttpClientBase.SendAsync[T](HttpMethod method, IEnumerable`1 additionalHeaders, Uri requestUri, HttpContent content, IEnumerable`1 queryParameters, Boolean readErrorBody, Object userState, CancellationToken cancellationToken)
   at GitHub.Actions.RunService.WebApi.BrokerHttpClient.GetRunnerMessageAsync(Nullable`1 sessionId, String runnerVersion, Nullable`1 status, String os, String architecture, Nullable`1 disableUpdate, CancellationToken cancellationToken)
   at GitHub.Runner.Common.BrokerServer.<>c__DisplayClass7_0.<<GetRunnerMessageAsync>b__0>d.MoveNext()
--- End of stack trace from previous location ---
   at GitHub.Runner.Common.RunnerService.RetryRequest[T](Func`1 func, CancellationToken cancellationToken, Int32 maxAttempts, Func`2 shouldRetry)
[2025-11-10 18:27:15Z ERR  BrokerServer] #####################################################
[2025-11-10 18:27:15Z ERR  BrokerServer] System.Threading.Tasks.TaskCanceledException: The operation was canceled.
 ---> System.IO.IOException: Unable to read data from the transport connection: Операция ввода/вывода была прервана из-за завершения потока команд или по запросу приложения..
 ---> System.Net.Sockets.SocketException (995): Операция ввода/вывода была прервана из-за завершения потока команд или по запросу приложения.
   --- End of inner exception stack trace ---
   at System.Net.Sockets.Socket.AwaitableSocketAsyncEventArgs.System.Threading.Tasks.Sources.IValueTaskSource<System.Int32>.GetResult(Int16 token)
   at System.Net.Security.SslStream.EnsureFullTlsFrameAsync[TIOAdapter](CancellationToken cancellationToken, Int32 estimatedSize)
   at System.Runtime.CompilerServices.PoolingAsyncValueTaskMethodBuilder`1.StateMachineBox`1.System.Threading.Tasks.Sources.IValueTaskSource<TResult>.GetResult(Int16 token)
   at System.Net.Security.SslStream.ReadAsyncInternal[TIOAdapter](Memory`1 buffer, CancellationToken cancellationToken)
   at System.Runtime.CompilerServices.PoolingAsyncValueTaskMethodBuilder`1.StateMachineBox`1.System.Threading.Tasks.Sources.IValueTaskSource<TResult>.GetResult(Int16 token)
   at System.Net.Http.HttpConnection.SendAsync(HttpRequestMessage request, Boolean async, CancellationToken cancellationToken)
   --- End of inner exception stack trace ---
   at System.Net.Http.HttpConnection.SendAsync(HttpRequestMessage request, Boolean async, CancellationToken cancellationToken)
   at System.Net.Http.AuthenticationHelper.SendWithNtAuthAsync(HttpRequestMessage request, Uri authUri, Boolean async, ICredentials credentials, Boolean isProxyAuth, HttpConnection connection, HttpConnectionPool connectionPool, CancellationToken cancellationToken)
   at System.Net.Http.HttpConnectionPool.SendWithVersionDetectionAndRetryAsync(HttpRequestMessage request, Boolean async, Boolean doRequestAuth, CancellationToken cancellationToken)
   at System.Net.Http.AuthenticationHelper.SendWithAuthAsync(HttpRequestMessage request, Uri authUri, Boolean async, ICredentials credentials, Boolean preAuthenticate, Boolean isProxyAuth, Boolean doRequestAuth, HttpConnectionPool pool, CancellationToken cancellationToken)
   at System.Net.Http.RedirectHandler.SendAsync(HttpRequestMessage request, Boolean async, CancellationToken cancellationToken)
   at GitHub.Services.Common.RawHttpMessageHandler.SendAsync(HttpRequestMessage request, CancellationToken cancellationToken)
   at GitHub.Services.Common.VssHttpRetryMessageHandler.SendAsync(HttpRequestMessage request, CancellationToken cancellationToken)
   at System.Net.Http.HttpClient.<SendAsync>g__Core|83_0(HttpRequestMessage request, HttpCompletionOption completionOption, CancellationTokenSource cts, Boolean disposeCts, CancellationTokenSource pendingRequestsCts, CancellationToken originalCancellationToken)
[2025-11-10 18:27:15Z ERR  BrokerServer] #####################################################
[2025-11-10 18:27:15Z ERR  BrokerServer] System.IO.IOException: Unable to read data from the transport connection: Операция ввода/вывода была прервана из-за завершения потока команд или по запросу приложения..
 ---> System.Net.Sockets.SocketException (995): Операция ввода/вывода была прервана из-за завершения потока команд или по запросу приложения.
   --- End of inner exception stack trace ---
   at System.Net.Sockets.Socket.AwaitableSocketAsyncEventArgs.System.Threading.Tasks.Sources.IValueTaskSource<System.Int32>.GetResult(Int16 token)
   at System.Net.Security.SslStream.EnsureFullTlsFrameAsync[TIOAdapter](CancellationToken cancellationToken, Int32 estimatedSize)
   at System.Runtime.CompilerServices.PoolingAsyncValueTaskMethodBuilder`1.StateMachineBox`1.System.Threading.Tasks.Sources.IValueTaskSource<TResult>.GetResult(Int16 token)
   at System.Net.Security.SslStream.ReadAsyncInternal[TIOAdapter](Memory`1 buffer, CancellationToken cancellationToken)
   at System.Runtime.CompilerServices.PoolingAsyncValueTaskMethodBuilder`1.StateMachineBox`1.System.Threading.Tasks.Sources.IValueTaskSource<TResult>.GetResult(Int16 token)
   at System.Net.Http.HttpConnection.SendAsync(HttpRequestMessage request, Boolean async, CancellationToken cancellationToken)
[2025-11-10 18:27:15Z ERR  BrokerServer] #####################################################
[2025-11-10 18:27:15Z ERR  BrokerServer] System.Net.Sockets.SocketException (995): Операция ввода/вывода была прервана из-за завершения потока команд или по запросу приложения.
[2025-11-10 18:27:15Z WARN BrokerServer] Back off 5,119 seconds before next retry. 4 attempt left.
[2025-11-10 18:27:15Z INFO BrokerMessageListener] Get next message has been cancelled.
[2025-11-10 18:27:15Z INFO JobDispatcher] Shutting down JobDispatcher. Make sure all WorkerDispatcher has finished.
[2025-11-10 18:27:15Z INFO JobDispatcher] Ensure WorkerDispatcher for job 9076eb9d-0cdb-5dac-825b-2dcb6252112a run to finish, cancel any running job.
[2025-11-10 18:27:15Z INFO JobDispatcher] Job request 9076eb9d-0cdb-5dac-825b-2dcb6252112a processed succeed.
[2025-11-10 18:27:15Z INFO Runner] Deleting Runner Session...
[2025-11-10 18:27:17Z INFO Listener] Runner execution been cancelled.
