[2025-11-12 13:39:17Z INFO HostContext] No proxy settings were found based on environmental variables (http_proxy/https_proxy/HTTP_PROXY/HTTPS_PROXY)
[2025-11-12 13:39:17Z INFO HostContext] Well known directory 'Bin': 'C:\Users\egorv\Documents\devops\practice_3\actions-runner\bin'
[2025-11-12 13:39:17Z INFO HostContext] Well known directory 'Root': 'C:\Users\egorv\Documents\devops\practice_3\actions-runner'
[2025-11-12 13:39:17Z INFO HostContext] Well known config file 'Credentials': 'C:\Users\egorv\Documents\devops\practice_3\actions-runner\.credentials'
[2025-11-12 13:39:17Z INFO HostContext] Well known directory 'Bin': 'C:\Users\egorv\Documents\devops\practice_3\actions-runner\bin'
[2025-11-12 13:39:17Z INFO HostContext] Well known directory 'Root': 'C:\Users\egorv\Documents\devops\practice_3\actions-runner'
[2025-11-12 13:39:17Z INFO HostContext] Well known config file 'Runner': 'C:\Users\egorv\Documents\devops\practice_3\actions-runner\.runner'
[2025-11-12 13:39:17Z INFO Listener] Runner is built for Windows (X64) - win-x64.
[2025-11-12 13:39:17Z INFO Listener] RuntimeInformation: Microsoft Windows 10.0.19045.
[2025-11-12 13:39:17Z INFO Listener] Version: 2.329.0
[2025-11-12 13:39:17Z INFO Listener] Commit: c76c59996c8fa32e989164a5a695efb12608ae5a
[2025-11-12 13:39:17Z INFO Listener] Culture: ru-RU
[2025-11-12 13:39:17Z INFO Listener] UI Culture: ru-RU
[2025-11-12 13:39:17Z INFO HostContext] Well known directory 'Bin': 'C:\Users\egorv\Documents\devops\practice_3\actions-runner\bin'
[2025-11-12 13:39:17Z INFO HostContext] Well known directory 'Root': 'C:\Users\egorv\Documents\devops\practice_3\actions-runner'
[2025-11-12 13:39:17Z INFO Listener] Validating directory permissions for: 'C:\Users\egorv\Documents\devops\practice_3\actions-runner'
[2025-11-12 13:39:17Z INFO CommandLineParser] Parse
[2025-11-12 13:39:17Z INFO CommandLineParser] Parsing 1 args
[2025-11-12 13:39:17Z INFO CommandLineParser] parsing argument
[2025-11-12 13:39:17Z INFO CommandLineParser] HasArgs: False
[2025-11-12 13:39:17Z INFO CommandLineParser] Adding Command: run
[2025-11-12 13:39:17Z INFO Listener] Arguments parsed
[2025-11-12 13:39:17Z INFO Runner] ExecuteCommand
[2025-11-12 13:39:17Z INFO ConfigurationStore] currentAssemblyLocation: C:\Users\egorv\Documents\devops\practice_3\actions-runner\bin\Runner.Listener.dll
[2025-11-12 13:39:17Z INFO HostContext] Well known directory 'Bin': 'C:\Users\egorv\Documents\devops\practice_3\actions-runner\bin'
[2025-11-12 13:39:17Z INFO ConfigurationStore] binPath: C:\Users\egorv\Documents\devops\practice_3\actions-runner\bin
[2025-11-12 13:39:17Z INFO HostContext] Well known directory 'Bin': 'C:\Users\egorv\Documents\devops\practice_3\actions-runner\bin'
[2025-11-12 13:39:17Z INFO HostContext] Well known directory 'Root': 'C:\Users\egorv\Documents\devops\practice_3\actions-runner'
[2025-11-12 13:39:17Z INFO ConfigurationStore] RootFolder: C:\Users\egorv\Documents\devops\practice_3\actions-runner
[2025-11-12 13:39:17Z INFO HostContext] Well known directory 'Bin': 'C:\Users\egorv\Documents\devops\practice_3\actions-runner\bin'
[2025-11-12 13:39:17Z INFO HostContext] Well known directory 'Root': 'C:\Users\egorv\Documents\devops\practice_3\actions-runner'
[2025-11-12 13:39:17Z INFO HostContext] Well known config file 'Runner': 'C:\Users\egorv\Documents\devops\practice_3\actions-runner\.runner'
[2025-11-12 13:39:17Z INFO ConfigurationStore] ConfigFilePath: C:\Users\egorv\Documents\devops\practice_3\actions-runner\.runner
[2025-11-12 13:39:17Z INFO HostContext] Well known directory 'Bin': 'C:\Users\egorv\Documents\devops\practice_3\actions-runner\bin'
[2025-11-12 13:39:17Z INFO HostContext] Well known directory 'Root': 'C:\Users\egorv\Documents\devops\practice_3\actions-runner'
[2025-11-12 13:39:17Z INFO HostContext] Well known config file 'MigratedRunner': 'C:\Users\egorv\Documents\devops\practice_3\actions-runner\.runner_migrated'
[2025-11-12 13:39:17Z INFO ConfigurationStore] MigratedConfigFilePath: C:\Users\egorv\Documents\devops\practice_3\actions-runner\.runner_migrated
[2025-11-12 13:39:17Z INFO HostContext] Well known directory 'Bin': 'C:\Users\egorv\Documents\devops\practice_3\actions-runner\bin'
[2025-11-12 13:39:17Z INFO HostContext] Well known directory 'Root': 'C:\Users\egorv\Documents\devops\practice_3\actions-runner'
[2025-11-12 13:39:17Z INFO HostContext] Well known config file 'Credentials': 'C:\Users\egorv\Documents\devops\practice_3\actions-runner\.credentials'
[2025-11-12 13:39:17Z INFO ConfigurationStore] CredFilePath: C:\Users\egorv\Documents\devops\practice_3\actions-runner\.credentials
[2025-11-12 13:39:17Z INFO HostContext] Well known directory 'Bin': 'C:\Users\egorv\Documents\devops\practice_3\actions-runner\bin'
[2025-11-12 13:39:17Z INFO HostContext] Well known directory 'Root': 'C:\Users\egorv\Documents\devops\practice_3\actions-runner'
[2025-11-12 13:39:17Z INFO HostContext] Well known config file 'MigratedCredentials': 'C:\Users\egorv\Documents\devops\practice_3\actions-runner\.credentials_migrated'
[2025-11-12 13:39:17Z INFO ConfigurationStore] MigratedCredFilePath: C:\Users\egorv\Documents\devops\practice_3\actions-runner\.credentials_migrated
[2025-11-12 13:39:17Z INFO HostContext] Well known directory 'Bin': 'C:\Users\egorv\Documents\devops\practice_3\actions-runner\bin'
[2025-11-12 13:39:17Z INFO HostContext] Well known directory 'Root': 'C:\Users\egorv\Documents\devops\practice_3\actions-runner'
[2025-11-12 13:39:17Z INFO HostContext] Well known config file 'Service': 'C:\Users\egorv\Documents\devops\practice_3\actions-runner\.service'
[2025-11-12 13:39:17Z INFO ConfigurationStore] ServiceConfigFilePath: C:\Users\egorv\Documents\devops\practice_3\actions-runner\.service
[2025-11-12 13:39:17Z INFO CommandSettings] Flag 'help': 'False'
[2025-11-12 13:39:17Z INFO CommandSettings] Flag 'version': 'False'
[2025-11-12 13:39:17Z INFO CommandSettings] Flag 'commit': 'False'
[2025-11-12 13:39:17Z INFO CommandSettings] Flag 'check': 'False'
[2025-11-12 13:39:17Z INFO CommandSettings] Command 'configure': 'False'
[2025-11-12 13:39:17Z INFO CommandSettings] Command 'remove': 'False'
[2025-11-12 13:39:17Z INFO CommandSettings] Command 'warmup': 'False'
[2025-11-12 13:39:17Z INFO ConfigurationManager] LoadSettings
[2025-11-12 13:39:17Z INFO ConfigurationStore] IsConfigured()
[2025-11-12 13:39:17Z INFO ConfigurationStore] IsConfigured: True
[2025-11-12 13:39:17Z INFO ConfigurationManager] Is configured: True
[2025-11-12 13:39:17Z INFO ConfigurationStore] Read setting file: 401 chars
[2025-11-12 13:39:17Z INFO ConfigurationManager] Settings Loaded
[2025-11-12 13:39:17Z INFO ConfigurationStore] IsServiceConfigured()
[2025-11-12 13:39:17Z INFO ConfigurationStore] IsServiceConfigured: False
[2025-11-12 13:39:17Z INFO CommandSettings] Command 'run': 'True'
[2025-11-12 13:39:17Z INFO ConfigurationStore] IsConfigured()
[2025-11-12 13:39:17Z INFO ConfigurationStore] IsConfigured: True
[2025-11-12 13:39:17Z INFO ConfigurationManager] Is configured: True
[2025-11-12 13:39:17Z INFO Runner] Could not parse the argument value '' for StartupType. Defaulting to Manual
[2025-11-12 13:39:17Z INFO Runner] Set runner startup type - Manual
[2025-11-12 13:39:17Z INFO CommandSettings] Flag 'once': 'False'
[2025-11-12 13:39:17Z INFO CommandSettings] Flag 'once': 'False'
[2025-11-12 13:39:17Z INFO Runner] RunAsync
[2025-11-12 13:39:17Z INFO ConfigurationManager] LoadMigratedSettings
[2025-11-12 13:39:17Z INFO ConfigurationStore] IsMigratedConfigured()
[2025-11-12 13:39:17Z INFO ConfigurationStore] IsMigratedConfigured: False
[2025-11-12 13:39:17Z INFO Runner] Failed to load migrated settings: No migrated configuration found.
[2025-11-12 13:39:17Z INFO Runner] Falling back to original .runner settings
[2025-11-12 13:39:17Z INFO Runner] Using BrokerMessageListener
[2025-11-12 13:39:17Z INFO BrokerMessageListener] Using provided settings
[2025-11-12 13:39:17Z INFO BrokerMessageListener] {
  "AgentId": 22,
  "AgentName": "DESKTOP-UBG39OS",
  "PoolId": 1,
  "PoolName": "Default",
  "ServerUrl": "https://pipelinesghubeus3.actions.githubusercontent.com/ugog8tdjifN7hHmLQmgcSNYTEPxmxa1cn8DI5s1sSgmnKkBkcY/",
  "GitHubUrl": "https://github.com/Vatulin/github-actions",
  "WorkFolder": "_work",
  "UseV2Flow": true,
  "ServerUrlV2": "https://broker.actions.githubusercontent.com/"
}
[2025-11-12 13:39:17Z INFO BrokerMessageListener] Loading Credentials
[2025-11-12 13:39:17Z INFO ConfigurationStore] HasCredentials()
[2025-11-12 13:39:17Z INFO ConfigurationStore] stored True
[2025-11-12 13:39:17Z INFO CredentialManager] GetCredentialProvider
[2025-11-12 13:39:17Z INFO CredentialManager] Creating type OAuth
[2025-11-12 13:39:17Z INFO CredentialManager] Creating credential type: OAuth
[2025-11-12 13:39:17Z INFO HostContext] Well known directory 'Bin': 'C:\Users\egorv\Documents\devops\practice_3\actions-runner\bin'
[2025-11-12 13:39:17Z INFO HostContext] Well known directory 'Root': 'C:\Users\egorv\Documents\devops\practice_3\actions-runner'
[2025-11-12 13:39:17Z INFO HostContext] Well known config file 'RSACredentials': 'C:\Users\egorv\Documents\devops\practice_3\actions-runner\.credentials_rsaparams'
[2025-11-12 13:39:17Z INFO RSAEncryptedFileKeyManager] Loading RSA key parameters from file C:\Users\egorv\Documents\devops\practice_3\actions-runner\.credentials_rsaparams
[2025-11-12 13:39:17Z INFO BrokerMessageListener] Attempt to create session.
[2025-11-12 13:39:17Z INFO BrokerMessageListener] Connecting to the Broker Server...
[2025-11-12 13:39:17Z INFO ConfigurationStore] HasCredentials()
[2025-11-12 13:39:17Z INFO ConfigurationStore] stored True
[2025-11-12 13:39:17Z INFO CredentialManager] GetCredentialProvider
[2025-11-12 13:39:17Z INFO CredentialManager] Creating type OAuth
[2025-11-12 13:39:17Z INFO CredentialManager] Creating credential type: OAuth
[2025-11-12 13:39:17Z INFO RSAEncryptedFileKeyManager] Loading RSA key parameters from file C:\Users\egorv\Documents\devops\practice_3\actions-runner\.credentials_rsaparams
[2025-11-12 13:39:17Z INFO BrokerMessageListener] VssConnection created
[2025-11-12 13:39:17Z INFO BrokerMessageListener] Connecting to the Runner server...
[2025-11-12 13:39:17Z INFO RunnerServer] EstablishVssConnection
[2025-11-12 13:39:17Z INFO RunnerServer] Establish connection with 100 seconds timeout.
[2025-11-12 13:39:17Z INFO GitHubActionsService] Starting operation Location.GetConnectionData
[2025-11-12 13:39:17Z INFO RunnerServer] EstablishVssConnection
[2025-11-12 13:39:17Z INFO RunnerServer] Establish connection with 60 seconds timeout.
[2025-11-12 13:39:18Z INFO GitHubActionsService] Starting operation Location.GetConnectionData
[2025-11-12 13:39:18Z INFO RunnerServer] EstablishVssConnection
[2025-11-12 13:39:18Z INFO RunnerServer] Establish connection with 60 seconds timeout.
[2025-11-12 13:39:18Z INFO GitHubActionsService] Starting operation Location.GetConnectionData
[2025-11-12 13:39:18Z INFO GitHubActionsService] Finished operation Location.GetConnectionData
[2025-11-12 13:39:18Z INFO GitHubActionsService] Finished operation Location.GetConnectionData
[2025-11-12 13:39:18Z INFO GitHubActionsService] Finished operation Location.GetConnectionData
[2025-11-12 13:39:18Z INFO BrokerMessageListener] VssConnection created
[2025-11-12 13:39:18Z INFO Terminal] WRITE LINE: 
[2025-11-12 13:39:18Z INFO Terminal] WRITE LINE: 
[2025-11-12 13:39:18Z INFO RSAEncryptedFileKeyManager] Loading RSA key parameters from file C:\Users\egorv\Documents\devops\practice_3\actions-runner\.credentials_rsaparams
[2025-11-12 13:39:19Z INFO RSAEncryptedFileKeyManager] Loading RSA key parameters from file C:\Users\egorv\Documents\devops\practice_3\actions-runner\.credentials_rsaparams
[2025-11-12 13:39:19Z INFO GitHubActionsService] AAD Correlation ID for this token request: Unknown
[2025-11-12 13:39:20Z INFO BrokerMessageListener] Session created.
[2025-11-12 13:39:20Z INFO Terminal] WRITE LINE: Current runner version: '2.329.0'
[2025-11-12 13:39:20Z INFO Terminal] WRITE LINE: 2025-11-12 13:39:20Z: Listening for Jobs
[2025-11-12 13:39:20Z INFO JobDispatcher] Set runner/worker IPC timeout to 30 seconds.
[2025-11-12 13:39:21Z INFO BrokerMessageListener] Acknowledging runner request 'ea6c3c46-0d5b-56d2-b4df-0d5dea56c1ec'.
[2025-11-12 13:39:22Z INFO ConfigurationStore] HasCredentials()
[2025-11-12 13:39:22Z INFO ConfigurationStore] stored True
[2025-11-12 13:39:22Z INFO CredentialManager] GetCredentialProvider
[2025-11-12 13:39:22Z INFO CredentialManager] Creating type OAuth
[2025-11-12 13:39:22Z INFO CredentialManager] Creating credential type: OAuth
[2025-11-12 13:39:22Z INFO RSAEncryptedFileKeyManager] Loading RSA key parameters from file C:\Users\egorv\Documents\devops\practice_3\actions-runner\.credentials_rsaparams
[2025-11-12 13:39:22Z INFO RSAEncryptedFileKeyManager] Loading RSA key parameters from file C:\Users\egorv\Documents\devops\practice_3\actions-runner\.credentials_rsaparams
[2025-11-12 13:39:22Z INFO RSAEncryptedFileKeyManager] Loading RSA key parameters from file C:\Users\egorv\Documents\devops\practice_3\actions-runner\.credentials_rsaparams
[2025-11-12 13:39:22Z INFO GitHubActionsService] AAD Correlation ID for this token request: Unknown
[2025-11-12 13:39:24Z INFO JobDispatcher] Job request 0 for plan ab311fb9-fb17-4056-aa66-cf7d31031753 job ea6c3c46-0d5b-56d2-b4df-0d5dea56c1ec received.
[2025-11-12 13:39:24Z INFO JobDispatcher] Pull OrchestrationId ab311fb9-fb17-4056-aa66-cf7d31031753.deploy-and-test.__default from JWT claims
[2025-11-12 13:39:24Z INFO BrokerMessageListener] Received job status event. JobState: Busy
[2025-11-12 13:39:24Z INFO BrokerMessageListener] _getMessagesTokenSource is already disposed.
[2025-11-12 13:39:24Z INFO Terminal] WRITE LINE: 2025-11-12 13:39:24Z: Running job: deploy-and-test
[2025-11-12 13:39:24Z INFO JobDispatcher] Start renew job request 0 for job ea6c3c46-0d5b-56d2-b4df-0d5dea56c1ec.
[2025-11-12 13:39:24Z INFO JobDispatcher] Successfully renew job ea6c3c46-0d5b-56d2-b4df-0d5dea56c1ec, job is valid till 12.11.2025 13:49:23
[2025-11-12 13:39:24Z INFO HostContext] Well known directory 'Bin': 'C:\Users\egorv\Documents\devops\practice_3\actions-runner\bin'
[2025-11-12 13:39:24Z INFO ProcessInvokerWrapper] Starting process:
[2025-11-12 13:39:24Z INFO ProcessInvokerWrapper]   File name: 'C:\Users\egorv\Documents\devops\practice_3\actions-runner\bin\Runner.Worker.exe'
[2025-11-12 13:39:24Z INFO ProcessInvokerWrapper]   Arguments: 'spawnclient 2156 2168'
[2025-11-12 13:39:24Z INFO ProcessInvokerWrapper]   Working directory: 'C:\Users\egorv\Documents\devops\practice_3\actions-runner\bin'
[2025-11-12 13:39:24Z INFO ProcessInvokerWrapper]   Require exit code zero: 'False'
[2025-11-12 13:39:24Z INFO ProcessInvokerWrapper]   Encoding web name:  ; code page: ''
[2025-11-12 13:39:24Z INFO ProcessInvokerWrapper]   Force kill process on cancellation: 'True'
[2025-11-12 13:39:24Z INFO ProcessInvokerWrapper]   Redirected STDIN: 'False'
[2025-11-12 13:39:24Z INFO ProcessInvokerWrapper]   Persist current code page: 'False'
[2025-11-12 13:39:24Z INFO ProcessInvokerWrapper]   Keep redirected STDIN open: 'False'
[2025-11-12 13:39:24Z INFO ProcessInvokerWrapper]   High priority process: 'True'
[2025-11-12 13:39:24Z INFO ProcessInvokerWrapper] Process started with process id 38500, waiting for process exit.
[2025-11-12 13:39:24Z INFO JobDispatcher] Send job request message to worker for job ea6c3c46-0d5b-56d2-b4df-0d5dea56c1ec.
[2025-11-12 13:39:24Z INFO ProcessChannel] Sending message of length 22254, with hash '4d59bfae5a23086896af515a69fc0dc7146ceaf29360c6b7bbbcb005bdc81834'
[2025-11-12 13:39:25Z INFO JobNotification] Entering JobStarted Notification
[2025-11-12 13:39:25Z INFO JobNotification] Entering StartMonitor
[2025-11-12 13:40:25Z INFO JobDispatcher] Successfully renew job ea6c3c46-0d5b-56d2-b4df-0d5dea56c1ec, job is valid till 12.11.2025 13:50:23
[2025-11-12 13:41:25Z INFO JobDispatcher] Successfully renew job ea6c3c46-0d5b-56d2-b4df-0d5dea56c1ec, job is valid till 12.11.2025 13:51:23
[2025-11-12 13:42:02Z INFO ProcessInvokerWrapper] STDOUT/STDERR stream read finished.
[2025-11-12 13:42:02Z INFO ProcessInvokerWrapper] STDOUT/STDERR stream read finished.
[2025-11-12 13:42:02Z INFO ProcessInvokerWrapper] Finished process 38500 with exit code 102, and elapsed time 00:02:37.9206641.
[2025-11-12 13:42:02Z INFO JobDispatcher] Worker finished for job ea6c3c46-0d5b-56d2-b4df-0d5dea56c1ec. Code: 102
[2025-11-12 13:42:02Z INFO JobDispatcher] finish job request for job ea6c3c46-0d5b-56d2-b4df-0d5dea56c1ec with result: Failed
[2025-11-12 13:42:02Z INFO Terminal] WRITE LINE: 2025-11-12 13:42:02Z: Job deploy-and-test completed with result: Failed
[2025-11-12 13:42:02Z INFO JobDispatcher] Stop renew job request for job ea6c3c46-0d5b-56d2-b4df-0d5dea56c1ec.
[2025-11-12 13:42:02Z INFO JobDispatcher] job renew has been cancelled, stop renew job ea6c3c46-0d5b-56d2-b4df-0d5dea56c1ec.
[2025-11-12 13:42:02Z INFO JobNotification] Entering JobCompleted Notification
[2025-11-12 13:42:02Z INFO JobNotification] Entering EndMonitor
[2025-11-12 13:42:02Z INFO BrokerMessageListener] Received job status event. JobState: Online
[2025-11-12 13:42:02Z WARN GitHubActionsService] GET request to https://broker.actions.githubusercontent.com/message?sessionId=988d1969-dc95-4aca-9de3-fc4525e113d6&status=Busy&runnerVersion=2.329.0&os=Windows&architecture=X64&disableUpdate=false has been cancelled.
[2025-11-12 13:42:02Z ERR  BrokerServer] Catch exception during request
[2025-11-12 13:42:02Z ERR  BrokerServer] System.Threading.Tasks.TaskCanceledException: The operation was canceled.
 ---> System.Threading.Tasks.TaskCanceledException: The operation was canceled.
 ---> System.IO.IOException: Unable to read data from the transport connection: Операция ввода/вывода была прервана из-за завершения потока команд или по запросу приложения..
 ---> System.Net.Sockets.SocketException (995): Операция ввода/вывода была прервана из-за завершения потока команд или по запросу приложения.
   --- End of inner exception stack trace ---
   at System.Net.Sockets.Socket.AwaitableSocketAsyncEventArgs.ThrowException(SocketError error, CancellationToken cancellationToken)
   at System.Net.Sockets.Socket.AwaitableSocketAsyncEventArgs.System.Threading.Tasks.Sources.IValueTaskSource<System.Int32>.GetResult(Int16 token)
   at System.Net.Security.SslStream.EnsureFullTlsFrameAsync[TIOAdapter](CancellationToken cancellationToken, Int32 estimatedSize)
   at System.Runtime.CompilerServices.PoolingAsyncValueTaskMethodBuilder`1.StateMachineBox`1.System.Threading.Tasks.Sources.IValueTaskSource<TResult>.GetResult(Int16 token)
   at System.Net.Security.SslStream.ReadAsyncInternal[TIOAdapter](Memory`1 buffer, CancellationToken cancellationToken)
   at System.Runtime.CompilerServices.PoolingAsyncValueTaskMethodBuilder`1.StateMachineBox`1.System.Threading.Tasks.Sources.IValueTaskSource<TResult>.GetResult(Int16 token)
   at System.Net.Http.HttpConnection.SendAsync(HttpRequestMessage request, Boolean async, CancellationToken cancellationToken)
   --- End of inner exception stack trace ---
   at System.Net.Http.HttpConnection.SendAsync(HttpRequestMessage request, Boolean async, CancellationToken cancellationToken)
   at System.Net.Http.AuthenticationHelper.SendWithNtAuthAsync(HttpRequestMessage request, Uri authUri, Boolean async, ICredentials credentials, Boolean isProxyAuth, HttpConnection connection, HttpConnectionPool connectionPool, CancellationToken cancellationToken)
   at System.Net.Http.HttpConnectionPool.SendWithVersionDetectionAndRetryAsync(HttpRequestMessage request, Boolean async, Boolean doRequestAuth, CancellationToken cancellationToken)
   at System.Net.Http.AuthenticationHelper.SendWithAuthAsync(HttpRequestMessage request, Uri authUri, Boolean async, ICredentials credentials, Boolean preAuthenticate, Boolean isProxyAuth, Boolean doRequestAuth, HttpConnectionPool pool, CancellationToken cancellationToken)
   at System.Net.Http.RedirectHandler.SendAsync(HttpRequestMessage request, Boolean async, CancellationToken cancellationToken)
   at GitHub.Services.Common.RawHttpMessageHandler.SendAsync(HttpRequestMessage request, CancellationToken cancellationToken)
   at GitHub.Services.Common.VssHttpRetryMessageHandler.SendAsync(HttpRequestMessage request, CancellationToken cancellationToken)
   at System.Net.Http.HttpClient.<SendAsync>g__Core|83_0(HttpRequestMessage request, HttpCompletionOption completionOption, CancellationTokenSource cts, Boolean disposeCts, CancellationTokenSource pendingRequestsCts, CancellationToken originalCancellationToken)
   --- End of inner exception stack trace ---
   at System.Net.Http.HttpClient.HandleFailure(Exception e, Boolean telemetryStarted, HttpResponseMessage response, CancellationTokenSource cts, CancellationToken cancellationToken, CancellationTokenSource pendingRequestsCts)
   at System.Net.Http.HttpClient.<SendAsync>g__Core|83_0(HttpRequestMessage request, HttpCompletionOption completionOption, CancellationTokenSource cts, Boolean disposeCts, CancellationTokenSource pendingRequestsCts, CancellationToken originalCancellationToken)
   at Sdk.WebApi.WebApi.RawHttpClientBase.SendAsync(HttpRequestMessage message, HttpCompletionOption completionOption, Object userState, CancellationToken cancellationToken)
   at Sdk.WebApi.WebApi.RawHttpClientBase.SendAsync[T](HttpRequestMessage message, Boolean readErrorBody, Object userState, CancellationToken cancellationToken)
   at Sdk.WebApi.WebApi.RawHttpClientBase.SendAsync[T](HttpMethod method, IEnumerable`1 additionalHeaders, Uri requestUri, HttpContent content, IEnumerable`1 queryParameters, Boolean readErrorBody, Object userState, CancellationToken cancellationToken)
   at GitHub.Actions.RunService.WebApi.BrokerHttpClient.GetRunnerMessageAsync(Nullable`1 sessionId, String runnerVersion, Nullable`1 status, String os, String architecture, Nullable`1 disableUpdate, CancellationToken cancellationToken)
   at GitHub.Runner.Common.BrokerServer.<>c__DisplayClass7_0.<<GetRunnerMessageAsync>b__0>d.MoveNext()
--- End of stack trace from previous location ---
   at GitHub.Runner.Common.RunnerService.RetryRequest[T](Func`1 func, CancellationToken cancellationToken, Int32 maxAttempts, Func`2 shouldRetry)
[2025-11-12 13:42:02Z ERR  BrokerServer] #####################################################
[2025-11-12 13:42:02Z ERR  BrokerServer] System.Threading.Tasks.TaskCanceledException: The operation was canceled.
 ---> System.IO.IOException: Unable to read data from the transport connection: Операция ввода/вывода была прервана из-за завершения потока команд или по запросу приложения..
 ---> System.Net.Sockets.SocketException (995): Операция ввода/вывода была прервана из-за завершения потока команд или по запросу приложения.
   --- End of inner exception stack trace ---
   at System.Net.Sockets.Socket.AwaitableSocketAsyncEventArgs.ThrowException(SocketError error, CancellationToken cancellationToken)
   at System.Net.Sockets.Socket.AwaitableSocketAsyncEventArgs.System.Threading.Tasks.Sources.IValueTaskSource<System.Int32>.GetResult(Int16 token)
   at System.Net.Security.SslStream.EnsureFullTlsFrameAsync[TIOAdapter](CancellationToken cancellationToken, Int32 estimatedSize)
   at System.Runtime.CompilerServices.PoolingAsyncValueTaskMethodBuilder`1.StateMachineBox`1.System.Threading.Tasks.Sources.IValueTaskSource<TResult>.GetResult(Int16 token)
   at System.Net.Security.SslStream.ReadAsyncInternal[TIOAdapter](Memory`1 buffer, CancellationToken cancellationToken)
   at System.Runtime.CompilerServices.PoolingAsyncValueTaskMethodBuilder`1.StateMachineBox`1.System.Threading.Tasks.Sources.IValueTaskSource<TResult>.GetResult(Int16 token)
   at System.Net.Http.HttpConnection.SendAsync(HttpRequestMessage request, Boolean async, CancellationToken cancellationToken)
   --- End of inner exception stack trace ---
   at System.Net.Http.HttpConnection.SendAsync(HttpRequestMessage request, Boolean async, CancellationToken cancellationToken)
   at System.Net.Http.AuthenticationHelper.SendWithNtAuthAsync(HttpRequestMessage request, Uri authUri, Boolean async, ICredentials credentials, Boolean isProxyAuth, HttpConnection connection, HttpConnectionPool connectionPool, CancellationToken cancellationToken)
   at System.Net.Http.HttpConnectionPool.SendWithVersionDetectionAndRetryAsync(HttpRequestMessage request, Boolean async, Boolean doRequestAuth, CancellationToken cancellationToken)
   at System.Net.Http.AuthenticationHelper.SendWithAuthAsync(HttpRequestMessage request, Uri authUri, Boolean async, ICredentials credentials, Boolean preAuthenticate, Boolean isProxyAuth, Boolean doRequestAuth, HttpConnectionPool pool, CancellationToken cancellationToken)
   at System.Net.Http.RedirectHandler.SendAsync(HttpRequestMessage request, Boolean async, CancellationToken cancellationToken)
   at GitHub.Services.Common.RawHttpMessageHandler.SendAsync(HttpRequestMessage request, CancellationToken cancellationToken)
   at GitHub.Services.Common.VssHttpRetryMessageHandler.SendAsync(HttpRequestMessage request, CancellationToken cancellationToken)
   at System.Net.Http.HttpClient.<SendAsync>g__Core|83_0(HttpRequestMessage request, HttpCompletionOption completionOption, CancellationTokenSource cts, Boolean disposeCts, CancellationTokenSource pendingRequestsCts, CancellationToken originalCancellationToken)
[2025-11-12 13:42:02Z ERR  BrokerServer] #####################################################
[2025-11-12 13:42:02Z ERR  BrokerServer] System.IO.IOException: Unable to read data from the transport connection: Операция ввода/вывода была прервана из-за завершения потока команд или по запросу приложения..
 ---> System.Net.Sockets.SocketException (995): Операция ввода/вывода была прервана из-за завершения потока команд или по запросу приложения.
   --- End of inner exception stack trace ---
   at System.Net.Sockets.Socket.AwaitableSocketAsyncEventArgs.ThrowException(SocketError error, CancellationToken cancellationToken)
   at System.Net.Sockets.Socket.AwaitableSocketAsyncEventArgs.System.Threading.Tasks.Sources.IValueTaskSource<System.Int32>.GetResult(Int16 token)
   at System.Net.Security.SslStream.EnsureFullTlsFrameAsync[TIOAdapter](CancellationToken cancellationToken, Int32 estimatedSize)
   at System.Runtime.CompilerServices.PoolingAsyncValueTaskMethodBuilder`1.StateMachineBox`1.System.Threading.Tasks.Sources.IValueTaskSource<TResult>.GetResult(Int16 token)
   at System.Net.Security.SslStream.ReadAsyncInternal[TIOAdapter](Memory`1 buffer, CancellationToken cancellationToken)
   at System.Runtime.CompilerServices.PoolingAsyncValueTaskMethodBuilder`1.StateMachineBox`1.System.Threading.Tasks.Sources.IValueTaskSource<TResult>.GetResult(Int16 token)
   at System.Net.Http.HttpConnection.SendAsync(HttpRequestMessage request, Boolean async, CancellationToken cancellationToken)
[2025-11-12 13:42:02Z ERR  BrokerServer] #####################################################
[2025-11-12 13:42:02Z ERR  BrokerServer] System.Net.Sockets.SocketException (995): Операция ввода/вывода была прервана из-за завершения потока команд или по запросу приложения.
[2025-11-12 13:42:02Z WARN BrokerServer] Back off 7,765 seconds before next retry. 4 attempt left.
[2025-11-12 13:42:02Z INFO BrokerMessageListener] Get messages has been cancelled using local token source. Continue to get messages with new status.
[2025-11-12 15:14:22Z WARN GitHubActionsService] Attempt 1 of GET request to https://broker.actions.githubusercontent.com/message?sessionId=988d1969-dc95-4aca-9de3-fc4525e113d6&status=Online&runnerVersion=2.329.0&os=Windows&architecture=X64&disableUpdate=false failed (Socket Error: ConnectionReset). The operation will be retried in 10,819 seconds.
[2025-11-12 15:14:33Z INFO RSAEncryptedFileKeyManager] Loading RSA key parameters from file C:\Users\egorv\Documents\devops\practice_3\actions-runner\.credentials_rsaparams
[2025-11-12 15:14:34Z INFO GitHubActionsService] AAD Correlation ID for this token request: Unknown
[2025-11-12 15:15:24Z INFO Terminal] WRITE LINE: Exiting...
[2025-11-12 15:15:24Z INFO ConfigurationStore] IsServiceConfigured()
[2025-11-12 15:15:24Z INFO ConfigurationStore] IsServiceConfigured: False
[2025-11-12 15:15:24Z INFO HostContext] Runner will be shutdown for UserCancelled
[2025-11-12 15:15:24Z WARN GitHubActionsService] GET request to https://broker.actions.githubusercontent.com/message?sessionId=988d1969-dc95-4aca-9de3-fc4525e113d6&status=Online&runnerVersion=2.329.0&os=Windows&architecture=X64&disableUpdate=false has been cancelled.
[2025-11-12 15:15:24Z ERR  BrokerServer] Catch exception during request
[2025-11-12 15:15:24Z ERR  BrokerServer] System.Threading.Tasks.TaskCanceledException: The operation was canceled.
 ---> System.Threading.Tasks.TaskCanceledException: The operation was canceled.
 ---> System.IO.IOException: Unable to read data from the transport connection: Операция ввода/вывода была прервана из-за завершения потока команд или по запросу приложения..
 ---> System.Net.Sockets.SocketException (995): Операция ввода/вывода была прервана из-за завершения потока команд или по запросу приложения.
   --- End of inner exception stack trace ---
   at System.Net.Sockets.Socket.AwaitableSocketAsyncEventArgs.System.Threading.Tasks.Sources.IValueTaskSource<System.Int32>.GetResult(Int16 token)
   at System.Net.Security.SslStream.EnsureFullTlsFrameAsync[TIOAdapter](CancellationToken cancellationToken, Int32 estimatedSize)
   at System.Runtime.CompilerServices.PoolingAsyncValueTaskMethodBuilder`1.StateMachineBox`1.System.Threading.Tasks.Sources.IValueTaskSource<TResult>.GetResult(Int16 token)
   at System.Net.Security.SslStream.ReadAsyncInternal[TIOAdapter](Memory`1 buffer, CancellationToken cancellationToken)
   at System.Runtime.CompilerServices.PoolingAsyncValueTaskMethodBuilder`1.StateMachineBox`1.System.Threading.Tasks.Sources.IValueTaskSource<TResult>.GetResult(Int16 token)
   at System.Net.Http.HttpConnection.SendAsync(HttpRequestMessage request, Boolean async, CancellationToken cancellationToken)
   --- End of inner exception stack trace ---
   at System.Net.Http.HttpConnection.SendAsync(HttpRequestMessage request, Boolean async, CancellationToken cancellationToken)
   at System.Net.Http.AuthenticationHelper.SendWithNtAuthAsync(HttpRequestMessage request, Uri authUri, Boolean async, ICredentials credentials, Boolean isProxyAuth, HttpConnection connection, HttpConnectionPool connectionPool, CancellationToken cancellationToken)
   at System.Net.Http.HttpConnectionPool.SendWithVersionDetectionAndRetryAsync(HttpRequestMessage request, Boolean async, Boolean doRequestAuth, CancellationToken cancellationToken)
   at System.Net.Http.AuthenticationHelper.SendWithAuthAsync(HttpRequestMessage request, Uri authUri, Boolean async, ICredentials credentials, Boolean preAuthenticate, Boolean isProxyAuth, Boolean doRequestAuth, HttpConnectionPool pool, CancellationToken cancellationToken)
   at System.Net.Http.RedirectHandler.SendAsync(HttpRequestMessage request, Boolean async, CancellationToken cancellationToken)
   at GitHub.Services.Common.RawHttpMessageHandler.SendAsync(HttpRequestMessage request, CancellationToken cancellationToken)
   at GitHub.Services.Common.VssHttpRetryMessageHandler.SendAsync(HttpRequestMessage request, CancellationToken cancellationToken)
   at System.Net.Http.HttpClient.<SendAsync>g__Core|83_0(HttpRequestMessage request, HttpCompletionOption completionOption, CancellationTokenSource cts, Boolean disposeCts, CancellationTokenSource pendingRequestsCts, CancellationToken originalCancellationToken)
   --- End of inner exception stack trace ---
   at System.Net.Http.HttpClient.HandleFailure(Exception e, Boolean telemetryStarted, HttpResponseMessage response, CancellationTokenSource cts, CancellationToken cancellationToken, CancellationTokenSource pendingRequestsCts)
   at System.Net.Http.HttpClient.<SendAsync>g__Core|83_0(HttpRequestMessage request, HttpCompletionOption completionOption, CancellationTokenSource cts, Boolean disposeCts, CancellationTokenSource pendingRequestsCts, CancellationToken originalCancellationToken)
   at Sdk.WebApi.WebApi.RawHttpClientBase.SendAsync(HttpRequestMessage message, HttpCompletionOption completionOption, Object userState, CancellationToken cancellationToken)
   at Sdk.WebApi.WebApi.RawHttpClientBase.SendAsync[T](HttpRequestMessage message, Boolean readErrorBody, Object userState, CancellationToken cancellationToken)
   at Sdk.WebApi.WebApi.RawHttpClientBase.SendAsync[T](HttpMethod method, IEnumerable`1 additionalHeaders, Uri requestUri, HttpContent content, IEnumerable`1 queryParameters, Boolean readErrorBody, Object userState, CancellationToken cancellationToken)
   at GitHub.Actions.RunService.WebApi.BrokerHttpClient.GetRunnerMessageAsync(Nullable`1 sessionId, String runnerVersion, Nullable`1 status, String os, String architecture, Nullable`1 disableUpdate, CancellationToken cancellationToken)
   at GitHub.Runner.Common.BrokerServer.<>c__DisplayClass7_0.<<GetRunnerMessageAsync>b__0>d.MoveNext()
--- End of stack trace from previous location ---
   at GitHub.Runner.Common.RunnerService.RetryRequest[T](Func`1 func, CancellationToken cancellationToken, Int32 maxAttempts, Func`2 shouldRetry)
[2025-11-12 15:15:24Z ERR  BrokerServer] #####################################################
[2025-11-12 15:15:24Z ERR  BrokerServer] System.Threading.Tasks.TaskCanceledException: The operation was canceled.
 ---> System.IO.IOException: Unable to read data from the transport connection: Операция ввода/вывода была прервана из-за завершения потока команд или по запросу приложения..
 ---> System.Net.Sockets.SocketException (995): Операция ввода/вывода была прервана из-за завершения потока команд или по запросу приложения.
   --- End of inner exception stack trace ---
   at System.Net.Sockets.Socket.AwaitableSocketAsyncEventArgs.System.Threading.Tasks.Sources.IValueTaskSource<System.Int32>.GetResult(Int16 token)
   at System.Net.Security.SslStream.EnsureFullTlsFrameAsync[TIOAdapter](CancellationToken cancellationToken, Int32 estimatedSize)
   at System.Runtime.CompilerServices.PoolingAsyncValueTaskMethodBuilder`1.StateMachineBox`1.System.Threading.Tasks.Sources.IValueTaskSource<TResult>.GetResult(Int16 token)
   at System.Net.Security.SslStream.ReadAsyncInternal[TIOAdapter](Memory`1 buffer, CancellationToken cancellationToken)
   at System.Runtime.CompilerServices.PoolingAsyncValueTaskMethodBuilder`1.StateMachineBox`1.System.Threading.Tasks.Sources.IValueTaskSource<TResult>.GetResult(Int16 token)
   at System.Net.Http.HttpConnection.SendAsync(HttpRequestMessage request, Boolean async, CancellationToken cancellationToken)
   --- End of inner exception stack trace ---
   at System.Net.Http.HttpConnection.SendAsync(HttpRequestMessage request, Boolean async, CancellationToken cancellationToken)
   at System.Net.Http.AuthenticationHelper.SendWithNtAuthAsync(HttpRequestMessage request, Uri authUri, Boolean async, ICredentials credentials, Boolean isProxyAuth, HttpConnection connection, HttpConnectionPool connectionPool, CancellationToken cancellationToken)
   at System.Net.Http.HttpConnectionPool.SendWithVersionDetectionAndRetryAsync(HttpRequestMessage request, Boolean async, Boolean doRequestAuth, CancellationToken cancellationToken)
   at System.Net.Http.AuthenticationHelper.SendWithAuthAsync(HttpRequestMessage request, Uri authUri, Boolean async, ICredentials credentials, Boolean preAuthenticate, Boolean isProxyAuth, Boolean doRequestAuth, HttpConnectionPool pool, CancellationToken cancellationToken)
   at System.Net.Http.RedirectHandler.SendAsync(HttpRequestMessage request, Boolean async, CancellationToken cancellationToken)
   at GitHub.Services.Common.RawHttpMessageHandler.SendAsync(HttpRequestMessage request, CancellationToken cancellationToken)
   at GitHub.Services.Common.VssHttpRetryMessageHandler.SendAsync(HttpRequestMessage request, CancellationToken cancellationToken)
   at System.Net.Http.HttpClient.<SendAsync>g__Core|83_0(HttpRequestMessage request, HttpCompletionOption completionOption, CancellationTokenSource cts, Boolean disposeCts, CancellationTokenSource pendingRequestsCts, CancellationToken originalCancellationToken)
[2025-11-12 15:15:24Z ERR  BrokerServer] #####################################################
[2025-11-12 15:15:24Z ERR  BrokerServer] System.IO.IOException: Unable to read data from the transport connection: Операция ввода/вывода была прервана из-за завершения потока команд или по запросу приложения..
 ---> System.Net.Sockets.SocketException (995): Операция ввода/вывода была прервана из-за завершения потока команд или по запросу приложения.
   --- End of inner exception stack trace ---
   at System.Net.Sockets.Socket.AwaitableSocketAsyncEventArgs.System.Threading.Tasks.Sources.IValueTaskSource<System.Int32>.GetResult(Int16 token)
   at System.Net.Security.SslStream.EnsureFullTlsFrameAsync[TIOAdapter](CancellationToken cancellationToken, Int32 estimatedSize)
   at System.Runtime.CompilerServices.PoolingAsyncValueTaskMethodBuilder`1.StateMachineBox`1.System.Threading.Tasks.Sources.IValueTaskSource<TResult>.GetResult(Int16 token)
   at System.Net.Security.SslStream.ReadAsyncInternal[TIOAdapter](Memory`1 buffer, CancellationToken cancellationToken)
   at System.Runtime.CompilerServices.PoolingAsyncValueTaskMethodBuilder`1.StateMachineBox`1.System.Threading.Tasks.Sources.IValueTaskSource<TResult>.GetResult(Int16 token)
   at System.Net.Http.HttpConnection.SendAsync(HttpRequestMessage request, Boolean async, CancellationToken cancellationToken)
[2025-11-12 15:15:24Z ERR  BrokerServer] #####################################################
[2025-11-12 15:15:24Z ERR  BrokerServer] System.Net.Sockets.SocketException (995): Операция ввода/вывода была прервана из-за завершения потока команд или по запросу приложения.
[2025-11-12 15:15:24Z WARN BrokerServer] Back off 7,437 seconds before next retry. 4 attempt left.
[2025-11-12 15:15:24Z INFO BrokerMessageListener] Get next message has been cancelled.
[2025-11-12 15:15:24Z INFO JobDispatcher] Shutting down JobDispatcher. Make sure all WorkerDispatcher has finished.
[2025-11-12 15:15:24Z INFO JobDispatcher] Ensure WorkerDispatcher for job ea6c3c46-0d5b-56d2-b4df-0d5dea56c1ec run to finish, cancel any running job.
[2025-11-12 15:15:24Z INFO JobDispatcher] Job request ea6c3c46-0d5b-56d2-b4df-0d5dea56c1ec processed succeed.
[2025-11-12 15:15:24Z INFO Runner] Deleting Runner Session...
[2025-11-12 15:15:25Z INFO Listener] Runner execution been cancelled.
