[2025-11-10 13:35:35Z INFO HostContext] No proxy settings were found based on environmental variables (http_proxy/https_proxy/HTTP_PROXY/HTTPS_PROXY)
[2025-11-10 13:35:35Z INFO HostContext] Well known directory 'Bin': 'C:\Users\egorv\Documents\devops\practice_3\actions-runner\bin'
[2025-11-10 13:35:35Z INFO HostContext] Well known directory 'Root': 'C:\Users\egorv\Documents\devops\practice_3\actions-runner'
[2025-11-10 13:35:35Z INFO HostContext] Well known config file 'Credentials': 'C:\Users\egorv\Documents\devops\practice_3\actions-runner\.credentials'
[2025-11-10 13:35:35Z INFO HostContext] Well known directory 'Bin': 'C:\Users\egorv\Documents\devops\practice_3\actions-runner\bin'
[2025-11-10 13:35:35Z INFO HostContext] Well known directory 'Root': 'C:\Users\egorv\Documents\devops\practice_3\actions-runner'
[2025-11-10 13:35:35Z INFO HostContext] Well known config file 'Runner': 'C:\Users\egorv\Documents\devops\practice_3\actions-runner\.runner'
[2025-11-10 13:35:35Z INFO Listener] Runner is built for Windows (X64) - win-x64.
[2025-11-10 13:35:35Z INFO Listener] RuntimeInformation: Microsoft Windows 10.0.19045.
[2025-11-10 13:35:35Z INFO Listener] Version: 2.329.0
[2025-11-10 13:35:35Z INFO Listener] Commit: c76c59996c8fa32e989164a5a695efb12608ae5a
[2025-11-10 13:35:35Z INFO Listener] Culture: ru-RU
[2025-11-10 13:35:35Z INFO Listener] UI Culture: ru-RU
[2025-11-10 13:35:35Z INFO HostContext] Well known directory 'Bin': 'C:\Users\egorv\Documents\devops\practice_3\actions-runner\bin'
[2025-11-10 13:35:35Z INFO HostContext] Well known directory 'Root': 'C:\Users\egorv\Documents\devops\practice_3\actions-runner'
[2025-11-10 13:35:35Z INFO Listener] Validating directory permissions for: 'C:\Users\egorv\Documents\devops\practice_3\actions-runner'
[2025-11-10 13:35:35Z INFO CommandLineParser] Parse
[2025-11-10 13:35:35Z INFO CommandLineParser] Parsing 1 args
[2025-11-10 13:35:35Z INFO CommandLineParser] parsing argument
[2025-11-10 13:35:35Z INFO CommandLineParser] HasArgs: False
[2025-11-10 13:35:35Z INFO CommandLineParser] Adding Command: run
[2025-11-10 13:35:35Z INFO Listener] Arguments parsed
[2025-11-10 13:35:35Z INFO Runner] ExecuteCommand
[2025-11-10 13:35:35Z INFO ConfigurationStore] currentAssemblyLocation: C:\Users\egorv\Documents\devops\practice_3\actions-runner\bin\Runner.Listener.dll
[2025-11-10 13:35:35Z INFO HostContext] Well known directory 'Bin': 'C:\Users\egorv\Documents\devops\practice_3\actions-runner\bin'
[2025-11-10 13:35:35Z INFO ConfigurationStore] binPath: C:\Users\egorv\Documents\devops\practice_3\actions-runner\bin
[2025-11-10 13:35:35Z INFO HostContext] Well known directory 'Bin': 'C:\Users\egorv\Documents\devops\practice_3\actions-runner\bin'
[2025-11-10 13:35:35Z INFO HostContext] Well known directory 'Root': 'C:\Users\egorv\Documents\devops\practice_3\actions-runner'
[2025-11-10 13:35:35Z INFO ConfigurationStore] RootFolder: C:\Users\egorv\Documents\devops\practice_3\actions-runner
[2025-11-10 13:35:35Z INFO HostContext] Well known directory 'Bin': 'C:\Users\egorv\Documents\devops\practice_3\actions-runner\bin'
[2025-11-10 13:35:35Z INFO HostContext] Well known directory 'Root': 'C:\Users\egorv\Documents\devops\practice_3\actions-runner'
[2025-11-10 13:35:35Z INFO HostContext] Well known config file 'Runner': 'C:\Users\egorv\Documents\devops\practice_3\actions-runner\.runner'
[2025-11-10 13:35:35Z INFO ConfigurationStore] ConfigFilePath: C:\Users\egorv\Documents\devops\practice_3\actions-runner\.runner
[2025-11-10 13:35:35Z INFO HostContext] Well known directory 'Bin': 'C:\Users\egorv\Documents\devops\practice_3\actions-runner\bin'
[2025-11-10 13:35:35Z INFO HostContext] Well known directory 'Root': 'C:\Users\egorv\Documents\devops\practice_3\actions-runner'
[2025-11-10 13:35:35Z INFO HostContext] Well known config file 'MigratedRunner': 'C:\Users\egorv\Documents\devops\practice_3\actions-runner\.runner_migrated'
[2025-11-10 13:35:35Z INFO ConfigurationStore] MigratedConfigFilePath: C:\Users\egorv\Documents\devops\practice_3\actions-runner\.runner_migrated
[2025-11-10 13:35:35Z INFO HostContext] Well known directory 'Bin': 'C:\Users\egorv\Documents\devops\practice_3\actions-runner\bin'
[2025-11-10 13:35:35Z INFO HostContext] Well known directory 'Root': 'C:\Users\egorv\Documents\devops\practice_3\actions-runner'
[2025-11-10 13:35:35Z INFO HostContext] Well known config file 'Credentials': 'C:\Users\egorv\Documents\devops\practice_3\actions-runner\.credentials'
[2025-11-10 13:35:35Z INFO ConfigurationStore] CredFilePath: C:\Users\egorv\Documents\devops\practice_3\actions-runner\.credentials
[2025-11-10 13:35:35Z INFO HostContext] Well known directory 'Bin': 'C:\Users\egorv\Documents\devops\practice_3\actions-runner\bin'
[2025-11-10 13:35:35Z INFO HostContext] Well known directory 'Root': 'C:\Users\egorv\Documents\devops\practice_3\actions-runner'
[2025-11-10 13:35:35Z INFO HostContext] Well known config file 'MigratedCredentials': 'C:\Users\egorv\Documents\devops\practice_3\actions-runner\.credentials_migrated'
[2025-11-10 13:35:35Z INFO ConfigurationStore] MigratedCredFilePath: C:\Users\egorv\Documents\devops\practice_3\actions-runner\.credentials_migrated
[2025-11-10 13:35:35Z INFO HostContext] Well known directory 'Bin': 'C:\Users\egorv\Documents\devops\practice_3\actions-runner\bin'
[2025-11-10 13:35:35Z INFO HostContext] Well known directory 'Root': 'C:\Users\egorv\Documents\devops\practice_3\actions-runner'
[2025-11-10 13:35:35Z INFO HostContext] Well known config file 'Service': 'C:\Users\egorv\Documents\devops\practice_3\actions-runner\.service'
[2025-11-10 13:35:35Z INFO ConfigurationStore] ServiceConfigFilePath: C:\Users\egorv\Documents\devops\practice_3\actions-runner\.service
[2025-11-10 13:35:35Z INFO CommandSettings] Flag 'help': 'False'
[2025-11-10 13:35:35Z INFO CommandSettings] Flag 'version': 'False'
[2025-11-10 13:35:35Z INFO CommandSettings] Flag 'commit': 'False'
[2025-11-10 13:35:35Z INFO CommandSettings] Flag 'check': 'False'
[2025-11-10 13:35:35Z INFO CommandSettings] Command 'configure': 'False'
[2025-11-10 13:35:35Z INFO CommandSettings] Command 'remove': 'False'
[2025-11-10 13:35:35Z INFO CommandSettings] Command 'warmup': 'False'
[2025-11-10 13:35:35Z INFO ConfigurationManager] LoadSettings
[2025-11-10 13:35:35Z INFO ConfigurationStore] IsConfigured()
[2025-11-10 13:35:35Z INFO ConfigurationStore] IsConfigured: True
[2025-11-10 13:35:35Z INFO ConfigurationManager] Is configured: True
[2025-11-10 13:35:35Z INFO ConfigurationStore] Read setting file: 400 chars
[2025-11-10 13:35:35Z INFO ConfigurationManager] Settings Loaded
[2025-11-10 13:35:35Z INFO ConfigurationStore] IsServiceConfigured()
[2025-11-10 13:35:35Z INFO ConfigurationStore] IsServiceConfigured: False
[2025-11-10 13:35:35Z INFO CommandSettings] Command 'run': 'True'
[2025-11-10 13:35:35Z INFO ConfigurationStore] IsConfigured()
[2025-11-10 13:35:35Z INFO ConfigurationStore] IsConfigured: True
[2025-11-10 13:35:35Z INFO ConfigurationManager] Is configured: True
[2025-11-10 13:35:35Z INFO Runner] Could not parse the argument value '' for StartupType. Defaulting to Manual
[2025-11-10 13:35:35Z INFO Runner] Set runner startup type - Manual
[2025-11-10 13:35:35Z INFO CommandSettings] Flag 'once': 'False'
[2025-11-10 13:35:35Z INFO CommandSettings] Flag 'once': 'False'
[2025-11-10 13:35:35Z INFO Runner] RunAsync
[2025-11-10 13:35:35Z INFO ConfigurationManager] LoadMigratedSettings
[2025-11-10 13:35:35Z INFO ConfigurationStore] IsMigratedConfigured()
[2025-11-10 13:35:35Z INFO ConfigurationStore] IsMigratedConfigured: False
[2025-11-10 13:35:35Z INFO Runner] Failed to load migrated settings: No migrated configuration found.
[2025-11-10 13:35:35Z INFO Runner] Falling back to original .runner settings
[2025-11-10 13:35:35Z INFO Runner] Using BrokerMessageListener
[2025-11-10 13:35:35Z INFO BrokerMessageListener] Using provided settings
[2025-11-10 13:35:35Z INFO BrokerMessageListener] {
  "AgentId": 2,
  "AgentName": "DESKTOP-UBG39OS",
  "PoolId": 1,
  "PoolName": "Default",
  "ServerUrl": "https://pipelinesghubeus3.actions.githubusercontent.com/ugog8tdjifN7hHmLQmgcSNYTEPxmxa1cn8DI5s1sSgmnKkBkcY/",
  "GitHubUrl": "https://github.com/Vatulin/github-actions",
  "WorkFolder": "_work",
  "UseV2Flow": true,
  "ServerUrlV2": "https://broker.actions.githubusercontent.com/"
}
[2025-11-10 13:35:35Z INFO BrokerMessageListener] Loading Credentials
[2025-11-10 13:35:35Z INFO ConfigurationStore] HasCredentials()
[2025-11-10 13:35:35Z INFO ConfigurationStore] stored True
[2025-11-10 13:35:35Z INFO CredentialManager] GetCredentialProvider
[2025-11-10 13:35:35Z INFO CredentialManager] Creating type OAuth
[2025-11-10 13:35:35Z INFO CredentialManager] Creating credential type: OAuth
[2025-11-10 13:35:35Z INFO HostContext] Well known directory 'Bin': 'C:\Users\egorv\Documents\devops\practice_3\actions-runner\bin'
[2025-11-10 13:35:35Z INFO HostContext] Well known directory 'Root': 'C:\Users\egorv\Documents\devops\practice_3\actions-runner'
[2025-11-10 13:35:35Z INFO HostContext] Well known config file 'RSACredentials': 'C:\Users\egorv\Documents\devops\practice_3\actions-runner\.credentials_rsaparams'
[2025-11-10 13:35:35Z INFO RSAEncryptedFileKeyManager] Loading RSA key parameters from file C:\Users\egorv\Documents\devops\practice_3\actions-runner\.credentials_rsaparams
[2025-11-10 13:35:35Z INFO BrokerMessageListener] Attempt to create session.
[2025-11-10 13:35:35Z INFO BrokerMessageListener] Connecting to the Broker Server...
[2025-11-10 13:35:35Z INFO ConfigurationStore] HasCredentials()
[2025-11-10 13:35:35Z INFO ConfigurationStore] stored True
[2025-11-10 13:35:35Z INFO CredentialManager] GetCredentialProvider
[2025-11-10 13:35:35Z INFO CredentialManager] Creating type OAuth
[2025-11-10 13:35:35Z INFO CredentialManager] Creating credential type: OAuth
[2025-11-10 13:35:35Z INFO RSAEncryptedFileKeyManager] Loading RSA key parameters from file C:\Users\egorv\Documents\devops\practice_3\actions-runner\.credentials_rsaparams
[2025-11-10 13:35:35Z INFO BrokerMessageListener] VssConnection created
[2025-11-10 13:35:35Z INFO BrokerMessageListener] Connecting to the Runner server...
[2025-11-10 13:35:35Z INFO RunnerServer] EstablishVssConnection
[2025-11-10 13:35:35Z INFO RunnerServer] Establish connection with 100 seconds timeout.
[2025-11-10 13:35:35Z INFO GitHubActionsService] Starting operation Location.GetConnectionData
[2025-11-10 13:35:35Z INFO RunnerServer] EstablishVssConnection
[2025-11-10 13:35:35Z INFO RunnerServer] Establish connection with 60 seconds timeout.
[2025-11-10 13:35:35Z INFO GitHubActionsService] Starting operation Location.GetConnectionData
[2025-11-10 13:35:35Z INFO RunnerServer] EstablishVssConnection
[2025-11-10 13:35:35Z INFO RunnerServer] Establish connection with 60 seconds timeout.
[2025-11-10 13:35:35Z INFO GitHubActionsService] Starting operation Location.GetConnectionData
[2025-11-10 13:35:36Z INFO GitHubActionsService] Finished operation Location.GetConnectionData
[2025-11-10 13:35:36Z INFO GitHubActionsService] Finished operation Location.GetConnectionData
[2025-11-10 13:35:36Z INFO GitHubActionsService] Finished operation Location.GetConnectionData
[2025-11-10 13:35:36Z INFO BrokerMessageListener] VssConnection created
[2025-11-10 13:35:36Z INFO Terminal] WRITE LINE: 
[2025-11-10 13:35:36Z INFO Terminal] WRITE LINE: 
[2025-11-10 13:35:37Z INFO RSAEncryptedFileKeyManager] Loading RSA key parameters from file C:\Users\egorv\Documents\devops\practice_3\actions-runner\.credentials_rsaparams
[2025-11-10 13:35:37Z INFO RSAEncryptedFileKeyManager] Loading RSA key parameters from file C:\Users\egorv\Documents\devops\practice_3\actions-runner\.credentials_rsaparams
[2025-11-10 13:35:38Z INFO GitHubActionsService] AAD Correlation ID for this token request: Unknown
[2025-11-10 13:35:39Z INFO BrokerMessageListener] Session created.
[2025-11-10 13:35:39Z INFO Terminal] WRITE LINE: Current runner version: '2.329.0'
[2025-11-10 13:35:39Z INFO Terminal] WRITE LINE: 2025-11-10 13:35:39Z: Listening for Jobs
[2025-11-10 13:35:39Z INFO JobDispatcher] Set runner/worker IPC timeout to 30 seconds.
[2025-11-10 13:35:40Z INFO BrokerMessageListener] Acknowledging runner request 'f2521c79-e6c5-5e3f-9d58-0b19e3b7b109'.
[2025-11-10 13:35:40Z INFO ConfigurationStore] HasCredentials()
[2025-11-10 13:35:40Z INFO ConfigurationStore] stored True
[2025-11-10 13:35:40Z INFO CredentialManager] GetCredentialProvider
[2025-11-10 13:35:40Z INFO CredentialManager] Creating type OAuth
[2025-11-10 13:35:40Z INFO CredentialManager] Creating credential type: OAuth
[2025-11-10 13:35:40Z INFO RSAEncryptedFileKeyManager] Loading RSA key parameters from file C:\Users\egorv\Documents\devops\practice_3\actions-runner\.credentials_rsaparams
[2025-11-10 13:35:40Z INFO RSAEncryptedFileKeyManager] Loading RSA key parameters from file C:\Users\egorv\Documents\devops\practice_3\actions-runner\.credentials_rsaparams
[2025-11-10 13:35:40Z INFO RSAEncryptedFileKeyManager] Loading RSA key parameters from file C:\Users\egorv\Documents\devops\practice_3\actions-runner\.credentials_rsaparams
[2025-11-10 13:35:41Z INFO GitHubActionsService] AAD Correlation ID for this token request: Unknown
[2025-11-10 13:35:43Z INFO JobDispatcher] Job request 0 for plan 121ba107-f8d6-4fb2-a83e-62e26be1f3ff job f2521c79-e6c5-5e3f-9d58-0b19e3b7b109 received.
[2025-11-10 13:35:43Z INFO JobDispatcher] Pull OrchestrationId 121ba107-f8d6-4fb2-a83e-62e26be1f3ff.deploy-and-test.__default from JWT claims
[2025-11-10 13:35:43Z INFO BrokerMessageListener] Received job status event. JobState: Busy
[2025-11-10 13:35:43Z INFO BrokerMessageListener] _getMessagesTokenSource is already disposed.
[2025-11-10 13:35:43Z INFO Terminal] WRITE LINE: 2025-11-10 13:35:43Z: Running job: deploy-and-test
[2025-11-10 13:35:43Z INFO JobDispatcher] Start renew job request 0 for job f2521c79-e6c5-5e3f-9d58-0b19e3b7b109.
[2025-11-10 13:35:44Z INFO JobDispatcher] Successfully renew job f2521c79-e6c5-5e3f-9d58-0b19e3b7b109, job is valid till 10.11.2025 13:45:43
[2025-11-10 13:35:44Z INFO HostContext] Well known directory 'Bin': 'C:\Users\egorv\Documents\devops\practice_3\actions-runner\bin'
[2025-11-10 13:35:44Z INFO ProcessInvokerWrapper] Starting process:
[2025-11-10 13:35:44Z INFO ProcessInvokerWrapper]   File name: 'C:\Users\egorv\Documents\devops\practice_3\actions-runner\bin\Runner.Worker.exe'
[2025-11-10 13:35:44Z INFO ProcessInvokerWrapper]   Arguments: 'spawnclient 2136 2144'
[2025-11-10 13:35:44Z INFO ProcessInvokerWrapper]   Working directory: 'C:\Users\egorv\Documents\devops\practice_3\actions-runner\bin'
[2025-11-10 13:35:44Z INFO ProcessInvokerWrapper]   Require exit code zero: 'False'
[2025-11-10 13:35:44Z INFO ProcessInvokerWrapper]   Encoding web name:  ; code page: ''
[2025-11-10 13:35:44Z INFO ProcessInvokerWrapper]   Force kill process on cancellation: 'True'
[2025-11-10 13:35:44Z INFO ProcessInvokerWrapper]   Redirected STDIN: 'False'
[2025-11-10 13:35:44Z INFO ProcessInvokerWrapper]   Persist current code page: 'False'
[2025-11-10 13:35:44Z INFO ProcessInvokerWrapper]   Keep redirected STDIN open: 'False'
[2025-11-10 13:35:44Z INFO ProcessInvokerWrapper]   High priority process: 'True'
[2025-11-10 13:35:44Z INFO ProcessInvokerWrapper] Process started with process id 10988, waiting for process exit.
[2025-11-10 13:35:44Z INFO JobDispatcher] Send job request message to worker for job f2521c79-e6c5-5e3f-9d58-0b19e3b7b109.
[2025-11-10 13:35:44Z INFO ProcessChannel] Sending message of length 22031, with hash '7d32965572a3f7a29a9dc852fc940655ec2e923eb50d27fa6be68543a2692ee9'
[2025-11-10 13:35:45Z INFO JobNotification] Entering JobStarted Notification
[2025-11-10 13:35:45Z INFO JobNotification] Entering StartMonitor
[2025-11-10 13:36:45Z INFO JobDispatcher] Successfully renew job f2521c79-e6c5-5e3f-9d58-0b19e3b7b109, job is valid till 10.11.2025 13:46:43
[2025-11-10 13:37:45Z INFO JobDispatcher] Successfully renew job f2521c79-e6c5-5e3f-9d58-0b19e3b7b109, job is valid till 10.11.2025 13:47:44
[2025-11-10 13:38:46Z INFO JobDispatcher] Successfully renew job f2521c79-e6c5-5e3f-9d58-0b19e3b7b109, job is valid till 10.11.2025 13:48:44
[2025-11-10 13:39:46Z INFO JobDispatcher] Successfully renew job f2521c79-e6c5-5e3f-9d58-0b19e3b7b109, job is valid till 10.11.2025 13:49:45
[2025-11-10 13:40:47Z INFO JobDispatcher] Successfully renew job f2521c79-e6c5-5e3f-9d58-0b19e3b7b109, job is valid till 10.11.2025 13:50:46
[2025-11-10 13:41:21Z INFO ProcessInvokerWrapper] STDOUT/STDERR stream read finished.
[2025-11-10 13:41:21Z INFO ProcessInvokerWrapper] STDOUT/STDERR stream read finished.
[2025-11-10 13:41:21Z INFO ProcessInvokerWrapper] Finished process 10988 with exit code 102, and elapsed time 00:05:37.2173823.
[2025-11-10 13:41:21Z INFO JobDispatcher] Worker finished for job f2521c79-e6c5-5e3f-9d58-0b19e3b7b109. Code: 102
[2025-11-10 13:41:21Z INFO JobDispatcher] finish job request for job f2521c79-e6c5-5e3f-9d58-0b19e3b7b109 with result: Failed
[2025-11-10 13:41:21Z INFO Terminal] WRITE LINE: 2025-11-10 13:41:21Z: Job deploy-and-test completed with result: Failed
[2025-11-10 13:41:21Z INFO JobDispatcher] Stop renew job request for job f2521c79-e6c5-5e3f-9d58-0b19e3b7b109.
[2025-11-10 13:41:21Z INFO JobDispatcher] job renew has been cancelled, stop renew job f2521c79-e6c5-5e3f-9d58-0b19e3b7b109.
[2025-11-10 13:41:21Z INFO JobNotification] Entering JobCompleted Notification
[2025-11-10 13:41:21Z INFO JobNotification] Entering EndMonitor
[2025-11-10 13:41:21Z INFO BrokerMessageListener] Received job status event. JobState: Online
[2025-11-10 13:41:21Z WARN GitHubActionsService] GET request to https://broker.actions.githubusercontent.com/message?sessionId=04652af3-b0b3-4049-8e15-9e6d23fb4c2b&status=Busy&runnerVersion=2.329.0&os=Windows&architecture=X64&disableUpdate=false has been cancelled.
[2025-11-10 13:41:21Z ERR  BrokerServer] Catch exception during request
[2025-11-10 13:41:21Z ERR  BrokerServer] System.Threading.Tasks.TaskCanceledException: The operation was canceled.
 ---> System.Threading.Tasks.TaskCanceledException: The operation was canceled.
 ---> System.IO.IOException: Unable to read data from the transport connection: Операция ввода/вывода была прервана из-за завершения потока команд или по запросу приложения..
 ---> System.Net.Sockets.SocketException (995): Операция ввода/вывода была прервана из-за завершения потока команд или по запросу приложения.
   --- End of inner exception stack trace ---
   at System.Net.Sockets.Socket.AwaitableSocketAsyncEventArgs.ThrowException(SocketError error, CancellationToken cancellationToken)
   at System.Net.Sockets.Socket.AwaitableSocketAsyncEventArgs.System.Threading.Tasks.Sources.IValueTaskSource<System.Int32>.GetResult(Int16 token)
   at System.Net.Security.SslStream.EnsureFullTlsFrameAsync[TIOAdapter](CancellationToken cancellationToken, Int32 estimatedSize)
   at System.Runtime.CompilerServices.PoolingAsyncValueTaskMethodBuilder`1.StateMachineBox`1.System.Threading.Tasks.Sources.IValueTaskSource<TResult>.GetResult(Int16 token)
   at System.Net.Security.SslStream.ReadAsyncInternal[TIOAdapter](Memory`1 buffer, CancellationToken cancellationToken)
   at System.Runtime.CompilerServices.PoolingAsyncValueTaskMethodBuilder`1.StateMachineBox`1.System.Threading.Tasks.Sources.IValueTaskSource<TResult>.GetResult(Int16 token)
   at System.Net.Http.HttpConnection.InitialFillAsync(Boolean async)
   at System.Net.Http.HttpConnection.SendAsync(HttpRequestMessage request, Boolean async, CancellationToken cancellationToken)
   --- End of inner exception stack trace ---
   at System.Net.Http.HttpConnection.SendAsync(HttpRequestMessage request, Boolean async, CancellationToken cancellationToken)
   at System.Net.Http.AuthenticationHelper.SendWithNtAuthAsync(HttpRequestMessage request, Uri authUri, Boolean async, ICredentials credentials, Boolean isProxyAuth, HttpConnection connection, HttpConnectionPool connectionPool, CancellationToken cancellationToken)
   at System.Net.Http.HttpConnectionPool.SendWithVersionDetectionAndRetryAsync(HttpRequestMessage request, Boolean async, Boolean doRequestAuth, CancellationToken cancellationToken)
   at System.Net.Http.AuthenticationHelper.SendWithAuthAsync(HttpRequestMessage request, Uri authUri, Boolean async, ICredentials credentials, Boolean preAuthenticate, Boolean isProxyAuth, Boolean doRequestAuth, HttpConnectionPool pool, CancellationToken cancellationToken)
   at System.Net.Http.RedirectHandler.SendAsync(HttpRequestMessage request, Boolean async, CancellationToken cancellationToken)
   at GitHub.Services.Common.RawHttpMessageHandler.SendAsync(HttpRequestMessage request, CancellationToken cancellationToken)
   at GitHub.Services.Common.VssHttpRetryMessageHandler.SendAsync(HttpRequestMessage request, CancellationToken cancellationToken)
   at System.Net.Http.HttpClient.<SendAsync>g__Core|83_0(HttpRequestMessage request, HttpCompletionOption completionOption, CancellationTokenSource cts, Boolean disposeCts, CancellationTokenSource pendingRequestsCts, CancellationToken originalCancellationToken)
   --- End of inner exception stack trace ---
   at System.Net.Http.HttpClient.HandleFailure(Exception e, Boolean telemetryStarted, HttpResponseMessage response, CancellationTokenSource cts, CancellationToken cancellationToken, CancellationTokenSource pendingRequestsCts)
   at System.Net.Http.HttpClient.<SendAsync>g__Core|83_0(HttpRequestMessage request, HttpCompletionOption completionOption, CancellationTokenSource cts, Boolean disposeCts, CancellationTokenSource pendingRequestsCts, CancellationToken originalCancellationToken)
   at Sdk.WebApi.WebApi.RawHttpClientBase.SendAsync(HttpRequestMessage message, HttpCompletionOption completionOption, Object userState, CancellationToken cancellationToken)
   at Sdk.WebApi.WebApi.RawHttpClientBase.SendAsync[T](HttpRequestMessage message, Boolean readErrorBody, Object userState, CancellationToken cancellationToken)
   at Sdk.WebApi.WebApi.RawHttpClientBase.SendAsync[T](HttpMethod method, IEnumerable`1 additionalHeaders, Uri requestUri, HttpContent content, IEnumerable`1 queryParameters, Boolean readErrorBody, Object userState, CancellationToken cancellationToken)
   at GitHub.Actions.RunService.WebApi.BrokerHttpClient.GetRunnerMessageAsync(Nullable`1 sessionId, String runnerVersion, Nullable`1 status, String os, String architecture, Nullable`1 disableUpdate, CancellationToken cancellationToken)
   at GitHub.Runner.Common.BrokerServer.<>c__DisplayClass7_0.<<GetRunnerMessageAsync>b__0>d.MoveNext()
--- End of stack trace from previous location ---
   at GitHub.Runner.Common.RunnerService.RetryRequest[T](Func`1 func, CancellationToken cancellationToken, Int32 maxAttempts, Func`2 shouldRetry)
[2025-11-10 13:41:21Z ERR  BrokerServer] #####################################################
[2025-11-10 13:41:21Z ERR  BrokerServer] System.Threading.Tasks.TaskCanceledException: The operation was canceled.
 ---> System.IO.IOException: Unable to read data from the transport connection: Операция ввода/вывода была прервана из-за завершения потока команд или по запросу приложения..
 ---> System.Net.Sockets.SocketException (995): Операция ввода/вывода была прервана из-за завершения потока команд или по запросу приложения.
   --- End of inner exception stack trace ---
   at System.Net.Sockets.Socket.AwaitableSocketAsyncEventArgs.ThrowException(SocketError error, CancellationToken cancellationToken)
   at System.Net.Sockets.Socket.AwaitableSocketAsyncEventArgs.System.Threading.Tasks.Sources.IValueTaskSource<System.Int32>.GetResult(Int16 token)
   at System.Net.Security.SslStream.EnsureFullTlsFrameAsync[TIOAdapter](CancellationToken cancellationToken, Int32 estimatedSize)
   at System.Runtime.CompilerServices.PoolingAsyncValueTaskMethodBuilder`1.StateMachineBox`1.System.Threading.Tasks.Sources.IValueTaskSource<TResult>.GetResult(Int16 token)
   at System.Net.Security.SslStream.ReadAsyncInternal[TIOAdapter](Memory`1 buffer, CancellationToken cancellationToken)
   at System.Runtime.CompilerServices.PoolingAsyncValueTaskMethodBuilder`1.StateMachineBox`1.System.Threading.Tasks.Sources.IValueTaskSource<TResult>.GetResult(Int16 token)
   at System.Net.Http.HttpConnection.InitialFillAsync(Boolean async)
   at System.Net.Http.HttpConnection.SendAsync(HttpRequestMessage request, Boolean async, CancellationToken cancellationToken)
   --- End of inner exception stack trace ---
   at System.Net.Http.HttpConnection.SendAsync(HttpRequestMessage request, Boolean async, CancellationToken cancellationToken)
   at System.Net.Http.AuthenticationHelper.SendWithNtAuthAsync(HttpRequestMessage request, Uri authUri, Boolean async, ICredentials credentials, Boolean isProxyAuth, HttpConnection connection, HttpConnectionPool connectionPool, CancellationToken cancellationToken)
   at System.Net.Http.HttpConnectionPool.SendWithVersionDetectionAndRetryAsync(HttpRequestMessage request, Boolean async, Boolean doRequestAuth, CancellationToken cancellationToken)
   at System.Net.Http.AuthenticationHelper.SendWithAuthAsync(HttpRequestMessage request, Uri authUri, Boolean async, ICredentials credentials, Boolean preAuthenticate, Boolean isProxyAuth, Boolean doRequestAuth, HttpConnectionPool pool, CancellationToken cancellationToken)
   at System.Net.Http.RedirectHandler.SendAsync(HttpRequestMessage request, Boolean async, CancellationToken cancellationToken)
   at GitHub.Services.Common.RawHttpMessageHandler.SendAsync(HttpRequestMessage request, CancellationToken cancellationToken)
   at GitHub.Services.Common.VssHttpRetryMessageHandler.SendAsync(HttpRequestMessage request, CancellationToken cancellationToken)
   at System.Net.Http.HttpClient.<SendAsync>g__Core|83_0(HttpRequestMessage request, HttpCompletionOption completionOption, CancellationTokenSource cts, Boolean disposeCts, CancellationTokenSource pendingRequestsCts, CancellationToken originalCancellationToken)
[2025-11-10 13:41:21Z ERR  BrokerServer] #####################################################
[2025-11-10 13:41:21Z ERR  BrokerServer] System.IO.IOException: Unable to read data from the transport connection: Операция ввода/вывода была прервана из-за завершения потока команд или по запросу приложения..
 ---> System.Net.Sockets.SocketException (995): Операция ввода/вывода была прервана из-за завершения потока команд или по запросу приложения.
   --- End of inner exception stack trace ---
   at System.Net.Sockets.Socket.AwaitableSocketAsyncEventArgs.ThrowException(SocketError error, CancellationToken cancellationToken)
   at System.Net.Sockets.Socket.AwaitableSocketAsyncEventArgs.System.Threading.Tasks.Sources.IValueTaskSource<System.Int32>.GetResult(Int16 token)
   at System.Net.Security.SslStream.EnsureFullTlsFrameAsync[TIOAdapter](CancellationToken cancellationToken, Int32 estimatedSize)
   at System.Runtime.CompilerServices.PoolingAsyncValueTaskMethodBuilder`1.StateMachineBox`1.System.Threading.Tasks.Sources.IValueTaskSource<TResult>.GetResult(Int16 token)
   at System.Net.Security.SslStream.ReadAsyncInternal[TIOAdapter](Memory`1 buffer, CancellationToken cancellationToken)
   at System.Runtime.CompilerServices.PoolingAsyncValueTaskMethodBuilder`1.StateMachineBox`1.System.Threading.Tasks.Sources.IValueTaskSource<TResult>.GetResult(Int16 token)
   at System.Net.Http.HttpConnection.InitialFillAsync(Boolean async)
   at System.Net.Http.HttpConnection.SendAsync(HttpRequestMessage request, Boolean async, CancellationToken cancellationToken)
[2025-11-10 13:41:21Z ERR  BrokerServer] #####################################################
[2025-11-10 13:41:21Z ERR  BrokerServer] System.Net.Sockets.SocketException (995): Операция ввода/вывода была прервана из-за завершения потока команд или по запросу приложения.
[2025-11-10 13:41:21Z WARN BrokerServer] Back off 14,112 seconds before next retry. 4 attempt left.
[2025-11-10 13:41:21Z INFO BrokerMessageListener] Get messages has been cancelled using local token source. Continue to get messages with new status.
[2025-11-10 13:49:41Z INFO BrokerMessageListener] Acknowledging runner request '75c5e1ed-746e-58e4-8ea6-782b50d4bde5'.
[2025-11-10 13:49:42Z INFO ConfigurationStore] HasCredentials()
[2025-11-10 13:49:42Z INFO ConfigurationStore] stored True
[2025-11-10 13:49:42Z INFO CredentialManager] GetCredentialProvider
[2025-11-10 13:49:42Z INFO CredentialManager] Creating type OAuth
[2025-11-10 13:49:42Z INFO CredentialManager] Creating credential type: OAuth
[2025-11-10 13:49:42Z INFO RSAEncryptedFileKeyManager] Loading RSA key parameters from file C:\Users\egorv\Documents\devops\practice_3\actions-runner\.credentials_rsaparams
[2025-11-10 13:49:42Z INFO RSAEncryptedFileKeyManager] Loading RSA key parameters from file C:\Users\egorv\Documents\devops\practice_3\actions-runner\.credentials_rsaparams
[2025-11-10 13:49:42Z INFO RSAEncryptedFileKeyManager] Loading RSA key parameters from file C:\Users\egorv\Documents\devops\practice_3\actions-runner\.credentials_rsaparams
[2025-11-10 13:49:43Z INFO GitHubActionsService] AAD Correlation ID for this token request: Unknown
[2025-11-10 13:49:45Z INFO JobDispatcher] Job request 0 for plan b7918ce3-6f60-4de5-bf4e-2429ae0df442 job 75c5e1ed-746e-58e4-8ea6-782b50d4bde5 received.
[2025-11-10 13:49:45Z INFO JobDispatcher] Pull OrchestrationId b7918ce3-6f60-4de5-bf4e-2429ae0df442.deploy-and-test.__default from JWT claims
[2025-11-10 13:49:45Z INFO BrokerMessageListener] Received job status event. JobState: Busy
[2025-11-10 13:49:45Z INFO BrokerMessageListener] _getMessagesTokenSource is already disposed.
[2025-11-10 13:49:45Z INFO JobDispatcher] Job request f2521c79-e6c5-5e3f-9d58-0b19e3b7b109 processed succeed.
[2025-11-10 13:49:45Z INFO Terminal] WRITE LINE: 2025-11-10 13:49:45Z: Running job: deploy-and-test
[2025-11-10 13:49:45Z INFO JobDispatcher] Start renew job request 0 for job 75c5e1ed-746e-58e4-8ea6-782b50d4bde5.
[2025-11-10 13:49:46Z INFO JobDispatcher] Successfully renew job 75c5e1ed-746e-58e4-8ea6-782b50d4bde5, job is valid till 10.11.2025 13:59:45
[2025-11-10 13:49:46Z INFO HostContext] Well known directory 'Bin': 'C:\Users\egorv\Documents\devops\practice_3\actions-runner\bin'
[2025-11-10 13:49:46Z INFO ProcessInvokerWrapper] Starting process:
[2025-11-10 13:49:46Z INFO ProcessInvokerWrapper]   File name: 'C:\Users\egorv\Documents\devops\practice_3\actions-runner\bin\Runner.Worker.exe'
[2025-11-10 13:49:46Z INFO ProcessInvokerWrapper]   Arguments: 'spawnclient 2380 2392'
[2025-11-10 13:49:46Z INFO ProcessInvokerWrapper]   Working directory: 'C:\Users\egorv\Documents\devops\practice_3\actions-runner\bin'
[2025-11-10 13:49:46Z INFO ProcessInvokerWrapper]   Require exit code zero: 'False'
[2025-11-10 13:49:46Z INFO ProcessInvokerWrapper]   Encoding web name:  ; code page: ''
[2025-11-10 13:49:46Z INFO ProcessInvokerWrapper]   Force kill process on cancellation: 'True'
[2025-11-10 13:49:46Z INFO ProcessInvokerWrapper]   Redirected STDIN: 'False'
[2025-11-10 13:49:46Z INFO ProcessInvokerWrapper]   Persist current code page: 'False'
[2025-11-10 13:49:46Z INFO ProcessInvokerWrapper]   Keep redirected STDIN open: 'False'
[2025-11-10 13:49:46Z INFO ProcessInvokerWrapper]   High priority process: 'True'
[2025-11-10 13:49:46Z INFO ProcessInvokerWrapper] Process started with process id 15652, waiting for process exit.
[2025-11-10 13:49:46Z INFO JobDispatcher] Send job request message to worker for job 75c5e1ed-746e-58e4-8ea6-782b50d4bde5.
[2025-11-10 13:49:46Z INFO ProcessChannel] Sending message of length 22026, with hash 'f6f5daa2f6746b3cb2d5c200641a592019bb1191e292212140d06740f94f982e'
[2025-11-10 13:49:47Z INFO JobNotification] Entering JobStarted Notification
[2025-11-10 13:49:47Z INFO JobNotification] Entering StartMonitor
[2025-11-10 13:50:46Z INFO JobDispatcher] Successfully renew job 75c5e1ed-746e-58e4-8ea6-782b50d4bde5, job is valid till 10.11.2025 14:00:45
[2025-11-10 13:51:47Z INFO JobDispatcher] Successfully renew job 75c5e1ed-746e-58e4-8ea6-782b50d4bde5, job is valid till 10.11.2025 14:01:46
[2025-11-10 13:52:47Z INFO JobDispatcher] Successfully renew job 75c5e1ed-746e-58e4-8ea6-782b50d4bde5, job is valid till 10.11.2025 14:02:46
[2025-11-10 13:53:47Z INFO JobDispatcher] Successfully renew job 75c5e1ed-746e-58e4-8ea6-782b50d4bde5, job is valid till 10.11.2025 14:03:46
[2025-11-10 13:54:48Z INFO JobDispatcher] Successfully renew job 75c5e1ed-746e-58e4-8ea6-782b50d4bde5, job is valid till 10.11.2025 14:04:46
[2025-11-10 13:55:48Z INFO JobDispatcher] Successfully renew job 75c5e1ed-746e-58e4-8ea6-782b50d4bde5, job is valid till 10.11.2025 14:05:47
[2025-11-10 13:56:48Z INFO JobDispatcher] Successfully renew job 75c5e1ed-746e-58e4-8ea6-782b50d4bde5, job is valid till 10.11.2025 14:06:47
[2025-11-10 13:57:48Z INFO JobDispatcher] Successfully renew job 75c5e1ed-746e-58e4-8ea6-782b50d4bde5, job is valid till 10.11.2025 14:07:47
[2025-11-10 13:58:49Z INFO JobDispatcher] Successfully renew job 75c5e1ed-746e-58e4-8ea6-782b50d4bde5, job is valid till 10.11.2025 14:08:47
[2025-11-10 13:59:49Z INFO JobDispatcher] Successfully renew job 75c5e1ed-746e-58e4-8ea6-782b50d4bde5, job is valid till 10.11.2025 14:09:48
[2025-11-10 14:00:49Z INFO JobDispatcher] Successfully renew job 75c5e1ed-746e-58e4-8ea6-782b50d4bde5, job is valid till 10.11.2025 14:10:48
[2025-11-10 14:01:49Z INFO JobDispatcher] Successfully renew job 75c5e1ed-746e-58e4-8ea6-782b50d4bde5, job is valid till 10.11.2025 14:11:48
[2025-11-10 14:02:50Z INFO JobDispatcher] Successfully renew job 75c5e1ed-746e-58e4-8ea6-782b50d4bde5, job is valid till 10.11.2025 14:12:48
[2025-11-10 14:03:50Z INFO JobDispatcher] Successfully renew job 75c5e1ed-746e-58e4-8ea6-782b50d4bde5, job is valid till 10.11.2025 14:13:49
[2025-11-10 14:04:50Z INFO JobDispatcher] Successfully renew job 75c5e1ed-746e-58e4-8ea6-782b50d4bde5, job is valid till 10.11.2025 14:14:49
[2025-11-10 14:05:50Z INFO JobDispatcher] Successfully renew job 75c5e1ed-746e-58e4-8ea6-782b50d4bde5, job is valid till 10.11.2025 14:15:49
[2025-11-10 14:06:51Z INFO JobDispatcher] Successfully renew job 75c5e1ed-746e-58e4-8ea6-782b50d4bde5, job is valid till 10.11.2025 14:16:49
[2025-11-10 14:07:48Z INFO JobDispatcher] Job cancellation request 75c5e1ed-746e-58e4-8ea6-782b50d4bde5 received, cancellation timeout 5 minutes.
[2025-11-10 14:07:48Z INFO JobDispatcher] Send job cancellation message to worker for job 75c5e1ed-746e-58e4-8ea6-782b50d4bde5.
[2025-11-10 14:07:48Z INFO ProcessChannel] Sending message of length 0, with hash 'e3b0c44298fc1c149afbf4c8996fb92427ae41e4649b934ca495991b7852b855'
[2025-11-10 14:07:48Z INFO JobDispatcher] Job cancellation request 75c5e1ed-746e-58e4-8ea6-782b50d4bde5 received, cancellation timeout 5 minutes.
[2025-11-10 14:07:48Z INFO JobDispatcher] Job cancellation request 75c5e1ed-746e-58e4-8ea6-782b50d4bde5 received, cancellation timeout 5 minutes.
[2025-11-10 14:07:49Z INFO JobDispatcher] Job cancellation request 75c5e1ed-746e-58e4-8ea6-782b50d4bde5 received, cancellation timeout 5 minutes.
[2025-11-10 14:07:49Z INFO JobDispatcher] Job cancellation request 75c5e1ed-746e-58e4-8ea6-782b50d4bde5 received, cancellation timeout 5 minutes.
[2025-11-10 14:07:50Z INFO JobDispatcher] Job cancellation request 75c5e1ed-746e-58e4-8ea6-782b50d4bde5 received, cancellation timeout 5 minutes.
[2025-11-10 14:07:51Z INFO JobDispatcher] Job cancellation request 75c5e1ed-746e-58e4-8ea6-782b50d4bde5 received, cancellation timeout 5 minutes.
[2025-11-10 14:07:51Z INFO JobDispatcher] Successfully renew job 75c5e1ed-746e-58e4-8ea6-782b50d4bde5, job is valid till 10.11.2025 14:17:50
[2025-11-10 14:07:51Z INFO JobDispatcher] Job cancellation request 75c5e1ed-746e-58e4-8ea6-782b50d4bde5 received, cancellation timeout 5 minutes.
[2025-11-10 14:07:52Z INFO JobDispatcher] Job cancellation request 75c5e1ed-746e-58e4-8ea6-782b50d4bde5 received, cancellation timeout 5 minutes.
[2025-11-10 14:07:52Z INFO JobDispatcher] Job cancellation request 75c5e1ed-746e-58e4-8ea6-782b50d4bde5 received, cancellation timeout 5 minutes.
[2025-11-10 14:07:52Z INFO JobDispatcher] Job cancellation request 75c5e1ed-746e-58e4-8ea6-782b50d4bde5 received, cancellation timeout 5 minutes.
[2025-11-10 14:07:53Z INFO JobDispatcher] Job cancellation request 75c5e1ed-746e-58e4-8ea6-782b50d4bde5 received, cancellation timeout 5 minutes.
[2025-11-10 14:07:53Z INFO JobDispatcher] Job cancellation request 75c5e1ed-746e-58e4-8ea6-782b50d4bde5 received, cancellation timeout 5 minutes.
[2025-11-10 14:07:54Z INFO JobDispatcher] Job cancellation request 75c5e1ed-746e-58e4-8ea6-782b50d4bde5 received, cancellation timeout 5 minutes.
[2025-11-10 14:07:54Z INFO JobDispatcher] Job cancellation request 75c5e1ed-746e-58e4-8ea6-782b50d4bde5 received, cancellation timeout 5 minutes.
[2025-11-10 14:07:55Z INFO JobDispatcher] Job cancellation request 75c5e1ed-746e-58e4-8ea6-782b50d4bde5 received, cancellation timeout 5 minutes.
[2025-11-10 14:07:55Z INFO JobDispatcher] Job cancellation request 75c5e1ed-746e-58e4-8ea6-782b50d4bde5 received, cancellation timeout 5 minutes.
[2025-11-10 14:07:56Z INFO JobDispatcher] Job cancellation request 75c5e1ed-746e-58e4-8ea6-782b50d4bde5 received, cancellation timeout 5 minutes.
[2025-11-10 14:07:56Z INFO JobDispatcher] Job cancellation request 75c5e1ed-746e-58e4-8ea6-782b50d4bde5 received, cancellation timeout 5 minutes.
[2025-11-10 14:07:56Z INFO JobDispatcher] Job cancellation request 75c5e1ed-746e-58e4-8ea6-782b50d4bde5 received, cancellation timeout 5 minutes.
[2025-11-10 14:07:57Z INFO JobDispatcher] Job cancellation request 75c5e1ed-746e-58e4-8ea6-782b50d4bde5 received, cancellation timeout 5 minutes.
[2025-11-10 14:07:57Z INFO ProcessInvokerWrapper] STDOUT/STDERR stream read finished.
[2025-11-10 14:07:57Z INFO ProcessInvokerWrapper] STDOUT/STDERR stream read finished.
[2025-11-10 14:07:57Z INFO ProcessInvokerWrapper] Finished process 15652 with exit code 103, and elapsed time 00:18:10.9233506.
[2025-11-10 14:07:57Z INFO JobDispatcher] finish job request for job 75c5e1ed-746e-58e4-8ea6-782b50d4bde5 with result: Canceled
[2025-11-10 14:07:57Z INFO Terminal] WRITE LINE: 2025-11-10 14:07:57Z: Job deploy-and-test completed with result: Canceled
[2025-11-10 14:07:57Z INFO JobDispatcher] Stop renew job request for job 75c5e1ed-746e-58e4-8ea6-782b50d4bde5.
[2025-11-10 14:07:57Z INFO JobDispatcher] job renew has been cancelled, stop renew job 75c5e1ed-746e-58e4-8ea6-782b50d4bde5.
[2025-11-10 14:07:57Z INFO JobNotification] Entering JobCompleted Notification
[2025-11-10 14:07:57Z INFO JobNotification] Entering EndMonitor
[2025-11-10 14:07:57Z INFO BrokerMessageListener] Received job status event. JobState: Online
[2025-11-10 14:07:57Z WARN GitHubActionsService] GET request to https://broker.actions.githubusercontent.com/message?sessionId=04652af3-b0b3-4049-8e15-9e6d23fb4c2b&status=Busy&runnerVersion=2.329.0&os=Windows&architecture=X64&disableUpdate=false has been cancelled.
[2025-11-10 14:07:57Z ERR  BrokerServer] Catch exception during request
[2025-11-10 14:07:57Z ERR  BrokerServer] System.Threading.Tasks.TaskCanceledException: The operation was canceled.
 ---> System.Threading.Tasks.TaskCanceledException: The operation was canceled.
 ---> System.IO.IOException: Unable to read data from the transport connection: Операция ввода/вывода была прервана из-за завершения потока команд или по запросу приложения..
 ---> System.Net.Sockets.SocketException (995): Операция ввода/вывода была прервана из-за завершения потока команд или по запросу приложения.
   --- End of inner exception stack trace ---
   at System.Net.Sockets.Socket.AwaitableSocketAsyncEventArgs.System.Threading.Tasks.Sources.IValueTaskSource<System.Int32>.GetResult(Int16 token)
   at System.Net.Security.SslStream.EnsureFullTlsFrameAsync[TIOAdapter](CancellationToken cancellationToken, Int32 estimatedSize)
   at System.Runtime.CompilerServices.PoolingAsyncValueTaskMethodBuilder`1.StateMachineBox`1.System.Threading.Tasks.Sources.IValueTaskSource<TResult>.GetResult(Int16 token)
   at System.Net.Security.SslStream.ReadAsyncInternal[TIOAdapter](Memory`1 buffer, CancellationToken cancellationToken)
   at System.Runtime.CompilerServices.PoolingAsyncValueTaskMethodBuilder`1.StateMachineBox`1.System.Threading.Tasks.Sources.IValueTaskSource<TResult>.GetResult(Int16 token)
   at System.Net.Http.HttpConnection.SendAsync(HttpRequestMessage request, Boolean async, CancellationToken cancellationToken)
   --- End of inner exception stack trace ---
   at System.Net.Http.HttpConnection.SendAsync(HttpRequestMessage request, Boolean async, CancellationToken cancellationToken)
   at System.Net.Http.AuthenticationHelper.SendWithNtAuthAsync(HttpRequestMessage request, Uri authUri, Boolean async, ICredentials credentials, Boolean isProxyAuth, HttpConnection connection, HttpConnectionPool connectionPool, CancellationToken cancellationToken)
   at System.Net.Http.HttpConnectionPool.SendWithVersionDetectionAndRetryAsync(HttpRequestMessage request, Boolean async, Boolean doRequestAuth, CancellationToken cancellationToken)
   at System.Net.Http.AuthenticationHelper.SendWithAuthAsync(HttpRequestMessage request, Uri authUri, Boolean async, ICredentials credentials, Boolean preAuthenticate, Boolean isProxyAuth, Boolean doRequestAuth, HttpConnectionPool pool, CancellationToken cancellationToken)
   at System.Net.Http.RedirectHandler.SendAsync(HttpRequestMessage request, Boolean async, CancellationToken cancellationToken)
   at GitHub.Services.Common.RawHttpMessageHandler.SendAsync(HttpRequestMessage request, CancellationToken cancellationToken)
   at GitHub.Services.Common.VssHttpRetryMessageHandler.SendAsync(HttpRequestMessage request, CancellationToken cancellationToken)
   at System.Net.Http.HttpClient.<SendAsync>g__Core|83_0(HttpRequestMessage request, HttpCompletionOption completionOption, CancellationTokenSource cts, Boolean disposeCts, CancellationTokenSource pendingRequestsCts, CancellationToken originalCancellationToken)
   --- End of inner exception stack trace ---
   at System.Net.Http.HttpClient.HandleFailure(Exception e, Boolean telemetryStarted, HttpResponseMessage response, CancellationTokenSource cts, CancellationToken cancellationToken, CancellationTokenSource pendingRequestsCts)
   at System.Net.Http.HttpClient.<SendAsync>g__Core|83_0(HttpRequestMessage request, HttpCompletionOption completionOption, CancellationTokenSource cts, Boolean disposeCts, CancellationTokenSource pendingRequestsCts, CancellationToken originalCancellationToken)
   at Sdk.WebApi.WebApi.RawHttpClientBase.SendAsync(HttpRequestMessage message, HttpCompletionOption completionOption, Object userState, CancellationToken cancellationToken)
   at Sdk.WebApi.WebApi.RawHttpClientBase.SendAsync[T](HttpRequestMessage message, Boolean readErrorBody, Object userState, CancellationToken cancellationToken)
   at Sdk.WebApi.WebApi.RawHttpClientBase.SendAsync[T](HttpMethod method, IEnumerable`1 additionalHeaders, Uri requestUri, HttpContent content, IEnumerable`1 queryParameters, Boolean readErrorBody, Object userState, CancellationToken cancellationToken)
   at GitHub.Actions.RunService.WebApi.BrokerHttpClient.GetRunnerMessageAsync(Nullable`1 sessionId, String runnerVersion, Nullable`1 status, String os, String architecture, Nullable`1 disableUpdate, CancellationToken cancellationToken)
   at GitHub.Runner.Common.BrokerServer.<>c__DisplayClass7_0.<<GetRunnerMessageAsync>b__0>d.MoveNext()
--- End of stack trace from previous location ---
   at GitHub.Runner.Common.RunnerService.RetryRequest[T](Func`1 func, CancellationToken cancellationToken, Int32 maxAttempts, Func`2 shouldRetry)
[2025-11-10 14:07:57Z ERR  BrokerServer] #####################################################
[2025-11-10 14:07:57Z ERR  BrokerServer] System.Threading.Tasks.TaskCanceledException: The operation was canceled.
 ---> System.IO.IOException: Unable to read data from the transport connection: Операция ввода/вывода была прервана из-за завершения потока команд или по запросу приложения..
 ---> System.Net.Sockets.SocketException (995): Операция ввода/вывода была прервана из-за завершения потока команд или по запросу приложения.
   --- End of inner exception stack trace ---
   at System.Net.Sockets.Socket.AwaitableSocketAsyncEventArgs.System.Threading.Tasks.Sources.IValueTaskSource<System.Int32>.GetResult(Int16 token)
   at System.Net.Security.SslStream.EnsureFullTlsFrameAsync[TIOAdapter](CancellationToken cancellationToken, Int32 estimatedSize)
   at System.Runtime.CompilerServices.PoolingAsyncValueTaskMethodBuilder`1.StateMachineBox`1.System.Threading.Tasks.Sources.IValueTaskSource<TResult>.GetResult(Int16 token)
   at System.Net.Security.SslStream.ReadAsyncInternal[TIOAdapter](Memory`1 buffer, CancellationToken cancellationToken)
   at System.Runtime.CompilerServices.PoolingAsyncValueTaskMethodBuilder`1.StateMachineBox`1.System.Threading.Tasks.Sources.IValueTaskSource<TResult>.GetResult(Int16 token)
   at System.Net.Http.HttpConnection.SendAsync(HttpRequestMessage request, Boolean async, CancellationToken cancellationToken)
   --- End of inner exception stack trace ---
   at System.Net.Http.HttpConnection.SendAsync(HttpRequestMessage request, Boolean async, CancellationToken cancellationToken)
   at System.Net.Http.AuthenticationHelper.SendWithNtAuthAsync(HttpRequestMessage request, Uri authUri, Boolean async, ICredentials credentials, Boolean isProxyAuth, HttpConnection connection, HttpConnectionPool connectionPool, CancellationToken cancellationToken)
   at System.Net.Http.HttpConnectionPool.SendWithVersionDetectionAndRetryAsync(HttpRequestMessage request, Boolean async, Boolean doRequestAuth, CancellationToken cancellationToken)
   at System.Net.Http.AuthenticationHelper.SendWithAuthAsync(HttpRequestMessage request, Uri authUri, Boolean async, ICredentials credentials, Boolean preAuthenticate, Boolean isProxyAuth, Boolean doRequestAuth, HttpConnectionPool pool, CancellationToken cancellationToken)
   at System.Net.Http.RedirectHandler.SendAsync(HttpRequestMessage request, Boolean async, CancellationToken cancellationToken)
   at GitHub.Services.Common.RawHttpMessageHandler.SendAsync(HttpRequestMessage request, CancellationToken cancellationToken)
   at GitHub.Services.Common.VssHttpRetryMessageHandler.SendAsync(HttpRequestMessage request, CancellationToken cancellationToken)
   at System.Net.Http.HttpClient.<SendAsync>g__Core|83_0(HttpRequestMessage request, HttpCompletionOption completionOption, CancellationTokenSource cts, Boolean disposeCts, CancellationTokenSource pendingRequestsCts, CancellationToken originalCancellationToken)
[2025-11-10 14:07:57Z ERR  BrokerServer] #####################################################
[2025-11-10 14:07:57Z ERR  BrokerServer] System.IO.IOException: Unable to read data from the transport connection: Операция ввода/вывода была прервана из-за завершения потока команд или по запросу приложения..
 ---> System.Net.Sockets.SocketException (995): Операция ввода/вывода была прервана из-за завершения потока команд или по запросу приложения.
   --- End of inner exception stack trace ---
   at System.Net.Sockets.Socket.AwaitableSocketAsyncEventArgs.System.Threading.Tasks.Sources.IValueTaskSource<System.Int32>.GetResult(Int16 token)
   at System.Net.Security.SslStream.EnsureFullTlsFrameAsync[TIOAdapter](CancellationToken cancellationToken, Int32 estimatedSize)
   at System.Runtime.CompilerServices.PoolingAsyncValueTaskMethodBuilder`1.StateMachineBox`1.System.Threading.Tasks.Sources.IValueTaskSource<TResult>.GetResult(Int16 token)
   at System.Net.Security.SslStream.ReadAsyncInternal[TIOAdapter](Memory`1 buffer, CancellationToken cancellationToken)
   at System.Runtime.CompilerServices.PoolingAsyncValueTaskMethodBuilder`1.StateMachineBox`1.System.Threading.Tasks.Sources.IValueTaskSource<TResult>.GetResult(Int16 token)
   at System.Net.Http.HttpConnection.SendAsync(HttpRequestMessage request, Boolean async, CancellationToken cancellationToken)
[2025-11-10 14:07:57Z ERR  BrokerServer] #####################################################
[2025-11-10 14:07:57Z ERR  BrokerServer] System.Net.Sockets.SocketException (995): Операция ввода/вывода была прервана из-за завершения потока команд или по запросу приложения.
[2025-11-10 14:07:57Z WARN BrokerServer] Back off 7,974 seconds before next retry. 4 attempt left.
[2025-11-10 14:07:57Z INFO BrokerMessageListener] Get messages has been cancelled using local token source. Continue to get messages with new status.
[2025-11-10 14:08:47Z INFO BrokerMessageListener] Acknowledging runner request 'c4d5ac53-a3a3-5859-a8db-820c8dee309b'.
[2025-11-10 14:08:47Z INFO ConfigurationStore] HasCredentials()
[2025-11-10 14:08:47Z INFO ConfigurationStore] stored True
[2025-11-10 14:08:47Z INFO CredentialManager] GetCredentialProvider
[2025-11-10 14:08:47Z INFO CredentialManager] Creating type OAuth
[2025-11-10 14:08:47Z INFO CredentialManager] Creating credential type: OAuth
[2025-11-10 14:08:47Z INFO RSAEncryptedFileKeyManager] Loading RSA key parameters from file C:\Users\egorv\Documents\devops\practice_3\actions-runner\.credentials_rsaparams
[2025-11-10 14:08:47Z INFO RSAEncryptedFileKeyManager] Loading RSA key parameters from file C:\Users\egorv\Documents\devops\practice_3\actions-runner\.credentials_rsaparams
[2025-11-10 14:08:47Z INFO RSAEncryptedFileKeyManager] Loading RSA key parameters from file C:\Users\egorv\Documents\devops\practice_3\actions-runner\.credentials_rsaparams
[2025-11-10 14:08:48Z INFO GitHubActionsService] AAD Correlation ID for this token request: Unknown
[2025-11-10 14:08:55Z INFO JobDispatcher] Job request 0 for plan 9d25c933-9f84-4c13-864e-a548facb1e22 job c4d5ac53-a3a3-5859-a8db-820c8dee309b received.
[2025-11-10 14:08:55Z INFO JobDispatcher] Pull OrchestrationId 9d25c933-9f84-4c13-864e-a548facb1e22.deploy-and-test.__default from JWT claims
[2025-11-10 14:08:55Z INFO BrokerMessageListener] Received job status event. JobState: Busy
[2025-11-10 14:08:55Z INFO BrokerMessageListener] _getMessagesTokenSource is already disposed.
[2025-11-10 14:08:55Z INFO JobDispatcher] Job request 75c5e1ed-746e-58e4-8ea6-782b50d4bde5 processed succeed.
[2025-11-10 14:08:55Z INFO Terminal] WRITE LINE: 2025-11-10 14:08:55Z: Running job: deploy-and-test
[2025-11-10 14:08:55Z INFO JobDispatcher] Start renew job request 0 for job c4d5ac53-a3a3-5859-a8db-820c8dee309b.
[2025-11-10 14:08:57Z INFO JobDispatcher] Successfully renew job c4d5ac53-a3a3-5859-a8db-820c8dee309b, job is valid till 10.11.2025 14:18:56
[2025-11-10 14:08:57Z INFO HostContext] Well known directory 'Bin': 'C:\Users\egorv\Documents\devops\practice_3\actions-runner\bin'
[2025-11-10 14:08:57Z INFO ProcessInvokerWrapper] Starting process:
[2025-11-10 14:08:57Z INFO ProcessInvokerWrapper]   File name: 'C:\Users\egorv\Documents\devops\practice_3\actions-runner\bin\Runner.Worker.exe'
[2025-11-10 14:08:57Z INFO ProcessInvokerWrapper]   Arguments: 'spawnclient 2208 1448'
[2025-11-10 14:08:57Z INFO ProcessInvokerWrapper]   Working directory: 'C:\Users\egorv\Documents\devops\practice_3\actions-runner\bin'
[2025-11-10 14:08:57Z INFO ProcessInvokerWrapper]   Require exit code zero: 'False'
[2025-11-10 14:08:57Z INFO ProcessInvokerWrapper]   Encoding web name:  ; code page: ''
[2025-11-10 14:08:57Z INFO ProcessInvokerWrapper]   Force kill process on cancellation: 'True'
[2025-11-10 14:08:57Z INFO ProcessInvokerWrapper]   Redirected STDIN: 'False'
[2025-11-10 14:08:57Z INFO ProcessInvokerWrapper]   Persist current code page: 'False'
[2025-11-10 14:08:57Z INFO ProcessInvokerWrapper]   Keep redirected STDIN open: 'False'
[2025-11-10 14:08:57Z INFO ProcessInvokerWrapper]   High priority process: 'True'
[2025-11-10 14:08:57Z INFO ProcessInvokerWrapper] Process started with process id 14708, waiting for process exit.
[2025-11-10 14:08:57Z INFO JobDispatcher] Send job request message to worker for job c4d5ac53-a3a3-5859-a8db-820c8dee309b.
[2025-11-10 14:08:57Z INFO ProcessChannel] Sending message of length 22026, with hash 'dd0fdedf80a3fd66c2037475fe5e76629c4560a91e4822af9d31bdba160b8774'
[2025-11-10 14:08:57Z INFO JobNotification] Entering JobStarted Notification
[2025-11-10 14:08:57Z INFO JobNotification] Entering StartMonitor
[2025-11-10 14:09:58Z INFO JobDispatcher] Successfully renew job c4d5ac53-a3a3-5859-a8db-820c8dee309b, job is valid till 10.11.2025 14:19:56
[2025-11-10 14:10:58Z INFO JobDispatcher] Successfully renew job c4d5ac53-a3a3-5859-a8db-820c8dee309b, job is valid till 10.11.2025 14:20:57
[2025-11-10 14:11:59Z INFO JobDispatcher] Successfully renew job c4d5ac53-a3a3-5859-a8db-820c8dee309b, job is valid till 10.11.2025 14:21:57
[2025-11-10 14:12:59Z INFO JobDispatcher] Successfully renew job c4d5ac53-a3a3-5859-a8db-820c8dee309b, job is valid till 10.11.2025 14:22:58
[2025-11-10 14:14:00Z INFO JobDispatcher] Successfully renew job c4d5ac53-a3a3-5859-a8db-820c8dee309b, job is valid till 10.11.2025 14:23:58
[2025-11-10 14:15:00Z INFO JobDispatcher] Successfully renew job c4d5ac53-a3a3-5859-a8db-820c8dee309b, job is valid till 10.11.2025 14:24:59
[2025-11-10 14:16:00Z INFO JobDispatcher] Successfully renew job c4d5ac53-a3a3-5859-a8db-820c8dee309b, job is valid till 10.11.2025 14:25:59
[2025-11-10 14:17:00Z INFO JobDispatcher] Successfully renew job c4d5ac53-a3a3-5859-a8db-820c8dee309b, job is valid till 10.11.2025 14:26:59
[2025-11-10 14:18:02Z INFO JobDispatcher] Successfully renew job c4d5ac53-a3a3-5859-a8db-820c8dee309b, job is valid till 10.11.2025 14:28:00
[2025-11-10 14:19:02Z INFO JobDispatcher] Successfully renew job c4d5ac53-a3a3-5859-a8db-820c8dee309b, job is valid till 10.11.2025 14:29:01
[2025-11-10 14:20:02Z INFO JobDispatcher] Successfully renew job c4d5ac53-a3a3-5859-a8db-820c8dee309b, job is valid till 10.11.2025 14:30:01
[2025-11-10 14:21:03Z INFO JobDispatcher] Successfully renew job c4d5ac53-a3a3-5859-a8db-820c8dee309b, job is valid till 10.11.2025 14:31:02
[2025-11-10 14:22:03Z INFO JobDispatcher] Job cancellation request c4d5ac53-a3a3-5859-a8db-820c8dee309b received, cancellation timeout 5 minutes.
[2025-11-10 14:22:03Z INFO JobDispatcher] Send job cancellation message to worker for job c4d5ac53-a3a3-5859-a8db-820c8dee309b.
[2025-11-10 14:22:03Z INFO ProcessChannel] Sending message of length 0, with hash 'e3b0c44298fc1c149afbf4c8996fb92427ae41e4649b934ca495991b7852b855'
[2025-11-10 14:22:04Z INFO JobDispatcher] Job cancellation request c4d5ac53-a3a3-5859-a8db-820c8dee309b received, cancellation timeout 5 minutes.
[2025-11-10 14:22:04Z INFO JobDispatcher] Successfully renew job c4d5ac53-a3a3-5859-a8db-820c8dee309b, job is valid till 10.11.2025 14:32:02
[2025-11-10 14:22:06Z INFO JobDispatcher] Job cancellation request c4d5ac53-a3a3-5859-a8db-820c8dee309b received, cancellation timeout 5 minutes.
[2025-11-10 14:22:07Z INFO JobDispatcher] Job cancellation request c4d5ac53-a3a3-5859-a8db-820c8dee309b received, cancellation timeout 5 minutes.
[2025-11-10 14:22:08Z INFO JobDispatcher] Job cancellation request c4d5ac53-a3a3-5859-a8db-820c8dee309b received, cancellation timeout 5 minutes.
[2025-11-10 14:22:09Z INFO JobDispatcher] Job cancellation request c4d5ac53-a3a3-5859-a8db-820c8dee309b received, cancellation timeout 5 minutes.
[2025-11-10 14:22:09Z INFO JobDispatcher] Job cancellation request c4d5ac53-a3a3-5859-a8db-820c8dee309b received, cancellation timeout 5 minutes.
[2025-11-10 14:22:11Z INFO JobDispatcher] Job cancellation request c4d5ac53-a3a3-5859-a8db-820c8dee309b received, cancellation timeout 5 minutes.
[2025-11-10 14:22:11Z INFO JobDispatcher] Job cancellation request c4d5ac53-a3a3-5859-a8db-820c8dee309b received, cancellation timeout 5 minutes.
[2025-11-10 14:22:14Z INFO JobDispatcher] Job cancellation request c4d5ac53-a3a3-5859-a8db-820c8dee309b received, cancellation timeout 5 minutes.
[2025-11-10 14:22:15Z INFO JobDispatcher] Job cancellation request c4d5ac53-a3a3-5859-a8db-820c8dee309b received, cancellation timeout 5 minutes.
[2025-11-10 14:22:16Z INFO JobDispatcher] Job cancellation request c4d5ac53-a3a3-5859-a8db-820c8dee309b received, cancellation timeout 5 minutes.
[2025-11-10 14:22:18Z INFO JobDispatcher] Job cancellation request c4d5ac53-a3a3-5859-a8db-820c8dee309b received, cancellation timeout 5 minutes.
[2025-11-10 14:22:20Z INFO JobDispatcher] Job cancellation request c4d5ac53-a3a3-5859-a8db-820c8dee309b received, cancellation timeout 5 minutes.
[2025-11-10 14:22:20Z INFO JobDispatcher] Job cancellation request c4d5ac53-a3a3-5859-a8db-820c8dee309b received, cancellation timeout 5 minutes.
[2025-11-10 14:22:21Z INFO JobDispatcher] Job cancellation request c4d5ac53-a3a3-5859-a8db-820c8dee309b received, cancellation timeout 5 minutes.
[2025-11-10 14:22:22Z INFO JobDispatcher] Job cancellation request c4d5ac53-a3a3-5859-a8db-820c8dee309b received, cancellation timeout 5 minutes.
[2025-11-10 14:22:24Z INFO JobDispatcher] Job cancellation request c4d5ac53-a3a3-5859-a8db-820c8dee309b received, cancellation timeout 5 minutes.
[2025-11-10 14:22:26Z INFO JobDispatcher] Job cancellation request c4d5ac53-a3a3-5859-a8db-820c8dee309b received, cancellation timeout 5 minutes.
[2025-11-10 14:22:28Z INFO JobDispatcher] Job cancellation request c4d5ac53-a3a3-5859-a8db-820c8dee309b received, cancellation timeout 5 minutes.
[2025-11-10 14:22:30Z INFO JobDispatcher] Job cancellation request c4d5ac53-a3a3-5859-a8db-820c8dee309b received, cancellation timeout 5 minutes.
[2025-11-10 14:22:34Z INFO JobDispatcher] Job cancellation request c4d5ac53-a3a3-5859-a8db-820c8dee309b received, cancellation timeout 5 minutes.
[2025-11-10 14:22:35Z INFO JobDispatcher] Job cancellation request c4d5ac53-a3a3-5859-a8db-820c8dee309b received, cancellation timeout 5 minutes.
[2025-11-10 14:22:37Z INFO JobDispatcher] Job cancellation request c4d5ac53-a3a3-5859-a8db-820c8dee309b received, cancellation timeout 5 minutes.
[2025-11-10 14:22:38Z INFO JobDispatcher] Job cancellation request c4d5ac53-a3a3-5859-a8db-820c8dee309b received, cancellation timeout 5 minutes.
[2025-11-10 14:22:38Z INFO JobDispatcher] Job cancellation request c4d5ac53-a3a3-5859-a8db-820c8dee309b received, cancellation timeout 5 minutes.
[2025-11-10 14:22:39Z INFO ProcessInvokerWrapper] STDOUT/STDERR stream read finished.
[2025-11-10 14:22:39Z INFO ProcessInvokerWrapper] STDOUT/STDERR stream read finished.
[2025-11-10 14:22:39Z INFO ProcessInvokerWrapper] Finished process 14708 with exit code 103, and elapsed time 00:13:41.8797151.
[2025-11-10 14:22:39Z INFO JobDispatcher] finish job request for job c4d5ac53-a3a3-5859-a8db-820c8dee309b with result: Canceled
[2025-11-10 14:22:39Z INFO Terminal] WRITE LINE: 2025-11-10 14:22:39Z: Job deploy-and-test completed with result: Canceled
[2025-11-10 14:22:39Z INFO JobDispatcher] Stop renew job request for job c4d5ac53-a3a3-5859-a8db-820c8dee309b.
[2025-11-10 14:22:39Z INFO JobDispatcher] job renew has been cancelled, stop renew job c4d5ac53-a3a3-5859-a8db-820c8dee309b.
[2025-11-10 14:22:39Z INFO JobNotification] Entering JobCompleted Notification
[2025-11-10 14:22:39Z INFO JobNotification] Entering EndMonitor
[2025-11-10 14:22:39Z INFO BrokerMessageListener] Received job status event. JobState: Online
[2025-11-10 14:22:39Z WARN GitHubActionsService] GET request to https://broker.actions.githubusercontent.com/message?sessionId=04652af3-b0b3-4049-8e15-9e6d23fb4c2b&status=Busy&runnerVersion=2.329.0&os=Windows&architecture=X64&disableUpdate=false has been cancelled.
[2025-11-10 14:22:39Z ERR  BrokerServer] Catch exception during request
[2025-11-10 14:22:39Z ERR  BrokerServer] System.Threading.Tasks.TaskCanceledException: The operation was canceled.
 ---> System.Threading.Tasks.TaskCanceledException: The operation was canceled.
 ---> System.IO.IOException: Unable to read data from the transport connection: Операция ввода/вывода была прервана из-за завершения потока команд или по запросу приложения..
 ---> System.Net.Sockets.SocketException (995): Операция ввода/вывода была прервана из-за завершения потока команд или по запросу приложения.
   --- End of inner exception stack trace ---
   at System.Net.Sockets.Socket.AwaitableSocketAsyncEventArgs.System.Threading.Tasks.Sources.IValueTaskSource<System.Int32>.GetResult(Int16 token)
   at System.Net.Security.SslStream.EnsureFullTlsFrameAsync[TIOAdapter](CancellationToken cancellationToken, Int32 estimatedSize)
   at System.Runtime.CompilerServices.PoolingAsyncValueTaskMethodBuilder`1.StateMachineBox`1.System.Threading.Tasks.Sources.IValueTaskSource<TResult>.GetResult(Int16 token)
   at System.Net.Security.SslStream.ReadAsyncInternal[TIOAdapter](Memory`1 buffer, CancellationToken cancellationToken)
   at System.Runtime.CompilerServices.PoolingAsyncValueTaskMethodBuilder`1.StateMachineBox`1.System.Threading.Tasks.Sources.IValueTaskSource<TResult>.GetResult(Int16 token)
   at System.Net.Http.HttpConnection.SendAsync(HttpRequestMessage request, Boolean async, CancellationToken cancellationToken)
   --- End of inner exception stack trace ---
   at System.Net.Http.HttpConnection.SendAsync(HttpRequestMessage request, Boolean async, CancellationToken cancellationToken)
   at System.Net.Http.AuthenticationHelper.SendWithNtAuthAsync(HttpRequestMessage request, Uri authUri, Boolean async, ICredentials credentials, Boolean isProxyAuth, HttpConnection connection, HttpConnectionPool connectionPool, CancellationToken cancellationToken)
   at System.Net.Http.HttpConnectionPool.SendWithVersionDetectionAndRetryAsync(HttpRequestMessage request, Boolean async, Boolean doRequestAuth, CancellationToken cancellationToken)
   at System.Net.Http.AuthenticationHelper.SendWithAuthAsync(HttpRequestMessage request, Uri authUri, Boolean async, ICredentials credentials, Boolean preAuthenticate, Boolean isProxyAuth, Boolean doRequestAuth, HttpConnectionPool pool, CancellationToken cancellationToken)
   at System.Net.Http.RedirectHandler.SendAsync(HttpRequestMessage request, Boolean async, CancellationToken cancellationToken)
   at GitHub.Services.Common.RawHttpMessageHandler.SendAsync(HttpRequestMessage request, CancellationToken cancellationToken)
   at GitHub.Services.Common.VssHttpRetryMessageHandler.SendAsync(HttpRequestMessage request, CancellationToken cancellationToken)
   at System.Net.Http.HttpClient.<SendAsync>g__Core|83_0(HttpRequestMessage request, HttpCompletionOption completionOption, CancellationTokenSource cts, Boolean disposeCts, CancellationTokenSource pendingRequestsCts, CancellationToken originalCancellationToken)
   --- End of inner exception stack trace ---
   at System.Net.Http.HttpClient.HandleFailure(Exception e, Boolean telemetryStarted, HttpResponseMessage response, CancellationTokenSource cts, CancellationToken cancellationToken, CancellationTokenSource pendingRequestsCts)
   at System.Net.Http.HttpClient.<SendAsync>g__Core|83_0(HttpRequestMessage request, HttpCompletionOption completionOption, CancellationTokenSource cts, Boolean disposeCts, CancellationTokenSource pendingRequestsCts, CancellationToken originalCancellationToken)
   at Sdk.WebApi.WebApi.RawHttpClientBase.SendAsync(HttpRequestMessage message, HttpCompletionOption completionOption, Object userState, CancellationToken cancellationToken)
   at Sdk.WebApi.WebApi.RawHttpClientBase.SendAsync[T](HttpRequestMessage message, Boolean readErrorBody, Object userState, CancellationToken cancellationToken)
   at Sdk.WebApi.WebApi.RawHttpClientBase.SendAsync[T](HttpMethod method, IEnumerable`1 additionalHeaders, Uri requestUri, HttpContent content, IEnumerable`1 queryParameters, Boolean readErrorBody, Object userState, CancellationToken cancellationToken)
   at GitHub.Actions.RunService.WebApi.BrokerHttpClient.GetRunnerMessageAsync(Nullable`1 sessionId, String runnerVersion, Nullable`1 status, String os, String architecture, Nullable`1 disableUpdate, CancellationToken cancellationToken)
   at GitHub.Runner.Common.BrokerServer.<>c__DisplayClass7_0.<<GetRunnerMessageAsync>b__0>d.MoveNext()
--- End of stack trace from previous location ---
   at GitHub.Runner.Common.RunnerService.RetryRequest[T](Func`1 func, CancellationToken cancellationToken, Int32 maxAttempts, Func`2 shouldRetry)
[2025-11-10 14:22:39Z ERR  BrokerServer] #####################################################
[2025-11-10 14:22:39Z ERR  BrokerServer] System.Threading.Tasks.TaskCanceledException: The operation was canceled.
 ---> System.IO.IOException: Unable to read data from the transport connection: Операция ввода/вывода была прервана из-за завершения потока команд или по запросу приложения..
 ---> System.Net.Sockets.SocketException (995): Операция ввода/вывода была прервана из-за завершения потока команд или по запросу приложения.
   --- End of inner exception stack trace ---
   at System.Net.Sockets.Socket.AwaitableSocketAsyncEventArgs.System.Threading.Tasks.Sources.IValueTaskSource<System.Int32>.GetResult(Int16 token)
   at System.Net.Security.SslStream.EnsureFullTlsFrameAsync[TIOAdapter](CancellationToken cancellationToken, Int32 estimatedSize)
   at System.Runtime.CompilerServices.PoolingAsyncValueTaskMethodBuilder`1.StateMachineBox`1.System.Threading.Tasks.Sources.IValueTaskSource<TResult>.GetResult(Int16 token)
   at System.Net.Security.SslStream.ReadAsyncInternal[TIOAdapter](Memory`1 buffer, CancellationToken cancellationToken)
   at System.Runtime.CompilerServices.PoolingAsyncValueTaskMethodBuilder`1.StateMachineBox`1.System.Threading.Tasks.Sources.IValueTaskSource<TResult>.GetResult(Int16 token)
   at System.Net.Http.HttpConnection.SendAsync(HttpRequestMessage request, Boolean async, CancellationToken cancellationToken)
   --- End of inner exception stack trace ---
   at System.Net.Http.HttpConnection.SendAsync(HttpRequestMessage request, Boolean async, CancellationToken cancellationToken)
   at System.Net.Http.AuthenticationHelper.SendWithNtAuthAsync(HttpRequestMessage request, Uri authUri, Boolean async, ICredentials credentials, Boolean isProxyAuth, HttpConnection connection, HttpConnectionPool connectionPool, CancellationToken cancellationToken)
   at System.Net.Http.HttpConnectionPool.SendWithVersionDetectionAndRetryAsync(HttpRequestMessage request, Boolean async, Boolean doRequestAuth, CancellationToken cancellationToken)
   at System.Net.Http.AuthenticationHelper.SendWithAuthAsync(HttpRequestMessage request, Uri authUri, Boolean async, ICredentials credentials, Boolean preAuthenticate, Boolean isProxyAuth, Boolean doRequestAuth, HttpConnectionPool pool, CancellationToken cancellationToken)
   at System.Net.Http.RedirectHandler.SendAsync(HttpRequestMessage request, Boolean async, CancellationToken cancellationToken)
   at GitHub.Services.Common.RawHttpMessageHandler.SendAsync(HttpRequestMessage request, CancellationToken cancellationToken)
   at GitHub.Services.Common.VssHttpRetryMessageHandler.SendAsync(HttpRequestMessage request, CancellationToken cancellationToken)
   at System.Net.Http.HttpClient.<SendAsync>g__Core|83_0(HttpRequestMessage request, HttpCompletionOption completionOption, CancellationTokenSource cts, Boolean disposeCts, CancellationTokenSource pendingRequestsCts, CancellationToken originalCancellationToken)
[2025-11-10 14:22:39Z ERR  BrokerServer] #####################################################
[2025-11-10 14:22:39Z ERR  BrokerServer] System.IO.IOException: Unable to read data from the transport connection: Операция ввода/вывода была прервана из-за завершения потока команд или по запросу приложения..
 ---> System.Net.Sockets.SocketException (995): Операция ввода/вывода была прервана из-за завершения потока команд или по запросу приложения.
   --- End of inner exception stack trace ---
   at System.Net.Sockets.Socket.AwaitableSocketAsyncEventArgs.System.Threading.Tasks.Sources.IValueTaskSource<System.Int32>.GetResult(Int16 token)
   at System.Net.Security.SslStream.EnsureFullTlsFrameAsync[TIOAdapter](CancellationToken cancellationToken, Int32 estimatedSize)
   at System.Runtime.CompilerServices.PoolingAsyncValueTaskMethodBuilder`1.StateMachineBox`1.System.Threading.Tasks.Sources.IValueTaskSource<TResult>.GetResult(Int16 token)
   at System.Net.Security.SslStream.ReadAsyncInternal[TIOAdapter](Memory`1 buffer, CancellationToken cancellationToken)
   at System.Runtime.CompilerServices.PoolingAsyncValueTaskMethodBuilder`1.StateMachineBox`1.System.Threading.Tasks.Sources.IValueTaskSource<TResult>.GetResult(Int16 token)
   at System.Net.Http.HttpConnection.SendAsync(HttpRequestMessage request, Boolean async, CancellationToken cancellationToken)
[2025-11-10 14:22:39Z ERR  BrokerServer] #####################################################
[2025-11-10 14:22:39Z ERR  BrokerServer] System.Net.Sockets.SocketException (995): Операция ввода/вывода была прервана из-за завершения потока команд или по запросу приложения.
[2025-11-10 14:22:39Z WARN BrokerServer] Back off 7,463 seconds before next retry. 4 attempt left.
[2025-11-10 14:22:39Z INFO BrokerMessageListener] Get messages has been cancelled using local token source. Continue to get messages with new status.
[2025-11-10 14:22:42Z INFO BrokerMessageListener] Acknowledging runner request 'e2465d83-240a-531d-a37a-f0e5f0a1d306'.
[2025-11-10 14:22:42Z INFO ConfigurationStore] HasCredentials()
[2025-11-10 14:22:42Z INFO ConfigurationStore] stored True
[2025-11-10 14:22:42Z INFO CredentialManager] GetCredentialProvider
[2025-11-10 14:22:42Z INFO CredentialManager] Creating type OAuth
[2025-11-10 14:22:42Z INFO CredentialManager] Creating credential type: OAuth
[2025-11-10 14:22:42Z INFO RSAEncryptedFileKeyManager] Loading RSA key parameters from file C:\Users\egorv\Documents\devops\practice_3\actions-runner\.credentials_rsaparams
[2025-11-10 14:22:42Z INFO RSAEncryptedFileKeyManager] Loading RSA key parameters from file C:\Users\egorv\Documents\devops\practice_3\actions-runner\.credentials_rsaparams
[2025-11-10 14:22:42Z INFO RSAEncryptedFileKeyManager] Loading RSA key parameters from file C:\Users\egorv\Documents\devops\practice_3\actions-runner\.credentials_rsaparams
[2025-11-10 14:22:43Z INFO GitHubActionsService] AAD Correlation ID for this token request: Unknown
[2025-11-10 14:22:46Z INFO JobDispatcher] Job request 0 for plan f766adf8-7bfd-4fde-9deb-1d300a1c9f1a job e2465d83-240a-531d-a37a-f0e5f0a1d306 received.
[2025-11-10 14:22:46Z INFO JobDispatcher] Pull OrchestrationId f766adf8-7bfd-4fde-9deb-1d300a1c9f1a.deploy-and-test.__default from JWT claims
[2025-11-10 14:22:46Z INFO BrokerMessageListener] Received job status event. JobState: Busy
[2025-11-10 14:22:46Z INFO BrokerMessageListener] _getMessagesTokenSource is already disposed.
[2025-11-10 14:22:46Z INFO JobDispatcher] Job request c4d5ac53-a3a3-5859-a8db-820c8dee309b processed succeed.
[2025-11-10 14:22:46Z INFO Terminal] WRITE LINE: 2025-11-10 14:22:46Z: Running job: deploy-and-test
[2025-11-10 14:22:46Z INFO JobDispatcher] Start renew job request 0 for job e2465d83-240a-531d-a37a-f0e5f0a1d306.
[2025-11-10 14:22:47Z INFO JobDispatcher] Successfully renew job e2465d83-240a-531d-a37a-f0e5f0a1d306, job is valid till 10.11.2025 14:32:46
[2025-11-10 14:22:47Z INFO HostContext] Well known directory 'Bin': 'C:\Users\egorv\Documents\devops\practice_3\actions-runner\bin'
[2025-11-10 14:22:47Z INFO ProcessInvokerWrapper] Starting process:
[2025-11-10 14:22:47Z INFO ProcessInvokerWrapper]   File name: 'C:\Users\egorv\Documents\devops\practice_3\actions-runner\bin\Runner.Worker.exe'
[2025-11-10 14:22:47Z INFO ProcessInvokerWrapper]   Arguments: 'spawnclient 2332 2284'
[2025-11-10 14:22:47Z INFO ProcessInvokerWrapper]   Working directory: 'C:\Users\egorv\Documents\devops\practice_3\actions-runner\bin'
[2025-11-10 14:22:47Z INFO ProcessInvokerWrapper]   Require exit code zero: 'False'
[2025-11-10 14:22:47Z INFO ProcessInvokerWrapper]   Encoding web name:  ; code page: ''
[2025-11-10 14:22:47Z INFO ProcessInvokerWrapper]   Force kill process on cancellation: 'True'
[2025-11-10 14:22:47Z INFO ProcessInvokerWrapper]   Redirected STDIN: 'False'
[2025-11-10 14:22:47Z INFO ProcessInvokerWrapper]   Persist current code page: 'False'
[2025-11-10 14:22:47Z INFO ProcessInvokerWrapper]   Keep redirected STDIN open: 'False'
[2025-11-10 14:22:47Z INFO ProcessInvokerWrapper]   High priority process: 'True'
[2025-11-10 14:22:47Z INFO ProcessInvokerWrapper] Process started with process id 15228, waiting for process exit.
[2025-11-10 14:22:47Z INFO JobDispatcher] Send job request message to worker for job e2465d83-240a-531d-a37a-f0e5f0a1d306.
[2025-11-10 14:22:47Z INFO ProcessChannel] Sending message of length 22037, with hash '8deebafd66ce6c1ab6cb881f734afa1bb63164281507bb9fe57f0de1620d113a'
[2025-11-10 14:22:48Z INFO JobNotification] Entering JobStarted Notification
[2025-11-10 14:22:48Z INFO JobNotification] Entering StartMonitor
[2025-11-10 14:23:48Z INFO JobDispatcher] Successfully renew job e2465d83-240a-531d-a37a-f0e5f0a1d306, job is valid till 10.11.2025 14:33:46
[2025-11-10 14:24:48Z INFO JobDispatcher] Successfully renew job e2465d83-240a-531d-a37a-f0e5f0a1d306, job is valid till 10.11.2025 14:34:47
[2025-11-10 14:25:48Z INFO JobDispatcher] Successfully renew job e2465d83-240a-531d-a37a-f0e5f0a1d306, job is valid till 10.11.2025 14:35:47
[2025-11-10 14:26:08Z INFO RSAEncryptedFileKeyManager] Loading RSA key parameters from file C:\Users\egorv\Documents\devops\practice_3\actions-runner\.credentials_rsaparams
[2025-11-10 14:26:09Z INFO GitHubActionsService] AAD Correlation ID for this token request: Unknown
[2025-11-10 14:26:48Z INFO JobDispatcher] Successfully renew job e2465d83-240a-531d-a37a-f0e5f0a1d306, job is valid till 10.11.2025 14:36:47
[2025-11-10 14:27:49Z INFO JobDispatcher] Successfully renew job e2465d83-240a-531d-a37a-f0e5f0a1d306, job is valid till 10.11.2025 14:37:48
[2025-11-10 14:28:49Z INFO JobDispatcher] Successfully renew job e2465d83-240a-531d-a37a-f0e5f0a1d306, job is valid till 10.11.2025 14:38:48
[2025-11-10 14:29:50Z INFO JobDispatcher] Successfully renew job e2465d83-240a-531d-a37a-f0e5f0a1d306, job is valid till 10.11.2025 14:39:48
[2025-11-10 14:30:50Z INFO JobDispatcher] Successfully renew job e2465d83-240a-531d-a37a-f0e5f0a1d306, job is valid till 10.11.2025 14:40:49
[2025-11-10 14:31:50Z INFO JobDispatcher] Successfully renew job e2465d83-240a-531d-a37a-f0e5f0a1d306, job is valid till 10.11.2025 14:41:49
[2025-11-10 14:32:50Z INFO JobDispatcher] Successfully renew job e2465d83-240a-531d-a37a-f0e5f0a1d306, job is valid till 10.11.2025 14:42:49
[2025-11-10 14:33:52Z INFO JobDispatcher] Successfully renew job e2465d83-240a-531d-a37a-f0e5f0a1d306, job is valid till 10.11.2025 14:43:50
[2025-11-10 14:34:52Z INFO JobDispatcher] Successfully renew job e2465d83-240a-531d-a37a-f0e5f0a1d306, job is valid till 10.11.2025 14:44:51
[2025-11-10 14:35:52Z INFO JobDispatcher] Successfully renew job e2465d83-240a-531d-a37a-f0e5f0a1d306, job is valid till 10.11.2025 14:45:51
[2025-11-10 14:36:52Z INFO JobDispatcher] Successfully renew job e2465d83-240a-531d-a37a-f0e5f0a1d306, job is valid till 10.11.2025 14:46:51
[2025-11-10 14:37:53Z INFO JobDispatcher] Successfully renew job e2465d83-240a-531d-a37a-f0e5f0a1d306, job is valid till 10.11.2025 14:47:51
[2025-11-10 14:38:53Z INFO JobDispatcher] Successfully renew job e2465d83-240a-531d-a37a-f0e5f0a1d306, job is valid till 10.11.2025 14:48:52
[2025-11-10 14:38:53Z INFO ProcessInvokerWrapper] STDOUT/STDERR stream read finished.
[2025-11-10 14:38:53Z INFO ProcessInvokerWrapper] STDOUT/STDERR stream read finished.
[2025-11-10 14:38:54Z INFO ProcessInvokerWrapper] Finished process 15228 with exit code 102, and elapsed time 00:16:06.1889210.
[2025-11-10 14:38:54Z INFO JobDispatcher] Worker finished for job e2465d83-240a-531d-a37a-f0e5f0a1d306. Code: 102
[2025-11-10 14:38:54Z INFO JobDispatcher] finish job request for job e2465d83-240a-531d-a37a-f0e5f0a1d306 with result: Failed
[2025-11-10 14:38:54Z INFO Terminal] WRITE LINE: 2025-11-10 14:38:54Z: Job deploy-and-test completed with result: Failed
[2025-11-10 14:38:54Z INFO JobDispatcher] Stop renew job request for job e2465d83-240a-531d-a37a-f0e5f0a1d306.
[2025-11-10 14:38:54Z INFO JobDispatcher] job renew has been cancelled, stop renew job e2465d83-240a-531d-a37a-f0e5f0a1d306.
[2025-11-10 14:38:54Z INFO JobNotification] Entering JobCompleted Notification
[2025-11-10 14:38:54Z INFO JobNotification] Entering EndMonitor
[2025-11-10 14:38:54Z INFO BrokerMessageListener] Received job status event. JobState: Online
[2025-11-10 14:38:54Z WARN GitHubActionsService] GET request to https://broker.actions.githubusercontent.com/message?sessionId=04652af3-b0b3-4049-8e15-9e6d23fb4c2b&status=Busy&runnerVersion=2.329.0&os=Windows&architecture=X64&disableUpdate=false has been cancelled.
[2025-11-10 14:38:54Z ERR  BrokerServer] Catch exception during request
[2025-11-10 14:38:54Z ERR  BrokerServer] System.Threading.Tasks.TaskCanceledException: The operation was canceled.
 ---> System.Threading.Tasks.TaskCanceledException: The operation was canceled.
 ---> System.IO.IOException: Unable to read data from the transport connection: Операция ввода/вывода была прервана из-за завершения потока команд или по запросу приложения..
 ---> System.Net.Sockets.SocketException (995): Операция ввода/вывода была прервана из-за завершения потока команд или по запросу приложения.
   --- End of inner exception stack trace ---
   at System.Net.Sockets.Socket.AwaitableSocketAsyncEventArgs.System.Threading.Tasks.Sources.IValueTaskSource<System.Int32>.GetResult(Int16 token)
   at System.Net.Security.SslStream.EnsureFullTlsFrameAsync[TIOAdapter](CancellationToken cancellationToken, Int32 estimatedSize)
   at System.Runtime.CompilerServices.PoolingAsyncValueTaskMethodBuilder`1.StateMachineBox`1.System.Threading.Tasks.Sources.IValueTaskSource<TResult>.GetResult(Int16 token)
   at System.Net.Security.SslStream.ReadAsyncInternal[TIOAdapter](Memory`1 buffer, CancellationToken cancellationToken)
   at System.Runtime.CompilerServices.PoolingAsyncValueTaskMethodBuilder`1.StateMachineBox`1.System.Threading.Tasks.Sources.IValueTaskSource<TResult>.GetResult(Int16 token)
   at System.Net.Http.HttpConnection.SendAsync(HttpRequestMessage request, Boolean async, CancellationToken cancellationToken)
   --- End of inner exception stack trace ---
   at System.Net.Http.HttpConnection.SendAsync(HttpRequestMessage request, Boolean async, CancellationToken cancellationToken)
   at System.Net.Http.AuthenticationHelper.SendWithNtAuthAsync(HttpRequestMessage request, Uri authUri, Boolean async, ICredentials credentials, Boolean isProxyAuth, HttpConnection connection, HttpConnectionPool connectionPool, CancellationToken cancellationToken)
   at System.Net.Http.HttpConnectionPool.SendWithVersionDetectionAndRetryAsync(HttpRequestMessage request, Boolean async, Boolean doRequestAuth, CancellationToken cancellationToken)
   at System.Net.Http.AuthenticationHelper.SendWithAuthAsync(HttpRequestMessage request, Uri authUri, Boolean async, ICredentials credentials, Boolean preAuthenticate, Boolean isProxyAuth, Boolean doRequestAuth, HttpConnectionPool pool, CancellationToken cancellationToken)
   at System.Net.Http.RedirectHandler.SendAsync(HttpRequestMessage request, Boolean async, CancellationToken cancellationToken)
   at GitHub.Services.Common.RawHttpMessageHandler.SendAsync(HttpRequestMessage request, CancellationToken cancellationToken)
   at GitHub.Services.Common.VssHttpRetryMessageHandler.SendAsync(HttpRequestMessage request, CancellationToken cancellationToken)
   at System.Net.Http.HttpClient.<SendAsync>g__Core|83_0(HttpRequestMessage request, HttpCompletionOption completionOption, CancellationTokenSource cts, Boolean disposeCts, CancellationTokenSource pendingRequestsCts, CancellationToken originalCancellationToken)
   --- End of inner exception stack trace ---
   at System.Net.Http.HttpClient.HandleFailure(Exception e, Boolean telemetryStarted, HttpResponseMessage response, CancellationTokenSource cts, CancellationToken cancellationToken, CancellationTokenSource pendingRequestsCts)
   at System.Net.Http.HttpClient.<SendAsync>g__Core|83_0(HttpRequestMessage request, HttpCompletionOption completionOption, CancellationTokenSource cts, Boolean disposeCts, CancellationTokenSource pendingRequestsCts, CancellationToken originalCancellationToken)
   at Sdk.WebApi.WebApi.RawHttpClientBase.SendAsync(HttpRequestMessage message, HttpCompletionOption completionOption, Object userState, CancellationToken cancellationToken)
   at Sdk.WebApi.WebApi.RawHttpClientBase.SendAsync[T](HttpRequestMessage message, Boolean readErrorBody, Object userState, CancellationToken cancellationToken)
   at Sdk.WebApi.WebApi.RawHttpClientBase.SendAsync[T](HttpMethod method, IEnumerable`1 additionalHeaders, Uri requestUri, HttpContent content, IEnumerable`1 queryParameters, Boolean readErrorBody, Object userState, CancellationToken cancellationToken)
   at GitHub.Actions.RunService.WebApi.BrokerHttpClient.GetRunnerMessageAsync(Nullable`1 sessionId, String runnerVersion, Nullable`1 status, String os, String architecture, Nullable`1 disableUpdate, CancellationToken cancellationToken)
   at GitHub.Runner.Common.BrokerServer.<>c__DisplayClass7_0.<<GetRunnerMessageAsync>b__0>d.MoveNext()
--- End of stack trace from previous location ---
   at GitHub.Runner.Common.RunnerService.RetryRequest[T](Func`1 func, CancellationToken cancellationToken, Int32 maxAttempts, Func`2 shouldRetry)
[2025-11-10 14:38:54Z ERR  BrokerServer] #####################################################
[2025-11-10 14:38:54Z ERR  BrokerServer] System.Threading.Tasks.TaskCanceledException: The operation was canceled.
 ---> System.IO.IOException: Unable to read data from the transport connection: Операция ввода/вывода была прервана из-за завершения потока команд или по запросу приложения..
 ---> System.Net.Sockets.SocketException (995): Операция ввода/вывода была прервана из-за завершения потока команд или по запросу приложения.
   --- End of inner exception stack trace ---
   at System.Net.Sockets.Socket.AwaitableSocketAsyncEventArgs.System.Threading.Tasks.Sources.IValueTaskSource<System.Int32>.GetResult(Int16 token)
   at System.Net.Security.SslStream.EnsureFullTlsFrameAsync[TIOAdapter](CancellationToken cancellationToken, Int32 estimatedSize)
   at System.Runtime.CompilerServices.PoolingAsyncValueTaskMethodBuilder`1.StateMachineBox`1.System.Threading.Tasks.Sources.IValueTaskSource<TResult>.GetResult(Int16 token)
   at System.Net.Security.SslStream.ReadAsyncInternal[TIOAdapter](Memory`1 buffer, CancellationToken cancellationToken)
   at System.Runtime.CompilerServices.PoolingAsyncValueTaskMethodBuilder`1.StateMachineBox`1.System.Threading.Tasks.Sources.IValueTaskSource<TResult>.GetResult(Int16 token)
   at System.Net.Http.HttpConnection.SendAsync(HttpRequestMessage request, Boolean async, CancellationToken cancellationToken)
   --- End of inner exception stack trace ---
   at System.Net.Http.HttpConnection.SendAsync(HttpRequestMessage request, Boolean async, CancellationToken cancellationToken)
   at System.Net.Http.AuthenticationHelper.SendWithNtAuthAsync(HttpRequestMessage request, Uri authUri, Boolean async, ICredentials credentials, Boolean isProxyAuth, HttpConnection connection, HttpConnectionPool connectionPool, CancellationToken cancellationToken)
   at System.Net.Http.HttpConnectionPool.SendWithVersionDetectionAndRetryAsync(HttpRequestMessage request, Boolean async, Boolean doRequestAuth, CancellationToken cancellationToken)
   at System.Net.Http.AuthenticationHelper.SendWithAuthAsync(HttpRequestMessage request, Uri authUri, Boolean async, ICredentials credentials, Boolean preAuthenticate, Boolean isProxyAuth, Boolean doRequestAuth, HttpConnectionPool pool, CancellationToken cancellationToken)
   at System.Net.Http.RedirectHandler.SendAsync(HttpRequestMessage request, Boolean async, CancellationToken cancellationToken)
   at GitHub.Services.Common.RawHttpMessageHandler.SendAsync(HttpRequestMessage request, CancellationToken cancellationToken)
   at GitHub.Services.Common.VssHttpRetryMessageHandler.SendAsync(HttpRequestMessage request, CancellationToken cancellationToken)
   at System.Net.Http.HttpClient.<SendAsync>g__Core|83_0(HttpRequestMessage request, HttpCompletionOption completionOption, CancellationTokenSource cts, Boolean disposeCts, CancellationTokenSource pendingRequestsCts, CancellationToken originalCancellationToken)
[2025-11-10 14:38:54Z ERR  BrokerServer] #####################################################
[2025-11-10 14:38:54Z ERR  BrokerServer] System.IO.IOException: Unable to read data from the transport connection: Операция ввода/вывода была прервана из-за завершения потока команд или по запросу приложения..
 ---> System.Net.Sockets.SocketException (995): Операция ввода/вывода была прервана из-за завершения потока команд или по запросу приложения.
   --- End of inner exception stack trace ---
   at System.Net.Sockets.Socket.AwaitableSocketAsyncEventArgs.System.Threading.Tasks.Sources.IValueTaskSource<System.Int32>.GetResult(Int16 token)
   at System.Net.Security.SslStream.EnsureFullTlsFrameAsync[TIOAdapter](CancellationToken cancellationToken, Int32 estimatedSize)
   at System.Runtime.CompilerServices.PoolingAsyncValueTaskMethodBuilder`1.StateMachineBox`1.System.Threading.Tasks.Sources.IValueTaskSource<TResult>.GetResult(Int16 token)
   at System.Net.Security.SslStream.ReadAsyncInternal[TIOAdapter](Memory`1 buffer, CancellationToken cancellationToken)
   at System.Runtime.CompilerServices.PoolingAsyncValueTaskMethodBuilder`1.StateMachineBox`1.System.Threading.Tasks.Sources.IValueTaskSource<TResult>.GetResult(Int16 token)
   at System.Net.Http.HttpConnection.SendAsync(HttpRequestMessage request, Boolean async, CancellationToken cancellationToken)
[2025-11-10 14:38:54Z ERR  BrokerServer] #####################################################
[2025-11-10 14:38:54Z ERR  BrokerServer] System.Net.Sockets.SocketException (995): Операция ввода/вывода была прервана из-за завершения потока команд или по запросу приложения.
[2025-11-10 14:38:54Z WARN BrokerServer] Back off 7,103 seconds before next retry. 4 attempt left.
[2025-11-10 14:38:54Z INFO BrokerMessageListener] Get messages has been cancelled using local token source. Continue to get messages with new status.
