[2025-11-10 14:08:57Z INFO HostContext] No proxy settings were found based on environmental variables (http_proxy/https_proxy/HTTP_PROXY/HTTPS_PROXY)
[2025-11-10 14:08:57Z INFO HostContext] Well known directory 'Bin': 'C:\Users\egorv\Documents\devops\practice_3\actions-runner\bin'
[2025-11-10 14:08:57Z INFO HostContext] Well known directory 'Root': 'C:\Users\egorv\Documents\devops\practice_3\actions-runner'
[2025-11-10 14:08:57Z INFO HostContext] Well known config file 'Credentials': 'C:\Users\egorv\Documents\devops\practice_3\actions-runner\.credentials'
[2025-11-10 14:08:57Z INFO HostContext] Well known directory 'Bin': 'C:\Users\egorv\Documents\devops\practice_3\actions-runner\bin'
[2025-11-10 14:08:57Z INFO HostContext] Well known directory 'Root': 'C:\Users\egorv\Documents\devops\practice_3\actions-runner'
[2025-11-10 14:08:57Z INFO HostContext] Well known config file 'Runner': 'C:\Users\egorv\Documents\devops\practice_3\actions-runner\.runner'
[2025-11-10 14:08:57Z INFO Worker] Version: 2.329.0
[2025-11-10 14:08:57Z INFO Worker] Commit: c76c59996c8fa32e989164a5a695efb12608ae5a
[2025-11-10 14:08:57Z INFO Worker] Culture: ru-RU
[2025-11-10 14:08:57Z INFO Worker] UI Culture: ru-RU
[2025-11-10 14:08:57Z INFO Worker] Waiting to receive the job message from the channel.
[2025-11-10 14:08:57Z INFO ProcessChannel] Receiving message of length 22026, with hash 'dd0fdedf80a3fd66c2037475fe5e76629c4560a91e4822af9d31bdba160b8774'
[2025-11-10 14:08:57Z INFO Worker] Message received.
[2025-11-10 14:08:58Z INFO Worker] Job message:
 {
  "environmentVariables": [
    {
      "type": 2,
      "file": 1,
      "line": 9,
      "col": 3,
      "map": [
        {
          "key": {
            "type": 0,
            "file": 1,
            "line": 9,
            "col": 3,
            "lit": "COMPOSE_PROJECT_NAME"
          },
          "value": {
            "type": 0,
            "file": 1,
            "line": 9,
            "col": 25,
            "lit": "myapp"
          }
        }
      ]
    }
  ],
  "fileTable": [
    ".github/workflows/deploy.yml"
  ],
  "mask": [
    {
      "type": "regex",
      "value": "***"
    },
    {
      "type": "regex",
      "value": "***"
    },
    {
      "type": "regex",
      "value": "***"
    },
    {
      "type": "regex",
      "value": "***"
    },
    {
      "type": "regex",
      "value": "***"
    },
    {
      "type": "regex",
      "value": "***"
    },
    {
      "type": "regex",
      "value": "***"
    },
    {
      "type": "regex",
      "value": "***"
    },
    {
      "type": "regex",
      "value": "***"
    },
    {
      "type": "regex",
      "value": "***"
    },
    {
      "type": "regex",
      "value": "***"
    },
    {
      "type": "regex",
      "value": "***"
    },
    {
      "type": "regex",
      "value": "***"
    },
    {
      "type": "regex",
      "value": "***"
    },
    {
      "type": "regex",
      "value": "***"
    },
    {
      "type": "regex",
      "value": "***"
    },
    {
      "type": "regex",
      "value": "***"
    },
    {
      "type": "regex",
      "value": "***"
    }
  ],
  "steps": [
    {
      "type": "action",
      "reference": {
        "type": "repository",
        "name": "actions/checkout",
        "ref": "v4",
        "repositoryType": "GitHub"
      },
      "displayNameToken": {
        "type": 0,
        "file": 1,
        "line": 16,
        "col": 15,
        "lit": "Checkout code"
      },
      "contextName": "__actions_checkout",
      "condition": "success()",
      "id": "6df5c5b7-35e9-45a0-be8b-99a2ee9f1336",
      "name": "__actions_checkout"
    },
    {
      "type": "action",
      "reference": {
        "type": "script"
      },
      "displayNameToken": {
        "type": 0,
        "file": 1,
        "line": 19,
        "col": 15,
        "lit": "Create .env file from secrets"
      },
      "contextName": "__run",
      "inputs": {
        "type": 2,
        "map": [
          {
            "key": "script",
            "value": {
              "type": 3,
              "file": 1,
              "line": 21,
              "col": 14,
              "expr": "format('echo # Database configuration > .env\necho DB_HOST={0} >> .env\necho DB_PORT={1} >> .env\necho DB_NAME={2} >> .env\necho DB_USER={3} >> .env\necho DB_PASSWORD={4} >> .env\necho # Application configuration >> .env\necho APP_PORT={5} >> .env\necho APP_SECRET={6} >> .env\necho API_KEY={7} >> .env\necho # Docker configuration >> .env\necho COMPOSE_PROJECT_NAME={8} >> .env\necho \"✅ .env file created successfully\" \necho \"Contents (masked):\" \ntype .env | findstr /n \".*\"\n', secrets.DB_HOST, secrets.DB_PORT, secrets.DB_NAME, secrets.DB_USER, secrets.DB_PASSWORD, secrets.APP_PORT, secrets.APP_SECRET, secrets.API_KEY, env.COMPOSE_PROJECT_NAME)"
            }
          },
          {
            "key": "shell",
            "value": {
              "type": 0,
              "file": 1,
              "line": 20,
              "col": 16,
              "lit": "cmd"
            }
          }
        ]
      },
      "condition": "success()",
      "id": "38a507a9-8184-4475-b033-5314ea6e6f96",
      "name": "__run"
    },
    {
      "type": "action",
      "reference": {
        "type": "script"
      },
      "displayNameToken": {
        "type": 0,
        "file": 1,
        "line": 38,
        "col": 15,
        "lit": "Deploy with Docker Compose"
      },
      "contextName": "__run_2",
      "inputs": {
        "type": 2,
        "map": [
          {
            "key": "script",
            "value": {
              "type": 0,
              "file": 1,
              "line": 40,
              "col": 14,
              "lit": "cd ../../../../\ncd mysite\n\necho \"🚀 Starting application stack...\" \ndocker-compose up -d\necho \"⏳ Waiting for services to start...\" \ntimeout /t 30 /nobreak > nul\necho \"📊 Checking container status...\" \ndocker-compose ps\n"
            }
          },
          {
            "key": "shell",
            "value": {
              "type": 0,
              "file": 1,
              "line": 39,
              "col": 16,
              "lit": "cmd"
            }
          }
        ]
      },
      "condition": "success()",
      "id": "7f0df336-ae5f-4489-b5a8-f935b32b616f",
      "name": "__run_2"
    },
    {
      "type": "action",
      "reference": {
        "type": "script"
      },
      "displayNameToken": {
        "type": 0,
        "file": 1,
        "line": 51,
        "col": 15,
        "lit": "Verify containers are running"
      },
      "contextName": "__run_3",
      "inputs": {
        "type": 2,
        "map": [
          {
            "key": "script",
            "value": {
              "type": 0,
              "file": 1,
              "line": 53,
              "col": 14,
              "lit": "docker-compose ps | find \"Up\" > nul\nif %errorlevel% == 0 (\n  echo \"✅ All containers are running\"\n) else (\n  echo \"❌ Some containers failed to start\"\n  docker-compose logs\n  exit /b 1\n)\n"
            }
          },
          {
            "key": "shell",
            "value": {
              "type": 0,
              "file": 1,
              "line": 52,
              "col": 16,
              "lit": "cmd"
            }
          }
        ]
      },
      "condition": "success()",
      "id": "bf183a73-d9f2-4e78-8e34-cf15360b4c36",
      "name": "__run_3"
    },
    {
      "type": "action",
      "reference": {
        "type": "script"
      },
      "displayNameToken": {
        "type": 0,
        "file": 1,
        "line": 63,
        "col": 15,
        "lit": "Run application tests"
      },
      "contextName": "__run_4",
      "inputs": {
        "type": 2,
        "map": [
          {
            "key": "script",
            "value": {
              "type": 0,
              "file": 1,
              "line": 65,
              "col": 14,
              "lit": "echo \"🧪 Running application tests...\" \n:: Тест 1: Проверка работы приложения и БД \necho \"1. Testing application and database connectivity...\" \n\ncurl -f http://localhost:8000/health/\nif %errorlevel% == 0 (\n  echo \"✅ Web application is healthy\"\n) else (\n  echo \"❌ Web application health check failed\"\n  exit /b 1\n)\n\n:: Проверяем подключение к БД через приложение \nfor /f \"delims=\" %i in ('curl -s http://localhost:8000/api/data/') do set API_RESPONSE=%i\nif %errorlevel% equ 0 (\necho ✅ Application database connection working\n) else (\n    echo ❌ Application database connection failed\n    exit /b 1 \n)\n\n# Тест 2: Сравнение данных БД и веб-интерфейса \necho \"2. Testing data consistency...\" "
            }
          },
          {
            "key": "shell",
            "value": {
              "type": 0,
              "file": 1,
              "line": 64,
              "col": 16,
              "lit": "cmd"
            }
          }
        ]
      },
      "condition": "success()",
      "id": "f33f638e-7fac-44fa-8370-09e142ead289",
      "name": "__run_4"
    }
  ],
  "variables": {
    "Actions.EnableHttpRedirects": {
      "value": "true"
    },
    "DistributedTask.AddWarningToNode12Action": {
      "value": "true"
    },
    "DistributedTask.AddWarningToNode16Action": {
      "value": "true"
    },
    "DistributedTask.AllowRunnerContainerHooks": {
      "value": "true"
    },
    "DistributedTask.DeprecateStepOutputCommands": {
      "value": "true"
    },
    "DistributedTask.DetailUntarFailure": {
      "value": "true"
    },
    "DistributedTask.EnableCompositeActions": {
      "value": "true"
    },
    "DistributedTask.EnableJobServerQueueTelemetry": {
      "value": "true"
    },
    "DistributedTask.EnhancedAnnotations": {
      "value": "true"
    },
    "DistributedTask.ForceGithubJavascriptActionsToNode16": {
      "value": "true"
    },
    "DistributedTask.ForceGithubJavascriptActionsToNode20": {
      "value": "true"
    },
    "DistributedTask.LogTemplateErrorsAsDebugMessages": {
      "value": "true"
    },
    "DistributedTask.MarkJobAsFailedOnWorkerCrash": {
      "value": "true"
    },
    "DistributedTask.NewActionMetadata": {
      "value": "true"
    },
    "DistributedTask.UploadStepSummary": {
      "value": "true"
    },
    "DistributedTask.UseActionArchiveCache": {
      "value": "true"
    },
    "DistributedTask.UseWhich2": {
      "value": "true"
    },
    "RunService.FixEmbeddedIssues": {
      "value": "true"
    },
    "actions_add_check_run_id_to_job_context": {
      "value": "true"
    },
    "actions_container_action_runner_temp": {
      "value": "false"
    },
    "actions_display_helpful_actions_download_errors": {
      "value": "true"
    },
    "actions_skip_retry_complete_job_upon_known_errors": {
      "value": "true"
    },
    "actions_uses_cache_service_v2": {
      "value": "true"
    },
    "github_token": {
      "value": "***",
      "isSecret": true
    },
    "system.from_run_service": {
      "value": "true"
    },
    "system.github.job": {
      "value": "deploy-and-test"
    },
    "system.github.launch_endpoint": {
      "value": "https://launch.actions.githubusercontent.com"
    },
    "system.github.results_endpoint": {
      "value": "https://results-receiver.actions.githubusercontent.com/"
    },
    "system.github.results_upload_with_sdk": {
      "value": "true"
    },
    "system.github.token": {
      "value": "***",
      "isSecret": true
    },
    "system.github.token.permissions": {
      "value": "{\"Contents\":\"read\",\"Metadata\":\"read\",\"Packages\":\"read\"}"
    },
    "system.orchestrationId": {
      "value": "9d25c933-9f84-4c13-864e-a548facb1e22.deploy-and-test.__default"
    },
    "system.phaseDisplayName": {
      "value": "deploy-and-test"
    },
    "system.runner.lowdiskspacethreshold": {
      "value": "100"
    },
    "system.runnerEnvironment": {
      "value": "self-hosted"
    },
    "system.runnerGroupName": {
      "value": "Default"
    }
  },
  "messageType": "RunnerJobRequest",
  "plan": {
    "scopeIdentifier": "00000000-0000-0000-0000-000000000000",
    "planType": "actions",
    "version": 0,
    "planId": "9d25c933-9f84-4c13-864e-a548facb1e22",
    "planGroup": null,
    "artifactUri": null,
    "artifactLocation": null,
    "definition": null,
    "owner": null
  },
  "timeline": {
    "id": "9d25c933-9f84-4c13-864e-a548facb1e22",
    "changeId": 0,
    "location": null
  },
  "jobId": "c4d5ac53-a3a3-5859-a8db-820c8dee309b",
  "jobDisplayName": "deploy-and-test",
  "jobName": "__default",
  "requestId": 0,
  "lockedUntil": "0001-01-01T00:00:00",
  "resources": {
    "endpoints": [
      {
        "data": {
          "ServerId": "",
          "ServerName": "",
          "CacheServerUrl": "https://artifactcache.actions.githubusercontent.com/ugog8tdjifN7hHmLQmgcSNYTEPxmxa1cn8DI5s1sSgmnKkBkcY/",
          "FeedStreamUrl": "wss://results-receiver.actions.githubusercontent.com/_ws/ingest.sock",
          "ResultsServiceUrl": "https://results-receiver.actions.githubusercontent.com/",
          "PipelinesServiceUrl": "https://pipelinesghubeus3.actions.githubusercontent.com/ugog8tdjifN7hHmLQmgcSNYTEPxmxa1cn8DI5s1sSgmnKkBkcY/",
          "GenerateIdTokenUrl": ""
        },
        "name": "SystemVssConnection",
        "url": "https://run-actions-1-azure-eastus.actions.githubusercontent.com/111/",
        "authorization": {
          "parameters": {
            "AccessToken": "***"
          },
          "scheme": "OAuth"
        },
        "isShared": false,
        "isReady": true
      }
    ]
  },
  "contextData": {
    "github": {
      "t": 2,
      "d": [
        {
          "k": "ref",
          "v": "refs/heads/master"
        },
        {
          "k": "sha",
          "v": "c408a9adeed4ba9fbc55df07d7521226dd0902ce"
        },
        {
          "k": "repository",
          "v": "Vatulin/github-actions"
        },
        {
          "k": "repository_owner",
          "v": "Vatulin"
        },
        {
          "k": "repository_owner_id",
          "v": "149623743"
        },
        {
          "k": "repositoryUrl",
          "v": "git://github.com/Vatulin/github-actions.git"
        },
        {
          "k": "run_id",
          "v": "19233853785"
        },
        {
          "k": "run_number",
          "v": "10"
        },
        {
          "k": "retention_days",
          "v": "90"
        },
        {
          "k": "run_attempt",
          "v": "2"
        },
        {
          "k": "artifact_cache_size_limit",
          "v": "10"
        },
        {
          "k": "repository_visibility",
          "v": "private"
        },
        {
          "k": "actor_id",
          "v": "149623743"
        },
        {
          "k": "actor",
          "v": "Vatulin"
        },
        {
          "k": "workflow",
          "v": "Deploy"
        },
        {
          "k": "head_ref",
          "v": ""
        },
        {
          "k": "base_ref",
          "v": ""
        },
        {
          "k": "event_name",
          "v": "push"
        },
        {
          "k": "server_url",
          "v": "https://github.com"
        },
        {
          "k": "api_url",
          "v": "https://api.github.com"
        },
        {
          "k": "graphql_url",
          "v": "https://api.github.com/graphql"
        },
        {
          "k": "ref_name",
          "v": "master"
        },
        {
          "k": "ref_protected",
          "v": false
        },
        {
          "k": "ref_type",
          "v": "branch"
        },
        {
          "k": "secret_source",
          "v": "Actions"
        },
        {
          "k": "event",
          "v": {
            "t": 2,
            "d": [
              {
                "k": "after",
                "v": "c408a9adeed4ba9fbc55df07d7521226dd0902ce"
              },
              {
                "k": "base_ref",
                "v": null
              },
              {
                "k": "before",
                "v": "2ef650561d2e4cb4c6fde796126b5025ac567829"
              },
              {
                "k": "commits",
                "v": {
                  "t": 1,
                  "a": [
                    {
                      "t": 2,
                      "d": [
                        {
                          "k": "author",
                          "v": {
                            "t": 2,
                            "d": [
                              {
                                "k": "email",
                                "v": "egorvatulin06@gmail.com"
                              },
                              {
                                "k": "name",
                                "v": "Vatulin"
                              },
                              {
                                "k": "username",
                                "v": "Vatulin"
                              }
                            ]
                          }
                        },
                        {
                          "k": "committer",
                          "v": {
                            "t": 2,
                            "d": [
                              {
                                "k": "email",
                                "v": "egorvatulin06@gmail.com"
                              },
                              {
                                "k": "name",
                                "v": "Vatulin"
                              },
                              {
                                "k": "username",
                                "v": "Vatulin"
                              }
                            ]
                          }
                        },
                        {
                          "k": "distinct",
                          "v": true
                        },
                        {
                          "k": "id",
                          "v": "c408a9adeed4ba9fbc55df07d7521226dd0902ce"
                        },
                        {
                          "k": "message",
                          "v": "::"
                        },
                        {
                          "k": "timestamp",
                          "v": "2025-11-10T16:49:26+03:00"
                        },
                        {
                          "k": "tree_id",
                          "v": "f9f920c1d3fea1be0d6d93d39fdf796ab9282909"
                        },
                        {
                          "k": "url",
                          "v": "https://github.com/Vatulin/github-actions/commit/c408a9adeed4ba9fbc55df07d7521226dd0902ce"
                        }
                      ]
                    }
                  ]
                }
              },
              {
                "k": "compare",
                "v": "https://github.com/Vatulin/github-actions/compare/2ef650561d2e...c408a9adeed4"
              },
              {
                "k": "created",
                "v": false
              },
              {
                "k": "deleted",
                "v": false
              },
              {
                "k": "forced",
                "v": false
              },
              {
                "k": "head_commit",
                "v": {
                  "t": 2,
                  "d": [
                    {
                      "k": "author",
                      "v": {
                        "t": 2,
                        "d": [
                          {
                            "k": "email",
                            "v": "egorvatulin06@gmail.com"
                          },
                          {
                            "k": "name",
                            "v": "Vatulin"
                          },
                          {
                            "k": "username",
                            "v": "Vatulin"
                          }
                        ]
                      }
                    },
                    {
                      "k": "committer",
                      "v": {
                        "t": 2,
                        "d": [
                          {
                            "k": "email",
                            "v": "egorvatulin06@gmail.com"
                          },
                          {
                            "k": "name",
                            "v": "Vatulin"
                          },
                          {
                            "k": "username",
                            "v": "Vatulin"
                          }
                        ]
                      }
                    },
                    {
                      "k": "distinct",
                      "v": true
                    },
                    {
                      "k": "id",
                      "v": "c408a9adeed4ba9fbc55df07d7521226dd0902ce"
                    },
                    {
                      "k": "message",
                      "v": "::"
                    },
                    {
                      "k": "timestamp",
                      "v": "2025-11-10T16:49:26+03:00"
                    },
                    {
                      "k": "tree_id",
                      "v": "f9f920c1d3fea1be0d6d93d39fdf796ab9282909"
                    },
                    {
                      "k": "url",
                      "v": "https://github.com/Vatulin/github-actions/commit/c408a9adeed4ba9fbc55df07d7521226dd0902ce"
                    }
                  ]
                }
              },
              {
                "k": "pusher",
                "v": {
                  "t": 2,
                  "d": [
                    {
                      "k": "email",
                      "v": "149623743+Vatulin@users.noreply.github.com"
                    },
                    {
                      "k": "name",
                      "v": "Vatulin"
                    }
                  ]
                }
              },
              {
                "k": "ref",
                "v": "refs/heads/master"
              },
              {
                "k": "repository",
                "v": {
                  "t": 2,
                  "d": [
                    {
                      "k": "allow_forking",
                      "v": true
                    },
                    {
                      "k": "archive_url",
                      "v": "https://api.github.com/repos/Vatulin/github-actions/{archive_format}{/ref}"
                    },
                    {
                      "k": "archived",
                      "v": false
                    },
                    {
                      "k": "assignees_url",
                      "v": "https://api.github.com/repos/Vatulin/github-actions/assignees{/user}"
                    },
                    {
                      "k": "blobs_url",
                      "v": "https://api.github.com/repos/Vatulin/github-actions/git/blobs{/sha}"
                    },
                    {
                      "k": "branches_url",
                      "v": "https://api.github.com/repos/Vatulin/github-actions/branches{/branch}"
                    },
                    {
                      "k": "clone_url",
                      "v": "https://github.com/Vatulin/github-actions.git"
                    },
                    {
                      "k": "collaborators_url",
                      "v": "https://api.github.com/repos/Vatulin/github-actions/collaborators{/collaborator}"
                    },
                    {
                      "k": "comments_url",
                      "v": "https://api.github.com/repos/Vatulin/github-actions/comments{/number}"
                    },
                    {
                      "k": "commits_url",
                      "v": "https://api.github.com/repos/Vatulin/github-actions/commits{/sha}"
                    },
                    {
                      "k": "compare_url",
                      "v": "https://api.github.com/repos/Vatulin/github-actions/compare/{base}...{head}"
                    },
                    {
                      "k": "contents_url",
                      "v": "https://api.github.com/repos/Vatulin/github-actions/contents/{+path}"
                    },
                    {
                      "k": "contributors_url",
                      "v": "https://api.github.com/repos/Vatulin/github-actions/contributors"
                    },
                    {
                      "k": "created_at",
                      "v": 1762722142.0
                    },
                    {
                      "k": "default_branch",
                      "v": "master"
                    },
                    {
                      "k": "deployments_url",
                      "v": "https://api.github.com/repos/Vatulin/github-actions/deployments"
                    },
                    {
                      "k": "description",
                      "v": null
                    },
                    {
                      "k": "disabled",
                      "v": false
                    },
                    {
                      "k": "downloads_url",
                      "v": "https://api.github.com/repos/Vatulin/github-actions/downloads"
                    },
                    {
                      "k": "events_url",
                      "v": "https://api.github.com/repos/Vatulin/github-actions/events"
                    },
                    {
                      "k": "fork",
                      "v": false
                    },
                    {
                      "k": "forks",
                      "v": 0.0
                    },
                    {
                      "k": "forks_count",
                      "v": 0.0
                    },
                    {
                      "k": "forks_url",
                      "v": "https://api.github.com/repos/Vatulin/github-actions/forks"
                    },
                    {
                      "k": "full_name",
                      "v": "Vatulin/github-actions"
                    },
                    {
                      "k": "git_commits_url",
                      "v": "https://api.github.com/repos/Vatulin/github-actions/git/commits{/sha}"
                    },
                    {
                      "k": "git_refs_url",
                      "v": "https://api.github.com/repos/Vatulin/github-actions/git/refs{/sha}"
                    },
                    {
                      "k": "git_tags_url",
                      "v": "https://api.github.com/repos/Vatulin/github-actions/git/tags{/sha}"
                    },
                    {
                      "k": "git_url",
                      "v": "git://github.com/Vatulin/github-actions.git"
                    },
                    {
                      "k": "has_discussions",
                      "v": false
                    },
                    {
                      "k": "has_downloads",
                      "v": true
                    },
                    {
                      "k": "has_issues",
                      "v": true
                    },
                    {
                      "k": "has_pages",
                      "v": false
                    },
                    {
                      "k": "has_projects",
                      "v": true
                    },
                    {
                      "k": "has_wiki",
                      "v": false
                    },
                    {
                      "k": "homepage",
                      "v": null
                    },
                    {
                      "k": "hooks_url",
                      "v": "https://api.github.com/repos/Vatulin/github-actions/hooks"
                    },
                    {
                      "k": "html_url",
                      "v": "https://github.com/Vatulin/github-actions"
                    },
                    {
                      "k": "id",
                      "v": 1093070717.0
                    },
                    {
                      "k": "is_template",
                      "v": false
                    },
                    {
                      "k": "issue_comment_url",
                      "v": "https://api.github.com/repos/Vatulin/github-actions/issues/comments{/number}"
                    },
                    {
                      "k": "issue_events_url",
                      "v": "https://api.github.com/repos/Vatulin/github-actions/issues/events{/number}"
                    },
                    {
                      "k": "issues_url",
                      "v": "https://api.github.com/repos/Vatulin/github-actions/issues{/number}"
                    },
                    {
                      "k": "keys_url",
                      "v": "https://api.github.com/repos/Vatulin/github-actions/keys{/key_id}"
                    },
                    {
                      "k": "labels_url",
                      "v": "https://api.github.com/repos/Vatulin/github-actions/labels{/name}"
                    },
                    {
                      "k": "language",
                      "v": "Python"
                    },
                    {
                      "k": "languages_url",
                      "v": "https://api.github.com/repos/Vatulin/github-actions/languages"
                    },
                    {
                      "k": "license",
                      "v": null
                    },
                    {
                      "k": "master_branch",
                      "v": "master"
                    },
                    {
                      "k": "merges_url",
                      "v": "https://api.github.com/repos/Vatulin/github-actions/merges"
                    },
                    {
                      "k": "milestones_url",
                      "v": "https://api.github.com/repos/Vatulin/github-actions/milestones{/number}"
                    },
                    {
                      "k": "mirror_url",
                      "v": null
                    },
                    {
                      "k": "name",
                      "v": "github-actions"
                    },
                    {
                      "k": "node_id",
                      "v": "R_kgDOQSbvfQ"
                    },
                    {
                      "k": "notifications_url",
                      "v": "https://api.github.com/repos/Vatulin/github-actions/notifications{?since,all,participating}"
                    },
                    {
                      "k": "open_issues",
                      "v": 0.0
                    },
                    {
                      "k": "open_issues_count",
                      "v": 0.0
                    },
                    {
                      "k": "owner",
                      "v": {
                        "t": 2,
                        "d": [
                          {
                            "k": "avatar_url",
                            "v": "https://avatars.githubusercontent.com/u/149623743?v=4"
                          },
                          {
                            "k": "email",
                            "v": "149623743+Vatulin@users.noreply.github.com"
                          },
                          {
                            "k": "events_url",
                            "v": "https://api.github.com/users/Vatulin/events{/privacy}"
                          },
                          {
                            "k": "followers_url",
                            "v": "https://api.github.com/users/Vatulin/followers"
                          },
                          {
                            "k": "following_url",
                            "v": "https://api.github.com/users/Vatulin/following{/other_user}"
                          },
                          {
                            "k": "gists_url",
                            "v": "https://api.github.com/users/Vatulin/gists{/gist_id}"
                          },
                          {
                            "k": "gravatar_id",
                            "v": ""
                          },
                          {
                            "k": "html_url",
                            "v": "https://github.com/Vatulin"
                          },
                          {
                            "k": "id",
                            "v": 149623743.0
                          },
                          {
                            "k": "login",
                            "v": "Vatulin"
                          },
                          {
                            "k": "name",
                            "v": "Vatulin"
                          },
                          {
                            "k": "node_id",
                            "v": "U_kgDOCOsTvw"
                          },
                          {
                            "k": "organizations_url",
                            "v": "https://api.github.com/users/Vatulin/orgs"
                          },
                          {
                            "k": "received_events_url",
                            "v": "https://api.github.com/users/Vatulin/received_events"
                          },
                          {
                            "k": "repos_url",
                            "v": "https://api.github.com/users/Vatulin/repos"
                          },
                          {
                            "k": "site_admin",
                            "v": false
                          },
                          {
                            "k": "starred_url",
                            "v": "https://api.github.com/users/Vatulin/starred{/owner}{/repo}"
                          },
                          {
                            "k": "subscriptions_url",
                            "v": "https://api.github.com/users/Vatulin/subscriptions"
                          },
                          {
                            "k": "type",
                            "v": "User"
                          },
                          {
                            "k": "url",
                            "v": "https://api.github.com/users/Vatulin"
                          },
                          {
                            "k": "user_view_type",
                            "v": "public"
                          }
                        ]
                      }
                    },
                    {
                      "k": "private",
                      "v": true
                    },
                    {
                      "k": "pulls_url",
                      "v": "https://api.github.com/repos/Vatulin/github-actions/pulls{/number}"
                    },
                    {
                      "k": "pushed_at",
                      "v": 1762782577.0
                    },
                    {
                      "k": "releases_url",
                      "v": "https://api.github.com/repos/Vatulin/github-actions/releases{/id}"
                    },
                    {
                      "k": "size",
                      "v": 189100.0
                    },
                    {
                      "k": "ssh_url",
                      "v": "git@github.com:Vatulin/github-actions.git"
                    },
                    {
                      "k": "stargazers",
                      "v": 0.0
                    },
                    {
                      "k": "stargazers_count",
                      "v": 0.0
                    },
                    {
                      "k": "stargazers_url",
                      "v": "https://api.github.com/repos/Vatulin/github-actions/stargazers"
                    },
                    {
                      "k": "statuses_url",
                      "v": "https://api.github.com/repos/Vatulin/github-actions/statuses/{sha}"
                    },
                    {
                      "k": "subscribers_url",
                      "v": "https://api.github.com/repos/Vatulin/github-actions/subscribers"
                    },
                    {
                      "k": "subscription_url",
                      "v": "https://api.github.com/repos/Vatulin/github-actions/subscription"
                    },
                    {
                      "k": "svn_url",
                      "v": "https://github.com/Vatulin/github-actions"
                    },
                    {
                      "k": "tags_url",
                      "v": "https://api.github.com/repos/Vatulin/github-actions/tags"
                    },
                    {
                      "k": "teams_url",
                      "v": "https://api.github.com/repos/Vatulin/github-actions/teams"
                    },
                    {
                      "k": "topics",
                      "v": {
                        "t": 1
                      }
                    },
                    {
                      "k": "trees_url",
                      "v": "https://api.github.com/repos/Vatulin/github-actions/git/trees{/sha}"
                    },
                    {
                      "k": "updated_at",
                      "v": "2025-11-10T13:34:43Z"
                    },
                    {
                      "k": "url",
                      "v": "https://api.github.com/repos/Vatulin/github-actions"
                    },
                    {
                      "k": "visibility",
                      "v": "private"
                    },
                    {
                      "k": "watchers",
                      "v": 0.0
                    },
                    {
                      "k": "watchers_count",
                      "v": 0.0
                    },
                    {
                      "k": "web_commit_signoff_required",
                      "v": false
                    }
                  ]
                }
              },
              {
                "k": "sender",
                "v": {
                  "t": 2,
                  "d": [
                    {
                      "k": "avatar_url",
                      "v": "https://avatars.githubusercontent.com/u/149623743?v=4"
                    },
                    {
                      "k": "events_url",
                      "v": "https://api.github.com/users/Vatulin/events{/privacy}"
                    },
                    {
                      "k": "followers_url",
                      "v": "https://api.github.com/users/Vatulin/followers"
                    },
                    {
                      "k": "following_url",
                      "v": "https://api.github.com/users/Vatulin/following{/other_user}"
                    },
                    {
                      "k": "gists_url",
                      "v": "https://api.github.com/users/Vatulin/gists{/gist_id}"
                    },
                    {
                      "k": "gravatar_id",
                      "v": ""
                    },
                    {
                      "k": "html_url",
                      "v": "https://github.com/Vatulin"
                    },
                    {
                      "k": "id",
                      "v": 149623743.0
                    },
                    {
                      "k": "login",
                      "v": "Vatulin"
                    },
                    {
                      "k": "node_id",
                      "v": "U_kgDOCOsTvw"
                    },
                    {
                      "k": "organizations_url",
                      "v": "https://api.github.com/users/Vatulin/orgs"
                    },
                    {
                      "k": "received_events_url",
                      "v": "https://api.github.com/users/Vatulin/received_events"
                    },
                    {
                      "k": "repos_url",
                      "v": "https://api.github.com/users/Vatulin/repos"
                    },
                    {
                      "k": "site_admin",
                      "v": false
                    },
                    {
                      "k": "starred_url",
                      "v": "https://api.github.com/users/Vatulin/starred{/owner}{/repo}"
                    },
                    {
                      "k": "subscriptions_url",
                      "v": "https://api.github.com/users/Vatulin/subscriptions"
                    },
                    {
                      "k": "type",
                      "v": "User"
                    },
                    {
                      "k": "url",
                      "v": "https://api.github.com/users/Vatulin"
                    },
                    {
                      "k": "user_view_type",
                      "v": "public"
                    }
                  ]
                }
              }
            ]
          }
        },
        {
          "k": "workflow_ref",
          "v": "Vatulin/github-actions/.github/workflows/deploy.yml@refs/heads/master"
        },
        {
          "k": "workflow_sha",
          "v": "c408a9adeed4ba9fbc55df07d7521226dd0902ce"
        },
        {
          "k": "repository_id",
          "v": "1093070717"
        },
        {
          "k": "triggering_actor",
          "v": "Vatulin"
        }
      ]
    },
    "inputs": {
      "t": 2
    },
    "job": {
      "t": 2,
      "d": [
        {
          "k": "check_run_id",
          "v": 54980457415.0
        }
      ]
    },
    "matrix": null,
    "needs": {
      "t": 2
    },
    "strategy": {
      "t": 2,
      "d": [
        {
          "k": "fail-fast",
          "v": true
        },
        {
          "k": "job-index",
          "v": 0.0
        },
        {
          "k": "job-total",
          "v": 1.0
        },
        {
          "k": "max-parallel",
          "v": 1.0
        }
      ]
    },
    "vars": {
      "t": 2
    }
  },
  "billingOwnerId": "U_kgDOCOsTvw"
}
[2025-11-10 14:08:58Z INFO JobRunner] Job ID c4d5ac53-a3a3-5859-a8db-820c8dee309b
[2025-11-10 14:08:58Z INFO ConfigurationStore] currentAssemblyLocation: C:\Users\egorv\Documents\devops\practice_3\actions-runner\bin\Runner.Worker.dll
[2025-11-10 14:08:58Z INFO HostContext] Well known directory 'Bin': 'C:\Users\egorv\Documents\devops\practice_3\actions-runner\bin'
[2025-11-10 14:08:58Z INFO ConfigurationStore] binPath: C:\Users\egorv\Documents\devops\practice_3\actions-runner\bin
[2025-11-10 14:08:58Z INFO HostContext] Well known directory 'Bin': 'C:\Users\egorv\Documents\devops\practice_3\actions-runner\bin'
[2025-11-10 14:08:58Z INFO HostContext] Well known directory 'Root': 'C:\Users\egorv\Documents\devops\practice_3\actions-runner'
[2025-11-10 14:08:58Z INFO ConfigurationStore] RootFolder: C:\Users\egorv\Documents\devops\practice_3\actions-runner
[2025-11-10 14:08:58Z INFO HostContext] Well known directory 'Bin': 'C:\Users\egorv\Documents\devops\practice_3\actions-runner\bin'
[2025-11-10 14:08:58Z INFO HostContext] Well known directory 'Root': 'C:\Users\egorv\Documents\devops\practice_3\actions-runner'
[2025-11-10 14:08:58Z INFO HostContext] Well known config file 'Runner': 'C:\Users\egorv\Documents\devops\practice_3\actions-runner\.runner'
[2025-11-10 14:08:58Z INFO ConfigurationStore] ConfigFilePath: C:\Users\egorv\Documents\devops\practice_3\actions-runner\.runner
[2025-11-10 14:08:58Z INFO HostContext] Well known directory 'Bin': 'C:\Users\egorv\Documents\devops\practice_3\actions-runner\bin'
[2025-11-10 14:08:58Z INFO HostContext] Well known directory 'Root': 'C:\Users\egorv\Documents\devops\practice_3\actions-runner'
[2025-11-10 14:08:58Z INFO HostContext] Well known config file 'MigratedRunner': 'C:\Users\egorv\Documents\devops\practice_3\actions-runner\.runner_migrated'
[2025-11-10 14:08:58Z INFO ConfigurationStore] MigratedConfigFilePath: C:\Users\egorv\Documents\devops\practice_3\actions-runner\.runner_migrated
[2025-11-10 14:08:58Z INFO HostContext] Well known directory 'Bin': 'C:\Users\egorv\Documents\devops\practice_3\actions-runner\bin'
[2025-11-10 14:08:58Z INFO HostContext] Well known directory 'Root': 'C:\Users\egorv\Documents\devops\practice_3\actions-runner'
[2025-11-10 14:08:58Z INFO HostContext] Well known config file 'Credentials': 'C:\Users\egorv\Documents\devops\practice_3\actions-runner\.credentials'
[2025-11-10 14:08:58Z INFO ConfigurationStore] CredFilePath: C:\Users\egorv\Documents\devops\practice_3\actions-runner\.credentials
[2025-11-10 14:08:58Z INFO HostContext] Well known directory 'Bin': 'C:\Users\egorv\Documents\devops\practice_3\actions-runner\bin'
[2025-11-10 14:08:58Z INFO HostContext] Well known directory 'Root': 'C:\Users\egorv\Documents\devops\practice_3\actions-runner'
[2025-11-10 14:08:58Z INFO HostContext] Well known config file 'MigratedCredentials': 'C:\Users\egorv\Documents\devops\practice_3\actions-runner\.credentials_migrated'
[2025-11-10 14:08:58Z INFO ConfigurationStore] MigratedCredFilePath: C:\Users\egorv\Documents\devops\practice_3\actions-runner\.credentials_migrated
[2025-11-10 14:08:58Z INFO HostContext] Well known directory 'Bin': 'C:\Users\egorv\Documents\devops\practice_3\actions-runner\bin'
[2025-11-10 14:08:58Z INFO HostContext] Well known directory 'Root': 'C:\Users\egorv\Documents\devops\practice_3\actions-runner'
[2025-11-10 14:08:58Z INFO HostContext] Well known config file 'Service': 'C:\Users\egorv\Documents\devops\practice_3\actions-runner\.service'
[2025-11-10 14:08:58Z INFO ConfigurationStore] ServiceConfigFilePath: C:\Users\egorv\Documents\devops\practice_3\actions-runner\.service
[2025-11-10 14:08:58Z INFO ConfigurationStore] Read setting file: 400 chars
[2025-11-10 14:08:58Z INFO JobRunner] Initializing launch client
[2025-11-10 14:08:58Z INFO JobServerQueue] Initializing results client
[2025-11-10 14:08:58Z INFO ResultServer] Creating websocket client ...wss://results-receiver.actions.githubusercontent.com/_ws/ingest.sock
[2025-11-10 14:08:58Z INFO ResultServer] Attempting to start websocket client with delay 00:00:00.
[2025-11-10 14:08:58Z INFO JobServerQueue] Start process web console line queue.
[2025-11-10 14:08:58Z INFO JobServerQueue] Start process file upload queue.
[2025-11-10 14:08:58Z INFO JobServerQueue] Start results file upload queue.
[2025-11-10 14:08:58Z INFO JobServerQueue] Starting results-based upload queue...
[2025-11-10 14:08:58Z INFO JobServerQueue] Start process timeline update queue.
[2025-11-10 14:08:58Z INFO ExecutionContext] Initializing Job context
[2025-11-10 14:08:58Z INFO ExecutionContext] Initialize GitHub context
[2025-11-10 14:08:58Z INFO ExecutionContext] Initialize Env context
[2025-11-10 14:08:58Z INFO HostContext] Well known directory 'Bin': 'C:\Users\egorv\Documents\devops\practice_3\actions-runner\bin'
[2025-11-10 14:08:58Z INFO HostContext] Well known directory 'Root': 'C:\Users\egorv\Documents\devops\practice_3\actions-runner'
[2025-11-10 14:08:58Z INFO HostContext] Well known directory 'Diag': 'C:\Users\egorv\Documents\devops\practice_3\actions-runner\_diag'
[2025-11-10 14:08:58Z INFO HostContext] Well known directory 'Bin': 'C:\Users\egorv\Documents\devops\practice_3\actions-runner\bin'
[2025-11-10 14:08:58Z INFO HostContext] Well known directory 'Root': 'C:\Users\egorv\Documents\devops\practice_3\actions-runner'
[2025-11-10 14:08:58Z INFO HostContext] Well known directory 'Diag': 'C:\Users\egorv\Documents\devops\practice_3\actions-runner\_diag'
[2025-11-10 14:08:58Z INFO JobRunner] Starting the job execution context.
[2025-11-10 14:08:58Z INFO HostContext] Well known directory 'Bin': 'C:\Users\egorv\Documents\devops\practice_3\actions-runner\bin'
[2025-11-10 14:08:58Z INFO HostContext] Well known directory 'Root': 'C:\Users\egorv\Documents\devops\practice_3\actions-runner'
[2025-11-10 14:08:58Z INFO HostContext] Well known directory 'Work': 'C:\Users\egorv\Documents\devops\practice_3\actions-runner\_work'
[2025-11-10 14:08:58Z INFO JobRunner] Validating directory permissions for: 'C:\Users\egorv\Documents\devops\practice_3\actions-runner\_work'
[2025-11-10 14:08:58Z INFO HostContext] Well known directory 'Bin': 'C:\Users\egorv\Documents\devops\practice_3\actions-runner\bin'
[2025-11-10 14:08:58Z INFO HostContext] Well known directory 'Root': 'C:\Users\egorv\Documents\devops\practice_3\actions-runner'
[2025-11-10 14:08:58Z INFO HostContext] Well known directory 'Work': 'C:\Users\egorv\Documents\devops\practice_3\actions-runner\_work'
[2025-11-10 14:08:58Z INFO HostContext] Well known directory 'Tools': 'C:\Users\egorv\Documents\devops\practice_3\actions-runner\_work\_tool'
[2025-11-10 14:08:58Z INFO HostContext] Well known directory 'Bin': 'C:\Users\egorv\Documents\devops\practice_3\actions-runner\bin'
[2025-11-10 14:08:58Z INFO HostContext] Well known directory 'Root': 'C:\Users\egorv\Documents\devops\practice_3\actions-runner'
[2025-11-10 14:08:58Z INFO HostContext] Well known directory 'Work': 'C:\Users\egorv\Documents\devops\practice_3\actions-runner\_work'
[2025-11-10 14:08:58Z INFO HostContext] Well known directory 'Temp': 'C:\Users\egorv\Documents\devops\practice_3\actions-runner\_work\_temp'
[2025-11-10 14:08:58Z INFO JobRunner] Getting job extension.
[2025-11-10 14:08:58Z INFO JobRunner] Initialize job. Getting all job steps.
[2025-11-10 14:08:58Z INFO HostContext] Well known directory 'Bin': 'C:\Users\egorv\Documents\devops\practice_3\actions-runner\bin'
[2025-11-10 14:08:58Z INFO HostContext] Well known directory 'Root': 'C:\Users\egorv\Documents\devops\practice_3\actions-runner'
[2025-11-10 14:08:58Z INFO HostContext] Well known directory 'Diag': 'C:\Users\egorv\Documents\devops\practice_3\actions-runner\_diag'
[2025-11-10 14:08:58Z INFO HostContext] Well known directory 'Bin': 'C:\Users\egorv\Documents\devops\practice_3\actions-runner\bin'
[2025-11-10 14:08:58Z INFO HostContext] Well known directory 'Root': 'C:\Users\egorv\Documents\devops\practice_3\actions-runner'
[2025-11-10 14:08:58Z INFO HostContext] Well known directory 'Diag': 'C:\Users\egorv\Documents\devops\practice_3\actions-runner\_diag'
[2025-11-10 14:08:58Z INFO HostContext] Well known directory 'Bin': 'C:\Users\egorv\Documents\devops\practice_3\actions-runner\bin'
[2025-11-10 14:08:58Z INFO HostContext] Well known directory 'Root': 'C:\Users\egorv\Documents\devops\practice_3\actions-runner'
[2025-11-10 14:08:58Z INFO HostContext] Well known config file 'Credentials': 'C:\Users\egorv\Documents\devops\practice_3\actions-runner\.credentials'
[2025-11-10 14:08:58Z INFO HostContext] Well known directory 'Bin': 'C:\Users\egorv\Documents\devops\practice_3\actions-runner\bin'
[2025-11-10 14:08:58Z INFO HostContext] Well known directory 'Root': 'C:\Users\egorv\Documents\devops\practice_3\actions-runner'
[2025-11-10 14:08:58Z INFO HostContext] Well known config file 'SetupInfo': 'C:\Users\egorv\Documents\devops\practice_3\actions-runner\.setup_info'
[2025-11-10 14:08:58Z INFO HostContext] Well known directory 'Bin': 'C:\Users\egorv\Documents\devops\practice_3\actions-runner\bin'
[2025-11-10 14:08:58Z INFO HostContext] Well known directory 'Root': 'C:\Users\egorv\Documents\devops\practice_3\actions-runner'
[2025-11-10 14:08:58Z INFO HostContext] Well known directory 'Work': 'C:\Users\egorv\Documents\devops\practice_3\actions-runner\_work'
[2025-11-10 14:08:58Z INFO PipelineDirectoryManager] Loading tracking config if exists: C:\Users\egorv\Documents\devops\practice_3\actions-runner\_work\_PipelineMapping\Vatulin/github-actions\PipelineFolder.json
[2025-11-10 14:08:58Z INFO PipelineDirectoryManager] Updating job run properties.
[2025-11-10 14:08:58Z INFO HostContext] Well known directory 'Bin': 'C:\Users\egorv\Documents\devops\practice_3\actions-runner\bin'
[2025-11-10 14:08:58Z INFO HostContext] Well known directory 'Root': 'C:\Users\egorv\Documents\devops\practice_3\actions-runner'
[2025-11-10 14:08:58Z INFO HostContext] Well known directory 'Work': 'C:\Users\egorv\Documents\devops\practice_3\actions-runner\_work'
[2025-11-10 14:08:58Z INFO HostContext] Well known directory 'Bin': 'C:\Users\egorv\Documents\devops\practice_3\actions-runner\bin'
[2025-11-10 14:08:58Z INFO HostContext] Well known directory 'Root': 'C:\Users\egorv\Documents\devops\practice_3\actions-runner'
[2025-11-10 14:08:58Z INFO HostContext] Well known directory 'Work': 'C:\Users\egorv\Documents\devops\practice_3\actions-runner\_work'
[2025-11-10 14:08:58Z INFO HostContext] Well known directory 'Bin': 'C:\Users\egorv\Documents\devops\practice_3\actions-runner\bin'
[2025-11-10 14:08:58Z INFO HostContext] Well known directory 'Root': 'C:\Users\egorv\Documents\devops\practice_3\actions-runner'
[2025-11-10 14:08:58Z INFO HostContext] Well known directory 'Work': 'C:\Users\egorv\Documents\devops\practice_3\actions-runner\_work'
[2025-11-10 14:08:58Z INFO JobExtension] Downloading actions
[2025-11-10 14:08:58Z INFO HostContext] Well known directory 'Bin': 'C:\Users\egorv\Documents\devops\practice_3\actions-runner\bin'
[2025-11-10 14:08:58Z INFO HostContext] Well known directory 'Root': 'C:\Users\egorv\Documents\devops\practice_3\actions-runner'
[2025-11-10 14:08:58Z INFO HostContext] Well known directory 'Work': 'C:\Users\egorv\Documents\devops\practice_3\actions-runner\_work'
[2025-11-10 14:08:58Z INFO HostContext] Well known directory 'Actions': 'C:\Users\egorv\Documents\devops\practice_3\actions-runner\_work\_actions'
[2025-11-10 14:08:58Z INFO Worker] Listening for cancel message from the channel.
[2025-11-10 14:08:58Z INFO Worker] Waiting for the job to complete or for a cancel message from the channel.
